[2023-08-03T14:00:02.949+0000] {taskinstance.py:1103} INFO - Dependencies all met for dep_context=non-requeueable deps ti=<TaskInstance: ETL_Pipeline.transform_data scheduled__2023-08-03T13:00:00+00:00 [queued]>
[2023-08-03T14:00:02.956+0000] {taskinstance.py:1103} INFO - Dependencies all met for dep_context=requeueable deps ti=<TaskInstance: ETL_Pipeline.transform_data scheduled__2023-08-03T13:00:00+00:00 [queued]>
[2023-08-03T14:00:02.957+0000] {taskinstance.py:1308} INFO - Starting attempt 1 of 2
[2023-08-03T14:00:02.970+0000] {taskinstance.py:1327} INFO - Executing <Task(PythonOperator): transform_data> on 2023-08-03 13:00:00+00:00
[2023-08-03T14:00:02.976+0000] {standard_task_runner.py:57} INFO - Started process 6183 to run task
[2023-08-03T14:00:02.978+0000] {standard_task_runner.py:84} INFO - Running: ['***', 'tasks', 'run', 'ETL_Pipeline', 'transform_data', 'scheduled__2023-08-03T13:00:00+00:00', '--job-id', '4859', '--raw', '--subdir', 'DAGS_FOLDER/my_first_dag.py', '--cfg-path', '/tmp/tmp2e6kyf5z']
[2023-08-03T14:00:02.980+0000] {standard_task_runner.py:85} INFO - Job 4859: Subtask transform_data
[2023-08-03T14:00:03.014+0000] {task_command.py:410} INFO - Running <TaskInstance: ETL_Pipeline.transform_data scheduled__2023-08-03T13:00:00+00:00 [running]> on host 794dc2638f7c
[2023-08-03T14:00:03.101+0000] {taskinstance.py:1547} INFO - Exporting env vars: AIRFLOW_CTX_DAG_OWNER='***' AIRFLOW_CTX_DAG_ID='ETL_Pipeline' AIRFLOW_CTX_TASK_ID='transform_data' AIRFLOW_CTX_EXECUTION_DATE='2023-08-03T13:00:00+00:00' AIRFLOW_CTX_TRY_NUMBER='1' AIRFLOW_CTX_DAG_RUN_ID='scheduled__2023-08-03T13:00:00+00:00'
[2023-08-03T14:00:03.105+0000] {logging_mixin.py:150} WARNING - Scraping Progress:   0%|          | 0/10 [00:00<?, ?it/s]
[2023-08-03T14:00:03.901+0000] {logging_mixin.py:150} WARNING - Scraping Progress:  10%|#         | 1/10 [00:00<00:07,  1.26it/s]
[2023-08-03T14:00:04.678+0000] {logging_mixin.py:150} WARNING - Scraping Progress:  20%|##        | 2/10 [00:01<00:06,  1.27it/s]
[2023-08-03T14:00:05.925+0000] {logging_mixin.py:150} WARNING - Scraping Progress:  30%|###       | 3/10 [00:02<00:06,  1.00it/s]
[2023-08-03T14:00:06.695+0000] {logging_mixin.py:150} WARNING - Scraping Progress:  40%|####      | 4/10 [00:03<00:05,  1.10it/s]
[2023-08-03T14:00:08.103+0000] {logging_mixin.py:150} WARNING - Scraping Progress:  50%|#####     | 5/10 [00:04<00:05,  1.09s/it]
[2023-08-03T14:00:10.687+0000] {logging_mixin.py:150} WARNING - Scraping Progress:  60%|######    | 6/10 [00:07<00:06,  1.60s/it]
[2023-08-03T14:00:13.134+0000] {logging_mixin.py:150} WARNING - Scraping Progress:  70%|#######   | 7/10 [00:10<00:05,  1.87s/it]
[2023-08-03T14:00:15.605+0000] {logging_mixin.py:150} WARNING - Scraping Progress:  80%|########  | 8/10 [00:12<00:04,  2.06s/it]
[2023-08-03T14:00:17.262+0000] {logging_mixin.py:150} WARNING - Scraping Progress:  90%|######### | 9/10 [00:14<00:01,  1.94s/it]
[2023-08-03T14:00:20.332+0000] {logging_mixin.py:150} WARNING - Scraping Progress: 100%|##########| 10/10 [00:17<00:00,  2.29s/it]
[2023-08-03T14:00:20.333+0000] {logging_mixin.py:150} WARNING - Scraping Progress: 100%|##########| 10/10 [00:17<00:00,  1.72s/it]
[2023-08-03T14:00:20.336+0000] {my_first_dag.py:45} INFO - Data is scraped and saved as a CSV file.
[2023-08-03T14:00:20.336+0000] {python.py:183} INFO - Done. Returned value was: dags/data/scraped_data.csv
[2023-08-03T14:00:20.355+0000] {taskinstance.py:1350} INFO - Marking task as SUCCESS. dag_id=ETL_Pipeline, task_id=transform_data, execution_date=20230803T130000, start_date=20230803T140002, end_date=20230803T140020
[2023-08-03T14:00:20.372+0000] {local_task_job_runner.py:225} INFO - Task exited with return code 0
[2023-08-03T14:00:20.395+0000] {taskinstance.py:2653} INFO - 1 downstream tasks scheduled from follow-on schedule check
