[2023-11-25T22:21:36.109+0000] {taskinstance.py:1159} INFO - Dependencies all met for dep_context=non-requeueable deps ti=<TaskInstance: ETL_Pipeline.extract_prothomalo scheduled__2023-11-25T21:00:00+00:00 [queued]>
[2023-11-25T22:21:36.117+0000] {taskinstance.py:1159} INFO - Dependencies all met for dep_context=requeueable deps ti=<TaskInstance: ETL_Pipeline.extract_prothomalo scheduled__2023-11-25T21:00:00+00:00 [queued]>
[2023-11-25T22:21:36.118+0000] {taskinstance.py:1361} INFO - Starting attempt 1 of 2
[2023-11-25T22:21:36.129+0000] {taskinstance.py:1382} INFO - Executing <Task(PythonOperator): extract_prothomalo> on 2023-11-25 21:00:00+00:00
[2023-11-25T22:21:36.135+0000] {standard_task_runner.py:57} INFO - Started process 1428 to run task
[2023-11-25T22:21:36.141+0000] {standard_task_runner.py:84} INFO - Running: ['***', 'tasks', 'run', 'ETL_Pipeline', 'extract_prothomalo', 'scheduled__2023-11-25T21:00:00+00:00', '--job-id', '417', '--raw', '--subdir', 'DAGS_FOLDER/ETL_Pipeline.py', '--cfg-path', '/tmp/tmpqyc9io9s']
[2023-11-25T22:21:36.143+0000] {standard_task_runner.py:85} INFO - Job 417: Subtask extract_prothomalo
[2023-11-25T22:21:36.184+0000] {task_command.py:416} INFO - Running <TaskInstance: ETL_Pipeline.extract_prothomalo scheduled__2023-11-25T21:00:00+00:00 [running]> on host 4012deabc79b
[2023-11-25T22:21:36.235+0000] {taskinstance.py:1662} INFO - Exporting env vars: AIRFLOW_CTX_DAG_OWNER='***' AIRFLOW_CTX_DAG_ID='ETL_Pipeline' AIRFLOW_CTX_TASK_ID='extract_prothomalo' AIRFLOW_CTX_EXECUTION_DATE='2023-11-25T21:00:00+00:00' AIRFLOW_CTX_TRY_NUMBER='1' AIRFLOW_CTX_DAG_RUN_ID='scheduled__2023-11-25T21:00:00+00:00'
[2023-11-25T22:21:36.505+0000] {extract.py:39} INFO - Extracted URLs from Prothom Alo. Total URLs: 244
[2023-11-25T22:21:36.506+0000] {python.py:194} INFO - Done. Returned value was: None
[2023-11-25T22:21:36.522+0000] {taskinstance.py:1400} INFO - Marking task as SUCCESS. dag_id=ETL_Pipeline, task_id=extract_prothomalo, execution_date=20231125T210000, start_date=20231125T222136, end_date=20231125T222136
[2023-11-25T22:21:36.553+0000] {local_task_job_runner.py:228} INFO - Task exited with return code 0
[2023-11-25T22:21:36.580+0000] {taskinstance.py:2778} INFO - 0 downstream tasks scheduled from follow-on schedule check
[2023-11-25T22:30:53.479+0000] {taskinstance.py:1159} INFO - Dependencies all met for dep_context=non-requeueable deps ti=<TaskInstance: ETL_Pipeline.extract_prothomalo scheduled__2023-11-25T21:00:00+00:00 [queued]>
[2023-11-25T22:30:53.499+0000] {taskinstance.py:1159} INFO - Dependencies all met for dep_context=requeueable deps ti=<TaskInstance: ETL_Pipeline.extract_prothomalo scheduled__2023-11-25T21:00:00+00:00 [queued]>
[2023-11-25T22:30:53.500+0000] {taskinstance.py:1361} INFO - Starting attempt 1 of 2
[2023-11-25T22:30:53.554+0000] {taskinstance.py:1382} INFO - Executing <Task(PythonOperator): extract_prothomalo> on 2023-11-25 21:00:00+00:00
[2023-11-25T22:30:53.578+0000] {standard_task_runner.py:57} INFO - Started process 1584 to run task
[2023-11-25T22:30:53.583+0000] {standard_task_runner.py:84} INFO - Running: ['***', 'tasks', 'run', 'ETL_Pipeline', 'extract_prothomalo', 'scheduled__2023-11-25T21:00:00+00:00', '--job-id', '420', '--raw', '--subdir', 'DAGS_FOLDER/ETL_Pipeline.py', '--cfg-path', '/tmp/tmp8xvg1rni']
[2023-11-25T22:30:53.589+0000] {standard_task_runner.py:85} INFO - Job 420: Subtask extract_prothomalo
[2023-11-25T22:30:53.685+0000] {task_command.py:416} INFO - Running <TaskInstance: ETL_Pipeline.extract_prothomalo scheduled__2023-11-25T21:00:00+00:00 [running]> on host 4012deabc79b
[2023-11-25T22:30:53.784+0000] {taskinstance.py:1662} INFO - Exporting env vars: AIRFLOW_CTX_DAG_OWNER='***' AIRFLOW_CTX_DAG_ID='ETL_Pipeline' AIRFLOW_CTX_TASK_ID='extract_prothomalo' AIRFLOW_CTX_EXECUTION_DATE='2023-11-25T21:00:00+00:00' AIRFLOW_CTX_TRY_NUMBER='1' AIRFLOW_CTX_DAG_RUN_ID='scheduled__2023-11-25T21:00:00+00:00'
[2023-11-25T22:30:54.087+0000] {extract.py:39} INFO - Extracted URLs from Prothom Alo. Total URLs: 244
[2023-11-25T22:30:54.087+0000] {python.py:194} INFO - Done. Returned value was: None
[2023-11-25T22:30:54.094+0000] {taskinstance.py:1400} INFO - Marking task as SUCCESS. dag_id=ETL_Pipeline, task_id=extract_prothomalo, execution_date=20231125T210000, start_date=20231125T223053, end_date=20231125T223054
[2023-11-25T22:30:54.140+0000] {local_task_job_runner.py:228} INFO - Task exited with return code 0
[2023-11-25T22:30:54.163+0000] {taskinstance.py:2778} INFO - 0 downstream tasks scheduled from follow-on schedule check
[2023-11-25T22:33:01.031+0000] {taskinstance.py:1159} INFO - Dependencies all met for dep_context=non-requeueable deps ti=<TaskInstance: ETL_Pipeline.extract_prothomalo scheduled__2023-11-25T21:00:00+00:00 [queued]>
[2023-11-25T22:33:01.063+0000] {taskinstance.py:1159} INFO - Dependencies all met for dep_context=requeueable deps ti=<TaskInstance: ETL_Pipeline.extract_prothomalo scheduled__2023-11-25T21:00:00+00:00 [queued]>
[2023-11-25T22:33:01.073+0000] {taskinstance.py:1361} INFO - Starting attempt 1 of 2
[2023-11-25T22:33:01.112+0000] {taskinstance.py:1382} INFO - Executing <Task(PythonOperator): extract_prothomalo> on 2023-11-25 21:00:00+00:00
[2023-11-25T22:33:01.141+0000] {standard_task_runner.py:57} INFO - Started process 1628 to run task
[2023-11-25T22:33:01.180+0000] {standard_task_runner.py:84} INFO - Running: ['***', 'tasks', 'run', 'ETL_Pipeline', 'extract_prothomalo', 'scheduled__2023-11-25T21:00:00+00:00', '--job-id', '423', '--raw', '--subdir', 'DAGS_FOLDER/ETL_Pipeline.py', '--cfg-path', '/tmp/tmp3l56kga4']
[2023-11-25T22:33:01.200+0000] {standard_task_runner.py:85} INFO - Job 423: Subtask extract_prothomalo
[2023-11-25T22:33:01.347+0000] {task_command.py:416} INFO - Running <TaskInstance: ETL_Pipeline.extract_prothomalo scheduled__2023-11-25T21:00:00+00:00 [running]> on host 4012deabc79b
[2023-11-25T22:33:01.575+0000] {taskinstance.py:1662} INFO - Exporting env vars: AIRFLOW_CTX_DAG_OWNER='***' AIRFLOW_CTX_DAG_ID='ETL_Pipeline' AIRFLOW_CTX_TASK_ID='extract_prothomalo' AIRFLOW_CTX_EXECUTION_DATE='2023-11-25T21:00:00+00:00' AIRFLOW_CTX_TRY_NUMBER='1' AIRFLOW_CTX_DAG_RUN_ID='scheduled__2023-11-25T21:00:00+00:00'
[2023-11-25T22:33:01.888+0000] {extract.py:39} INFO - Extracted URLs from Prothom Alo. Total URLs: 244
[2023-11-25T22:33:01.889+0000] {python.py:194} INFO - Done. Returned value was: None
[2023-11-25T22:33:01.900+0000] {taskinstance.py:1400} INFO - Marking task as SUCCESS. dag_id=ETL_Pipeline, task_id=extract_prothomalo, execution_date=20231125T210000, start_date=20231125T223301, end_date=20231125T223301
[2023-11-25T22:33:01.937+0000] {local_task_job_runner.py:228} INFO - Task exited with return code 0
[2023-11-25T22:33:01.961+0000] {taskinstance.py:2778} INFO - 0 downstream tasks scheduled from follow-on schedule check
[2023-11-25T22:53:58.267+0000] {taskinstance.py:1159} INFO - Dependencies all met for dep_context=non-requeueable deps ti=<TaskInstance: ETL_Pipeline.extract_prothomalo scheduled__2023-11-25T21:00:00+00:00 [queued]>
[2023-11-25T22:53:58.275+0000] {taskinstance.py:1159} INFO - Dependencies all met for dep_context=requeueable deps ti=<TaskInstance: ETL_Pipeline.extract_prothomalo scheduled__2023-11-25T21:00:00+00:00 [queued]>
[2023-11-25T22:53:58.276+0000] {taskinstance.py:1361} INFO - Starting attempt 1 of 2
[2023-11-25T22:53:58.293+0000] {taskinstance.py:1382} INFO - Executing <Task(PythonOperator): extract_prothomalo> on 2023-11-25 21:00:00+00:00
[2023-11-25T22:53:58.302+0000] {standard_task_runner.py:57} INFO - Started process 1970 to run task
[2023-11-25T22:53:58.305+0000] {standard_task_runner.py:84} INFO - Running: ['***', 'tasks', 'run', 'ETL_Pipeline', 'extract_prothomalo', 'scheduled__2023-11-25T21:00:00+00:00', '--job-id', '430', '--raw', '--subdir', 'DAGS_FOLDER/ETL_Pipeline.py', '--cfg-path', '/tmp/tmp5k8pjs6c']
[2023-11-25T22:53:58.308+0000] {standard_task_runner.py:85} INFO - Job 430: Subtask extract_prothomalo
[2023-11-25T22:53:58.364+0000] {task_command.py:416} INFO - Running <TaskInstance: ETL_Pipeline.extract_prothomalo scheduled__2023-11-25T21:00:00+00:00 [running]> on host 4012deabc79b
[2023-11-25T22:53:58.441+0000] {taskinstance.py:1662} INFO - Exporting env vars: AIRFLOW_CTX_DAG_OWNER='***' AIRFLOW_CTX_DAG_ID='ETL_Pipeline' AIRFLOW_CTX_TASK_ID='extract_prothomalo' AIRFLOW_CTX_EXECUTION_DATE='2023-11-25T21:00:00+00:00' AIRFLOW_CTX_TRY_NUMBER='1' AIRFLOW_CTX_DAG_RUN_ID='scheduled__2023-11-25T21:00:00+00:00'
[2023-11-25T22:53:58.723+0000] {extract.py:39} INFO - Extracted URLs from Prothom Alo. Total URLs: 244
[2023-11-25T22:53:58.723+0000] {python.py:194} INFO - Done. Returned value was: None
[2023-11-25T22:53:58.732+0000] {taskinstance.py:1400} INFO - Marking task as SUCCESS. dag_id=ETL_Pipeline, task_id=extract_prothomalo, execution_date=20231125T210000, start_date=20231125T225358, end_date=20231125T225358
[2023-11-25T22:53:58.768+0000] {local_task_job_runner.py:228} INFO - Task exited with return code 0
[2023-11-25T22:53:58.799+0000] {taskinstance.py:2778} INFO - 0 downstream tasks scheduled from follow-on schedule check
