[2023-09-29T23:14:17.249+0000] {taskinstance.py:1157} INFO - Dependencies all met for dep_context=non-requeueable deps ti=<TaskInstance: ETL_Pipeline.extract_jugantor scheduled__2023-09-29T22:00:00+00:00 [queued]>
[2023-09-29T23:14:17.262+0000] {taskinstance.py:1157} INFO - Dependencies all met for dep_context=requeueable deps ti=<TaskInstance: ETL_Pipeline.extract_jugantor scheduled__2023-09-29T22:00:00+00:00 [queued]>
[2023-09-29T23:14:17.263+0000] {taskinstance.py:1359} INFO - Starting attempt 1 of 2
[2023-09-29T23:14:17.280+0000] {taskinstance.py:1380} INFO - Executing <Task(PythonOperator): extract_jugantor> on 2023-09-29 22:00:00+00:00
[2023-09-29T23:14:17.292+0000] {standard_task_runner.py:57} INFO - Started process 63 to run task
[2023-09-29T23:14:17.304+0000] {standard_task_runner.py:84} INFO - Running: ['***', 'tasks', 'run', 'ETL_Pipeline', 'extract_jugantor', 'scheduled__2023-09-29T22:00:00+00:00', '--job-id', '6', '--raw', '--subdir', 'DAGS_FOLDER/news_aggregator_dag.py', '--cfg-path', '/tmp/tmpebmrguwi']
[2023-09-29T23:14:17.307+0000] {standard_task_runner.py:85} INFO - Job 6: Subtask extract_jugantor
[2023-09-29T23:14:17.402+0000] {task_command.py:415} INFO - Running <TaskInstance: ETL_Pipeline.extract_jugantor scheduled__2023-09-29T22:00:00+00:00 [running]> on host 5815fcc71aa0
[2023-09-29T23:14:17.502+0000] {taskinstance.py:1660} INFO - Exporting env vars: AIRFLOW_CTX_DAG_OWNER='***' AIRFLOW_CTX_DAG_ID='ETL_Pipeline' AIRFLOW_CTX_TASK_ID='extract_jugantor' AIRFLOW_CTX_EXECUTION_DATE='2023-09-29T22:00:00+00:00' AIRFLOW_CTX_TRY_NUMBER='1' AIRFLOW_CTX_DAG_RUN_ID='scheduled__2023-09-29T22:00:00+00:00'
[2023-09-29T23:14:18.792+0000] {extract.py:48} INFO - Extracted URLs from Jugantor. Total URLs: 105
[2023-09-29T23:14:18.793+0000] {python.py:194} INFO - Done. Returned value was: None
[2023-09-29T23:14:18.803+0000] {taskinstance.py:1398} INFO - Marking task as SUCCESS. dag_id=ETL_Pipeline, task_id=extract_jugantor, execution_date=20230929T220000, start_date=20230929T231417, end_date=20230929T231418
[2023-09-29T23:14:18.874+0000] {local_task_job_runner.py:228} INFO - Task exited with return code 0
[2023-09-29T23:14:18.907+0000] {taskinstance.py:2776} INFO - 1 downstream tasks scheduled from follow-on schedule check
[2023-09-29T23:21:32.668+0000] {taskinstance.py:1157} INFO - Dependencies all met for dep_context=non-requeueable deps ti=<TaskInstance: ETL_Pipeline.extract_jugantor scheduled__2023-09-29T22:00:00+00:00 [queued]>
[2023-09-29T23:21:32.704+0000] {taskinstance.py:1157} INFO - Dependencies all met for dep_context=requeueable deps ti=<TaskInstance: ETL_Pipeline.extract_jugantor scheduled__2023-09-29T22:00:00+00:00 [queued]>
[2023-09-29T23:21:32.704+0000] {taskinstance.py:1359} INFO - Starting attempt 1 of 2
[2023-09-29T23:21:32.728+0000] {taskinstance.py:1380} INFO - Executing <Task(PythonOperator): extract_jugantor> on 2023-09-29 22:00:00+00:00
[2023-09-29T23:21:32.736+0000] {standard_task_runner.py:57} INFO - Started process 195 to run task
[2023-09-29T23:21:32.747+0000] {standard_task_runner.py:84} INFO - Running: ['***', 'tasks', 'run', 'ETL_Pipeline', 'extract_jugantor', 'scheduled__2023-09-29T22:00:00+00:00', '--job-id', '12', '--raw', '--subdir', 'DAGS_FOLDER/news_aggregator_dag.py', '--cfg-path', '/tmp/tmp3nysrlmi']
[2023-09-29T23:21:32.751+0000] {standard_task_runner.py:85} INFO - Job 12: Subtask extract_jugantor
[2023-09-29T23:21:32.888+0000] {task_command.py:415} INFO - Running <TaskInstance: ETL_Pipeline.extract_jugantor scheduled__2023-09-29T22:00:00+00:00 [running]> on host 5815fcc71aa0
[2023-09-29T23:21:32.990+0000] {taskinstance.py:1660} INFO - Exporting env vars: AIRFLOW_CTX_DAG_OWNER='***' AIRFLOW_CTX_DAG_ID='ETL_Pipeline' AIRFLOW_CTX_TASK_ID='extract_jugantor' AIRFLOW_CTX_EXECUTION_DATE='2023-09-29T22:00:00+00:00' AIRFLOW_CTX_TRY_NUMBER='1' AIRFLOW_CTX_DAG_RUN_ID='scheduled__2023-09-29T22:00:00+00:00'
[2023-09-29T23:21:34.039+0000] {extract.py:48} INFO - Extracted URLs from Jugantor. Total URLs: 105
[2023-09-29T23:21:34.039+0000] {python.py:194} INFO - Done. Returned value was: None
[2023-09-29T23:21:34.049+0000] {taskinstance.py:1398} INFO - Marking task as SUCCESS. dag_id=ETL_Pipeline, task_id=extract_jugantor, execution_date=20230929T220000, start_date=20230929T232132, end_date=20230929T232134
[2023-09-29T23:21:34.088+0000] {local_task_job_runner.py:228} INFO - Task exited with return code 0
[2023-09-29T23:21:34.113+0000] {taskinstance.py:2776} INFO - 1 downstream tasks scheduled from follow-on schedule check
[2023-09-29T23:25:20.106+0000] {taskinstance.py:1157} INFO - Dependencies all met for dep_context=non-requeueable deps ti=<TaskInstance: ETL_Pipeline.extract_jugantor scheduled__2023-09-29T22:00:00+00:00 [queued]>
[2023-09-29T23:25:20.120+0000] {taskinstance.py:1157} INFO - Dependencies all met for dep_context=requeueable deps ti=<TaskInstance: ETL_Pipeline.extract_jugantor scheduled__2023-09-29T22:00:00+00:00 [queued]>
[2023-09-29T23:25:20.121+0000] {taskinstance.py:1359} INFO - Starting attempt 1 of 2
[2023-09-29T23:25:20.155+0000] {taskinstance.py:1380} INFO - Executing <Task(PythonOperator): extract_jugantor> on 2023-09-29 22:00:00+00:00
[2023-09-29T23:25:20.173+0000] {standard_task_runner.py:57} INFO - Started process 269 to run task
[2023-09-29T23:25:20.178+0000] {standard_task_runner.py:84} INFO - Running: ['***', 'tasks', 'run', 'ETL_Pipeline', 'extract_jugantor', 'scheduled__2023-09-29T22:00:00+00:00', '--job-id', '17', '--raw', '--subdir', 'DAGS_FOLDER/news_aggregator_dag.py', '--cfg-path', '/tmp/tmpknv88nzw']
[2023-09-29T23:25:20.182+0000] {standard_task_runner.py:85} INFO - Job 17: Subtask extract_jugantor
[2023-09-29T23:25:20.317+0000] {task_command.py:415} INFO - Running <TaskInstance: ETL_Pipeline.extract_jugantor scheduled__2023-09-29T22:00:00+00:00 [running]> on host 5815fcc71aa0
[2023-09-29T23:25:20.470+0000] {taskinstance.py:1660} INFO - Exporting env vars: AIRFLOW_CTX_DAG_OWNER='***' AIRFLOW_CTX_DAG_ID='ETL_Pipeline' AIRFLOW_CTX_TASK_ID='extract_jugantor' AIRFLOW_CTX_EXECUTION_DATE='2023-09-29T22:00:00+00:00' AIRFLOW_CTX_TRY_NUMBER='1' AIRFLOW_CTX_DAG_RUN_ID='scheduled__2023-09-29T22:00:00+00:00'
[2023-09-29T23:25:21.782+0000] {extract.py:48} INFO - Extracted URLs from Jugantor. Total URLs: 105
[2023-09-29T23:25:21.783+0000] {python.py:194} INFO - Done. Returned value was: None
[2023-09-29T23:25:21.791+0000] {taskinstance.py:1398} INFO - Marking task as SUCCESS. dag_id=ETL_Pipeline, task_id=extract_jugantor, execution_date=20230929T220000, start_date=20230929T232520, end_date=20230929T232521
[2023-09-29T23:25:21.818+0000] {local_task_job_runner.py:228} INFO - Task exited with return code 0
[2023-09-29T23:25:21.839+0000] {taskinstance.py:2776} INFO - 1 downstream tasks scheduled from follow-on schedule check
