[2023-08-03T17:12:16.208+0000] {taskinstance.py:1103} INFO - Dependencies all met for dep_context=non-requeueable deps ti=<TaskInstance: ETL_Pipeline.transform_data scheduled__2023-08-03T15:00:00+00:00 [queued]>
[2023-08-03T17:12:16.220+0000] {taskinstance.py:1103} INFO - Dependencies all met for dep_context=requeueable deps ti=<TaskInstance: ETL_Pipeline.transform_data scheduled__2023-08-03T15:00:00+00:00 [queued]>
[2023-08-03T17:12:16.221+0000] {taskinstance.py:1308} INFO - Starting attempt 2 of 2
[2023-08-03T17:12:16.239+0000] {taskinstance.py:1327} INFO - Executing <Task(PythonOperator): transform_data> on 2023-08-03 15:00:00+00:00
[2023-08-03T17:12:16.246+0000] {standard_task_runner.py:57} INFO - Started process 7689 to run task
[2023-08-03T17:12:16.249+0000] {standard_task_runner.py:84} INFO - Running: ['***', 'tasks', 'run', 'ETL_Pipeline', 'transform_data', 'scheduled__2023-08-03T15:00:00+00:00', '--job-id', '4870', '--raw', '--subdir', 'DAGS_FOLDER/my_first_dag.py', '--cfg-path', '/tmp/tmpi0t914gt']
[2023-08-03T17:12:16.250+0000] {standard_task_runner.py:85} INFO - Job 4870: Subtask transform_data
[2023-08-03T17:12:16.294+0000] {task_command.py:410} INFO - Running <TaskInstance: ETL_Pipeline.transform_data scheduled__2023-08-03T15:00:00+00:00 [running]> on host 794dc2638f7c
[2023-08-03T17:12:16.398+0000] {taskinstance.py:1547} INFO - Exporting env vars: AIRFLOW_CTX_DAG_OWNER='***' AIRFLOW_CTX_DAG_ID='ETL_Pipeline' AIRFLOW_CTX_TASK_ID='transform_data' AIRFLOW_CTX_EXECUTION_DATE='2023-08-03T15:00:00+00:00' AIRFLOW_CTX_TRY_NUMBER='2' AIRFLOW_CTX_DAG_RUN_ID='scheduled__2023-08-03T15:00:00+00:00'
[2023-08-03T17:12:16.404+0000] {logging_mixin.py:150} WARNING - Scraping Progress:   0%|          | 0/10 [00:00<?, ?it/s]
[2023-08-03T17:12:22.044+0000] {logging_mixin.py:150} WARNING - Scraping Progress:  10%|#         | 1/10 [00:05<00:50,  5.64s/it]
[2023-08-03T17:12:24.071+0000] {logging_mixin.py:150} WARNING - Scraping Progress:  20%|##        | 2/10 [00:07<00:28,  3.51s/it]
[2023-08-03T17:12:26.329+0000] {logging_mixin.py:150} WARNING - Scraping Progress:  30%|###       | 3/10 [00:09<00:20,  2.94s/it]
[2023-08-03T17:12:33.497+0000] {logging_mixin.py:150} WARNING - Scraping Progress:  40%|####      | 4/10 [00:17<00:27,  4.61s/it]
[2023-08-03T17:12:34.853+0000] {logging_mixin.py:150} WARNING - Scraping Progress:  50%|#####     | 5/10 [00:18<00:17,  3.44s/it]
[2023-08-03T17:12:35.419+0000] {logging_mixin.py:150} WARNING - Scraping Progress:  60%|######    | 6/10 [00:19<00:09,  2.46s/it]
[2023-08-03T17:12:38.283+0000] {logging_mixin.py:150} WARNING - Scraping Progress:  70%|#######   | 7/10 [00:21<00:07,  2.59s/it]
[2023-08-03T17:12:38.983+0000] {logging_mixin.py:150} WARNING - Scraping Progress:  80%|########  | 8/10 [00:22<00:03,  1.99s/it]
[2023-08-03T17:12:40.282+0000] {logging_mixin.py:150} WARNING - Scraping Progress:  90%|######### | 9/10 [00:23<00:01,  1.77s/it]
[2023-08-03T17:12:41.013+0000] {logging_mixin.py:150} WARNING - Scraping Progress: 100%|##########| 10/10 [00:24<00:00,  1.45s/it]
[2023-08-03T17:12:41.013+0000] {logging_mixin.py:150} WARNING - Scraping Progress: 100%|##########| 10/10 [00:24<00:00,  2.46s/it]
[2023-08-03T17:12:41.016+0000] {my_first_dag.py:45} INFO - Data is scraped and saved as a CSV file.
[2023-08-03T17:12:41.017+0000] {python.py:183} INFO - Done. Returned value was: dags/data/scraped_data.csv
[2023-08-03T17:12:41.037+0000] {taskinstance.py:1350} INFO - Marking task as SUCCESS. dag_id=ETL_Pipeline, task_id=transform_data, execution_date=20230803T150000, start_date=20230803T171216, end_date=20230803T171241
[2023-08-03T17:12:41.081+0000] {local_task_job_runner.py:225} INFO - Task exited with return code 0
[2023-08-03T17:12:41.112+0000] {taskinstance.py:2653} INFO - 1 downstream tasks scheduled from follow-on schedule check
