[2023-09-16T15:52:44.307+0000] {taskinstance.py:1157} INFO - Dependencies all met for dep_context=non-requeueable deps ti=<TaskInstance: ETL_Pipeline.transform_data scheduled__2023-09-16T13:00:00+00:00 [queued]>
[2023-09-16T15:52:44.314+0000] {taskinstance.py:1157} INFO - Dependencies all met for dep_context=requeueable deps ti=<TaskInstance: ETL_Pipeline.transform_data scheduled__2023-09-16T13:00:00+00:00 [queued]>
[2023-09-16T15:52:44.314+0000] {taskinstance.py:1359} INFO - Starting attempt 1 of 2
[2023-09-16T15:52:44.325+0000] {taskinstance.py:1380} INFO - Executing <Task(PythonOperator): transform_data> on 2023-09-16 13:00:00+00:00
[2023-09-16T15:52:44.330+0000] {standard_task_runner.py:57} INFO - Started process 2273 to run task
[2023-09-16T15:52:44.332+0000] {standard_task_runner.py:84} INFO - Running: ['***', 'tasks', 'run', 'ETL_Pipeline', 'transform_data', 'scheduled__2023-09-16T13:00:00+00:00', '--job-id', '5114', '--raw', '--subdir', 'DAGS_FOLDER/my_first_dag.py', '--cfg-path', '/tmp/tmpe5h2i5l9']
[2023-09-16T15:52:44.334+0000] {standard_task_runner.py:85} INFO - Job 5114: Subtask transform_data
[2023-09-16T15:52:44.364+0000] {task_command.py:415} INFO - Running <TaskInstance: ETL_Pipeline.transform_data scheduled__2023-09-16T13:00:00+00:00 [running]> on host 900e33937764
[2023-09-16T15:52:44.419+0000] {taskinstance.py:1660} INFO - Exporting env vars: AIRFLOW_CTX_DAG_OWNER='***' AIRFLOW_CTX_DAG_ID='ETL_Pipeline' AIRFLOW_CTX_TASK_ID='transform_data' AIRFLOW_CTX_EXECUTION_DATE='2023-09-16T13:00:00+00:00' AIRFLOW_CTX_TRY_NUMBER='1' AIRFLOW_CTX_DAG_RUN_ID='scheduled__2023-09-16T13:00:00+00:00'
[2023-09-16T15:52:44.423+0000] {logging_mixin.py:151} WARNING - Scraping Progress:   0%|          | 0/10 [00:00<?, ?it/s]
[2023-09-16T15:52:44.854+0000] {logging_mixin.py:151} WARNING - Scraping Progress:  10%|#         | 1/10 [00:00<00:03,  2.32it/s]
[2023-09-16T15:52:45.389+0000] {logging_mixin.py:151} WARNING - Scraping Progress:  20%|##        | 2/10 [00:00<00:03,  2.04it/s]
[2023-09-16T15:52:46.152+0000] {logging_mixin.py:151} WARNING - Scraping Progress:  30%|###       | 3/10 [00:01<00:04,  1.62it/s]
[2023-09-16T15:52:46.571+0000] {logging_mixin.py:151} WARNING - Scraping Progress:  40%|####      | 4/10 [00:02<00:03,  1.86it/s]
[2023-09-16T15:52:46.829+0000] {logging_mixin.py:151} WARNING - Scraping Progress:  50%|#####     | 5/10 [00:02<00:02,  2.29it/s]
[2023-09-16T15:52:47.528+0000] {logging_mixin.py:151} WARNING - Scraping Progress:  60%|######    | 6/10 [00:03<00:02,  1.90it/s]
[2023-09-16T15:52:47.738+0000] {logging_mixin.py:151} WARNING - Scraping Progress:  70%|#######   | 7/10 [00:03<00:01,  2.36it/s]
[2023-09-16T15:52:48.169+0000] {logging_mixin.py:151} WARNING - Scraping Progress:  80%|########  | 8/10 [00:03<00:00,  2.35it/s]
[2023-09-16T15:52:48.560+0000] {logging_mixin.py:151} WARNING - Scraping Progress:  90%|######### | 9/10 [00:04<00:00,  2.41it/s]
[2023-09-16T15:52:48.930+0000] {logging_mixin.py:151} WARNING - Scraping Progress: 100%|##########| 10/10 [00:04<00:00,  2.50it/s]
[2023-09-16T15:52:48.930+0000] {logging_mixin.py:151} WARNING - Scraping Progress: 100%|##########| 10/10 [00:04<00:00,  2.22it/s]
[2023-09-16T15:52:48.934+0000] {helper.py:40} INFO - Data is scraped and saved as a CSV file.
[2023-09-16T15:52:48.934+0000] {python.py:194} INFO - Done. Returned value was: None
[2023-09-16T15:52:48.943+0000] {taskinstance.py:1398} INFO - Marking task as SUCCESS. dag_id=ETL_Pipeline, task_id=transform_data, execution_date=20230916T130000, start_date=20230916T155244, end_date=20230916T155248
[2023-09-16T15:52:48.986+0000] {local_task_job_runner.py:228} INFO - Task exited with return code 0
[2023-09-16T15:52:49.004+0000] {taskinstance.py:2776} INFO - 0 downstream tasks scheduled from follow-on schedule check
