[2023-08-07T16:00:02.168+0000] {taskinstance.py:1103} INFO - Dependencies all met for dep_context=non-requeueable deps ti=<TaskInstance: ETL_Pipeline.transform_data scheduled__2023-08-07T15:00:00+00:00 [queued]>
[2023-08-07T16:00:02.175+0000] {taskinstance.py:1103} INFO - Dependencies all met for dep_context=requeueable deps ti=<TaskInstance: ETL_Pipeline.transform_data scheduled__2023-08-07T15:00:00+00:00 [queued]>
[2023-08-07T16:00:02.175+0000] {taskinstance.py:1308} INFO - Starting attempt 1 of 2
[2023-08-07T16:00:02.189+0000] {taskinstance.py:1327} INFO - Executing <Task(PythonOperator): transform_data> on 2023-08-07 15:00:00+00:00
[2023-08-07T16:00:02.195+0000] {standard_task_runner.py:57} INFO - Started process 3298 to run task
[2023-08-07T16:00:02.197+0000] {standard_task_runner.py:84} INFO - Running: ['***', 'tasks', 'run', 'ETL_Pipeline', 'transform_data', 'scheduled__2023-08-07T15:00:00+00:00', '--job-id', '5031', '--raw', '--subdir', 'DAGS_FOLDER/my_first_dag.py', '--cfg-path', '/tmp/tmpjnm4o61z']
[2023-08-07T16:00:02.198+0000] {standard_task_runner.py:85} INFO - Job 5031: Subtask transform_data
[2023-08-07T16:00:02.235+0000] {task_command.py:410} INFO - Running <TaskInstance: ETL_Pipeline.transform_data scheduled__2023-08-07T15:00:00+00:00 [running]> on host 48849dae508a
[2023-08-07T16:00:02.319+0000] {taskinstance.py:1547} INFO - Exporting env vars: AIRFLOW_CTX_DAG_OWNER='***' AIRFLOW_CTX_DAG_ID='ETL_Pipeline' AIRFLOW_CTX_TASK_ID='transform_data' AIRFLOW_CTX_EXECUTION_DATE='2023-08-07T15:00:00+00:00' AIRFLOW_CTX_TRY_NUMBER='1' AIRFLOW_CTX_DAG_RUN_ID='scheduled__2023-08-07T15:00:00+00:00'
[2023-08-07T16:00:02.323+0000] {logging_mixin.py:150} WARNING - Scraping Progress:   0%|          | 0/10 [00:00<?, ?it/s]
[2023-08-07T16:00:19.268+0000] {logging_mixin.py:150} WARNING - Scraping Progress:  10%|#         | 1/10 [00:16<02:32, 16.94s/it]
[2023-08-07T16:00:21.436+0000] {logging_mixin.py:150} WARNING - Scraping Progress:  20%|##        | 2/10 [00:19<01:06,  8.25s/it]
[2023-08-07T16:00:24.950+0000] {logging_mixin.py:150} WARNING - Scraping Progress:  30%|###       | 3/10 [00:22<00:42,  6.09s/it]
[2023-08-07T16:00:32.845+0000] {logging_mixin.py:150} WARNING - Scraping Progress:  40%|####      | 4/10 [00:30<00:40,  6.80s/it]
[2023-08-07T16:00:35.604+0000] {logging_mixin.py:150} WARNING - Scraping Progress:  50%|#####     | 5/10 [00:33<00:26,  5.34s/it]
[2023-08-07T16:00:37.952+0000] {logging_mixin.py:150} WARNING - Scraping Progress:  60%|######    | 6/10 [00:35<00:17,  4.33s/it]
[2023-08-07T16:00:48.641+0000] {logging_mixin.py:150} WARNING - Scraping Progress:  70%|#######   | 7/10 [00:46<00:19,  6.41s/it]
[2023-08-07T16:00:51.773+0000] {logging_mixin.py:150} WARNING - Scraping Progress:  80%|########  | 8/10 [00:49<00:10,  5.36s/it]
[2023-08-07T16:00:53.065+0000] {logging_mixin.py:150} WARNING - Scraping Progress:  90%|######### | 9/10 [00:50<00:04,  4.09s/it]
[2023-08-07T16:00:55.365+0000] {logging_mixin.py:150} WARNING - Scraping Progress: 100%|##########| 10/10 [00:53<00:00,  3.54s/it]
[2023-08-07T16:00:55.366+0000] {logging_mixin.py:150} WARNING - Scraping Progress: 100%|##########| 10/10 [00:53<00:00,  5.30s/it]
[2023-08-07T16:00:55.371+0000] {my_first_dag.py:45} INFO - Data is scraped and saved as a CSV file.
[2023-08-07T16:00:55.371+0000] {python.py:183} INFO - Done. Returned value was: dags/data/scraped_data.csv
[2023-08-07T16:00:55.404+0000] {taskinstance.py:1350} INFO - Marking task as SUCCESS. dag_id=ETL_Pipeline, task_id=transform_data, execution_date=20230807T150000, start_date=20230807T160002, end_date=20230807T160055
[2023-08-07T16:00:55.472+0000] {local_task_job_runner.py:225} INFO - Task exited with return code 0
[2023-08-07T16:00:55.504+0000] {taskinstance.py:2653} INFO - 1 downstream tasks scheduled from follow-on schedule check
