[2023-08-03T17:06:41.260+0000] {taskinstance.py:1103} INFO - Dependencies all met for dep_context=non-requeueable deps ti=<TaskInstance: ETL_Pipeline.transform_data scheduled__2023-08-03T16:00:00+00:00 [queued]>
[2023-08-03T17:06:41.272+0000] {taskinstance.py:1103} INFO - Dependencies all met for dep_context=requeueable deps ti=<TaskInstance: ETL_Pipeline.transform_data scheduled__2023-08-03T16:00:00+00:00 [queued]>
[2023-08-03T17:06:41.272+0000] {taskinstance.py:1308} INFO - Starting attempt 1 of 2
[2023-08-03T17:06:41.292+0000] {taskinstance.py:1327} INFO - Executing <Task(PythonOperator): transform_data> on 2023-08-03 16:00:00+00:00
[2023-08-03T17:06:41.299+0000] {standard_task_runner.py:57} INFO - Started process 7594 to run task
[2023-08-03T17:06:41.304+0000] {standard_task_runner.py:84} INFO - Running: ['***', 'tasks', 'run', 'ETL_Pipeline', 'transform_data', 'scheduled__2023-08-03T16:00:00+00:00', '--job-id', '4869', '--raw', '--subdir', 'DAGS_FOLDER/my_first_dag.py', '--cfg-path', '/tmp/tmp68ver62z']
[2023-08-03T17:06:41.307+0000] {standard_task_runner.py:85} INFO - Job 4869: Subtask transform_data
[2023-08-03T17:06:41.373+0000] {task_command.py:410} INFO - Running <TaskInstance: ETL_Pipeline.transform_data scheduled__2023-08-03T16:00:00+00:00 [running]> on host 794dc2638f7c
[2023-08-03T17:06:41.541+0000] {taskinstance.py:1547} INFO - Exporting env vars: AIRFLOW_CTX_DAG_OWNER='***' AIRFLOW_CTX_DAG_ID='ETL_Pipeline' AIRFLOW_CTX_TASK_ID='transform_data' AIRFLOW_CTX_EXECUTION_DATE='2023-08-03T16:00:00+00:00' AIRFLOW_CTX_TRY_NUMBER='1' AIRFLOW_CTX_DAG_RUN_ID='scheduled__2023-08-03T16:00:00+00:00'
[2023-08-03T17:06:41.547+0000] {logging_mixin.py:150} WARNING - Scraping Progress:   0%|          | 0/10 [00:00<?, ?it/s]
[2023-08-03T17:06:43.646+0000] {logging_mixin.py:150} WARNING - Scraping Progress:  10%|#         | 1/10 [00:02<00:18,  2.10s/it]
[2023-08-03T17:06:47.375+0000] {logging_mixin.py:150} WARNING - Scraping Progress:  20%|##        | 2/10 [00:05<00:24,  3.06s/it]
[2023-08-03T17:06:48.129+0000] {logging_mixin.py:150} WARNING - Scraping Progress:  30%|###       | 3/10 [00:06<00:14,  2.01s/it]
[2023-08-03T17:06:52.318+0000] {logging_mixin.py:150} WARNING - Scraping Progress:  40%|####      | 4/10 [00:10<00:17,  2.87s/it]
[2023-08-03T17:06:57.613+0000] {logging_mixin.py:150} WARNING - Scraping Progress:  50%|#####     | 5/10 [00:16<00:18,  3.74s/it]
[2023-08-03T17:07:21.033+0000] {logging_mixin.py:150} WARNING - Scraping Progress:  50%|#####     | 5/10 [00:39<00:39,  7.90s/it]
[2023-08-03T17:07:21.034+0000] {taskinstance.py:1824} ERROR - Task failed with exception
Traceback (most recent call last):
  File "/home/airflow/.local/lib/python3.7/site-packages/airflow/operators/python.py", line 181, in execute
    return_value = self.execute_callable()
  File "/home/airflow/.local/lib/python3.7/site-packages/airflow/operators/python.py", line 198, in execute_callable
    return self.python_callable(*self.op_args, **self.op_kwargs)
  File "/opt/airflow/dags/my_first_dag.py", line 40, in transform_data
    data_list.append(scrape_data_from_url(url))
  File "/opt/airflow/dags/utils/scraper.py", line 8, in scrape_data_from_url
    article.parse()
  File "/home/airflow/.local/lib/python3.7/site-packages/newspaper/article.py", line 191, in parse
    self.throw_if_not_downloaded_verbose()
  File "/home/airflow/.local/lib/python3.7/site-packages/newspaper/article.py", line 532, in throw_if_not_downloaded_verbose
    (self.download_exception_msg, self.url))
newspaper.article.ArticleException: Article `download()` failed with HTTPSConnectionPool(host='www.prothomalo.com', port=443): Read timed out. on URL https://www.prothomalo.com/politics/19nzdnuu8f
[2023-08-03T17:07:21.043+0000] {taskinstance.py:1350} INFO - Marking task as UP_FOR_RETRY. dag_id=ETL_Pipeline, task_id=transform_data, execution_date=20230803T160000, start_date=20230803T170641, end_date=20230803T170721
[2023-08-03T17:07:21.067+0000] {standard_task_runner.py:109} ERROR - Failed to execute job 4869 for task transform_data (Article `download()` failed with HTTPSConnectionPool(host='www.prothomalo.com', port=443): Read timed out. on URL https://www.prothomalo.com/politics/19nzdnuu8f; 7594)
[2023-08-03T17:07:21.076+0000] {local_task_job_runner.py:225} INFO - Task exited with return code 1
[2023-08-03T17:07:21.095+0000] {taskinstance.py:2653} INFO - 0 downstream tasks scheduled from follow-on schedule check
