[2023-08-03T17:12:21.886+0000] {taskinstance.py:1103} INFO - Dependencies all met for dep_context=non-requeueable deps ti=<TaskInstance: ETL_Pipeline.transform_data scheduled__2023-08-03T16:00:00+00:00 [queued]>
[2023-08-03T17:12:21.897+0000] {taskinstance.py:1103} INFO - Dependencies all met for dep_context=requeueable deps ti=<TaskInstance: ETL_Pipeline.transform_data scheduled__2023-08-03T16:00:00+00:00 [queued]>
[2023-08-03T17:12:21.897+0000] {taskinstance.py:1308} INFO - Starting attempt 2 of 2
[2023-08-03T17:12:21.910+0000] {taskinstance.py:1327} INFO - Executing <Task(PythonOperator): transform_data> on 2023-08-03 16:00:00+00:00
[2023-08-03T17:12:21.916+0000] {standard_task_runner.py:57} INFO - Started process 7693 to run task
[2023-08-03T17:12:21.919+0000] {standard_task_runner.py:84} INFO - Running: ['***', 'tasks', 'run', 'ETL_Pipeline', 'transform_data', 'scheduled__2023-08-03T16:00:00+00:00', '--job-id', '4871', '--raw', '--subdir', 'DAGS_FOLDER/my_first_dag.py', '--cfg-path', '/tmp/tmp835uemgx']
[2023-08-03T17:12:21.920+0000] {standard_task_runner.py:85} INFO - Job 4871: Subtask transform_data
[2023-08-03T17:12:21.956+0000] {task_command.py:410} INFO - Running <TaskInstance: ETL_Pipeline.transform_data scheduled__2023-08-03T16:00:00+00:00 [running]> on host 794dc2638f7c
[2023-08-03T17:12:22.036+0000] {taskinstance.py:1547} INFO - Exporting env vars: AIRFLOW_CTX_DAG_OWNER='***' AIRFLOW_CTX_DAG_ID='ETL_Pipeline' AIRFLOW_CTX_TASK_ID='transform_data' AIRFLOW_CTX_EXECUTION_DATE='2023-08-03T16:00:00+00:00' AIRFLOW_CTX_TRY_NUMBER='2' AIRFLOW_CTX_DAG_RUN_ID='scheduled__2023-08-03T16:00:00+00:00'
[2023-08-03T17:12:22.040+0000] {logging_mixin.py:150} WARNING - Scraping Progress:   0%|          | 0/10 [00:00<?, ?it/s]
[2023-08-03T17:12:24.606+0000] {logging_mixin.py:150} WARNING - Scraping Progress:  10%|#         | 1/10 [00:02<00:23,  2.57s/it]
[2023-08-03T17:12:28.529+0000] {logging_mixin.py:150} WARNING - Scraping Progress:  20%|##        | 2/10 [00:06<00:26,  3.36s/it]
[2023-08-03T17:12:30.154+0000] {logging_mixin.py:150} WARNING - Scraping Progress:  30%|###       | 3/10 [00:08<00:17,  2.57s/it]
[2023-08-03T17:12:31.167+0000] {logging_mixin.py:150} WARNING - Scraping Progress:  40%|####      | 4/10 [00:09<00:11,  1.96s/it]
[2023-08-03T17:12:38.651+0000] {logging_mixin.py:150} WARNING - Scraping Progress:  50%|#####     | 5/10 [00:16<00:19,  3.95s/it]
[2023-08-03T17:12:39.194+0000] {logging_mixin.py:150} WARNING - Scraping Progress:  60%|######    | 6/10 [00:17<00:11,  2.79s/it]
[2023-08-03T17:12:40.749+0000] {logging_mixin.py:150} WARNING - Scraping Progress:  70%|#######   | 7/10 [00:18<00:07,  2.39s/it]
[2023-08-03T17:12:41.616+0000] {logging_mixin.py:150} WARNING - Scraping Progress:  80%|########  | 8/10 [00:19<00:03,  1.90s/it]
[2023-08-03T17:12:41.854+0000] {logging_mixin.py:150} WARNING - Scraping Progress:  90%|######### | 9/10 [00:19<00:01,  1.38s/it]
[2023-08-03T17:12:42.076+0000] {logging_mixin.py:150} WARNING - Scraping Progress: 100%|##########| 10/10 [00:20<00:00,  1.02s/it]
[2023-08-03T17:12:42.077+0000] {logging_mixin.py:150} WARNING - Scraping Progress: 100%|##########| 10/10 [00:20<00:00,  2.00s/it]
[2023-08-03T17:12:42.081+0000] {my_first_dag.py:45} INFO - Data is scraped and saved as a CSV file.
[2023-08-03T17:12:42.081+0000] {python.py:183} INFO - Done. Returned value was: dags/data/scraped_data.csv
[2023-08-03T17:12:42.104+0000] {taskinstance.py:1350} INFO - Marking task as SUCCESS. dag_id=ETL_Pipeline, task_id=transform_data, execution_date=20230803T160000, start_date=20230803T171221, end_date=20230803T171242
[2023-08-03T17:12:42.128+0000] {local_task_job_runner.py:225} INFO - Task exited with return code 0
[2023-08-03T17:12:42.155+0000] {taskinstance.py:2653} INFO - 1 downstream tasks scheduled from follow-on schedule check
