[2023-11-25T23:00:01.791+0000] {taskinstance.py:1159} INFO - Dependencies all met for dep_context=non-requeueable deps ti=<TaskInstance: ETL_Pipeline.extract_jugantor scheduled__2023-11-25T22:00:00+00:00 [queued]>
[2023-11-25T23:00:01.801+0000] {taskinstance.py:1159} INFO - Dependencies all met for dep_context=requeueable deps ti=<TaskInstance: ETL_Pipeline.extract_jugantor scheduled__2023-11-25T22:00:00+00:00 [queued]>
[2023-11-25T23:00:01.801+0000] {taskinstance.py:1361} INFO - Starting attempt 1 of 2
[2023-11-25T23:00:01.818+0000] {taskinstance.py:1382} INFO - Executing <Task(PythonOperator): extract_jugantor> on 2023-11-25 22:00:00+00:00
[2023-11-25T23:00:01.824+0000] {standard_task_runner.py:57} INFO - Started process 2081 to run task
[2023-11-25T23:00:01.827+0000] {standard_task_runner.py:84} INFO - Running: ['***', 'tasks', 'run', 'ETL_Pipeline', 'extract_jugantor', 'scheduled__2023-11-25T22:00:00+00:00', '--job-id', '434', '--raw', '--subdir', 'DAGS_FOLDER/ETL_Pipeline.py', '--cfg-path', '/tmp/tmpd8ge34_g']
[2023-11-25T23:00:01.830+0000] {standard_task_runner.py:85} INFO - Job 434: Subtask extract_jugantor
[2023-11-25T23:00:01.884+0000] {task_command.py:416} INFO - Running <TaskInstance: ETL_Pipeline.extract_jugantor scheduled__2023-11-25T22:00:00+00:00 [running]> on host 4012deabc79b
[2023-11-25T23:00:01.963+0000] {taskinstance.py:1662} INFO - Exporting env vars: AIRFLOW_CTX_DAG_OWNER='***' AIRFLOW_CTX_DAG_ID='ETL_Pipeline' AIRFLOW_CTX_TASK_ID='extract_jugantor' AIRFLOW_CTX_EXECUTION_DATE='2023-11-25T22:00:00+00:00' AIRFLOW_CTX_TRY_NUMBER='1' AIRFLOW_CTX_DAG_RUN_ID='scheduled__2023-11-25T22:00:00+00:00'
[2023-11-25T23:00:02.700+0000] {extract.py:48} INFO - Extracted URLs from Jugantor. Total URLs: 105
[2023-11-25T23:00:02.700+0000] {python.py:194} INFO - Done. Returned value was: None
[2023-11-25T23:00:02.706+0000] {taskinstance.py:1400} INFO - Marking task as SUCCESS. dag_id=ETL_Pipeline, task_id=extract_jugantor, execution_date=20231125T220000, start_date=20231125T230001, end_date=20231125T230002
[2023-11-25T23:00:02.725+0000] {local_task_job_runner.py:228} INFO - Task exited with return code 0
[2023-11-25T23:00:02.747+0000] {taskinstance.py:2778} INFO - 0 downstream tasks scheduled from follow-on schedule check
[2023-11-25T23:14:17.709+0000] {taskinstance.py:1159} INFO - Dependencies all met for dep_context=non-requeueable deps ti=<TaskInstance: ETL_Pipeline.extract_jugantor scheduled__2023-11-25T22:00:00+00:00 [queued]>
[2023-11-25T23:14:17.742+0000] {taskinstance.py:1159} INFO - Dependencies all met for dep_context=requeueable deps ti=<TaskInstance: ETL_Pipeline.extract_jugantor scheduled__2023-11-25T22:00:00+00:00 [queued]>
[2023-11-25T23:14:17.742+0000] {taskinstance.py:1361} INFO - Starting attempt 1 of 2
[2023-11-25T23:14:17.780+0000] {taskinstance.py:1382} INFO - Executing <Task(PythonOperator): extract_jugantor> on 2023-11-25 22:00:00+00:00
[2023-11-25T23:14:17.805+0000] {standard_task_runner.py:57} INFO - Started process 2320 to run task
[2023-11-25T23:14:17.820+0000] {standard_task_runner.py:84} INFO - Running: ['***', 'tasks', 'run', 'ETL_Pipeline', 'extract_jugantor', 'scheduled__2023-11-25T22:00:00+00:00', '--job-id', '440', '--raw', '--subdir', 'DAGS_FOLDER/ETL_Pipeline.py', '--cfg-path', '/tmp/tmpm7wiersf']
[2023-11-25T23:14:17.847+0000] {standard_task_runner.py:85} INFO - Job 440: Subtask extract_jugantor
[2023-11-25T23:14:17.969+0000] {task_command.py:416} INFO - Running <TaskInstance: ETL_Pipeline.extract_jugantor scheduled__2023-11-25T22:00:00+00:00 [running]> on host 4012deabc79b
[2023-11-25T23:14:18.069+0000] {taskinstance.py:1662} INFO - Exporting env vars: AIRFLOW_CTX_DAG_OWNER='***' AIRFLOW_CTX_DAG_ID='ETL_Pipeline' AIRFLOW_CTX_TASK_ID='extract_jugantor' AIRFLOW_CTX_EXECUTION_DATE='2023-11-25T22:00:00+00:00' AIRFLOW_CTX_TRY_NUMBER='1' AIRFLOW_CTX_DAG_RUN_ID='scheduled__2023-11-25T22:00:00+00:00'
[2023-11-25T23:14:19.289+0000] {extract.py:48} INFO - Extracted URLs from Jugantor. Total URLs: 105
[2023-11-25T23:14:19.290+0000] {python.py:194} INFO - Done. Returned value was: None
[2023-11-25T23:14:19.301+0000] {taskinstance.py:1400} INFO - Marking task as SUCCESS. dag_id=ETL_Pipeline, task_id=extract_jugantor, execution_date=20231125T220000, start_date=20231125T231417, end_date=20231125T231419
[2023-11-25T23:14:19.321+0000] {local_task_job_runner.py:228} INFO - Task exited with return code 0
[2023-11-25T23:14:19.341+0000] {taskinstance.py:2778} INFO - 1 downstream tasks scheduled from follow-on schedule check
[2023-11-25T23:15:56.979+0000] {taskinstance.py:1159} INFO - Dependencies all met for dep_context=non-requeueable deps ti=<TaskInstance: ETL_Pipeline.extract_jugantor scheduled__2023-11-25T22:00:00+00:00 [queued]>
[2023-11-25T23:15:56.987+0000] {taskinstance.py:1159} INFO - Dependencies all met for dep_context=requeueable deps ti=<TaskInstance: ETL_Pipeline.extract_jugantor scheduled__2023-11-25T22:00:00+00:00 [queued]>
[2023-11-25T23:15:56.987+0000] {taskinstance.py:1361} INFO - Starting attempt 1 of 2
[2023-11-25T23:15:57.003+0000] {taskinstance.py:1382} INFO - Executing <Task(PythonOperator): extract_jugantor> on 2023-11-25 22:00:00+00:00
[2023-11-25T23:15:57.011+0000] {standard_task_runner.py:57} INFO - Started process 2362 to run task
[2023-11-25T23:15:57.013+0000] {standard_task_runner.py:84} INFO - Running: ['***', 'tasks', 'run', 'ETL_Pipeline', 'extract_jugantor', 'scheduled__2023-11-25T22:00:00+00:00', '--job-id', '446', '--raw', '--subdir', 'DAGS_FOLDER/ETL_Pipeline.py', '--cfg-path', '/tmp/tmp6o6hig0g']
[2023-11-25T23:15:57.015+0000] {standard_task_runner.py:85} INFO - Job 446: Subtask extract_jugantor
[2023-11-25T23:15:57.058+0000] {task_command.py:416} INFO - Running <TaskInstance: ETL_Pipeline.extract_jugantor scheduled__2023-11-25T22:00:00+00:00 [running]> on host 4012deabc79b
[2023-11-25T23:15:57.149+0000] {taskinstance.py:1662} INFO - Exporting env vars: AIRFLOW_CTX_DAG_OWNER='***' AIRFLOW_CTX_DAG_ID='ETL_Pipeline' AIRFLOW_CTX_TASK_ID='extract_jugantor' AIRFLOW_CTX_EXECUTION_DATE='2023-11-25T22:00:00+00:00' AIRFLOW_CTX_TRY_NUMBER='1' AIRFLOW_CTX_DAG_RUN_ID='scheduled__2023-11-25T22:00:00+00:00'
[2023-11-25T23:15:58.351+0000] {extract.py:48} INFO - Extracted URLs from Jugantor. Total URLs: 105
[2023-11-25T23:15:58.351+0000] {python.py:194} INFO - Done. Returned value was: None
[2023-11-25T23:15:58.363+0000] {taskinstance.py:1400} INFO - Marking task as SUCCESS. dag_id=ETL_Pipeline, task_id=extract_jugantor, execution_date=20231125T220000, start_date=20231125T231556, end_date=20231125T231558
[2023-11-25T23:15:58.389+0000] {local_task_job_runner.py:228} INFO - Task exited with return code 0
[2023-11-25T23:15:58.418+0000] {taskinstance.py:2778} INFO - 1 downstream tasks scheduled from follow-on schedule check
[2023-11-25T23:17:32.471+0000] {taskinstance.py:1159} INFO - Dependencies all met for dep_context=non-requeueable deps ti=<TaskInstance: ETL_Pipeline.extract_jugantor scheduled__2023-11-25T22:00:00+00:00 [queued]>
[2023-11-25T23:17:32.511+0000] {taskinstance.py:1159} INFO - Dependencies all met for dep_context=requeueable deps ti=<TaskInstance: ETL_Pipeline.extract_jugantor scheduled__2023-11-25T22:00:00+00:00 [queued]>
[2023-11-25T23:17:32.512+0000] {taskinstance.py:1361} INFO - Starting attempt 1 of 2
[2023-11-25T23:17:32.565+0000] {taskinstance.py:1382} INFO - Executing <Task(PythonOperator): extract_jugantor> on 2023-11-25 22:00:00+00:00
[2023-11-25T23:17:32.596+0000] {standard_task_runner.py:57} INFO - Started process 2400 to run task
[2023-11-25T23:17:32.605+0000] {standard_task_runner.py:84} INFO - Running: ['***', 'tasks', 'run', 'ETL_Pipeline', 'extract_jugantor', 'scheduled__2023-11-25T22:00:00+00:00', '--job-id', '449', '--raw', '--subdir', 'DAGS_FOLDER/ETL_Pipeline.py', '--cfg-path', '/tmp/tmp6ykas2sl']
[2023-11-25T23:17:32.608+0000] {standard_task_runner.py:85} INFO - Job 449: Subtask extract_jugantor
[2023-11-25T23:17:32.687+0000] {task_command.py:416} INFO - Running <TaskInstance: ETL_Pipeline.extract_jugantor scheduled__2023-11-25T22:00:00+00:00 [running]> on host 4012deabc79b
[2023-11-25T23:17:32.787+0000] {taskinstance.py:1662} INFO - Exporting env vars: AIRFLOW_CTX_DAG_OWNER='***' AIRFLOW_CTX_DAG_ID='ETL_Pipeline' AIRFLOW_CTX_TASK_ID='extract_jugantor' AIRFLOW_CTX_EXECUTION_DATE='2023-11-25T22:00:00+00:00' AIRFLOW_CTX_TRY_NUMBER='1' AIRFLOW_CTX_DAG_RUN_ID='scheduled__2023-11-25T22:00:00+00:00'
[2023-11-25T23:17:33.936+0000] {extract.py:48} INFO - Extracted URLs from Jugantor. Total URLs: 105
[2023-11-25T23:17:33.936+0000] {python.py:194} INFO - Done. Returned value was: None
[2023-11-25T23:17:33.942+0000] {taskinstance.py:1400} INFO - Marking task as SUCCESS. dag_id=ETL_Pipeline, task_id=extract_jugantor, execution_date=20231125T220000, start_date=20231125T231732, end_date=20231125T231733
[2023-11-25T23:17:33.994+0000] {local_task_job_runner.py:228} INFO - Task exited with return code 0
[2023-11-25T23:17:34.013+0000] {taskinstance.py:2778} INFO - 0 downstream tasks scheduled from follow-on schedule check
[2023-11-25T23:19:54.623+0000] {taskinstance.py:1159} INFO - Dependencies all met for dep_context=non-requeueable deps ti=<TaskInstance: ETL_Pipeline.extract_jugantor scheduled__2023-11-25T22:00:00+00:00 [queued]>
[2023-11-25T23:19:54.646+0000] {taskinstance.py:1159} INFO - Dependencies all met for dep_context=requeueable deps ti=<TaskInstance: ETL_Pipeline.extract_jugantor scheduled__2023-11-25T22:00:00+00:00 [queued]>
[2023-11-25T23:19:54.646+0000] {taskinstance.py:1361} INFO - Starting attempt 1 of 2
[2023-11-25T23:19:54.690+0000] {taskinstance.py:1382} INFO - Executing <Task(PythonOperator): extract_jugantor> on 2023-11-25 22:00:00+00:00
[2023-11-25T23:19:54.713+0000] {standard_task_runner.py:57} INFO - Started process 2450 to run task
[2023-11-25T23:19:54.709+0000] {standard_task_runner.py:84} INFO - Running: ['***', 'tasks', 'run', 'ETL_Pipeline', 'extract_jugantor', 'scheduled__2023-11-25T22:00:00+00:00', '--job-id', '456', '--raw', '--subdir', 'DAGS_FOLDER/ETL_Pipeline.py', '--cfg-path', '/tmp/tmptvqmbiig']
[2023-11-25T23:19:54.728+0000] {standard_task_runner.py:85} INFO - Job 456: Subtask extract_jugantor
[2023-11-25T23:19:54.817+0000] {task_command.py:416} INFO - Running <TaskInstance: ETL_Pipeline.extract_jugantor scheduled__2023-11-25T22:00:00+00:00 [running]> on host 4012deabc79b
[2023-11-25T23:19:54.960+0000] {taskinstance.py:1662} INFO - Exporting env vars: AIRFLOW_CTX_DAG_OWNER='***' AIRFLOW_CTX_DAG_ID='ETL_Pipeline' AIRFLOW_CTX_TASK_ID='extract_jugantor' AIRFLOW_CTX_EXECUTION_DATE='2023-11-25T22:00:00+00:00' AIRFLOW_CTX_TRY_NUMBER='1' AIRFLOW_CTX_DAG_RUN_ID='scheduled__2023-11-25T22:00:00+00:00'
[2023-11-25T23:19:56.186+0000] {extract.py:48} INFO - Extracted URLs from Jugantor. Total URLs: 105
[2023-11-25T23:19:56.187+0000] {python.py:194} INFO - Done. Returned value was: None
[2023-11-25T23:19:56.193+0000] {taskinstance.py:1400} INFO - Marking task as SUCCESS. dag_id=ETL_Pipeline, task_id=extract_jugantor, execution_date=20231125T220000, start_date=20231125T231954, end_date=20231125T231956
[2023-11-25T23:19:56.247+0000] {local_task_job_runner.py:228} INFO - Task exited with return code 0
[2023-11-25T23:19:56.271+0000] {taskinstance.py:2778} INFO - 1 downstream tasks scheduled from follow-on schedule check
