[2023-08-01T13:36:03.215+0000] {taskinstance.py:1103} INFO - Dependencies all met for dep_context=non-requeueable deps ti=<TaskInstance: data_extraction_transformation_load.transform_data scheduled__2023-08-01T13:35:00+00:00 [queued]>
[2023-08-01T13:36:03.223+0000] {taskinstance.py:1103} INFO - Dependencies all met for dep_context=requeueable deps ti=<TaskInstance: data_extraction_transformation_load.transform_data scheduled__2023-08-01T13:35:00+00:00 [queued]>
[2023-08-01T13:36:03.223+0000] {taskinstance.py:1308} INFO - Starting attempt 1 of 2
[2023-08-01T13:36:03.237+0000] {taskinstance.py:1327} INFO - Executing <Task(PythonOperator): transform_data> on 2023-08-01 13:35:00+00:00
[2023-08-01T13:36:03.244+0000] {standard_task_runner.py:57} INFO - Started process 82 to run task
[2023-08-01T13:36:03.246+0000] {standard_task_runner.py:84} INFO - Running: ['***', 'tasks', 'run', 'data_extraction_transformation_load', 'transform_data', 'scheduled__2023-08-01T13:35:00+00:00', '--job-id', '4771', '--raw', '--subdir', 'DAGS_FOLDER/my_first_dag.py', '--cfg-path', '/tmp/tmpzqzvu1qt']
[2023-08-01T13:36:03.248+0000] {standard_task_runner.py:85} INFO - Job 4771: Subtask transform_data
[2023-08-01T13:36:03.297+0000] {task_command.py:410} INFO - Running <TaskInstance: data_extraction_transformation_load.transform_data scheduled__2023-08-01T13:35:00+00:00 [running]> on host 794dc2638f7c
[2023-08-01T13:36:03.396+0000] {taskinstance.py:1547} INFO - Exporting env vars: AIRFLOW_CTX_DAG_OWNER='***' AIRFLOW_CTX_DAG_ID='data_extraction_transformation_load' AIRFLOW_CTX_TASK_ID='transform_data' AIRFLOW_CTX_EXECUTION_DATE='2023-08-01T13:35:00+00:00' AIRFLOW_CTX_TRY_NUMBER='1' AIRFLOW_CTX_DAG_RUN_ID='scheduled__2023-08-01T13:35:00+00:00'
[2023-08-01T13:36:03.402+0000] {logging_mixin.py:150} WARNING - Scraping Progress:   0%|          | 0/10 [00:00<?, ?it/s]
[2023-08-01T13:36:05.528+0000] {logging_mixin.py:150} WARNING - Scraping Progress:  10%|#         | 1/10 [00:02<00:19,  2.13s/it]
[2023-08-01T13:36:06.999+0000] {logging_mixin.py:150} WARNING - Scraping Progress:  20%|##        | 2/10 [00:03<00:13,  1.74s/it]
[2023-08-01T13:36:07.641+0000] {logging_mixin.py:150} WARNING - Scraping Progress:  30%|###       | 3/10 [00:04<00:08,  1.24s/it]
[2023-08-01T13:36:08.384+0000] {logging_mixin.py:150} WARNING - Scraping Progress:  40%|####      | 4/10 [00:04<00:06,  1.04s/it]
[2023-08-01T13:36:08.974+0000] {logging_mixin.py:150} WARNING - Scraping Progress:  50%|#####     | 5/10 [00:05<00:04,  1.14it/s]
[2023-08-01T13:36:10.594+0000] {logging_mixin.py:150} WARNING - Scraping Progress:  60%|######    | 6/10 [00:07<00:04,  1.13s/it]
[2023-08-01T13:36:12.049+0000] {logging_mixin.py:150} WARNING - Scraping Progress:  70%|#######   | 7/10 [00:08<00:03,  1.24s/it]
[2023-08-01T13:36:12.869+0000] {logging_mixin.py:150} WARNING - Scraping Progress:  80%|########  | 8/10 [00:09<00:02,  1.10s/it]
[2023-08-01T13:36:14.190+0000] {logging_mixin.py:150} WARNING - Scraping Progress:  90%|######### | 9/10 [00:10<00:01,  1.17s/it]
[2023-08-01T13:36:15.975+0000] {logging_mixin.py:150} WARNING - Scraping Progress: 100%|##########| 10/10 [00:12<00:00,  1.36s/it]
[2023-08-01T13:36:15.976+0000] {logging_mixin.py:150} WARNING - Scraping Progress: 100%|##########| 10/10 [00:12<00:00,  1.26s/it]
[2023-08-01T13:36:15.980+0000] {my_first_dag.py:45} INFO - Data is scraped and saved as a CSV file.
[2023-08-01T13:36:15.981+0000] {python.py:183} INFO - Done. Returned value was: dags/data/scraped_data.csv
[2023-08-01T13:36:16.000+0000] {taskinstance.py:1350} INFO - Marking task as SUCCESS. dag_id=data_extraction_transformation_load, task_id=transform_data, execution_date=20230801T133500, start_date=20230801T133603, end_date=20230801T133616
[2023-08-01T13:36:16.040+0000] {local_task_job_runner.py:225} INFO - Task exited with return code 0
[2023-08-01T13:36:16.061+0000] {taskinstance.py:2653} INFO - 1 downstream tasks scheduled from follow-on schedule check
