[2023-08-07T07:28:45.714+0000] {taskinstance.py:1103} INFO - Dependencies all met for dep_context=non-requeueable deps ti=<TaskInstance: ETL_Pipeline.transform_data scheduled__2023-08-07T06:00:00+00:00 [queued]>
[2023-08-07T07:28:45.784+0000] {taskinstance.py:1103} INFO - Dependencies all met for dep_context=requeueable deps ti=<TaskInstance: ETL_Pipeline.transform_data scheduled__2023-08-07T06:00:00+00:00 [queued]>
[2023-08-07T07:28:45.784+0000] {taskinstance.py:1308} INFO - Starting attempt 1 of 2
[2023-08-07T07:28:45.917+0000] {taskinstance.py:1327} INFO - Executing <Task(PythonOperator): transform_data> on 2023-08-07 06:00:00+00:00
[2023-08-07T07:28:45.984+0000] {standard_task_runner.py:57} INFO - Started process 72 to run task
[2023-08-07T07:28:45.980+0000] {standard_task_runner.py:84} INFO - Running: ['***', 'tasks', 'run', 'ETL_Pipeline', 'transform_data', 'scheduled__2023-08-07T06:00:00+00:00', '--job-id', '4989', '--raw', '--subdir', 'DAGS_FOLDER/my_first_dag.py', '--cfg-path', '/tmp/tmp6rkif_qr']
[2023-08-07T07:28:45.999+0000] {standard_task_runner.py:85} INFO - Job 4989: Subtask transform_data
[2023-08-07T07:28:46.293+0000] {task_command.py:410} INFO - Running <TaskInstance: ETL_Pipeline.transform_data scheduled__2023-08-07T06:00:00+00:00 [running]> on host 48849dae508a
[2023-08-07T07:28:46.755+0000] {taskinstance.py:1547} INFO - Exporting env vars: AIRFLOW_CTX_DAG_OWNER='***' AIRFLOW_CTX_DAG_ID='ETL_Pipeline' AIRFLOW_CTX_TASK_ID='transform_data' AIRFLOW_CTX_EXECUTION_DATE='2023-08-07T06:00:00+00:00' AIRFLOW_CTX_TRY_NUMBER='1' AIRFLOW_CTX_DAG_RUN_ID='scheduled__2023-08-07T06:00:00+00:00'
[2023-08-07T07:28:46.772+0000] {logging_mixin.py:150} WARNING - Scraping Progress:   0%|          | 0/10 [00:00<?, ?it/s]
[2023-08-07T07:28:49.055+0000] {logging_mixin.py:150} WARNING - Scraping Progress:  10%|#         | 1/10 [00:02<00:20,  2.28s/it]
[2023-08-07T07:28:49.348+0000] {logging_mixin.py:150} WARNING - Scraping Progress:  20%|##        | 2/10 [00:02<00:08,  1.11s/it]
[2023-08-07T07:28:50.467+0000] {logging_mixin.py:150} WARNING - Scraping Progress:  30%|###       | 3/10 [00:03<00:07,  1.12s/it]
[2023-08-07T07:28:51.208+0000] {logging_mixin.py:150} WARNING - Scraping Progress:  40%|####      | 4/10 [00:04<00:05,  1.03it/s]
[2023-08-07T07:28:52.254+0000] {logging_mixin.py:150} WARNING - Scraping Progress:  50%|#####     | 5/10 [00:05<00:04,  1.00it/s]
[2023-08-07T07:28:52.991+0000] {logging_mixin.py:150} WARNING - Scraping Progress:  60%|######    | 6/10 [00:06<00:03,  1.10it/s]
[2023-08-07T07:28:54.111+0000] {logging_mixin.py:150} WARNING - Scraping Progress:  70%|#######   | 7/10 [00:07<00:02,  1.02it/s]
[2023-08-07T07:28:55.676+0000] {logging_mixin.py:150} WARNING - Scraping Progress:  80%|########  | 8/10 [00:08<00:02,  1.16s/it]
[2023-08-07T07:28:56.426+0000] {logging_mixin.py:150} WARNING - Scraping Progress:  90%|######### | 9/10 [00:09<00:01,  1.03s/it]
[2023-08-07T07:28:58.964+0000] {logging_mixin.py:150} WARNING - Scraping Progress: 100%|##########| 10/10 [00:12<00:00,  1.50s/it]
[2023-08-07T07:28:58.965+0000] {logging_mixin.py:150} WARNING - Scraping Progress: 100%|##########| 10/10 [00:12<00:00,  1.22s/it]
[2023-08-07T07:28:58.987+0000] {my_first_dag.py:45} INFO - Data is scraped and saved as a CSV file.
[2023-08-07T07:28:58.987+0000] {python.py:183} INFO - Done. Returned value was: dags/data/scraped_data.csv
[2023-08-07T07:28:59.107+0000] {taskinstance.py:1350} INFO - Marking task as SUCCESS. dag_id=ETL_Pipeline, task_id=transform_data, execution_date=20230807T060000, start_date=20230807T072845, end_date=20230807T072859
[2023-08-07T07:28:59.223+0000] {local_task_job_runner.py:225} INFO - Task exited with return code 0
[2023-08-07T07:28:59.309+0000] {taskinstance.py:2653} INFO - 1 downstream tasks scheduled from follow-on schedule check
