[2023-09-24T06:28:04.928+0000] {taskinstance.py:1157} INFO - Dependencies all met for dep_context=non-requeueable deps ti=<TaskInstance: ETL_Pipeline.transform_data scheduled__2023-09-24T05:00:00+00:00 [queued]>
[2023-09-24T06:28:04.944+0000] {taskinstance.py:1157} INFO - Dependencies all met for dep_context=requeueable deps ti=<TaskInstance: ETL_Pipeline.transform_data scheduled__2023-09-24T05:00:00+00:00 [queued]>
[2023-09-24T06:28:04.945+0000] {taskinstance.py:1359} INFO - Starting attempt 1 of 2
[2023-09-24T06:28:04.973+0000] {taskinstance.py:1380} INFO - Executing <Task(PythonOperator): transform_data> on 2023-09-24 05:00:00+00:00
[2023-09-24T06:28:04.981+0000] {standard_task_runner.py:57} INFO - Started process 59 to run task
[2023-09-24T06:28:04.989+0000] {standard_task_runner.py:84} INFO - Running: ['***', 'tasks', 'run', 'ETL_Pipeline', 'transform_data', 'scheduled__2023-09-24T05:00:00+00:00', '--job-id', '5147', '--raw', '--subdir', 'DAGS_FOLDER/my_first_dag.py', '--cfg-path', '/tmp/tmpsu9vc3p8']
[2023-09-24T06:28:04.993+0000] {standard_task_runner.py:85} INFO - Job 5147: Subtask transform_data
[2023-09-24T06:28:05.102+0000] {task_command.py:415} INFO - Running <TaskInstance: ETL_Pipeline.transform_data scheduled__2023-09-24T05:00:00+00:00 [running]> on host fb2f03b88e51
[2023-09-24T06:28:05.228+0000] {taskinstance.py:1660} INFO - Exporting env vars: AIRFLOW_CTX_DAG_OWNER='***' AIRFLOW_CTX_DAG_ID='ETL_Pipeline' AIRFLOW_CTX_TASK_ID='transform_data' AIRFLOW_CTX_EXECUTION_DATE='2023-09-24T05:00:00+00:00' AIRFLOW_CTX_TRY_NUMBER='1' AIRFLOW_CTX_DAG_RUN_ID='scheduled__2023-09-24T05:00:00+00:00'
[2023-09-24T06:28:05.235+0000] {logging_mixin.py:151} WARNING - Scraping Progress:   0%|          | 0/10 [00:00<?, ?it/s]
[2023-09-24T06:28:05.672+0000] {logging_mixin.py:151} WARNING - Scraping Progress:  10%|#         | 1/10 [00:00<00:03,  2.29it/s]
[2023-09-24T06:28:06.050+0000] {logging_mixin.py:151} WARNING - Scraping Progress:  20%|##        | 2/10 [00:00<00:03,  2.49it/s]
[2023-09-24T06:28:06.496+0000] {logging_mixin.py:151} WARNING - Scraping Progress:  30%|###       | 3/10 [00:01<00:02,  2.37it/s]
[2023-09-24T06:28:06.899+0000] {logging_mixin.py:151} WARNING - Scraping Progress:  40%|####      | 4/10 [00:01<00:02,  2.41it/s]
[2023-09-24T06:28:07.159+0000] {logging_mixin.py:151} WARNING - Scraping Progress:  50%|#####     | 5/10 [00:01<00:01,  2.79it/s]
[2023-09-24T06:28:07.661+0000] {logging_mixin.py:151} WARNING - Scraping Progress:  60%|######    | 6/10 [00:02<00:01,  2.45it/s]
[2023-09-24T06:28:08.443+0000] {logging_mixin.py:151} WARNING - Scraping Progress:  70%|#######   | 7/10 [00:03<00:01,  1.89it/s]
[2023-09-24T06:28:08.791+0000] {logging_mixin.py:151} WARNING - Scraping Progress:  80%|########  | 8/10 [00:03<00:00,  2.12it/s]
[2023-09-24T06:28:09.188+0000] {logging_mixin.py:151} WARNING - Scraping Progress:  90%|######### | 9/10 [00:03<00:00,  2.23it/s]
[2023-09-24T06:28:09.629+0000] {logging_mixin.py:151} WARNING - Scraping Progress: 100%|##########| 10/10 [00:04<00:00,  2.24it/s]
[2023-09-24T06:28:09.630+0000] {logging_mixin.py:151} WARNING - Scraping Progress: 100%|##########| 10/10 [00:04<00:00,  2.28it/s]
[2023-09-24T06:28:09.638+0000] {helper.py:40} INFO - Data is scraped and saved as a CSV file.
[2023-09-24T06:28:09.638+0000] {python.py:194} INFO - Done. Returned value was: None
[2023-09-24T06:28:09.645+0000] {taskinstance.py:1398} INFO - Marking task as SUCCESS. dag_id=ETL_Pipeline, task_id=transform_data, execution_date=20230924T050000, start_date=20230924T062804, end_date=20230924T062809
[2023-09-24T06:28:09.677+0000] {local_task_job_runner.py:228} INFO - Task exited with return code 0
[2023-09-24T06:28:09.690+0000] {taskinstance.py:2776} INFO - 0 downstream tasks scheduled from follow-on schedule check
