[2023-09-30T08:12:01.432+0000] {taskinstance.py:1157} INFO - Dependencies all met for dep_context=non-requeueable deps ti=<TaskInstance: ETL_Pipeline.transform_data scheduled__2023-09-29T23:00:00+00:00 [queued]>
[2023-09-30T08:12:01.447+0000] {taskinstance.py:1157} INFO - Dependencies all met for dep_context=requeueable deps ti=<TaskInstance: ETL_Pipeline.transform_data scheduled__2023-09-29T23:00:00+00:00 [queued]>
[2023-09-30T08:12:01.447+0000] {taskinstance.py:1359} INFO - Starting attempt 1 of 2
[2023-09-30T08:12:01.468+0000] {taskinstance.py:1380} INFO - Executing <Task(PythonOperator): transform_data> on 2023-09-29 23:00:00+00:00
[2023-09-30T08:12:01.473+0000] {standard_task_runner.py:57} INFO - Started process 73 to run task
[2023-09-30T08:12:01.476+0000] {standard_task_runner.py:84} INFO - Running: ['***', 'tasks', 'run', 'ETL_Pipeline', 'transform_data', 'scheduled__2023-09-29T23:00:00+00:00', '--job-id', '30', '--raw', '--subdir', 'DAGS_FOLDER/news_aggregator_dag.py', '--cfg-path', '/tmp/tmpyqwhn7i5']
[2023-09-30T08:12:01.478+0000] {standard_task_runner.py:85} INFO - Job 30: Subtask transform_data
[2023-09-30T08:12:01.521+0000] {task_command.py:415} INFO - Running <TaskInstance: ETL_Pipeline.transform_data scheduled__2023-09-29T23:00:00+00:00 [running]> on host 5815fcc71aa0
[2023-09-30T08:12:01.605+0000] {taskinstance.py:1660} INFO - Exporting env vars: AIRFLOW_CTX_DAG_OWNER='***' AIRFLOW_CTX_DAG_ID='ETL_Pipeline' AIRFLOW_CTX_TASK_ID='transform_data' AIRFLOW_CTX_EXECUTION_DATE='2023-09-29T23:00:00+00:00' AIRFLOW_CTX_TRY_NUMBER='1' AIRFLOW_CTX_DAG_RUN_ID='scheduled__2023-09-29T23:00:00+00:00'
[2023-09-30T08:12:01.612+0000] {logging_mixin.py:151} WARNING - Scraping Progress:   0%|          | 0/10 [00:00<?, ?it/s]
[2023-09-30T08:12:04.096+0000] {scraper.py:34} INFO - Scraped data from URL: https://www.prothomalo.com/religion/islam/su7gz8pyro
[2023-09-30T08:12:04.098+0000] {logging_mixin.py:151} WARNING - Scraping Progress:  10%|#         | 1/10 [00:02<00:22,  2.49s/it]
[2023-09-30T08:12:06.696+0000] {scraper.py:34} INFO - Scraped data from URL: https://www.prothomalo.com/world/europe/lj6bju070b
[2023-09-30T08:12:06.699+0000] {logging_mixin.py:151} WARNING - Scraping Progress:  20%|##        | 2/10 [00:05<00:20,  2.55s/it]
[2023-09-30T08:12:09.442+0000] {scraper.py:34} INFO - Scraped data from URL: https://www.prothomalo.com/bangladesh/qhazyzv695
[2023-09-30T08:12:09.443+0000] {logging_mixin.py:151} WARNING - Scraping Progress:  30%|###       | 3/10 [00:07<00:18,  2.64s/it]
[2023-09-30T08:12:12.413+0000] {scraper.py:34} INFO - Scraped data from URL: https://www.prothomalo.com/world/europe/z6iq6whgnj
[2023-09-30T08:12:12.415+0000] {logging_mixin.py:151} WARNING - Scraping Progress:  40%|####      | 4/10 [00:10<00:16,  2.77s/it]
[2023-09-30T08:12:15.118+0000] {scraper.py:34} INFO - Scraped data from URL: https://www.prothomalo.com/bangladesh/wu5qktyuqg
[2023-09-30T08:12:15.120+0000] {logging_mixin.py:151} WARNING - Scraping Progress:  50%|#####     | 5/10 [00:13<00:13,  2.75s/it]
[2023-09-30T08:12:17.763+0000] {scraper.py:34} INFO - Scraped data from URL: https://www.prothomalo.com/politics/5nsjzokh1v
[2023-09-30T08:12:17.765+0000] {logging_mixin.py:151} WARNING - Scraping Progress:  60%|######    | 6/10 [00:16<00:10,  2.71s/it]
[2023-09-30T08:12:20.341+0000] {scraper.py:34} INFO - Scraped data from URL: https://www.prothomalo.com/photo/bangladesh/0f31ozp5um
[2023-09-30T08:12:20.343+0000] {logging_mixin.py:151} WARNING - Scraping Progress:  70%|#######   | 7/10 [00:18<00:08,  2.67s/it]
[2023-09-30T08:12:22.686+0000] {scraper.py:34} INFO - Scraped data from URL: https://www.prothomalo.com/entertainment/wj0e3ky471
[2023-09-30T08:12:22.689+0000] {logging_mixin.py:151} WARNING - Scraping Progress:  80%|########  | 8/10 [00:21<00:05,  2.57s/it]
[2023-09-30T08:12:25.957+0000] {scraper.py:34} INFO - Scraped data from URL: https://www.prothomalo.com/sports/cricket/6rppvqm7e5
[2023-09-30T08:12:25.961+0000] {logging_mixin.py:151} WARNING - Scraping Progress:  90%|######### | 9/10 [00:24<00:02,  2.79s/it]
[2023-09-30T08:12:28.914+0000] {scraper.py:34} INFO - Scraped data from URL: https://www.prothomalo.com/photo/bangladesh/yfes724p8r
[2023-09-30T08:12:28.917+0000] {logging_mixin.py:151} WARNING - Scraping Progress: 100%|##########| 10/10 [00:27<00:00,  2.84s/it]
[2023-09-30T08:12:28.918+0000] {logging_mixin.py:151} WARNING - Scraping Progress: 100%|##########| 10/10 [00:27<00:00,  2.73s/it]
[2023-09-30T08:12:28.928+0000] {helper.py:50} INFO - Data is scraped and saved as a CSV file.
[2023-09-30T08:12:28.928+0000] {python.py:194} INFO - Done. Returned value was: None
[2023-09-30T08:12:28.936+0000] {taskinstance.py:1398} INFO - Marking task as SUCCESS. dag_id=ETL_Pipeline, task_id=transform_data, execution_date=20230929T230000, start_date=20230930T081201, end_date=20230930T081228
[2023-09-30T08:12:28.993+0000] {local_task_job_runner.py:228} INFO - Task exited with return code 0
[2023-09-30T08:12:29.018+0000] {taskinstance.py:2776} INFO - 1 downstream tasks scheduled from follow-on schedule check
