[2023-08-01T14:23:41.486+0000] {taskinstance.py:1103} INFO - Dependencies all met for dep_context=non-requeueable deps ti=<TaskInstance: ETL_Pipeline.transform_data scheduled__2023-08-01T14:22:00+00:00 [queued]>
[2023-08-01T14:23:41.493+0000] {taskinstance.py:1103} INFO - Dependencies all met for dep_context=requeueable deps ti=<TaskInstance: ETL_Pipeline.transform_data scheduled__2023-08-01T14:22:00+00:00 [queued]>
[2023-08-01T14:23:41.494+0000] {taskinstance.py:1308} INFO - Starting attempt 1 of 2
[2023-08-01T14:23:41.506+0000] {taskinstance.py:1327} INFO - Executing <Task(PythonOperator): transform_data> on 2023-08-01 14:22:00+00:00
[2023-08-01T14:23:41.513+0000] {standard_task_runner.py:57} INFO - Started process 953 to run task
[2023-08-01T14:23:41.515+0000] {standard_task_runner.py:84} INFO - Running: ['***', 'tasks', 'run', 'ETL_Pipeline', 'transform_data', 'scheduled__2023-08-01T14:22:00+00:00', '--job-id', '4780', '--raw', '--subdir', 'DAGS_FOLDER/my_first_dag.py', '--cfg-path', '/tmp/tmpmqmz7xf9']
[2023-08-01T14:23:41.517+0000] {standard_task_runner.py:85} INFO - Job 4780: Subtask transform_data
[2023-08-01T14:23:41.555+0000] {task_command.py:410} INFO - Running <TaskInstance: ETL_Pipeline.transform_data scheduled__2023-08-01T14:22:00+00:00 [running]> on host 794dc2638f7c
[2023-08-01T14:23:41.657+0000] {taskinstance.py:1547} INFO - Exporting env vars: AIRFLOW_CTX_DAG_OWNER='***' AIRFLOW_CTX_DAG_ID='ETL_Pipeline' AIRFLOW_CTX_TASK_ID='transform_data' AIRFLOW_CTX_EXECUTION_DATE='2023-08-01T14:22:00+00:00' AIRFLOW_CTX_TRY_NUMBER='1' AIRFLOW_CTX_DAG_RUN_ID='scheduled__2023-08-01T14:22:00+00:00'
[2023-08-01T14:23:41.662+0000] {logging_mixin.py:150} WARNING - Scraping Progress:   0%|          | 0/10 [00:00<?, ?it/s]
[2023-08-01T14:23:46.586+0000] {logging_mixin.py:150} WARNING - Scraping Progress:  10%|#         | 1/10 [00:04<00:44,  4.92s/it]
[2023-08-01T14:23:47.241+0000] {logging_mixin.py:150} WARNING - Scraping Progress:  20%|##        | 2/10 [00:05<00:19,  2.41s/it]
[2023-08-01T14:23:47.529+0000] {logging_mixin.py:150} WARNING - Scraping Progress:  30%|###       | 3/10 [00:05<00:10,  1.44s/it]
[2023-08-01T14:23:47.753+0000] {logging_mixin.py:150} WARNING - Scraping Progress:  40%|####      | 4/10 [00:06<00:05,  1.04it/s]
[2023-08-01T14:23:51.622+0000] {logging_mixin.py:150} WARNING - Scraping Progress:  50%|#####     | 5/10 [00:09<00:10,  2.01s/it]
[2023-08-01T14:23:51.952+0000] {logging_mixin.py:150} WARNING - Scraping Progress:  60%|######    | 6/10 [00:10<00:05,  1.44s/it]
[2023-08-01T14:23:53.250+0000] {logging_mixin.py:150} WARNING - Scraping Progress:  70%|#######   | 7/10 [00:11<00:04,  1.39s/it]
[2023-08-01T14:23:53.458+0000] {logging_mixin.py:150} WARNING - Scraping Progress:  80%|########  | 8/10 [00:11<00:02,  1.02s/it]
[2023-08-01T14:23:54.984+0000] {logging_mixin.py:150} WARNING - Scraping Progress:  90%|######### | 9/10 [00:13<00:01,  1.18s/it]
[2023-08-01T14:23:56.169+0000] {logging_mixin.py:150} WARNING - Scraping Progress: 100%|##########| 10/10 [00:14<00:00,  1.18s/it]
[2023-08-01T14:23:56.169+0000] {logging_mixin.py:150} WARNING - Scraping Progress: 100%|##########| 10/10 [00:14<00:00,  1.45s/it]
[2023-08-01T14:23:56.173+0000] {my_first_dag.py:45} INFO - Data is scraped and saved as a CSV file.
[2023-08-01T14:23:56.173+0000] {python.py:183} INFO - Done. Returned value was: dags/data/scraped_data.csv
[2023-08-01T14:23:56.193+0000] {taskinstance.py:1350} INFO - Marking task as SUCCESS. dag_id=ETL_Pipeline, task_id=transform_data, execution_date=20230801T142200, start_date=20230801T142341, end_date=20230801T142356
[2023-08-01T14:23:56.224+0000] {local_task_job_runner.py:225} INFO - Task exited with return code 0
[2023-08-01T14:23:56.250+0000] {taskinstance.py:2653} INFO - 1 downstream tasks scheduled from follow-on schedule check
