[2023-08-07T10:00:02.410+0000] {taskinstance.py:1103} INFO - Dependencies all met for dep_context=non-requeueable deps ti=<TaskInstance: ETL_Pipeline.transform_data scheduled__2023-08-07T09:00:00+00:00 [queued]>
[2023-08-07T10:00:02.417+0000] {taskinstance.py:1103} INFO - Dependencies all met for dep_context=requeueable deps ti=<TaskInstance: ETL_Pipeline.transform_data scheduled__2023-08-07T09:00:00+00:00 [queued]>
[2023-08-07T10:00:02.417+0000] {taskinstance.py:1308} INFO - Starting attempt 1 of 2
[2023-08-07T10:00:02.429+0000] {taskinstance.py:1327} INFO - Executing <Task(PythonOperator): transform_data> on 2023-08-07 09:00:00+00:00
[2023-08-07T10:00:02.435+0000] {standard_task_runner.py:57} INFO - Started process 2750 to run task
[2023-08-07T10:00:02.437+0000] {standard_task_runner.py:84} INFO - Running: ['***', 'tasks', 'run', 'ETL_Pipeline', 'transform_data', 'scheduled__2023-08-07T09:00:00+00:00', '--job-id', '5003', '--raw', '--subdir', 'DAGS_FOLDER/my_first_dag.py', '--cfg-path', '/tmp/tmpuvucis63']
[2023-08-07T10:00:02.439+0000] {standard_task_runner.py:85} INFO - Job 5003: Subtask transform_data
[2023-08-07T10:00:02.471+0000] {task_command.py:410} INFO - Running <TaskInstance: ETL_Pipeline.transform_data scheduled__2023-08-07T09:00:00+00:00 [running]> on host 48849dae508a
[2023-08-07T10:00:02.548+0000] {taskinstance.py:1547} INFO - Exporting env vars: AIRFLOW_CTX_DAG_OWNER='***' AIRFLOW_CTX_DAG_ID='ETL_Pipeline' AIRFLOW_CTX_TASK_ID='transform_data' AIRFLOW_CTX_EXECUTION_DATE='2023-08-07T09:00:00+00:00' AIRFLOW_CTX_TRY_NUMBER='1' AIRFLOW_CTX_DAG_RUN_ID='scheduled__2023-08-07T09:00:00+00:00'
[2023-08-07T10:00:02.552+0000] {logging_mixin.py:150} WARNING - Scraping Progress:   0%|          | 0/10 [00:00<?, ?it/s]
[2023-08-07T10:00:03.781+0000] {logging_mixin.py:150} WARNING - Scraping Progress:  10%|#         | 1/10 [00:01<00:11,  1.23s/it]
[2023-08-07T10:00:05.365+0000] {logging_mixin.py:150} WARNING - Scraping Progress:  20%|##        | 2/10 [00:02<00:11,  1.44s/it]
[2023-08-07T10:00:06.662+0000] {logging_mixin.py:150} WARNING - Scraping Progress:  30%|###       | 3/10 [00:04<00:09,  1.37s/it]
[2023-08-07T10:00:09.617+0000] {logging_mixin.py:150} WARNING - Scraping Progress:  40%|####      | 4/10 [00:07<00:11,  2.00s/it]
[2023-08-07T10:00:10.327+0000] {logging_mixin.py:150} WARNING - Scraping Progress:  50%|#####     | 5/10 [00:07<00:07,  1.53s/it]
[2023-08-07T10:00:11.370+0000] {logging_mixin.py:150} WARNING - Scraping Progress:  60%|######    | 6/10 [00:08<00:05,  1.37s/it]
[2023-08-07T10:00:12.098+0000] {logging_mixin.py:150} WARNING - Scraping Progress:  70%|#######   | 7/10 [00:09<00:03,  1.16s/it]
[2023-08-07T10:00:13.153+0000] {logging_mixin.py:150} WARNING - Scraping Progress:  80%|########  | 8/10 [00:10<00:02,  1.13s/it]
[2023-08-07T10:00:14.391+0000] {logging_mixin.py:150} WARNING - Scraping Progress:  90%|######### | 9/10 [00:11<00:01,  1.16s/it]
[2023-08-07T10:00:16.741+0000] {logging_mixin.py:150} WARNING - Scraping Progress: 100%|##########| 10/10 [00:14<00:00,  1.53s/it]
[2023-08-07T10:00:16.741+0000] {logging_mixin.py:150} WARNING - Scraping Progress: 100%|##########| 10/10 [00:14<00:00,  1.42s/it]
[2023-08-07T10:00:16.744+0000] {my_first_dag.py:45} INFO - Data is scraped and saved as a CSV file.
[2023-08-07T10:00:16.744+0000] {python.py:183} INFO - Done. Returned value was: dags/data/scraped_data.csv
[2023-08-07T10:00:16.761+0000] {taskinstance.py:1350} INFO - Marking task as SUCCESS. dag_id=ETL_Pipeline, task_id=transform_data, execution_date=20230807T090000, start_date=20230807T100002, end_date=20230807T100016
[2023-08-07T10:00:16.783+0000] {local_task_job_runner.py:225} INFO - Task exited with return code 0
[2023-08-07T10:00:16.809+0000] {taskinstance.py:2653} INFO - 1 downstream tasks scheduled from follow-on schedule check
