[2023-12-09T19:10:02.539+0000] {taskinstance.py:1159} INFO - Dependencies all met for dep_context=non-requeueable deps ti=<TaskInstance: ETL_Pipeline.extract_prothomalo scheduled__2023-12-09T19:00:00+00:00 [queued]>
[2023-12-09T19:10:02.561+0000] {taskinstance.py:1159} INFO - Dependencies all met for dep_context=requeueable deps ti=<TaskInstance: ETL_Pipeline.extract_prothomalo scheduled__2023-12-09T19:00:00+00:00 [queued]>
[2023-12-09T19:10:02.561+0000] {taskinstance.py:1361} INFO - Starting attempt 1 of 2
[2023-12-09T19:10:02.581+0000] {taskinstance.py:1382} INFO - Executing <Task(PythonOperator): extract_prothomalo> on 2023-12-09 19:00:00+00:00
[2023-12-09T19:10:02.598+0000] {standard_task_runner.py:57} INFO - Started process 337 to run task
[2023-12-09T19:10:02.607+0000] {standard_task_runner.py:84} INFO - Running: ['***', 'tasks', 'run', 'ETL_Pipeline', 'extract_prothomalo', 'scheduled__2023-12-09T19:00:00+00:00', '--job-id', '615', '--raw', '--subdir', 'DAGS_FOLDER/ETL_Pipeline.py', '--cfg-path', '/tmp/tmpwkueovzq']
[2023-12-09T19:10:02.611+0000] {standard_task_runner.py:85} INFO - Job 615: Subtask extract_prothomalo
[2023-12-09T19:10:02.698+0000] {task_command.py:416} INFO - Running <TaskInstance: ETL_Pipeline.extract_prothomalo scheduled__2023-12-09T19:00:00+00:00 [running]> on host 6d2d80bfb03e
[2023-12-09T19:10:02.834+0000] {taskinstance.py:1662} INFO - Exporting env vars: AIRFLOW_CTX_DAG_OWNER='***' AIRFLOW_CTX_DAG_ID='ETL_Pipeline' AIRFLOW_CTX_TASK_ID='extract_prothomalo' AIRFLOW_CTX_EXECUTION_DATE='2023-12-09T19:00:00+00:00' AIRFLOW_CTX_TRY_NUMBER='1' AIRFLOW_CTX_DAG_RUN_ID='scheduled__2023-12-09T19:00:00+00:00'
[2023-12-09T19:10:03.247+0000] {extract.py:39} INFO - Extracted URLs from Prothom Alo. Total URLs: 233
[2023-12-09T19:10:03.247+0000] {python.py:194} INFO - Done. Returned value was: None
[2023-12-09T19:10:03.256+0000] {taskinstance.py:1400} INFO - Marking task as SUCCESS. dag_id=ETL_Pipeline, task_id=extract_prothomalo, execution_date=20231209T190000, start_date=20231209T191002, end_date=20231209T191003
[2023-12-09T19:10:03.305+0000] {local_task_job_runner.py:228} INFO - Task exited with return code 0
[2023-12-09T19:10:03.330+0000] {taskinstance.py:2778} INFO - 0 downstream tasks scheduled from follow-on schedule check
[2023-12-09T19:16:36.005+0000] {taskinstance.py:1159} INFO - Dependencies all met for dep_context=non-requeueable deps ti=<TaskInstance: ETL_Pipeline.extract_prothomalo scheduled__2023-12-09T19:00:00+00:00 [queued]>
[2023-12-09T19:16:36.021+0000] {taskinstance.py:1159} INFO - Dependencies all met for dep_context=requeueable deps ti=<TaskInstance: ETL_Pipeline.extract_prothomalo scheduled__2023-12-09T19:00:00+00:00 [queued]>
[2023-12-09T19:16:36.021+0000] {taskinstance.py:1361} INFO - Starting attempt 1 of 2
[2023-12-09T19:16:36.041+0000] {taskinstance.py:1382} INFO - Executing <Task(PythonOperator): extract_prothomalo> on 2023-12-09 19:00:00+00:00
[2023-12-09T19:16:36.050+0000] {standard_task_runner.py:57} INFO - Started process 460 to run task
[2023-12-09T19:16:36.056+0000] {standard_task_runner.py:84} INFO - Running: ['***', 'tasks', 'run', 'ETL_Pipeline', 'extract_prothomalo', 'scheduled__2023-12-09T19:00:00+00:00', '--job-id', '624', '--raw', '--subdir', 'DAGS_FOLDER/ETL_Pipeline.py', '--cfg-path', '/tmp/tmp9jjgrkfh']
[2023-12-09T19:16:36.059+0000] {standard_task_runner.py:85} INFO - Job 624: Subtask extract_prothomalo
[2023-12-09T19:16:36.122+0000] {task_command.py:416} INFO - Running <TaskInstance: ETL_Pipeline.extract_prothomalo scheduled__2023-12-09T19:00:00+00:00 [running]> on host 6d2d80bfb03e
[2023-12-09T19:16:36.236+0000] {taskinstance.py:1662} INFO - Exporting env vars: AIRFLOW_CTX_DAG_OWNER='***' AIRFLOW_CTX_DAG_ID='ETL_Pipeline' AIRFLOW_CTX_TASK_ID='extract_prothomalo' AIRFLOW_CTX_EXECUTION_DATE='2023-12-09T19:00:00+00:00' AIRFLOW_CTX_TRY_NUMBER='1' AIRFLOW_CTX_DAG_RUN_ID='scheduled__2023-12-09T19:00:00+00:00'
[2023-12-09T19:16:36.669+0000] {extract.py:39} INFO - Extracted URLs from Prothom Alo. Total URLs: 233
[2023-12-09T19:16:36.669+0000] {python.py:194} INFO - Done. Returned value was: None
[2023-12-09T19:16:36.679+0000] {taskinstance.py:1400} INFO - Marking task as SUCCESS. dag_id=ETL_Pipeline, task_id=extract_prothomalo, execution_date=20231209T190000, start_date=20231209T191636, end_date=20231209T191636
[2023-12-09T19:16:36.712+0000] {local_task_job_runner.py:228} INFO - Task exited with return code 0
[2023-12-09T19:16:36.733+0000] {taskinstance.py:2778} INFO - 0 downstream tasks scheduled from follow-on schedule check
