[2023-08-03T15:00:02.781+0000] {taskinstance.py:1103} INFO - Dependencies all met for dep_context=non-requeueable deps ti=<TaskInstance: ETL_Pipeline.transform_data scheduled__2023-08-03T14:00:00+00:00 [queued]>
[2023-08-03T15:00:02.792+0000] {taskinstance.py:1103} INFO - Dependencies all met for dep_context=requeueable deps ti=<TaskInstance: ETL_Pipeline.transform_data scheduled__2023-08-03T14:00:00+00:00 [queued]>
[2023-08-03T15:00:02.792+0000] {taskinstance.py:1308} INFO - Starting attempt 1 of 2
[2023-08-03T15:00:02.810+0000] {taskinstance.py:1327} INFO - Executing <Task(PythonOperator): transform_data> on 2023-08-03 14:00:00+00:00
[2023-08-03T15:00:02.818+0000] {standard_task_runner.py:57} INFO - Started process 7254 to run task
[2023-08-03T15:00:02.820+0000] {standard_task_runner.py:84} INFO - Running: ['***', 'tasks', 'run', 'ETL_Pipeline', 'transform_data', 'scheduled__2023-08-03T14:00:00+00:00', '--job-id', '4863', '--raw', '--subdir', 'DAGS_FOLDER/my_first_dag.py', '--cfg-path', '/tmp/tmp5ark6_1w']
[2023-08-03T15:00:02.821+0000] {standard_task_runner.py:85} INFO - Job 4863: Subtask transform_data
[2023-08-03T15:00:02.860+0000] {task_command.py:410} INFO - Running <TaskInstance: ETL_Pipeline.transform_data scheduled__2023-08-03T14:00:00+00:00 [running]> on host 794dc2638f7c
[2023-08-03T15:00:02.964+0000] {taskinstance.py:1547} INFO - Exporting env vars: AIRFLOW_CTX_DAG_OWNER='***' AIRFLOW_CTX_DAG_ID='ETL_Pipeline' AIRFLOW_CTX_TASK_ID='transform_data' AIRFLOW_CTX_EXECUTION_DATE='2023-08-03T14:00:00+00:00' AIRFLOW_CTX_TRY_NUMBER='1' AIRFLOW_CTX_DAG_RUN_ID='scheduled__2023-08-03T14:00:00+00:00'
[2023-08-03T15:00:02.969+0000] {logging_mixin.py:150} WARNING - Scraping Progress:   0%|          | 0/10 [00:00<?, ?it/s]
[2023-08-03T15:00:04.521+0000] {logging_mixin.py:150} WARNING - Scraping Progress:  10%|#         | 1/10 [00:01<00:13,  1.55s/it]
[2023-08-03T15:00:05.803+0000] {logging_mixin.py:150} WARNING - Scraping Progress:  20%|##        | 2/10 [00:02<00:11,  1.39s/it]
[2023-08-03T15:00:08.185+0000] {logging_mixin.py:150} WARNING - Scraping Progress:  30%|###       | 3/10 [00:05<00:12,  1.84s/it]
[2023-08-03T15:00:13.588+0000] {logging_mixin.py:150} WARNING - Scraping Progress:  40%|####      | 4/10 [00:10<00:19,  3.25s/it]
[2023-08-03T15:00:15.630+0000] {logging_mixin.py:150} WARNING - Scraping Progress:  50%|#####     | 5/10 [00:12<00:14,  2.81s/it]
[2023-08-03T15:00:17.212+0000] {logging_mixin.py:150} WARNING - Scraping Progress:  60%|######    | 6/10 [00:14<00:09,  2.40s/it]
[2023-08-03T15:00:17.991+0000] {logging_mixin.py:150} WARNING - Scraping Progress:  70%|#######   | 7/10 [00:15<00:05,  1.87s/it]
[2023-08-03T15:00:18.901+0000] {logging_mixin.py:150} WARNING - Scraping Progress:  80%|########  | 8/10 [00:15<00:03,  1.56s/it]
[2023-08-03T15:00:19.854+0000] {logging_mixin.py:150} WARNING - Scraping Progress:  90%|######### | 9/10 [00:16<00:01,  1.37s/it]
[2023-08-03T15:00:21.807+0000] {logging_mixin.py:150} WARNING - Scraping Progress: 100%|##########| 10/10 [00:18<00:00,  1.55s/it]
[2023-08-03T15:00:21.807+0000] {logging_mixin.py:150} WARNING - Scraping Progress: 100%|##########| 10/10 [00:18<00:00,  1.88s/it]
[2023-08-03T15:00:21.810+0000] {my_first_dag.py:45} INFO - Data is scraped and saved as a CSV file.
[2023-08-03T15:00:21.811+0000] {python.py:183} INFO - Done. Returned value was: dags/data/scraped_data.csv
[2023-08-03T15:00:21.828+0000] {taskinstance.py:1350} INFO - Marking task as SUCCESS. dag_id=ETL_Pipeline, task_id=transform_data, execution_date=20230803T140000, start_date=20230803T150002, end_date=20230803T150021
[2023-08-03T15:00:21.882+0000] {local_task_job_runner.py:225} INFO - Task exited with return code 0
[2023-08-03T15:00:21.915+0000] {taskinstance.py:2653} INFO - 1 downstream tasks scheduled from follow-on schedule check
