[2023-09-29T23:14:17.217+0000] {taskinstance.py:1157} INFO - Dependencies all met for dep_context=non-requeueable deps ti=<TaskInstance: ETL_Pipeline.extract_prothomalo scheduled__2023-09-29T22:00:00+00:00 [queued]>
[2023-09-29T23:14:17.227+0000] {taskinstance.py:1157} INFO - Dependencies all met for dep_context=requeueable deps ti=<TaskInstance: ETL_Pipeline.extract_prothomalo scheduled__2023-09-29T22:00:00+00:00 [queued]>
[2023-09-29T23:14:17.228+0000] {taskinstance.py:1359} INFO - Starting attempt 1 of 2
[2023-09-29T23:14:17.252+0000] {taskinstance.py:1380} INFO - Executing <Task(PythonOperator): extract_prothomalo> on 2023-09-29 22:00:00+00:00
[2023-09-29T23:14:17.259+0000] {standard_task_runner.py:57} INFO - Started process 62 to run task
[2023-09-29T23:14:17.268+0000] {standard_task_runner.py:84} INFO - Running: ['***', 'tasks', 'run', 'ETL_Pipeline', 'extract_prothomalo', 'scheduled__2023-09-29T22:00:00+00:00', '--job-id', '5', '--raw', '--subdir', 'DAGS_FOLDER/news_aggregator_dag.py', '--cfg-path', '/tmp/tmpcj6mk0ru']
[2023-09-29T23:14:17.271+0000] {standard_task_runner.py:85} INFO - Job 5: Subtask extract_prothomalo
[2023-09-29T23:14:17.338+0000] {task_command.py:415} INFO - Running <TaskInstance: ETL_Pipeline.extract_prothomalo scheduled__2023-09-29T22:00:00+00:00 [running]> on host 5815fcc71aa0
[2023-09-29T23:14:17.427+0000] {taskinstance.py:1660} INFO - Exporting env vars: AIRFLOW_CTX_DAG_OWNER='***' AIRFLOW_CTX_DAG_ID='ETL_Pipeline' AIRFLOW_CTX_TASK_ID='extract_prothomalo' AIRFLOW_CTX_EXECUTION_DATE='2023-09-29T22:00:00+00:00' AIRFLOW_CTX_TRY_NUMBER='1' AIRFLOW_CTX_DAG_RUN_ID='scheduled__2023-09-29T22:00:00+00:00'
[2023-09-29T23:14:17.870+0000] {extract.py:39} INFO - Extracted URLs from Prothom Alo. Total URLs: 256
[2023-09-29T23:14:17.871+0000] {python.py:194} INFO - Done. Returned value was: None
[2023-09-29T23:14:17.877+0000] {taskinstance.py:1398} INFO - Marking task as SUCCESS. dag_id=ETL_Pipeline, task_id=extract_prothomalo, execution_date=20230929T220000, start_date=20230929T231417, end_date=20230929T231417
[2023-09-29T23:14:17.923+0000] {local_task_job_runner.py:228} INFO - Task exited with return code 0
[2023-09-29T23:14:17.943+0000] {taskinstance.py:2776} INFO - 0 downstream tasks scheduled from follow-on schedule check
[2023-09-29T23:21:32.825+0000] {taskinstance.py:1157} INFO - Dependencies all met for dep_context=non-requeueable deps ti=<TaskInstance: ETL_Pipeline.extract_prothomalo scheduled__2023-09-29T22:00:00+00:00 [queued]>
[2023-09-29T23:21:32.846+0000] {taskinstance.py:1157} INFO - Dependencies all met for dep_context=requeueable deps ti=<TaskInstance: ETL_Pipeline.extract_prothomalo scheduled__2023-09-29T22:00:00+00:00 [queued]>
[2023-09-29T23:21:32.847+0000] {taskinstance.py:1359} INFO - Starting attempt 1 of 2
[2023-09-29T23:21:32.889+0000] {taskinstance.py:1380} INFO - Executing <Task(PythonOperator): extract_prothomalo> on 2023-09-29 22:00:00+00:00
[2023-09-29T23:21:32.903+0000] {standard_task_runner.py:57} INFO - Started process 196 to run task
[2023-09-29T23:21:32.909+0000] {standard_task_runner.py:84} INFO - Running: ['***', 'tasks', 'run', 'ETL_Pipeline', 'extract_prothomalo', 'scheduled__2023-09-29T22:00:00+00:00', '--job-id', '13', '--raw', '--subdir', 'DAGS_FOLDER/news_aggregator_dag.py', '--cfg-path', '/tmp/tmpir3t3ug6']
[2023-09-29T23:21:32.912+0000] {standard_task_runner.py:85} INFO - Job 13: Subtask extract_prothomalo
[2023-09-29T23:21:32.969+0000] {task_command.py:415} INFO - Running <TaskInstance: ETL_Pipeline.extract_prothomalo scheduled__2023-09-29T22:00:00+00:00 [running]> on host 5815fcc71aa0
[2023-09-29T23:21:33.044+0000] {taskinstance.py:1660} INFO - Exporting env vars: AIRFLOW_CTX_DAG_OWNER='***' AIRFLOW_CTX_DAG_ID='ETL_Pipeline' AIRFLOW_CTX_TASK_ID='extract_prothomalo' AIRFLOW_CTX_EXECUTION_DATE='2023-09-29T22:00:00+00:00' AIRFLOW_CTX_TRY_NUMBER='1' AIRFLOW_CTX_DAG_RUN_ID='scheduled__2023-09-29T22:00:00+00:00'
[2023-09-29T23:21:33.657+0000] {extract.py:39} INFO - Extracted URLs from Prothom Alo. Total URLs: 256
[2023-09-29T23:21:33.658+0000] {python.py:194} INFO - Done. Returned value was: None
[2023-09-29T23:21:33.666+0000] {taskinstance.py:1398} INFO - Marking task as SUCCESS. dag_id=ETL_Pipeline, task_id=extract_prothomalo, execution_date=20230929T220000, start_date=20230929T232132, end_date=20230929T232133
[2023-09-29T23:21:33.688+0000] {local_task_job_runner.py:228} INFO - Task exited with return code 0
[2023-09-29T23:21:33.713+0000] {taskinstance.py:2776} INFO - 0 downstream tasks scheduled from follow-on schedule check
[2023-09-29T23:25:20.142+0000] {taskinstance.py:1157} INFO - Dependencies all met for dep_context=non-requeueable deps ti=<TaskInstance: ETL_Pipeline.extract_prothomalo scheduled__2023-09-29T22:00:00+00:00 [queued]>
[2023-09-29T23:25:20.169+0000] {taskinstance.py:1157} INFO - Dependencies all met for dep_context=requeueable deps ti=<TaskInstance: ETL_Pipeline.extract_prothomalo scheduled__2023-09-29T22:00:00+00:00 [queued]>
[2023-09-29T23:25:20.170+0000] {taskinstance.py:1359} INFO - Starting attempt 1 of 2
[2023-09-29T23:25:20.193+0000] {taskinstance.py:1380} INFO - Executing <Task(PythonOperator): extract_prothomalo> on 2023-09-29 22:00:00+00:00
[2023-09-29T23:25:20.219+0000] {standard_task_runner.py:57} INFO - Started process 270 to run task
[2023-09-29T23:25:20.228+0000] {standard_task_runner.py:84} INFO - Running: ['***', 'tasks', 'run', 'ETL_Pipeline', 'extract_prothomalo', 'scheduled__2023-09-29T22:00:00+00:00', '--job-id', '18', '--raw', '--subdir', 'DAGS_FOLDER/news_aggregator_dag.py', '--cfg-path', '/tmp/tmp1a4rjqju']
[2023-09-29T23:25:20.236+0000] {standard_task_runner.py:85} INFO - Job 18: Subtask extract_prothomalo
[2023-09-29T23:25:20.377+0000] {task_command.py:415} INFO - Running <TaskInstance: ETL_Pipeline.extract_prothomalo scheduled__2023-09-29T22:00:00+00:00 [running]> on host 5815fcc71aa0
[2023-09-29T23:25:20.485+0000] {taskinstance.py:1660} INFO - Exporting env vars: AIRFLOW_CTX_DAG_OWNER='***' AIRFLOW_CTX_DAG_ID='ETL_Pipeline' AIRFLOW_CTX_TASK_ID='extract_prothomalo' AIRFLOW_CTX_EXECUTION_DATE='2023-09-29T22:00:00+00:00' AIRFLOW_CTX_TRY_NUMBER='1' AIRFLOW_CTX_DAG_RUN_ID='scheduled__2023-09-29T22:00:00+00:00'
[2023-09-29T23:25:21.376+0000] {extract.py:39} INFO - Extracted URLs from Prothom Alo. Total URLs: 256
[2023-09-29T23:25:21.377+0000] {python.py:194} INFO - Done. Returned value was: None
[2023-09-29T23:25:21.388+0000] {taskinstance.py:1398} INFO - Marking task as SUCCESS. dag_id=ETL_Pipeline, task_id=extract_prothomalo, execution_date=20230929T220000, start_date=20230929T232520, end_date=20230929T232521
[2023-09-29T23:25:21.414+0000] {local_task_job_runner.py:228} INFO - Task exited with return code 0
[2023-09-29T23:25:21.437+0000] {taskinstance.py:2776} INFO - 0 downstream tasks scheduled from follow-on schedule check
