[2023-08-01T15:00:03.257+0000] {taskinstance.py:1103} INFO - Dependencies all met for dep_context=non-requeueable deps ti=<TaskInstance: ETL_Pipeline.transform_data scheduled__2023-08-01T14:00:00+00:00 [queued]>
[2023-08-01T15:00:03.264+0000] {taskinstance.py:1103} INFO - Dependencies all met for dep_context=requeueable deps ti=<TaskInstance: ETL_Pipeline.transform_data scheduled__2023-08-01T14:00:00+00:00 [queued]>
[2023-08-01T15:00:03.264+0000] {taskinstance.py:1308} INFO - Starting attempt 1 of 2
[2023-08-01T15:00:03.276+0000] {taskinstance.py:1327} INFO - Executing <Task(PythonOperator): transform_data> on 2023-08-01 14:00:00+00:00
[2023-08-01T15:00:03.282+0000] {standard_task_runner.py:57} INFO - Started process 1695 to run task
[2023-08-01T15:00:03.284+0000] {standard_task_runner.py:84} INFO - Running: ['***', 'tasks', 'run', 'ETL_Pipeline', 'transform_data', 'scheduled__2023-08-01T14:00:00+00:00', '--job-id', '4812', '--raw', '--subdir', 'DAGS_FOLDER/my_first_dag.py', '--cfg-path', '/tmp/tmpfzu7ek08']
[2023-08-01T15:00:03.286+0000] {standard_task_runner.py:85} INFO - Job 4812: Subtask transform_data
[2023-08-01T15:00:03.319+0000] {task_command.py:410} INFO - Running <TaskInstance: ETL_Pipeline.transform_data scheduled__2023-08-01T14:00:00+00:00 [running]> on host 794dc2638f7c
[2023-08-01T15:00:03.390+0000] {taskinstance.py:1547} INFO - Exporting env vars: AIRFLOW_CTX_DAG_OWNER='***' AIRFLOW_CTX_DAG_ID='ETL_Pipeline' AIRFLOW_CTX_TASK_ID='transform_data' AIRFLOW_CTX_EXECUTION_DATE='2023-08-01T14:00:00+00:00' AIRFLOW_CTX_TRY_NUMBER='1' AIRFLOW_CTX_DAG_RUN_ID='scheduled__2023-08-01T14:00:00+00:00'
[2023-08-01T15:00:03.394+0000] {logging_mixin.py:150} WARNING - Scraping Progress:   0%|          | 0/10 [00:00<?, ?it/s]
[2023-08-01T15:00:04.863+0000] {logging_mixin.py:150} WARNING - Scraping Progress:  10%|#         | 1/10 [00:01<00:13,  1.47s/it]
[2023-08-01T15:00:06.329+0000] {logging_mixin.py:150} WARNING - Scraping Progress:  20%|##        | 2/10 [00:02<00:11,  1.47s/it]
[2023-08-01T15:00:09.101+0000] {logging_mixin.py:150} WARNING - Scraping Progress:  30%|###       | 3/10 [00:05<00:14,  2.06s/it]
[2023-08-01T15:00:09.499+0000] {logging_mixin.py:150} WARNING - Scraping Progress:  40%|####      | 4/10 [00:06<00:08,  1.41s/it]
[2023-08-01T15:00:10.102+0000] {logging_mixin.py:150} WARNING - Scraping Progress:  50%|#####     | 5/10 [00:06<00:05,  1.12s/it]
[2023-08-01T15:00:12.045+0000] {logging_mixin.py:150} WARNING - Scraping Progress:  60%|######    | 6/10 [00:08<00:05,  1.40s/it]
[2023-08-01T15:00:13.337+0000] {logging_mixin.py:150} WARNING - Scraping Progress:  70%|#######   | 7/10 [00:09<00:04,  1.36s/it]
[2023-08-01T15:00:16.203+0000] {logging_mixin.py:150} WARNING - Scraping Progress:  80%|########  | 8/10 [00:12<00:03,  1.84s/it]
[2023-08-01T15:00:27.597+0000] {logging_mixin.py:150} WARNING - Scraping Progress:  90%|######### | 9/10 [00:24<00:04,  4.83s/it]
[2023-08-01T15:00:28.720+0000] {logging_mixin.py:150} WARNING - Scraping Progress: 100%|##########| 10/10 [00:25<00:00,  3.68s/it]
[2023-08-01T15:00:28.720+0000] {logging_mixin.py:150} WARNING - Scraping Progress: 100%|##########| 10/10 [00:25<00:00,  2.53s/it]
[2023-08-01T15:00:28.723+0000] {my_first_dag.py:45} INFO - Data is scraped and saved as a CSV file.
[2023-08-01T15:00:28.723+0000] {python.py:183} INFO - Done. Returned value was: dags/data/scraped_data.csv
[2023-08-01T15:00:28.740+0000] {taskinstance.py:1350} INFO - Marking task as SUCCESS. dag_id=ETL_Pipeline, task_id=transform_data, execution_date=20230801T140000, start_date=20230801T150003, end_date=20230801T150028
[2023-08-01T15:00:28.796+0000] {local_task_job_runner.py:225} INFO - Task exited with return code 0
[2023-08-01T15:00:28.818+0000] {taskinstance.py:2653} INFO - 0 downstream tasks scheduled from follow-on schedule check
