[2023-09-16T10:04:03.848+0000] {taskinstance.py:1157} INFO - Dependencies all met for dep_context=non-requeueable deps ti=<TaskInstance: ETL_Pipeline.transform_data scheduled__2023-09-16T09:00:00+00:00 [queued]>
[2023-09-16T10:04:03.855+0000] {taskinstance.py:1157} INFO - Dependencies all met for dep_context=requeueable deps ti=<TaskInstance: ETL_Pipeline.transform_data scheduled__2023-09-16T09:00:00+00:00 [queued]>
[2023-09-16T10:04:03.855+0000] {taskinstance.py:1359} INFO - Starting attempt 1 of 2
[2023-09-16T10:04:03.866+0000] {taskinstance.py:1380} INFO - Executing <Task(PythonOperator): transform_data> on 2023-09-16 09:00:00+00:00
[2023-09-16T10:04:03.872+0000] {standard_task_runner.py:57} INFO - Started process 53 to run task
[2023-09-16T10:04:03.874+0000] {standard_task_runner.py:84} INFO - Running: ['***', 'tasks', 'run', 'ETL_Pipeline', 'transform_data', 'scheduled__2023-09-16T09:00:00+00:00', '--job-id', '5053', '--raw', '--subdir', 'DAGS_FOLDER/my_first_dag.py', '--cfg-path', '/tmp/tmpxk0v8pge']
[2023-09-16T10:04:03.879+0000] {standard_task_runner.py:85} INFO - Job 5053: Subtask transform_data
[2023-09-16T10:04:03.928+0000] {task_command.py:415} INFO - Running <TaskInstance: ETL_Pipeline.transform_data scheduled__2023-09-16T09:00:00+00:00 [running]> on host 9a0e91f9bdaa
[2023-09-16T10:04:04.015+0000] {taskinstance.py:1660} INFO - Exporting env vars: AIRFLOW_CTX_DAG_OWNER='***' AIRFLOW_CTX_DAG_ID='ETL_Pipeline' AIRFLOW_CTX_TASK_ID='transform_data' AIRFLOW_CTX_EXECUTION_DATE='2023-09-16T09:00:00+00:00' AIRFLOW_CTX_TRY_NUMBER='1' AIRFLOW_CTX_DAG_RUN_ID='scheduled__2023-09-16T09:00:00+00:00'
[2023-09-16T10:04:04.021+0000] {logging_mixin.py:151} WARNING - Scraping Progress:   0%|          | 0/10 [00:00<?, ?it/s]
[2023-09-16T10:04:04.693+0000] {logging_mixin.py:151} WARNING - Scraping Progress:  10%|#         | 1/10 [00:00<00:06,  1.49it/s]
[2023-09-16T10:04:05.299+0000] {logging_mixin.py:151} WARNING - Scraping Progress:  20%|##        | 2/10 [00:01<00:05,  1.58it/s]
[2023-09-16T10:04:05.900+0000] {logging_mixin.py:151} WARNING - Scraping Progress:  30%|###       | 3/10 [00:01<00:04,  1.62it/s]
[2023-09-16T10:04:06.436+0000] {logging_mixin.py:151} WARNING - Scraping Progress:  40%|####      | 4/10 [00:02<00:03,  1.71it/s]
[2023-09-16T10:04:06.871+0000] {logging_mixin.py:151} WARNING - Scraping Progress:  50%|#####     | 5/10 [00:02<00:02,  1.88it/s]
[2023-09-16T10:04:07.384+0000] {logging_mixin.py:151} WARNING - Scraping Progress:  60%|######    | 6/10 [00:03<00:02,  1.90it/s]
[2023-09-16T10:04:07.836+0000] {logging_mixin.py:151} WARNING - Scraping Progress:  70%|#######   | 7/10 [00:03<00:01,  2.00it/s]
[2023-09-16T10:04:08.322+0000] {logging_mixin.py:151} WARNING - Scraping Progress:  80%|########  | 8/10 [00:04<00:00,  2.01it/s]
[2023-09-16T10:04:08.785+0000] {logging_mixin.py:151} WARNING - Scraping Progress:  90%|######### | 9/10 [00:04<00:00,  2.06it/s]
[2023-09-16T10:04:09.251+0000] {logging_mixin.py:151} WARNING - Scraping Progress: 100%|##########| 10/10 [00:05<00:00,  2.08it/s]
[2023-09-16T10:04:09.251+0000] {logging_mixin.py:151} WARNING - Scraping Progress: 100%|##########| 10/10 [00:05<00:00,  1.91it/s]
[2023-09-16T10:04:09.257+0000] {my_first_dag.py:45} INFO - Data is scraped and saved as a CSV file.
[2023-09-16T10:04:09.257+0000] {python.py:194} INFO - Done. Returned value was: dags/data/scraped_data.csv
[2023-09-16T10:04:09.273+0000] {taskinstance.py:1398} INFO - Marking task as SUCCESS. dag_id=ETL_Pipeline, task_id=transform_data, execution_date=20230916T090000, start_date=20230916T100403, end_date=20230916T100409
[2023-09-16T10:04:09.311+0000] {local_task_job_runner.py:228} INFO - Task exited with return code 0
[2023-09-16T10:04:09.337+0000] {taskinstance.py:2776} INFO - 1 downstream tasks scheduled from follow-on schedule check
