[2023-08-03T09:00:02.851+0000] {taskinstance.py:1103} INFO - Dependencies all met for dep_context=non-requeueable deps ti=<TaskInstance: ETL_Pipeline.transform_data scheduled__2023-08-03T08:00:00+00:00 [queued]>
[2023-08-03T09:00:02.860+0000] {taskinstance.py:1103} INFO - Dependencies all met for dep_context=requeueable deps ti=<TaskInstance: ETL_Pipeline.transform_data scheduled__2023-08-03T08:00:00+00:00 [queued]>
[2023-08-03T09:00:02.860+0000] {taskinstance.py:1308} INFO - Starting attempt 1 of 2
[2023-08-03T09:00:02.874+0000] {taskinstance.py:1327} INFO - Executing <Task(PythonOperator): transform_data> on 2023-08-03 08:00:00+00:00
[2023-08-03T09:00:02.880+0000] {standard_task_runner.py:57} INFO - Started process 1060 to run task
[2023-08-03T09:00:02.883+0000] {standard_task_runner.py:84} INFO - Running: ['***', 'tasks', 'run', 'ETL_Pipeline', 'transform_data', 'scheduled__2023-08-03T08:00:00+00:00', '--job-id', '4839', '--raw', '--subdir', 'DAGS_FOLDER/my_first_dag.py', '--cfg-path', '/tmp/tmpfn3g8w12']
[2023-08-03T09:00:02.885+0000] {standard_task_runner.py:85} INFO - Job 4839: Subtask transform_data
[2023-08-03T09:00:02.938+0000] {task_command.py:410} INFO - Running <TaskInstance: ETL_Pipeline.transform_data scheduled__2023-08-03T08:00:00+00:00 [running]> on host 794dc2638f7c
[2023-08-03T09:00:03.034+0000] {taskinstance.py:1547} INFO - Exporting env vars: AIRFLOW_CTX_DAG_OWNER='***' AIRFLOW_CTX_DAG_ID='ETL_Pipeline' AIRFLOW_CTX_TASK_ID='transform_data' AIRFLOW_CTX_EXECUTION_DATE='2023-08-03T08:00:00+00:00' AIRFLOW_CTX_TRY_NUMBER='1' AIRFLOW_CTX_DAG_RUN_ID='scheduled__2023-08-03T08:00:00+00:00'
[2023-08-03T09:00:03.040+0000] {logging_mixin.py:150} WARNING - Scraping Progress:   0%|          | 0/10 [00:00<?, ?it/s]
[2023-08-03T09:00:04.370+0000] {logging_mixin.py:150} WARNING - Scraping Progress:  10%|#         | 1/10 [00:01<00:11,  1.33s/it]
[2023-08-03T09:00:07.635+0000] {logging_mixin.py:150} WARNING - Scraping Progress:  20%|##        | 2/10 [00:04<00:19,  2.47s/it]
[2023-08-03T09:00:08.635+0000] {logging_mixin.py:150} WARNING - Scraping Progress:  30%|###       | 3/10 [00:05<00:12,  1.80s/it]
[2023-08-03T09:00:09.281+0000] {logging_mixin.py:150} WARNING - Scraping Progress:  40%|####      | 4/10 [00:06<00:08,  1.34s/it]
[2023-08-03T09:00:10.060+0000] {logging_mixin.py:150} WARNING - Scraping Progress:  50%|#####     | 5/10 [00:07<00:05,  1.14s/it]
[2023-08-03T09:00:11.098+0000] {logging_mixin.py:150} WARNING - Scraping Progress:  60%|######    | 6/10 [00:08<00:04,  1.11s/it]
[2023-08-03T09:00:11.945+0000] {logging_mixin.py:150} WARNING - Scraping Progress:  70%|#######   | 7/10 [00:08<00:03,  1.02s/it]
[2023-08-03T09:00:12.979+0000] {logging_mixin.py:150} WARNING - Scraping Progress:  80%|########  | 8/10 [00:09<00:02,  1.02s/it]
[2023-08-03T09:00:14.130+0000] {logging_mixin.py:150} WARNING - Scraping Progress:  90%|######### | 9/10 [00:11<00:01,  1.06s/it]
[2023-08-03T09:00:15.082+0000] {logging_mixin.py:150} WARNING - Scraping Progress: 100%|##########| 10/10 [00:12<00:00,  1.03s/it]
[2023-08-03T09:00:15.083+0000] {logging_mixin.py:150} WARNING - Scraping Progress: 100%|##########| 10/10 [00:12<00:00,  1.20s/it]
[2023-08-03T09:00:15.087+0000] {my_first_dag.py:45} INFO - Data is scraped and saved as a CSV file.
[2023-08-03T09:00:15.087+0000] {python.py:183} INFO - Done. Returned value was: dags/data/scraped_data.csv
[2023-08-03T09:00:15.112+0000] {taskinstance.py:1350} INFO - Marking task as SUCCESS. dag_id=ETL_Pipeline, task_id=transform_data, execution_date=20230803T080000, start_date=20230803T090002, end_date=20230803T090015
[2023-08-03T09:00:15.171+0000] {local_task_job_runner.py:225} INFO - Task exited with return code 0
[2023-08-03T09:00:15.211+0000] {taskinstance.py:2653} INFO - 1 downstream tasks scheduled from follow-on schedule check
