[2023-08-08T10:57:43.019+0000] {taskinstance.py:1103} INFO - Dependencies all met for dep_context=non-requeueable deps ti=<TaskInstance: ETL_Pipeline.transform_data scheduled__2023-08-08T09:00:00+00:00 [queued]>
[2023-08-08T10:57:43.035+0000] {taskinstance.py:1103} INFO - Dependencies all met for dep_context=requeueable deps ti=<TaskInstance: ETL_Pipeline.transform_data scheduled__2023-08-08T09:00:00+00:00 [queued]>
[2023-08-08T10:57:43.035+0000] {taskinstance.py:1308} INFO - Starting attempt 2 of 2
[2023-08-08T10:57:43.063+0000] {taskinstance.py:1327} INFO - Executing <Task(PythonOperator): transform_data> on 2023-08-08 09:00:00+00:00
[2023-08-08T10:57:43.071+0000] {standard_task_runner.py:57} INFO - Started process 171 to run task
[2023-08-08T10:57:43.075+0000] {standard_task_runner.py:84} INFO - Running: ['***', 'tasks', 'run', 'ETL_Pipeline', 'transform_data', 'scheduled__2023-08-08T09:00:00+00:00', '--job-id', '5042', '--raw', '--subdir', 'DAGS_FOLDER/my_first_dag.py', '--cfg-path', '/tmp/tmpjc1_iceu']
[2023-08-08T10:57:43.077+0000] {standard_task_runner.py:85} INFO - Job 5042: Subtask transform_data
[2023-08-08T10:57:43.145+0000] {task_command.py:410} INFO - Running <TaskInstance: ETL_Pipeline.transform_data scheduled__2023-08-08T09:00:00+00:00 [running]> on host 48849dae508a
[2023-08-08T10:57:43.298+0000] {taskinstance.py:1547} INFO - Exporting env vars: AIRFLOW_CTX_DAG_OWNER='***' AIRFLOW_CTX_DAG_ID='ETL_Pipeline' AIRFLOW_CTX_TASK_ID='transform_data' AIRFLOW_CTX_EXECUTION_DATE='2023-08-08T09:00:00+00:00' AIRFLOW_CTX_TRY_NUMBER='2' AIRFLOW_CTX_DAG_RUN_ID='scheduled__2023-08-08T09:00:00+00:00'
[2023-08-08T10:57:43.307+0000] {logging_mixin.py:150} WARNING - Scraping Progress:   0%|          | 0/10 [00:00<?, ?it/s]
[2023-08-08T10:57:44.252+0000] {logging_mixin.py:150} WARNING - Scraping Progress:  10%|#         | 1/10 [00:00<00:08,  1.06it/s]
[2023-08-08T10:57:56.304+0000] {logging_mixin.py:150} WARNING - Scraping Progress:  20%|##        | 2/10 [00:12<00:59,  7.48s/it]
[2023-08-08T10:57:57.791+0000] {logging_mixin.py:150} WARNING - Scraping Progress:  30%|###       | 3/10 [00:14<00:33,  4.74s/it]
[2023-08-08T10:57:58.018+0000] {logging_mixin.py:150} WARNING - Scraping Progress:  40%|####      | 4/10 [00:14<00:17,  2.96s/it]
[2023-08-08T10:57:59.081+0000] {logging_mixin.py:150} WARNING - Scraping Progress:  50%|#####     | 5/10 [00:15<00:11,  2.28s/it]
[2023-08-08T10:58:00.651+0000] {logging_mixin.py:150} WARNING - Scraping Progress:  60%|######    | 6/10 [00:17<00:08,  2.04s/it]
[2023-08-08T10:58:02.260+0000] {logging_mixin.py:150} WARNING - Scraping Progress:  70%|#######   | 7/10 [00:18<00:05,  1.90s/it]
[2023-08-08T10:58:05.814+0000] {logging_mixin.py:150} WARNING - Scraping Progress:  80%|########  | 8/10 [00:22<00:04,  2.42s/it]
[2023-08-08T10:58:06.626+0000] {logging_mixin.py:150} WARNING - Scraping Progress:  90%|######### | 9/10 [00:23<00:01,  1.92s/it]
[2023-08-08T10:58:13.624+0000] {logging_mixin.py:150} WARNING - Scraping Progress: 100%|##########| 10/10 [00:30<00:00,  3.49s/it]
[2023-08-08T10:58:13.624+0000] {logging_mixin.py:150} WARNING - Scraping Progress: 100%|##########| 10/10 [00:30<00:00,  3.03s/it]
[2023-08-08T10:58:13.627+0000] {my_first_dag.py:45} INFO - Data is scraped and saved as a CSV file.
[2023-08-08T10:58:13.627+0000] {python.py:183} INFO - Done. Returned value was: dags/data/scraped_data.csv
[2023-08-08T10:58:13.644+0000] {taskinstance.py:1350} INFO - Marking task as SUCCESS. dag_id=ETL_Pipeline, task_id=transform_data, execution_date=20230808T090000, start_date=20230808T105743, end_date=20230808T105813
[2023-08-08T10:58:13.674+0000] {local_task_job_runner.py:225} INFO - Task exited with return code 0
[2023-08-08T10:58:13.701+0000] {taskinstance.py:2653} INFO - 1 downstream tasks scheduled from follow-on schedule check
