[2023-08-03T12:00:02.062+0000] {taskinstance.py:1103} INFO - Dependencies all met for dep_context=non-requeueable deps ti=<TaskInstance: ETL_Pipeline.transform_data scheduled__2023-08-03T11:00:00+00:00 [queued]>
[2023-08-03T12:00:02.069+0000] {taskinstance.py:1103} INFO - Dependencies all met for dep_context=requeueable deps ti=<TaskInstance: ETL_Pipeline.transform_data scheduled__2023-08-03T11:00:00+00:00 [queued]>
[2023-08-03T12:00:02.070+0000] {taskinstance.py:1308} INFO - Starting attempt 1 of 2
[2023-08-03T12:00:02.083+0000] {taskinstance.py:1327} INFO - Executing <Task(PythonOperator): transform_data> on 2023-08-03 11:00:00+00:00
[2023-08-03T12:00:02.088+0000] {standard_task_runner.py:57} INFO - Started process 4258 to run task
[2023-08-03T12:00:02.090+0000] {standard_task_runner.py:84} INFO - Running: ['***', 'tasks', 'run', 'ETL_Pipeline', 'transform_data', 'scheduled__2023-08-03T11:00:00+00:00', '--job-id', '4851', '--raw', '--subdir', 'DAGS_FOLDER/my_first_dag.py', '--cfg-path', '/tmp/tmp45ijdzoo']
[2023-08-03T12:00:02.092+0000] {standard_task_runner.py:85} INFO - Job 4851: Subtask transform_data
[2023-08-03T12:00:02.124+0000] {task_command.py:410} INFO - Running <TaskInstance: ETL_Pipeline.transform_data scheduled__2023-08-03T11:00:00+00:00 [running]> on host 794dc2638f7c
[2023-08-03T12:00:02.204+0000] {taskinstance.py:1547} INFO - Exporting env vars: AIRFLOW_CTX_DAG_OWNER='***' AIRFLOW_CTX_DAG_ID='ETL_Pipeline' AIRFLOW_CTX_TASK_ID='transform_data' AIRFLOW_CTX_EXECUTION_DATE='2023-08-03T11:00:00+00:00' AIRFLOW_CTX_TRY_NUMBER='1' AIRFLOW_CTX_DAG_RUN_ID='scheduled__2023-08-03T11:00:00+00:00'
[2023-08-03T12:00:02.208+0000] {logging_mixin.py:150} WARNING - Scraping Progress:   0%|          | 0/10 [00:00<?, ?it/s]
[2023-08-03T12:00:09.271+0000] {logging_mixin.py:150} WARNING - Scraping Progress:  10%|#         | 1/10 [00:07<01:03,  7.06s/it]
[2023-08-03T12:00:11.459+0000] {logging_mixin.py:150} WARNING - Scraping Progress:  20%|##        | 2/10 [00:09<00:33,  4.20s/it]
[2023-08-03T12:00:14.559+0000] {logging_mixin.py:150} WARNING - Scraping Progress:  30%|###       | 3/10 [00:12<00:25,  3.69s/it]
[2023-08-03T12:00:16.452+0000] {logging_mixin.py:150} WARNING - Scraping Progress:  40%|####      | 4/10 [00:14<00:17,  2.98s/it]
[2023-08-03T12:00:21.691+0000] {logging_mixin.py:150} WARNING - Scraping Progress:  50%|#####     | 5/10 [00:19<00:18,  3.80s/it]
[2023-08-03T12:00:25.451+0000] {logging_mixin.py:150} WARNING - Scraping Progress:  60%|######    | 6/10 [00:23<00:15,  3.78s/it]
[2023-08-03T12:00:27.203+0000] {logging_mixin.py:150} WARNING - Scraping Progress:  70%|#######   | 7/10 [00:24<00:09,  3.12s/it]
[2023-08-03T12:00:30.378+0000] {logging_mixin.py:150} WARNING - Scraping Progress:  80%|########  | 8/10 [00:28<00:06,  3.14s/it]
[2023-08-03T12:00:38.696+0000] {logging_mixin.py:150} WARNING - Scraping Progress:  90%|######### | 9/10 [00:36<00:04,  4.76s/it]
[2023-08-03T12:00:40.761+0000] {logging_mixin.py:150} WARNING - Scraping Progress: 100%|##########| 10/10 [00:38<00:00,  3.93s/it]
[2023-08-03T12:00:40.761+0000] {logging_mixin.py:150} WARNING - Scraping Progress: 100%|##########| 10/10 [00:38<00:00,  3.86s/it]
[2023-08-03T12:00:40.764+0000] {my_first_dag.py:45} INFO - Data is scraped and saved as a CSV file.
[2023-08-03T12:00:40.764+0000] {python.py:183} INFO - Done. Returned value was: dags/data/scraped_data.csv
[2023-08-03T12:00:40.788+0000] {taskinstance.py:1350} INFO - Marking task as SUCCESS. dag_id=ETL_Pipeline, task_id=transform_data, execution_date=20230803T110000, start_date=20230803T120002, end_date=20230803T120040
[2023-08-03T12:00:40.818+0000] {local_task_job_runner.py:225} INFO - Task exited with return code 0
[2023-08-03T12:00:40.845+0000] {taskinstance.py:2653} INFO - 1 downstream tasks scheduled from follow-on schedule check
