[2023-09-29T21:00:01.744+0000] {taskinstance.py:1157} INFO - Dependencies all met for dep_context=non-requeueable deps ti=<TaskInstance: ETL_Pipeline.extract_jugantor scheduled__2023-09-29T20:00:00+00:00 [queued]>
[2023-09-29T21:00:01.754+0000] {taskinstance.py:1157} INFO - Dependencies all met for dep_context=requeueable deps ti=<TaskInstance: ETL_Pipeline.extract_jugantor scheduled__2023-09-29T20:00:00+00:00 [queued]>
[2023-09-29T21:00:01.754+0000] {taskinstance.py:1359} INFO - Starting attempt 1 of 2
[2023-09-29T21:00:01.768+0000] {taskinstance.py:1380} INFO - Executing <Task(PythonOperator): extract_jugantor> on 2023-09-29 20:00:00+00:00
[2023-09-29T21:00:01.774+0000] {standard_task_runner.py:57} INFO - Started process 208 to run task
[2023-09-29T21:00:01.777+0000] {standard_task_runner.py:84} INFO - Running: ['***', 'tasks', 'run', 'ETL_Pipeline', 'extract_jugantor', 'scheduled__2023-09-29T20:00:00+00:00', '--job-id', '9', '--raw', '--subdir', 'DAGS_FOLDER/news_aggregator.py', '--cfg-path', '/tmp/tmpnjq60ywf']
[2023-09-29T21:00:01.779+0000] {standard_task_runner.py:85} INFO - Job 9: Subtask extract_jugantor
[2023-09-29T21:00:01.830+0000] {task_command.py:415} INFO - Running <TaskInstance: ETL_Pipeline.extract_jugantor scheduled__2023-09-29T20:00:00+00:00 [running]> on host 18f721f95923
[2023-09-29T21:00:01.889+0000] {taskinstance.py:1660} INFO - Exporting env vars: AIRFLOW_CTX_DAG_OWNER='***' AIRFLOW_CTX_DAG_ID='ETL_Pipeline' AIRFLOW_CTX_TASK_ID='extract_jugantor' AIRFLOW_CTX_EXECUTION_DATE='2023-09-29T20:00:00+00:00' AIRFLOW_CTX_TRY_NUMBER='1' AIRFLOW_CTX_DAG_RUN_ID='scheduled__2023-09-29T20:00:00+00:00'
[2023-09-29T21:00:03.203+0000] {extract.py:48} INFO - Extracted URLs from Jugantor. Total URLs: 105
[2023-09-29T21:00:03.203+0000] {python.py:194} INFO - Done. Returned value was: None
[2023-09-29T21:00:03.209+0000] {taskinstance.py:1398} INFO - Marking task as SUCCESS. dag_id=ETL_Pipeline, task_id=extract_jugantor, execution_date=20230929T200000, start_date=20230929T210001, end_date=20230929T210003
[2023-09-29T21:00:03.233+0000] {local_task_job_runner.py:228} INFO - Task exited with return code 0
[2023-09-29T21:00:03.263+0000] {taskinstance.py:2776} INFO - 0 downstream tasks scheduled from follow-on schedule check
[2023-09-29T21:05:25.835+0000] {taskinstance.py:1157} INFO - Dependencies all met for dep_context=non-requeueable deps ti=<TaskInstance: ETL_Pipeline.extract_jugantor scheduled__2023-09-29T20:00:00+00:00 [queued]>
[2023-09-29T21:05:25.892+0000] {taskinstance.py:1157} INFO - Dependencies all met for dep_context=requeueable deps ti=<TaskInstance: ETL_Pipeline.extract_jugantor scheduled__2023-09-29T20:00:00+00:00 [queued]>
[2023-09-29T21:05:25.893+0000] {taskinstance.py:1359} INFO - Starting attempt 1 of 2
[2023-09-29T21:05:25.923+0000] {taskinstance.py:1380} INFO - Executing <Task(PythonOperator): extract_jugantor> on 2023-09-29 20:00:00+00:00
[2023-09-29T21:05:25.934+0000] {standard_task_runner.py:57} INFO - Started process 108 to run task
[2023-09-29T21:05:25.942+0000] {standard_task_runner.py:84} INFO - Running: ['***', 'tasks', 'run', 'ETL_Pipeline', 'extract_jugantor', 'scheduled__2023-09-29T20:00:00+00:00', '--job-id', '14', '--raw', '--subdir', 'DAGS_FOLDER/news_aggregator_dag.py', '--cfg-path', '/tmp/tmpmp9jgl5f']
[2023-09-29T21:05:25.945+0000] {standard_task_runner.py:85} INFO - Job 14: Subtask extract_jugantor
[2023-09-29T21:05:26.007+0000] {task_command.py:415} INFO - Running <TaskInstance: ETL_Pipeline.extract_jugantor scheduled__2023-09-29T20:00:00+00:00 [running]> on host 8b9d74f8b315
[2023-09-29T21:05:26.105+0000] {taskinstance.py:1660} INFO - Exporting env vars: AIRFLOW_CTX_DAG_OWNER='***' AIRFLOW_CTX_DAG_ID='ETL_Pipeline' AIRFLOW_CTX_TASK_ID='extract_jugantor' AIRFLOW_CTX_EXECUTION_DATE='2023-09-29T20:00:00+00:00' AIRFLOW_CTX_TRY_NUMBER='1' AIRFLOW_CTX_DAG_RUN_ID='scheduled__2023-09-29T20:00:00+00:00'
[2023-09-29T21:05:26.994+0000] {extract.py:48} INFO - Extracted URLs from Jugantor. Total URLs: 105
[2023-09-29T21:05:26.994+0000] {python.py:194} INFO - Done. Returned value was: None
[2023-09-29T21:05:27.002+0000] {taskinstance.py:1398} INFO - Marking task as SUCCESS. dag_id=ETL_Pipeline, task_id=extract_jugantor, execution_date=20230929T200000, start_date=20230929T210525, end_date=20230929T210527
[2023-09-29T21:05:27.034+0000] {local_task_job_runner.py:228} INFO - Task exited with return code 0
[2023-09-29T21:05:27.058+0000] {taskinstance.py:2776} INFO - 0 downstream tasks scheduled from follow-on schedule check
[2023-09-29T21:09:51.888+0000] {taskinstance.py:1157} INFO - Dependencies all met for dep_context=non-requeueable deps ti=<TaskInstance: ETL_Pipeline.extract_jugantor scheduled__2023-09-29T20:00:00+00:00 [queued]>
[2023-09-29T21:09:51.928+0000] {taskinstance.py:1157} INFO - Dependencies all met for dep_context=requeueable deps ti=<TaskInstance: ETL_Pipeline.extract_jugantor scheduled__2023-09-29T20:00:00+00:00 [queued]>
[2023-09-29T21:09:51.929+0000] {taskinstance.py:1359} INFO - Starting attempt 1 of 2
[2023-09-29T21:09:51.975+0000] {taskinstance.py:1380} INFO - Executing <Task(PythonOperator): extract_jugantor> on 2023-09-29 20:00:00+00:00
[2023-09-29T21:09:51.987+0000] {standard_task_runner.py:57} INFO - Started process 183 to run task
[2023-09-29T21:09:52.003+0000] {standard_task_runner.py:84} INFO - Running: ['***', 'tasks', 'run', 'ETL_Pipeline', 'extract_jugantor', 'scheduled__2023-09-29T20:00:00+00:00', '--job-id', '17', '--raw', '--subdir', 'DAGS_FOLDER/news_aggregator_dag.py', '--cfg-path', '/tmp/tmp55i9f_31']
[2023-09-29T21:09:52.005+0000] {standard_task_runner.py:85} INFO - Job 17: Subtask extract_jugantor
[2023-09-29T21:09:52.063+0000] {task_command.py:415} INFO - Running <TaskInstance: ETL_Pipeline.extract_jugantor scheduled__2023-09-29T20:00:00+00:00 [running]> on host 8b9d74f8b315
[2023-09-29T21:09:52.181+0000] {taskinstance.py:1660} INFO - Exporting env vars: AIRFLOW_CTX_DAG_OWNER='***' AIRFLOW_CTX_DAG_ID='ETL_Pipeline' AIRFLOW_CTX_TASK_ID='extract_jugantor' AIRFLOW_CTX_EXECUTION_DATE='2023-09-29T20:00:00+00:00' AIRFLOW_CTX_TRY_NUMBER='1' AIRFLOW_CTX_DAG_RUN_ID='scheduled__2023-09-29T20:00:00+00:00'
[2023-09-29T21:09:53.235+0000] {extract.py:48} INFO - Extracted URLs from Jugantor. Total URLs: 105
[2023-09-29T21:09:53.235+0000] {python.py:194} INFO - Done. Returned value was: None
[2023-09-29T21:09:53.243+0000] {taskinstance.py:1398} INFO - Marking task as SUCCESS. dag_id=ETL_Pipeline, task_id=extract_jugantor, execution_date=20230929T200000, start_date=20230929T210951, end_date=20230929T210953
[2023-09-29T21:09:53.299+0000] {local_task_job_runner.py:228} INFO - Task exited with return code 0
[2023-09-29T21:09:53.314+0000] {taskinstance.py:2776} INFO - 0 downstream tasks scheduled from follow-on schedule check
[2023-09-29T21:19:06.377+0000] {taskinstance.py:1157} INFO - Dependencies all met for dep_context=non-requeueable deps ti=<TaskInstance: ETL_Pipeline.extract_jugantor scheduled__2023-09-29T20:00:00+00:00 [queued]>
[2023-09-29T21:19:06.387+0000] {taskinstance.py:1157} INFO - Dependencies all met for dep_context=requeueable deps ti=<TaskInstance: ETL_Pipeline.extract_jugantor scheduled__2023-09-29T20:00:00+00:00 [queued]>
[2023-09-29T21:19:06.387+0000] {taskinstance.py:1359} INFO - Starting attempt 1 of 2
[2023-09-29T21:19:06.405+0000] {taskinstance.py:1380} INFO - Executing <Task(PythonOperator): extract_jugantor> on 2023-09-29 20:00:00+00:00
[2023-09-29T21:19:06.414+0000] {standard_task_runner.py:57} INFO - Started process 341 to run task
[2023-09-29T21:19:06.426+0000] {standard_task_runner.py:84} INFO - Running: ['***', 'tasks', 'run', 'ETL_Pipeline', 'extract_jugantor', 'scheduled__2023-09-29T20:00:00+00:00', '--job-id', '21', '--raw', '--subdir', 'DAGS_FOLDER/news_aggregator_dag.py', '--cfg-path', '/tmp/tmp3wx9c9v8']
[2023-09-29T21:19:06.445+0000] {standard_task_runner.py:85} INFO - Job 21: Subtask extract_jugantor
[2023-09-29T21:19:06.530+0000] {task_command.py:415} INFO - Running <TaskInstance: ETL_Pipeline.extract_jugantor scheduled__2023-09-29T20:00:00+00:00 [running]> on host 8b9d74f8b315
[2023-09-29T21:19:06.669+0000] {taskinstance.py:1660} INFO - Exporting env vars: AIRFLOW_CTX_DAG_OWNER='***' AIRFLOW_CTX_DAG_ID='ETL_Pipeline' AIRFLOW_CTX_TASK_ID='extract_jugantor' AIRFLOW_CTX_EXECUTION_DATE='2023-09-29T20:00:00+00:00' AIRFLOW_CTX_TRY_NUMBER='1' AIRFLOW_CTX_DAG_RUN_ID='scheduled__2023-09-29T20:00:00+00:00'
[2023-09-29T21:19:07.931+0000] {extract.py:48} INFO - Extracted URLs from Jugantor. Total URLs: 105
[2023-09-29T21:19:07.931+0000] {python.py:194} INFO - Done. Returned value was: None
[2023-09-29T21:19:07.943+0000] {taskinstance.py:1398} INFO - Marking task as SUCCESS. dag_id=ETL_Pipeline, task_id=extract_jugantor, execution_date=20230929T200000, start_date=20230929T211906, end_date=20230929T211907
[2023-09-29T21:19:07.976+0000] {local_task_job_runner.py:228} INFO - Task exited with return code 0
[2023-09-29T21:19:08.004+0000] {taskinstance.py:2776} INFO - 1 downstream tasks scheduled from follow-on schedule check
