[2023-09-16T20:00:04.416+0000] {taskinstance.py:1157} INFO - Dependencies all met for dep_context=non-requeueable deps ti=<TaskInstance: ETL_Pipeline.transform_data scheduled__2023-09-16T19:00:00+00:00 [queued]>
[2023-09-16T20:00:04.422+0000] {taskinstance.py:1157} INFO - Dependencies all met for dep_context=requeueable deps ti=<TaskInstance: ETL_Pipeline.transform_data scheduled__2023-09-16T19:00:00+00:00 [queued]>
[2023-09-16T20:00:04.422+0000] {taskinstance.py:1359} INFO - Starting attempt 1 of 2
[2023-09-16T20:00:04.433+0000] {taskinstance.py:1380} INFO - Executing <Task(PythonOperator): transform_data> on 2023-09-16 19:00:00+00:00
[2023-09-16T20:00:04.438+0000] {standard_task_runner.py:57} INFO - Started process 108 to run task
[2023-09-16T20:00:04.440+0000] {standard_task_runner.py:84} INFO - Running: ['***', 'tasks', 'run', 'ETL_Pipeline', 'transform_data', 'scheduled__2023-09-16T19:00:00+00:00', '--job-id', '5141', '--raw', '--subdir', 'DAGS_FOLDER/my_first_dag.py', '--cfg-path', '/tmp/tmpy5w2pnvz']
[2023-09-16T20:00:04.441+0000] {standard_task_runner.py:85} INFO - Job 5141: Subtask transform_data
[2023-09-16T20:00:04.471+0000] {task_command.py:415} INFO - Running <TaskInstance: ETL_Pipeline.transform_data scheduled__2023-09-16T19:00:00+00:00 [running]> on host 900e33937764
[2023-09-16T20:00:04.525+0000] {taskinstance.py:1660} INFO - Exporting env vars: AIRFLOW_CTX_DAG_OWNER='***' AIRFLOW_CTX_DAG_ID='ETL_Pipeline' AIRFLOW_CTX_TASK_ID='transform_data' AIRFLOW_CTX_EXECUTION_DATE='2023-09-16T19:00:00+00:00' AIRFLOW_CTX_TRY_NUMBER='1' AIRFLOW_CTX_DAG_RUN_ID='scheduled__2023-09-16T19:00:00+00:00'
[2023-09-16T20:00:04.530+0000] {logging_mixin.py:151} WARNING - Scraping Progress:   0%|          | 0/10 [00:00<?, ?it/s]
[2023-09-16T20:00:04.931+0000] {logging_mixin.py:151} WARNING - Scraping Progress:  10%|#         | 1/10 [00:00<00:03,  2.49it/s]
[2023-09-16T20:00:05.362+0000] {logging_mixin.py:151} WARNING - Scraping Progress:  20%|##        | 2/10 [00:00<00:03,  2.39it/s]
[2023-09-16T20:00:05.748+0000] {logging_mixin.py:151} WARNING - Scraping Progress:  30%|###       | 3/10 [00:01<00:02,  2.48it/s]
[2023-09-16T20:00:06.183+0000] {logging_mixin.py:151} WARNING - Scraping Progress:  40%|####      | 4/10 [00:01<00:02,  2.40it/s]
[2023-09-16T20:00:06.383+0000] {logging_mixin.py:151} WARNING - Scraping Progress:  50%|#####     | 5/10 [00:01<00:01,  2.96it/s]
[2023-09-16T20:00:06.803+0000] {logging_mixin.py:151} WARNING - Scraping Progress:  60%|######    | 6/10 [00:02<00:01,  2.73it/s]
[2023-09-16T20:00:07.498+0000] {logging_mixin.py:151} WARNING - Scraping Progress:  70%|#######   | 7/10 [00:02<00:01,  2.11it/s]
[2023-09-16T20:00:07.881+0000] {logging_mixin.py:151} WARNING - Scraping Progress:  80%|########  | 8/10 [00:03<00:00,  2.25it/s]
[2023-09-16T20:00:08.596+0000] {logging_mixin.py:151} WARNING - Scraping Progress:  90%|######### | 9/10 [00:04<00:00,  1.89it/s]
[2023-09-16T20:00:08.970+0000] {logging_mixin.py:151} WARNING - Scraping Progress: 100%|##########| 10/10 [00:04<00:00,  2.08it/s]
[2023-09-16T20:00:08.971+0000] {logging_mixin.py:151} WARNING - Scraping Progress: 100%|##########| 10/10 [00:04<00:00,  2.25it/s]
[2023-09-16T20:00:08.975+0000] {helper.py:40} INFO - Data is scraped and saved as a CSV file.
[2023-09-16T20:00:08.975+0000] {python.py:194} INFO - Done. Returned value was: None
[2023-09-16T20:00:08.981+0000] {taskinstance.py:1398} INFO - Marking task as SUCCESS. dag_id=ETL_Pipeline, task_id=transform_data, execution_date=20230916T190000, start_date=20230916T200004, end_date=20230916T200008
[2023-09-16T20:00:09.030+0000] {local_task_job_runner.py:228} INFO - Task exited with return code 0
[2023-09-16T20:00:09.045+0000] {taskinstance.py:2776} INFO - 0 downstream tasks scheduled from follow-on schedule check
