[2023-08-01T14:25:11.432+0000] {taskinstance.py:1103} INFO - Dependencies all met for dep_context=non-requeueable deps ti=<TaskInstance: ETL_Pipeline.transform_data scheduled__2023-08-01T14:24:00+00:00 [queued]>
[2023-08-01T14:25:11.446+0000] {taskinstance.py:1103} INFO - Dependencies all met for dep_context=requeueable deps ti=<TaskInstance: ETL_Pipeline.transform_data scheduled__2023-08-01T14:24:00+00:00 [queued]>
[2023-08-01T14:25:11.447+0000] {taskinstance.py:1308} INFO - Starting attempt 1 of 2
[2023-08-01T14:25:11.472+0000] {taskinstance.py:1327} INFO - Executing <Task(PythonOperator): transform_data> on 2023-08-01 14:24:00+00:00
[2023-08-01T14:25:11.489+0000] {standard_task_runner.py:57} INFO - Started process 1006 to run task
[2023-08-01T14:25:11.492+0000] {standard_task_runner.py:84} INFO - Running: ['***', 'tasks', 'run', 'ETL_Pipeline', 'transform_data', 'scheduled__2023-08-01T14:24:00+00:00', '--job-id', '4788', '--raw', '--subdir', 'DAGS_FOLDER/my_first_dag.py', '--cfg-path', '/tmp/tmpupwfwoi7']
[2023-08-01T14:25:11.503+0000] {standard_task_runner.py:85} INFO - Job 4788: Subtask transform_data
[2023-08-01T14:25:11.579+0000] {task_command.py:410} INFO - Running <TaskInstance: ETL_Pipeline.transform_data scheduled__2023-08-01T14:24:00+00:00 [running]> on host 794dc2638f7c
[2023-08-01T14:25:11.820+0000] {taskinstance.py:1547} INFO - Exporting env vars: AIRFLOW_CTX_DAG_OWNER='***' AIRFLOW_CTX_DAG_ID='ETL_Pipeline' AIRFLOW_CTX_TASK_ID='transform_data' AIRFLOW_CTX_EXECUTION_DATE='2023-08-01T14:24:00+00:00' AIRFLOW_CTX_TRY_NUMBER='1' AIRFLOW_CTX_DAG_RUN_ID='scheduled__2023-08-01T14:24:00+00:00'
[2023-08-01T14:25:11.843+0000] {logging_mixin.py:150} WARNING - Scraping Progress:   0%|          | 0/10 [00:00<?, ?it/s]
[2023-08-01T14:25:12.888+0000] {logging_mixin.py:150} WARNING - Scraping Progress:  10%|#         | 1/10 [00:01<00:09,  1.04s/it]
[2023-08-01T14:25:13.958+0000] {logging_mixin.py:150} WARNING - Scraping Progress:  20%|##        | 2/10 [00:02<00:08,  1.06s/it]
[2023-08-01T14:25:14.594+0000] {logging_mixin.py:150} WARNING - Scraping Progress:  30%|###       | 3/10 [00:02<00:06,  1.15it/s]
[2023-08-01T14:25:17.249+0000] {logging_mixin.py:150} WARNING - Scraping Progress:  40%|####      | 4/10 [00:05<00:09,  1.57s/it]
[2023-08-01T14:25:19.605+0000] {logging_mixin.py:150} WARNING - Scraping Progress:  50%|#####     | 5/10 [00:07<00:09,  1.85s/it]
[2023-08-01T14:25:20.191+0000] {logging_mixin.py:150} WARNING - Scraping Progress:  60%|######    | 6/10 [00:08<00:05,  1.42s/it]
[2023-08-01T14:25:25.569+0000] {logging_mixin.py:150} WARNING - Scraping Progress:  70%|#######   | 7/10 [00:13<00:08,  2.72s/it]
[2023-08-01T14:25:25.991+0000] {logging_mixin.py:150} WARNING - Scraping Progress:  80%|########  | 8/10 [00:14<00:03,  1.99s/it]
[2023-08-01T14:25:28.654+0000] {logging_mixin.py:150} WARNING - Scraping Progress:  90%|######### | 9/10 [00:16<00:02,  2.20s/it]
[2023-08-01T14:25:29.404+0000] {logging_mixin.py:150} WARNING - Scraping Progress: 100%|##########| 10/10 [00:17<00:00,  1.75s/it]
[2023-08-01T14:25:29.404+0000] {logging_mixin.py:150} WARNING - Scraping Progress: 100%|##########| 10/10 [00:17<00:00,  1.76s/it]
[2023-08-01T14:25:29.407+0000] {my_first_dag.py:45} INFO - Data is scraped and saved as a CSV file.
[2023-08-01T14:25:29.407+0000] {python.py:183} INFO - Done. Returned value was: dags/data/scraped_data.csv
[2023-08-01T14:25:29.424+0000] {taskinstance.py:1350} INFO - Marking task as SUCCESS. dag_id=ETL_Pipeline, task_id=transform_data, execution_date=20230801T142400, start_date=20230801T142511, end_date=20230801T142529
[2023-08-01T14:25:29.444+0000] {local_task_job_runner.py:225} INFO - Task exited with return code 0
[2023-08-01T14:25:29.465+0000] {taskinstance.py:2653} INFO - 1 downstream tasks scheduled from follow-on schedule check
