[2023-09-30T08:12:01.429+0000] {taskinstance.py:1157} INFO - Dependencies all met for dep_context=non-requeueable deps ti=<TaskInstance: ETL_Pipeline.transform_data scheduled__2023-09-30T07:00:00+00:00 [queued]>
[2023-09-30T08:12:01.442+0000] {taskinstance.py:1157} INFO - Dependencies all met for dep_context=requeueable deps ti=<TaskInstance: ETL_Pipeline.transform_data scheduled__2023-09-30T07:00:00+00:00 [queued]>
[2023-09-30T08:12:01.442+0000] {taskinstance.py:1359} INFO - Starting attempt 1 of 2
[2023-09-30T08:12:01.469+0000] {taskinstance.py:1380} INFO - Executing <Task(PythonOperator): transform_data> on 2023-09-30 07:00:00+00:00
[2023-09-30T08:12:01.474+0000] {standard_task_runner.py:57} INFO - Started process 74 to run task
[2023-09-30T08:12:01.479+0000] {standard_task_runner.py:84} INFO - Running: ['***', 'tasks', 'run', 'ETL_Pipeline', 'transform_data', 'scheduled__2023-09-30T07:00:00+00:00', '--job-id', '31', '--raw', '--subdir', 'DAGS_FOLDER/news_aggregator_dag.py', '--cfg-path', '/tmp/tmpynqe4vdl']
[2023-09-30T08:12:01.483+0000] {standard_task_runner.py:85} INFO - Job 31: Subtask transform_data
[2023-09-30T08:12:01.534+0000] {task_command.py:415} INFO - Running <TaskInstance: ETL_Pipeline.transform_data scheduled__2023-09-30T07:00:00+00:00 [running]> on host 5815fcc71aa0
[2023-09-30T08:12:01.630+0000] {taskinstance.py:1660} INFO - Exporting env vars: AIRFLOW_CTX_DAG_OWNER='***' AIRFLOW_CTX_DAG_ID='ETL_Pipeline' AIRFLOW_CTX_TASK_ID='transform_data' AIRFLOW_CTX_EXECUTION_DATE='2023-09-30T07:00:00+00:00' AIRFLOW_CTX_TRY_NUMBER='1' AIRFLOW_CTX_DAG_RUN_ID='scheduled__2023-09-30T07:00:00+00:00'
[2023-09-30T08:12:01.635+0000] {logging_mixin.py:151} WARNING - Scraping Progress:   0%|          | 0/10 [00:00<?, ?it/s]
[2023-09-30T08:12:04.704+0000] {scraper.py:34} INFO - Scraped data from URL: https://www.prothomalo.com/religion/islam/su7gz8pyro
[2023-09-30T08:12:04.705+0000] {logging_mixin.py:151} WARNING - Scraping Progress:  10%|#         | 1/10 [00:03<00:27,  3.07s/it]
[2023-09-30T08:12:06.795+0000] {scraper.py:34} INFO - Scraped data from URL: https://www.prothomalo.com/world/europe/lj6bju070b
[2023-09-30T08:12:06.797+0000] {logging_mixin.py:151} WARNING - Scraping Progress:  20%|##        | 2/10 [00:05<00:19,  2.49s/it]
[2023-09-30T08:12:09.617+0000] {scraper.py:34} INFO - Scraped data from URL: https://www.prothomalo.com/bangladesh/qhazyzv695
[2023-09-30T08:12:09.620+0000] {logging_mixin.py:151} WARNING - Scraping Progress:  30%|###       | 3/10 [00:07<00:18,  2.64s/it]
[2023-09-30T08:12:12.422+0000] {scraper.py:34} INFO - Scraped data from URL: https://www.prothomalo.com/world/europe/z6iq6whgnj
[2023-09-30T08:12:12.424+0000] {logging_mixin.py:151} WARNING - Scraping Progress:  40%|####      | 4/10 [00:10<00:16,  2.71s/it]
[2023-09-30T08:12:15.078+0000] {scraper.py:34} INFO - Scraped data from URL: https://www.prothomalo.com/bangladesh/wu5qktyuqg
[2023-09-30T08:12:15.081+0000] {logging_mixin.py:151} WARNING - Scraping Progress:  50%|#####     | 5/10 [00:13<00:13,  2.69s/it]
[2023-09-30T08:12:17.871+0000] {scraper.py:34} INFO - Scraped data from URL: https://www.prothomalo.com/politics/5nsjzokh1v
[2023-09-30T08:12:17.874+0000] {logging_mixin.py:151} WARNING - Scraping Progress:  60%|######    | 6/10 [00:16<00:10,  2.72s/it]
[2023-09-30T08:12:20.336+0000] {scraper.py:34} INFO - Scraped data from URL: https://www.prothomalo.com/photo/bangladesh/0f31ozp5um
[2023-09-30T08:12:20.338+0000] {logging_mixin.py:151} WARNING - Scraping Progress:  70%|#######   | 7/10 [00:18<00:07,  2.64s/it]
[2023-09-30T08:12:22.712+0000] {scraper.py:34} INFO - Scraped data from URL: https://www.prothomalo.com/entertainment/wj0e3ky471
[2023-09-30T08:12:22.715+0000] {logging_mixin.py:151} WARNING - Scraping Progress:  80%|########  | 8/10 [00:21<00:05,  2.56s/it]
[2023-09-30T08:12:26.741+0000] {scraper.py:34} INFO - Scraped data from URL: https://www.prothomalo.com/sports/cricket/6rppvqm7e5
[2023-09-30T08:12:26.742+0000] {logging_mixin.py:151} WARNING - Scraping Progress:  90%|######### | 9/10 [00:25<00:03,  3.02s/it]
[2023-09-30T08:12:28.936+0000] {scraper.py:34} INFO - Scraped data from URL: https://www.prothomalo.com/photo/bangladesh/yfes724p8r
[2023-09-30T08:12:28.937+0000] {logging_mixin.py:151} WARNING - Scraping Progress: 100%|##########| 10/10 [00:27<00:00,  2.76s/it]
[2023-09-30T08:12:28.937+0000] {logging_mixin.py:151} WARNING - Scraping Progress: 100%|##########| 10/10 [00:27<00:00,  2.73s/it]
[2023-09-30T08:12:28.941+0000] {helper.py:50} INFO - Data is scraped and saved as a CSV file.
[2023-09-30T08:12:28.941+0000] {python.py:194} INFO - Done. Returned value was: None
[2023-09-30T08:12:28.950+0000] {taskinstance.py:1398} INFO - Marking task as SUCCESS. dag_id=ETL_Pipeline, task_id=transform_data, execution_date=20230930T070000, start_date=20230930T081201, end_date=20230930T081228
[2023-09-30T08:12:28.996+0000] {local_task_job_runner.py:228} INFO - Task exited with return code 0
[2023-09-30T08:12:29.017+0000] {taskinstance.py:2776} INFO - 1 downstream tasks scheduled from follow-on schedule check
