[2023-11-25T23:00:01.716+0000] {taskinstance.py:1159} INFO - Dependencies all met for dep_context=non-requeueable deps ti=<TaskInstance: ETL_Pipeline.extract_prothomalo scheduled__2023-11-25T22:00:00+00:00 [queued]>
[2023-11-25T23:00:01.727+0000] {taskinstance.py:1159} INFO - Dependencies all met for dep_context=requeueable deps ti=<TaskInstance: ETL_Pipeline.extract_prothomalo scheduled__2023-11-25T22:00:00+00:00 [queued]>
[2023-11-25T23:00:01.727+0000] {taskinstance.py:1361} INFO - Starting attempt 1 of 2
[2023-11-25T23:00:01.740+0000] {taskinstance.py:1382} INFO - Executing <Task(PythonOperator): extract_prothomalo> on 2023-11-25 22:00:00+00:00
[2023-11-25T23:00:01.745+0000] {standard_task_runner.py:57} INFO - Started process 2079 to run task
[2023-11-25T23:00:01.748+0000] {standard_task_runner.py:84} INFO - Running: ['***', 'tasks', 'run', 'ETL_Pipeline', 'extract_prothomalo', 'scheduled__2023-11-25T22:00:00+00:00', '--job-id', '432', '--raw', '--subdir', 'DAGS_FOLDER/ETL_Pipeline.py', '--cfg-path', '/tmp/tmpuvauf_96']
[2023-11-25T23:00:01.750+0000] {standard_task_runner.py:85} INFO - Job 432: Subtask extract_prothomalo
[2023-11-25T23:00:01.802+0000] {task_command.py:416} INFO - Running <TaskInstance: ETL_Pipeline.extract_prothomalo scheduled__2023-11-25T22:00:00+00:00 [running]> on host 4012deabc79b
[2023-11-25T23:00:01.889+0000] {taskinstance.py:1662} INFO - Exporting env vars: AIRFLOW_CTX_DAG_OWNER='***' AIRFLOW_CTX_DAG_ID='ETL_Pipeline' AIRFLOW_CTX_TASK_ID='extract_prothomalo' AIRFLOW_CTX_EXECUTION_DATE='2023-11-25T22:00:00+00:00' AIRFLOW_CTX_TRY_NUMBER='1' AIRFLOW_CTX_DAG_RUN_ID='scheduled__2023-11-25T22:00:00+00:00'
[2023-11-25T23:00:02.198+0000] {extract.py:39} INFO - Extracted URLs from Prothom Alo. Total URLs: 244
[2023-11-25T23:00:02.199+0000] {python.py:194} INFO - Done. Returned value was: None
[2023-11-25T23:00:02.206+0000] {taskinstance.py:1400} INFO - Marking task as SUCCESS. dag_id=ETL_Pipeline, task_id=extract_prothomalo, execution_date=20231125T220000, start_date=20231125T230001, end_date=20231125T230002
[2023-11-25T23:00:02.243+0000] {local_task_job_runner.py:228} INFO - Task exited with return code 0
[2023-11-25T23:00:02.274+0000] {taskinstance.py:2778} INFO - 0 downstream tasks scheduled from follow-on schedule check
[2023-11-25T23:14:17.807+0000] {taskinstance.py:1159} INFO - Dependencies all met for dep_context=non-requeueable deps ti=<TaskInstance: ETL_Pipeline.extract_prothomalo scheduled__2023-11-25T22:00:00+00:00 [queued]>
[2023-11-25T23:14:17.829+0000] {taskinstance.py:1159} INFO - Dependencies all met for dep_context=requeueable deps ti=<TaskInstance: ETL_Pipeline.extract_prothomalo scheduled__2023-11-25T22:00:00+00:00 [queued]>
[2023-11-25T23:14:17.829+0000] {taskinstance.py:1361} INFO - Starting attempt 1 of 2
[2023-11-25T23:14:17.893+0000] {taskinstance.py:1382} INFO - Executing <Task(PythonOperator): extract_prothomalo> on 2023-11-25 22:00:00+00:00
[2023-11-25T23:14:17.901+0000] {standard_task_runner.py:57} INFO - Started process 2321 to run task
[2023-11-25T23:14:17.908+0000] {standard_task_runner.py:84} INFO - Running: ['***', 'tasks', 'run', 'ETL_Pipeline', 'extract_prothomalo', 'scheduled__2023-11-25T22:00:00+00:00', '--job-id', '439', '--raw', '--subdir', 'DAGS_FOLDER/ETL_Pipeline.py', '--cfg-path', '/tmp/tmpqsqv23la']
[2023-11-25T23:14:17.910+0000] {standard_task_runner.py:85} INFO - Job 439: Subtask extract_prothomalo
[2023-11-25T23:14:18.002+0000] {task_command.py:416} INFO - Running <TaskInstance: ETL_Pipeline.extract_prothomalo scheduled__2023-11-25T22:00:00+00:00 [running]> on host 4012deabc79b
[2023-11-25T23:14:18.112+0000] {taskinstance.py:1662} INFO - Exporting env vars: AIRFLOW_CTX_DAG_OWNER='***' AIRFLOW_CTX_DAG_ID='ETL_Pipeline' AIRFLOW_CTX_TASK_ID='extract_prothomalo' AIRFLOW_CTX_EXECUTION_DATE='2023-11-25T22:00:00+00:00' AIRFLOW_CTX_TRY_NUMBER='1' AIRFLOW_CTX_DAG_RUN_ID='scheduled__2023-11-25T22:00:00+00:00'
[2023-11-25T23:14:18.454+0000] {extract.py:39} INFO - Extracted URLs from Prothom Alo. Total URLs: 244
[2023-11-25T23:14:18.454+0000] {python.py:194} INFO - Done. Returned value was: None
[2023-11-25T23:14:18.463+0000] {taskinstance.py:1400} INFO - Marking task as SUCCESS. dag_id=ETL_Pipeline, task_id=extract_prothomalo, execution_date=20231125T220000, start_date=20231125T231417, end_date=20231125T231418
[2023-11-25T23:14:18.518+0000] {local_task_job_runner.py:228} INFO - Task exited with return code 0
[2023-11-25T23:14:18.539+0000] {taskinstance.py:2778} INFO - 0 downstream tasks scheduled from follow-on schedule check
[2023-11-25T23:15:56.798+0000] {taskinstance.py:1159} INFO - Dependencies all met for dep_context=non-requeueable deps ti=<TaskInstance: ETL_Pipeline.extract_prothomalo scheduled__2023-11-25T22:00:00+00:00 [queued]>
[2023-11-25T23:15:56.808+0000] {taskinstance.py:1159} INFO - Dependencies all met for dep_context=requeueable deps ti=<TaskInstance: ETL_Pipeline.extract_prothomalo scheduled__2023-11-25T22:00:00+00:00 [queued]>
[2023-11-25T23:15:56.809+0000] {taskinstance.py:1361} INFO - Starting attempt 1 of 2
[2023-11-25T23:15:56.831+0000] {taskinstance.py:1382} INFO - Executing <Task(PythonOperator): extract_prothomalo> on 2023-11-25 22:00:00+00:00
[2023-11-25T23:15:56.838+0000] {standard_task_runner.py:57} INFO - Started process 2360 to run task
[2023-11-25T23:15:56.841+0000] {standard_task_runner.py:84} INFO - Running: ['***', 'tasks', 'run', 'ETL_Pipeline', 'extract_prothomalo', 'scheduled__2023-11-25T22:00:00+00:00', '--job-id', '444', '--raw', '--subdir', 'DAGS_FOLDER/ETL_Pipeline.py', '--cfg-path', '/tmp/tmprrfsylvr']
[2023-11-25T23:15:56.844+0000] {standard_task_runner.py:85} INFO - Job 444: Subtask extract_prothomalo
[2023-11-25T23:15:56.887+0000] {task_command.py:416} INFO - Running <TaskInstance: ETL_Pipeline.extract_prothomalo scheduled__2023-11-25T22:00:00+00:00 [running]> on host 4012deabc79b
[2023-11-25T23:15:56.977+0000] {taskinstance.py:1662} INFO - Exporting env vars: AIRFLOW_CTX_DAG_OWNER='***' AIRFLOW_CTX_DAG_ID='ETL_Pipeline' AIRFLOW_CTX_TASK_ID='extract_prothomalo' AIRFLOW_CTX_EXECUTION_DATE='2023-11-25T22:00:00+00:00' AIRFLOW_CTX_TRY_NUMBER='1' AIRFLOW_CTX_DAG_RUN_ID='scheduled__2023-11-25T22:00:00+00:00'
[2023-11-25T23:15:57.246+0000] {extract.py:39} INFO - Extracted URLs from Prothom Alo. Total URLs: 244
[2023-11-25T23:15:57.246+0000] {python.py:194} INFO - Done. Returned value was: None
[2023-11-25T23:15:57.254+0000] {taskinstance.py:1400} INFO - Marking task as SUCCESS. dag_id=ETL_Pipeline, task_id=extract_prothomalo, execution_date=20231125T220000, start_date=20231125T231556, end_date=20231125T231557
[2023-11-25T23:15:57.293+0000] {local_task_job_runner.py:228} INFO - Task exited with return code 0
[2023-11-25T23:15:57.321+0000] {taskinstance.py:2778} INFO - 0 downstream tasks scheduled from follow-on schedule check
