[2023-11-25T21:00:24.955+0000] {taskinstance.py:1159} INFO - Dependencies all met for dep_context=non-requeueable deps ti=<TaskInstance: ETL_Pipeline.extract_kalerkantho scheduled__2023-11-25T20:00:00+00:00 [queued]>
[2023-11-25T21:00:24.987+0000] {taskinstance.py:1159} INFO - Dependencies all met for dep_context=requeueable deps ti=<TaskInstance: ETL_Pipeline.extract_kalerkantho scheduled__2023-11-25T20:00:00+00:00 [queued]>
[2023-11-25T21:00:24.992+0000] {taskinstance.py:1361} INFO - Starting attempt 1 of 2
[2023-11-25T21:00:25.025+0000] {taskinstance.py:1382} INFO - Executing <Task(PythonOperator): extract_kalerkantho> on 2023-11-25 20:00:00+00:00
[2023-11-25T21:00:25.032+0000] {standard_task_runner.py:57} INFO - Started process 72 to run task
[2023-11-25T21:00:25.038+0000] {standard_task_runner.py:84} INFO - Running: ['***', 'tasks', 'run', 'ETL_Pipeline', 'extract_kalerkantho', 'scheduled__2023-11-25T20:00:00+00:00', '--job-id', '377', '--raw', '--subdir', 'DAGS_FOLDER/ETL_Pipeline.py', '--cfg-path', '/tmp/tmpyddm_px7']
[2023-11-25T21:00:25.042+0000] {standard_task_runner.py:85} INFO - Job 377: Subtask extract_kalerkantho
[2023-11-25T21:00:25.101+0000] {task_command.py:416} INFO - Running <TaskInstance: ETL_Pipeline.extract_kalerkantho scheduled__2023-11-25T20:00:00+00:00 [running]> on host 4012deabc79b
[2023-11-25T21:00:25.191+0000] {taskinstance.py:1662} INFO - Exporting env vars: AIRFLOW_CTX_DAG_OWNER='***' AIRFLOW_CTX_DAG_ID='ETL_Pipeline' AIRFLOW_CTX_TASK_ID='extract_kalerkantho' AIRFLOW_CTX_EXECUTION_DATE='2023-11-25T20:00:00+00:00' AIRFLOW_CTX_TRY_NUMBER='1' AIRFLOW_CTX_DAG_RUN_ID='scheduled__2023-11-25T20:00:00+00:00'
[2023-11-25T21:00:26.205+0000] {extract.py:55} INFO - Extracted URLs from Kaler Kantho. Total URLs: 308
[2023-11-25T21:00:26.206+0000] {python.py:194} INFO - Done. Returned value was: None
[2023-11-25T21:00:26.213+0000] {taskinstance.py:1400} INFO - Marking task as SUCCESS. dag_id=ETL_Pipeline, task_id=extract_kalerkantho, execution_date=20231125T200000, start_date=20231125T210024, end_date=20231125T210026
[2023-11-25T21:00:26.254+0000] {local_task_job_runner.py:228} INFO - Task exited with return code 0
[2023-11-25T21:00:26.308+0000] {taskinstance.py:2778} INFO - 1 downstream tasks scheduled from follow-on schedule check
[2023-11-25T21:03:30.528+0000] {taskinstance.py:1159} INFO - Dependencies all met for dep_context=non-requeueable deps ti=<TaskInstance: ETL_Pipeline.extract_kalerkantho scheduled__2023-11-25T20:00:00+00:00 [queued]>
[2023-11-25T21:03:30.538+0000] {taskinstance.py:1159} INFO - Dependencies all met for dep_context=requeueable deps ti=<TaskInstance: ETL_Pipeline.extract_kalerkantho scheduled__2023-11-25T20:00:00+00:00 [queued]>
[2023-11-25T21:03:30.538+0000] {taskinstance.py:1361} INFO - Starting attempt 1 of 2
[2023-11-25T21:03:30.552+0000] {taskinstance.py:1382} INFO - Executing <Task(PythonOperator): extract_kalerkantho> on 2023-11-25 20:00:00+00:00
[2023-11-25T21:03:30.558+0000] {standard_task_runner.py:57} INFO - Started process 129 to run task
[2023-11-25T21:03:30.563+0000] {standard_task_runner.py:84} INFO - Running: ['***', 'tasks', 'run', 'ETL_Pipeline', 'extract_kalerkantho', 'scheduled__2023-11-25T20:00:00+00:00', '--job-id', '382', '--raw', '--subdir', 'DAGS_FOLDER/ETL_Pipeline.py', '--cfg-path', '/tmp/tmpslfnuhwo']
[2023-11-25T21:03:30.566+0000] {standard_task_runner.py:85} INFO - Job 382: Subtask extract_kalerkantho
[2023-11-25T21:03:30.614+0000] {task_command.py:416} INFO - Running <TaskInstance: ETL_Pipeline.extract_kalerkantho scheduled__2023-11-25T20:00:00+00:00 [running]> on host 4012deabc79b
[2023-11-25T21:03:30.686+0000] {taskinstance.py:1662} INFO - Exporting env vars: AIRFLOW_CTX_DAG_OWNER='***' AIRFLOW_CTX_DAG_ID='ETL_Pipeline' AIRFLOW_CTX_TASK_ID='extract_kalerkantho' AIRFLOW_CTX_EXECUTION_DATE='2023-11-25T20:00:00+00:00' AIRFLOW_CTX_TRY_NUMBER='1' AIRFLOW_CTX_DAG_RUN_ID='scheduled__2023-11-25T20:00:00+00:00'
[2023-11-25T21:03:31.687+0000] {extract.py:55} INFO - Extracted URLs from Kaler Kantho. Total URLs: 308
[2023-11-25T21:03:31.688+0000] {python.py:194} INFO - Done. Returned value was: None
[2023-11-25T21:03:31.696+0000] {taskinstance.py:1400} INFO - Marking task as SUCCESS. dag_id=ETL_Pipeline, task_id=extract_kalerkantho, execution_date=20231125T200000, start_date=20231125T210330, end_date=20231125T210331
[2023-11-25T21:03:31.739+0000] {local_task_job_runner.py:228} INFO - Task exited with return code 0
[2023-11-25T21:03:31.762+0000] {taskinstance.py:2778} INFO - 1 downstream tasks scheduled from follow-on schedule check
[2023-11-25T21:12:45.138+0000] {taskinstance.py:1159} INFO - Dependencies all met for dep_context=non-requeueable deps ti=<TaskInstance: ETL_Pipeline.extract_kalerkantho scheduled__2023-11-25T20:00:00+00:00 [queued]>
[2023-11-25T21:12:45.148+0000] {taskinstance.py:1159} INFO - Dependencies all met for dep_context=requeueable deps ti=<TaskInstance: ETL_Pipeline.extract_kalerkantho scheduled__2023-11-25T20:00:00+00:00 [queued]>
[2023-11-25T21:12:45.149+0000] {taskinstance.py:1361} INFO - Starting attempt 1 of 2
[2023-11-25T21:12:45.165+0000] {taskinstance.py:1382} INFO - Executing <Task(PythonOperator): extract_kalerkantho> on 2023-11-25 20:00:00+00:00
[2023-11-25T21:12:45.172+0000] {standard_task_runner.py:57} INFO - Started process 288 to run task
[2023-11-25T21:12:45.178+0000] {standard_task_runner.py:84} INFO - Running: ['***', 'tasks', 'run', 'ETL_Pipeline', 'extract_kalerkantho', 'scheduled__2023-11-25T20:00:00+00:00', '--job-id', '385', '--raw', '--subdir', 'DAGS_FOLDER/ETL_Pipeline.py', '--cfg-path', '/tmp/tmpki427tl_']
[2023-11-25T21:12:45.180+0000] {standard_task_runner.py:85} INFO - Job 385: Subtask extract_kalerkantho
[2023-11-25T21:12:45.242+0000] {task_command.py:416} INFO - Running <TaskInstance: ETL_Pipeline.extract_kalerkantho scheduled__2023-11-25T20:00:00+00:00 [running]> on host 4012deabc79b
[2023-11-25T21:12:45.332+0000] {taskinstance.py:1662} INFO - Exporting env vars: AIRFLOW_CTX_DAG_OWNER='***' AIRFLOW_CTX_DAG_ID='ETL_Pipeline' AIRFLOW_CTX_TASK_ID='extract_kalerkantho' AIRFLOW_CTX_EXECUTION_DATE='2023-11-25T20:00:00+00:00' AIRFLOW_CTX_TRY_NUMBER='1' AIRFLOW_CTX_DAG_RUN_ID='scheduled__2023-11-25T20:00:00+00:00'
[2023-11-25T21:12:46.397+0000] {extract.py:55} INFO - Extracted URLs from Kaler Kantho. Total URLs: 308
[2023-11-25T21:12:46.398+0000] {python.py:194} INFO - Done. Returned value was: None
[2023-11-25T21:12:46.404+0000] {taskinstance.py:1400} INFO - Marking task as SUCCESS. dag_id=ETL_Pipeline, task_id=extract_kalerkantho, execution_date=20231125T200000, start_date=20231125T211245, end_date=20231125T211246
[2023-11-25T21:12:46.441+0000] {local_task_job_runner.py:228} INFO - Task exited with return code 0
[2023-11-25T21:12:46.467+0000] {taskinstance.py:2778} INFO - 1 downstream tasks scheduled from follow-on schedule check
[2023-11-25T21:15:14.337+0000] {taskinstance.py:1159} INFO - Dependencies all met for dep_context=non-requeueable deps ti=<TaskInstance: ETL_Pipeline.extract_kalerkantho scheduled__2023-11-25T20:00:00+00:00 [queued]>
[2023-11-25T21:15:14.352+0000] {taskinstance.py:1159} INFO - Dependencies all met for dep_context=requeueable deps ti=<TaskInstance: ETL_Pipeline.extract_kalerkantho scheduled__2023-11-25T20:00:00+00:00 [queued]>
[2023-11-25T21:15:14.353+0000] {taskinstance.py:1361} INFO - Starting attempt 1 of 2
[2023-11-25T21:15:14.385+0000] {taskinstance.py:1382} INFO - Executing <Task(PythonOperator): extract_kalerkantho> on 2023-11-25 20:00:00+00:00
[2023-11-25T21:15:14.393+0000] {standard_task_runner.py:57} INFO - Started process 335 to run task
[2023-11-25T21:15:14.401+0000] {standard_task_runner.py:84} INFO - Running: ['***', 'tasks', 'run', 'ETL_Pipeline', 'extract_kalerkantho', 'scheduled__2023-11-25T20:00:00+00:00', '--job-id', '391', '--raw', '--subdir', 'DAGS_FOLDER/ETL_Pipeline.py', '--cfg-path', '/tmp/tmp6dkrma_4']
[2023-11-25T21:15:14.406+0000] {standard_task_runner.py:85} INFO - Job 391: Subtask extract_kalerkantho
[2023-11-25T21:15:14.510+0000] {task_command.py:416} INFO - Running <TaskInstance: ETL_Pipeline.extract_kalerkantho scheduled__2023-11-25T20:00:00+00:00 [running]> on host 4012deabc79b
[2023-11-25T21:15:14.650+0000] {taskinstance.py:1662} INFO - Exporting env vars: AIRFLOW_CTX_DAG_OWNER='***' AIRFLOW_CTX_DAG_ID='ETL_Pipeline' AIRFLOW_CTX_TASK_ID='extract_kalerkantho' AIRFLOW_CTX_EXECUTION_DATE='2023-11-25T20:00:00+00:00' AIRFLOW_CTX_TRY_NUMBER='1' AIRFLOW_CTX_DAG_RUN_ID='scheduled__2023-11-25T20:00:00+00:00'
[2023-11-25T21:15:15.661+0000] {extract.py:55} INFO - Extracted URLs from Kaler Kantho. Total URLs: 308
[2023-11-25T21:15:15.662+0000] {python.py:194} INFO - Done. Returned value was: None
[2023-11-25T21:15:15.668+0000] {taskinstance.py:1400} INFO - Marking task as SUCCESS. dag_id=ETL_Pipeline, task_id=extract_kalerkantho, execution_date=20231125T200000, start_date=20231125T211514, end_date=20231125T211515
[2023-11-25T21:15:15.714+0000] {local_task_job_runner.py:228} INFO - Task exited with return code 0
[2023-11-25T21:15:15.741+0000] {taskinstance.py:2778} INFO - 1 downstream tasks scheduled from follow-on schedule check
[2023-11-25T21:38:23.662+0000] {taskinstance.py:1159} INFO - Dependencies all met for dep_context=non-requeueable deps ti=<TaskInstance: ETL_Pipeline.extract_kalerkantho scheduled__2023-11-25T20:00:00+00:00 [queued]>
[2023-11-25T21:38:23.678+0000] {taskinstance.py:1159} INFO - Dependencies all met for dep_context=requeueable deps ti=<TaskInstance: ETL_Pipeline.extract_kalerkantho scheduled__2023-11-25T20:00:00+00:00 [queued]>
[2023-11-25T21:38:23.679+0000] {taskinstance.py:1361} INFO - Starting attempt 1 of 2
[2023-11-25T21:38:23.712+0000] {taskinstance.py:1382} INFO - Executing <Task(PythonOperator): extract_kalerkantho> on 2023-11-25 20:00:00+00:00
[2023-11-25T21:38:23.729+0000] {standard_task_runner.py:57} INFO - Started process 711 to run task
[2023-11-25T21:38:23.744+0000] {standard_task_runner.py:84} INFO - Running: ['***', 'tasks', 'run', 'ETL_Pipeline', 'extract_kalerkantho', 'scheduled__2023-11-25T20:00:00+00:00', '--job-id', '393', '--raw', '--subdir', 'DAGS_FOLDER/ETL_Pipeline.py', '--cfg-path', '/tmp/tmpuic51vas']
[2023-11-25T21:38:23.750+0000] {standard_task_runner.py:85} INFO - Job 393: Subtask extract_kalerkantho
[2023-11-25T21:38:23.850+0000] {task_command.py:416} INFO - Running <TaskInstance: ETL_Pipeline.extract_kalerkantho scheduled__2023-11-25T20:00:00+00:00 [running]> on host 4012deabc79b
[2023-11-25T21:38:23.960+0000] {taskinstance.py:1662} INFO - Exporting env vars: AIRFLOW_CTX_DAG_OWNER='***' AIRFLOW_CTX_DAG_ID='ETL_Pipeline' AIRFLOW_CTX_TASK_ID='extract_kalerkantho' AIRFLOW_CTX_EXECUTION_DATE='2023-11-25T20:00:00+00:00' AIRFLOW_CTX_TRY_NUMBER='1' AIRFLOW_CTX_DAG_RUN_ID='scheduled__2023-11-25T20:00:00+00:00'
[2023-11-25T21:38:25.028+0000] {extract.py:55} INFO - Extracted URLs from Kaler Kantho. Total URLs: 308
[2023-11-25T21:38:25.028+0000] {python.py:194} INFO - Done. Returned value was: None
[2023-11-25T21:38:25.037+0000] {taskinstance.py:1400} INFO - Marking task as SUCCESS. dag_id=ETL_Pipeline, task_id=extract_kalerkantho, execution_date=20231125T200000, start_date=20231125T213823, end_date=20231125T213825
[2023-11-25T21:38:25.080+0000] {local_task_job_runner.py:228} INFO - Task exited with return code 0
[2023-11-25T21:38:25.094+0000] {taskinstance.py:2778} INFO - 0 downstream tasks scheduled from follow-on schedule check
[2023-11-25T21:41:29.007+0000] {taskinstance.py:1159} INFO - Dependencies all met for dep_context=non-requeueable deps ti=<TaskInstance: ETL_Pipeline.extract_kalerkantho scheduled__2023-11-25T20:00:00+00:00 [queued]>
[2023-11-25T21:41:29.023+0000] {taskinstance.py:1159} INFO - Dependencies all met for dep_context=requeueable deps ti=<TaskInstance: ETL_Pipeline.extract_kalerkantho scheduled__2023-11-25T20:00:00+00:00 [queued]>
[2023-11-25T21:41:29.024+0000] {taskinstance.py:1361} INFO - Starting attempt 1 of 2
[2023-11-25T21:41:29.040+0000] {taskinstance.py:1382} INFO - Executing <Task(PythonOperator): extract_kalerkantho> on 2023-11-25 20:00:00+00:00
[2023-11-25T21:41:29.051+0000] {standard_task_runner.py:57} INFO - Started process 779 to run task
[2023-11-25T21:41:29.059+0000] {standard_task_runner.py:84} INFO - Running: ['***', 'tasks', 'run', 'ETL_Pipeline', 'extract_kalerkantho', 'scheduled__2023-11-25T20:00:00+00:00', '--job-id', '401', '--raw', '--subdir', 'DAGS_FOLDER/ETL_Pipeline.py', '--cfg-path', '/tmp/tmp__8q1xb4']
[2023-11-25T21:41:29.061+0000] {standard_task_runner.py:85} INFO - Job 401: Subtask extract_kalerkantho
[2023-11-25T21:41:29.122+0000] {task_command.py:416} INFO - Running <TaskInstance: ETL_Pipeline.extract_kalerkantho scheduled__2023-11-25T20:00:00+00:00 [running]> on host 4012deabc79b
[2023-11-25T21:41:29.221+0000] {taskinstance.py:1662} INFO - Exporting env vars: AIRFLOW_CTX_DAG_OWNER='***' AIRFLOW_CTX_DAG_ID='ETL_Pipeline' AIRFLOW_CTX_TASK_ID='extract_kalerkantho' AIRFLOW_CTX_EXECUTION_DATE='2023-11-25T20:00:00+00:00' AIRFLOW_CTX_TRY_NUMBER='1' AIRFLOW_CTX_DAG_RUN_ID='scheduled__2023-11-25T20:00:00+00:00'
[2023-11-25T21:41:30.282+0000] {extract.py:55} INFO - Extracted URLs from Kaler Kantho. Total URLs: 308
[2023-11-25T21:41:30.283+0000] {python.py:194} INFO - Done. Returned value was: None
[2023-11-25T21:41:30.290+0000] {taskinstance.py:1400} INFO - Marking task as SUCCESS. dag_id=ETL_Pipeline, task_id=extract_kalerkantho, execution_date=20231125T200000, start_date=20231125T214129, end_date=20231125T214130
[2023-11-25T21:41:30.313+0000] {local_task_job_runner.py:228} INFO - Task exited with return code 0
[2023-11-25T21:41:30.327+0000] {taskinstance.py:2778} INFO - 0 downstream tasks scheduled from follow-on schedule check
