[2023-08-05T14:02:05.181+0000] {taskinstance.py:1103} INFO - Dependencies all met for dep_context=non-requeueable deps ti=<TaskInstance: ETL_Pipeline.load_data scheduled__2023-08-05T13:00:00+00:00 [queued]>
[2023-08-05T14:02:05.191+0000] {taskinstance.py:1103} INFO - Dependencies all met for dep_context=requeueable deps ti=<TaskInstance: ETL_Pipeline.load_data scheduled__2023-08-05T13:00:00+00:00 [queued]>
[2023-08-05T14:02:05.191+0000] {taskinstance.py:1308} INFO - Starting attempt 1 of 2
[2023-08-05T14:02:05.205+0000] {taskinstance.py:1327} INFO - Executing <Task(PythonOperator): load_data> on 2023-08-05 13:00:00+00:00
[2023-08-05T14:02:05.212+0000] {standard_task_runner.py:57} INFO - Started process 85 to run task
[2023-08-05T14:02:05.215+0000] {standard_task_runner.py:84} INFO - Running: ['***', 'tasks', 'run', 'ETL_Pipeline', 'load_data', 'scheduled__2023-08-05T13:00:00+00:00', '--job-id', '4948', '--raw', '--subdir', 'DAGS_FOLDER/my_first_dag.py', '--cfg-path', '/tmp/tmpf3z9ir6g']
[2023-08-05T14:02:05.217+0000] {standard_task_runner.py:85} INFO - Job 4948: Subtask load_data
[2023-08-05T14:02:05.261+0000] {task_command.py:410} INFO - Running <TaskInstance: ETL_Pipeline.load_data scheduled__2023-08-05T13:00:00+00:00 [running]> on host 794dc2638f7c
[2023-08-05T14:02:05.364+0000] {taskinstance.py:1547} INFO - Exporting env vars: AIRFLOW_CTX_DAG_OWNER='***' AIRFLOW_CTX_DAG_ID='ETL_Pipeline' AIRFLOW_CTX_TASK_ID='load_data' AIRFLOW_CTX_EXECUTION_DATE='2023-08-05T13:00:00+00:00' AIRFLOW_CTX_TRY_NUMBER='1' AIRFLOW_CTX_DAG_RUN_ID='scheduled__2023-08-05T13:00:00+00:00'
[2023-08-05T14:02:05.366+0000] {my_first_dag.py:69} INFO - Data loaded into table 'scraped table' in the MySQL database.
[2023-08-05T14:02:05.366+0000] {python.py:183} INFO - Done. Returned value was: None
[2023-08-05T14:02:05.373+0000] {taskinstance.py:1350} INFO - Marking task as SUCCESS. dag_id=ETL_Pipeline, task_id=load_data, execution_date=20230805T130000, start_date=20230805T140205, end_date=20230805T140205
[2023-08-05T14:02:05.427+0000] {local_task_job_runner.py:225} INFO - Task exited with return code 0
[2023-08-05T14:02:05.441+0000] {taskinstance.py:2653} INFO - 0 downstream tasks scheduled from follow-on schedule check
[2023-08-05T14:12:47.749+0000] {taskinstance.py:1103} INFO - Dependencies all met for dep_context=non-requeueable deps ti=<TaskInstance: ETL_Pipeline.load_data scheduled__2023-08-05T13:00:00+00:00 [queued]>
[2023-08-05T14:12:47.762+0000] {taskinstance.py:1103} INFO - Dependencies all met for dep_context=requeueable deps ti=<TaskInstance: ETL_Pipeline.load_data scheduled__2023-08-05T13:00:00+00:00 [queued]>
[2023-08-05T14:12:47.763+0000] {taskinstance.py:1308} INFO - Starting attempt 1 of 2
[2023-08-05T14:12:47.784+0000] {taskinstance.py:1327} INFO - Executing <Task(PythonOperator): load_data> on 2023-08-05 13:00:00+00:00
[2023-08-05T14:12:47.793+0000] {standard_task_runner.py:57} INFO - Started process 93 to run task
[2023-08-05T14:12:47.797+0000] {standard_task_runner.py:84} INFO - Running: ['***', 'tasks', 'run', 'ETL_Pipeline', 'load_data', 'scheduled__2023-08-05T13:00:00+00:00', '--job-id', '4956', '--raw', '--subdir', 'DAGS_FOLDER/my_first_dag.py', '--cfg-path', '/tmp/tmpi2oav3kf']
[2023-08-05T14:12:47.799+0000] {standard_task_runner.py:85} INFO - Job 4956: Subtask load_data
[2023-08-05T14:12:47.848+0000] {task_command.py:410} INFO - Running <TaskInstance: ETL_Pipeline.load_data scheduled__2023-08-05T13:00:00+00:00 [running]> on host 48849dae508a
[2023-08-05T14:12:47.937+0000] {taskinstance.py:1547} INFO - Exporting env vars: AIRFLOW_CTX_DAG_OWNER='***' AIRFLOW_CTX_DAG_ID='ETL_Pipeline' AIRFLOW_CTX_TASK_ID='load_data' AIRFLOW_CTX_EXECUTION_DATE='2023-08-05T13:00:00+00:00' AIRFLOW_CTX_TRY_NUMBER='1' AIRFLOW_CTX_DAG_RUN_ID='scheduled__2023-08-05T13:00:00+00:00'
[2023-08-05T14:12:47.938+0000] {my_first_dag.py:69} INFO - Data loaded into table 'scraped table' in the MySQL database.
[2023-08-05T14:12:47.938+0000] {python.py:183} INFO - Done. Returned value was: None
[2023-08-05T14:12:47.949+0000] {taskinstance.py:1350} INFO - Marking task as SUCCESS. dag_id=ETL_Pipeline, task_id=load_data, execution_date=20230805T130000, start_date=20230805T141247, end_date=20230805T141247
[2023-08-05T14:12:47.970+0000] {local_task_job_runner.py:225} INFO - Task exited with return code 0
[2023-08-05T14:12:47.987+0000] {taskinstance.py:2653} INFO - 0 downstream tasks scheduled from follow-on schedule check
[2023-08-05T14:14:45.994+0000] {taskinstance.py:1103} INFO - Dependencies all met for dep_context=non-requeueable deps ti=<TaskInstance: ETL_Pipeline.load_data scheduled__2023-08-05T13:00:00+00:00 [queued]>
[2023-08-05T14:14:46.007+0000] {taskinstance.py:1103} INFO - Dependencies all met for dep_context=requeueable deps ti=<TaskInstance: ETL_Pipeline.load_data scheduled__2023-08-05T13:00:00+00:00 [queued]>
[2023-08-05T14:14:46.007+0000] {taskinstance.py:1308} INFO - Starting attempt 1 of 2
[2023-08-05T14:14:46.025+0000] {taskinstance.py:1327} INFO - Executing <Task(PythonOperator): load_data> on 2023-08-05 13:00:00+00:00
[2023-08-05T14:14:46.033+0000] {standard_task_runner.py:57} INFO - Started process 136 to run task
[2023-08-05T14:14:46.035+0000] {standard_task_runner.py:84} INFO - Running: ['***', 'tasks', 'run', 'ETL_Pipeline', 'load_data', 'scheduled__2023-08-05T13:00:00+00:00', '--job-id', '4961', '--raw', '--subdir', 'DAGS_FOLDER/my_first_dag.py', '--cfg-path', '/tmp/tmp0fz1qdz6']
[2023-08-05T14:14:46.037+0000] {standard_task_runner.py:85} INFO - Job 4961: Subtask load_data
[2023-08-05T14:14:46.082+0000] {task_command.py:410} INFO - Running <TaskInstance: ETL_Pipeline.load_data scheduled__2023-08-05T13:00:00+00:00 [running]> on host 48849dae508a
[2023-08-05T14:14:46.159+0000] {taskinstance.py:1547} INFO - Exporting env vars: AIRFLOW_CTX_DAG_OWNER='***' AIRFLOW_CTX_DAG_ID='ETL_Pipeline' AIRFLOW_CTX_TASK_ID='load_data' AIRFLOW_CTX_EXECUTION_DATE='2023-08-05T13:00:00+00:00' AIRFLOW_CTX_TRY_NUMBER='1' AIRFLOW_CTX_DAG_RUN_ID='scheduled__2023-08-05T13:00:00+00:00'
[2023-08-05T14:14:46.160+0000] {my_first_dag.py:69} INFO - Data loaded into table 'scraped table' in the MySQL database.
[2023-08-05T14:14:46.161+0000] {python.py:183} INFO - Done. Returned value was: None
[2023-08-05T14:14:46.167+0000] {taskinstance.py:1350} INFO - Marking task as SUCCESS. dag_id=ETL_Pipeline, task_id=load_data, execution_date=20230805T130000, start_date=20230805T141445, end_date=20230805T141446
[2023-08-05T14:14:46.207+0000] {local_task_job_runner.py:225} INFO - Task exited with return code 0
[2023-08-05T14:14:46.228+0000] {taskinstance.py:2653} INFO - 0 downstream tasks scheduled from follow-on schedule check
