[2023-08-07T13:00:07.693+0000] {taskinstance.py:1103} INFO - Dependencies all met for dep_context=non-requeueable deps ti=<TaskInstance: ETL_Pipeline.transform_data scheduled__2023-08-07T12:00:00+00:00 [queued]>
[2023-08-07T13:00:07.717+0000] {taskinstance.py:1103} INFO - Dependencies all met for dep_context=requeueable deps ti=<TaskInstance: ETL_Pipeline.transform_data scheduled__2023-08-07T12:00:00+00:00 [queued]>
[2023-08-07T13:00:07.718+0000] {taskinstance.py:1308} INFO - Starting attempt 1 of 2
[2023-08-07T13:00:07.759+0000] {taskinstance.py:1327} INFO - Executing <Task(PythonOperator): transform_data> on 2023-08-07 12:00:00+00:00
[2023-08-07T13:00:07.767+0000] {standard_task_runner.py:57} INFO - Started process 146 to run task
[2023-08-07T13:00:07.770+0000] {standard_task_runner.py:84} INFO - Running: ['***', 'tasks', 'run', 'ETL_Pipeline', 'transform_data', 'scheduled__2023-08-07T12:00:00+00:00', '--job-id', '5019', '--raw', '--subdir', 'DAGS_FOLDER/my_first_dag.py', '--cfg-path', '/tmp/tmp07ek2h07']
[2023-08-07T13:00:07.773+0000] {standard_task_runner.py:85} INFO - Job 5019: Subtask transform_data
[2023-08-07T13:00:07.880+0000] {task_command.py:410} INFO - Running <TaskInstance: ETL_Pipeline.transform_data scheduled__2023-08-07T12:00:00+00:00 [running]> on host 48849dae508a
[2023-08-07T13:00:08.080+0000] {taskinstance.py:1547} INFO - Exporting env vars: AIRFLOW_CTX_DAG_OWNER='***' AIRFLOW_CTX_DAG_ID='ETL_Pipeline' AIRFLOW_CTX_TASK_ID='transform_data' AIRFLOW_CTX_EXECUTION_DATE='2023-08-07T12:00:00+00:00' AIRFLOW_CTX_TRY_NUMBER='1' AIRFLOW_CTX_DAG_RUN_ID='scheduled__2023-08-07T12:00:00+00:00'
[2023-08-07T13:00:08.092+0000] {logging_mixin.py:150} WARNING - Scraping Progress:   0%|          | 0/10 [00:00<?, ?it/s]
[2023-08-07T13:00:08.785+0000] {logging_mixin.py:150} WARNING - Scraping Progress:  10%|#         | 1/10 [00:00<00:06,  1.44it/s]
[2023-08-07T13:00:10.726+0000] {logging_mixin.py:150} WARNING - Scraping Progress:  20%|##        | 2/10 [00:02<00:11,  1.43s/it]
[2023-08-07T13:00:12.497+0000] {logging_mixin.py:150} WARNING - Scraping Progress:  30%|###       | 3/10 [00:04<00:11,  1.58s/it]
[2023-08-07T13:00:13.532+0000] {logging_mixin.py:150} WARNING - Scraping Progress:  40%|####      | 4/10 [00:05<00:08,  1.37s/it]
[2023-08-07T13:00:14.389+0000] {logging_mixin.py:150} WARNING - Scraping Progress:  50%|#####     | 5/10 [00:06<00:05,  1.18s/it]
[2023-08-07T13:00:15.462+0000] {logging_mixin.py:150} WARNING - Scraping Progress:  60%|######    | 6/10 [00:07<00:04,  1.15s/it]
[2023-08-07T13:00:16.163+0000] {logging_mixin.py:150} WARNING - Scraping Progress:  70%|#######   | 7/10 [00:08<00:03,  1.00s/it]
[2023-08-07T13:00:17.188+0000] {logging_mixin.py:150} WARNING - Scraping Progress:  80%|########  | 8/10 [00:09<00:02,  1.01s/it]
[2023-08-07T13:00:17.992+0000] {logging_mixin.py:150} WARNING - Scraping Progress:  90%|######### | 9/10 [00:09<00:00,  1.06it/s]
[2023-08-07T13:00:19.687+0000] {logging_mixin.py:150} WARNING - Scraping Progress: 100%|##########| 10/10 [00:11<00:00,  1.18s/it]
[2023-08-07T13:00:19.687+0000] {logging_mixin.py:150} WARNING - Scraping Progress: 100%|##########| 10/10 [00:11<00:00,  1.16s/it]
[2023-08-07T13:00:19.695+0000] {my_first_dag.py:45} INFO - Data is scraped and saved as a CSV file.
[2023-08-07T13:00:19.696+0000] {python.py:183} INFO - Done. Returned value was: dags/data/scraped_data.csv
[2023-08-07T13:00:19.723+0000] {taskinstance.py:1350} INFO - Marking task as SUCCESS. dag_id=ETL_Pipeline, task_id=transform_data, execution_date=20230807T120000, start_date=20230807T130007, end_date=20230807T130019
[2023-08-07T13:00:19.772+0000] {local_task_job_runner.py:225} INFO - Task exited with return code 0
[2023-08-07T13:00:19.809+0000] {taskinstance.py:2653} INFO - 1 downstream tasks scheduled from follow-on schedule check
