[2023-08-01T14:24:02.852+0000] {taskinstance.py:1103} INFO - Dependencies all met for dep_context=non-requeueable deps ti=<TaskInstance: ETL_Pipeline.transform_data scheduled__2023-08-01T14:23:00+00:00 [queued]>
[2023-08-01T14:24:02.860+0000] {taskinstance.py:1103} INFO - Dependencies all met for dep_context=requeueable deps ti=<TaskInstance: ETL_Pipeline.transform_data scheduled__2023-08-01T14:23:00+00:00 [queued]>
[2023-08-01T14:24:02.860+0000] {taskinstance.py:1308} INFO - Starting attempt 1 of 2
[2023-08-01T14:24:02.873+0000] {taskinstance.py:1327} INFO - Executing <Task(PythonOperator): transform_data> on 2023-08-01 14:23:00+00:00
[2023-08-01T14:24:02.881+0000] {standard_task_runner.py:57} INFO - Started process 975 to run task
[2023-08-01T14:24:02.883+0000] {standard_task_runner.py:84} INFO - Running: ['***', 'tasks', 'run', 'ETL_Pipeline', 'transform_data', 'scheduled__2023-08-01T14:23:00+00:00', '--job-id', '4784', '--raw', '--subdir', 'DAGS_FOLDER/my_first_dag.py', '--cfg-path', '/tmp/tmpre7nqytv']
[2023-08-01T14:24:02.884+0000] {standard_task_runner.py:85} INFO - Job 4784: Subtask transform_data
[2023-08-01T14:24:02.920+0000] {task_command.py:410} INFO - Running <TaskInstance: ETL_Pipeline.transform_data scheduled__2023-08-01T14:23:00+00:00 [running]> on host 794dc2638f7c
[2023-08-01T14:24:03.001+0000] {taskinstance.py:1547} INFO - Exporting env vars: AIRFLOW_CTX_DAG_OWNER='***' AIRFLOW_CTX_DAG_ID='ETL_Pipeline' AIRFLOW_CTX_TASK_ID='transform_data' AIRFLOW_CTX_EXECUTION_DATE='2023-08-01T14:23:00+00:00' AIRFLOW_CTX_TRY_NUMBER='1' AIRFLOW_CTX_DAG_RUN_ID='scheduled__2023-08-01T14:23:00+00:00'
[2023-08-01T14:24:03.005+0000] {logging_mixin.py:150} WARNING - Scraping Progress:   0%|          | 0/10 [00:00<?, ?it/s]
[2023-08-01T14:24:04.421+0000] {logging_mixin.py:150} WARNING - Scraping Progress:  10%|#         | 1/10 [00:01<00:12,  1.42s/it]
[2023-08-01T14:24:06.294+0000] {logging_mixin.py:150} WARNING - Scraping Progress:  20%|##        | 2/10 [00:03<00:13,  1.68s/it]
[2023-08-01T14:24:07.524+0000] {logging_mixin.py:150} WARNING - Scraping Progress:  30%|###       | 3/10 [00:04<00:10,  1.48s/it]
[2023-08-01T14:24:08.647+0000] {logging_mixin.py:150} WARNING - Scraping Progress:  40%|####      | 4/10 [00:05<00:08,  1.34s/it]
[2023-08-01T14:24:10.186+0000] {logging_mixin.py:150} WARNING - Scraping Progress:  50%|#####     | 5/10 [00:07<00:07,  1.41s/it]
[2023-08-01T14:24:11.171+0000] {logging_mixin.py:150} WARNING - Scraping Progress:  60%|######    | 6/10 [00:08<00:05,  1.27s/it]
[2023-08-01T14:24:13.637+0000] {logging_mixin.py:150} WARNING - Scraping Progress:  70%|#######   | 7/10 [00:10<00:04,  1.66s/it]
[2023-08-01T14:24:14.315+0000] {logging_mixin.py:150} WARNING - Scraping Progress:  80%|########  | 8/10 [00:11<00:02,  1.35s/it]
[2023-08-01T14:24:14.555+0000] {logging_mixin.py:150} WARNING - Scraping Progress:  90%|######### | 9/10 [00:11<00:01,  1.00s/it]
[2023-08-01T14:24:16.847+0000] {logging_mixin.py:150} WARNING - Scraping Progress: 100%|##########| 10/10 [00:13<00:00,  1.40s/it]
[2023-08-01T14:24:16.847+0000] {logging_mixin.py:150} WARNING - Scraping Progress: 100%|##########| 10/10 [00:13<00:00,  1.38s/it]
[2023-08-01T14:24:16.850+0000] {my_first_dag.py:45} INFO - Data is scraped and saved as a CSV file.
[2023-08-01T14:24:16.850+0000] {python.py:183} INFO - Done. Returned value was: dags/data/scraped_data.csv
[2023-08-01T14:24:16.870+0000] {taskinstance.py:1350} INFO - Marking task as SUCCESS. dag_id=ETL_Pipeline, task_id=transform_data, execution_date=20230801T142300, start_date=20230801T142402, end_date=20230801T142416
[2023-08-01T14:24:16.907+0000] {local_task_job_runner.py:225} INFO - Task exited with return code 0
[2023-08-01T14:24:16.931+0000] {taskinstance.py:2653} INFO - 1 downstream tasks scheduled from follow-on schedule check
