[2023-11-25T21:19:35.891+0000] {processor.py:157} INFO - Started process (PID=411) to work on /opt/airflow/dags/utils/helper.py
[2023-11-25T21:19:35.892+0000] {processor.py:829} INFO - Processing file /opt/airflow/dags/utils/helper.py for tasks to queue
[2023-11-25T21:19:35.892+0000] {logging_mixin.py:154} INFO - [2023-11-25T21:19:35.892+0000] {dagbag.py:536} INFO - Filling up the DagBag from /opt/airflow/dags/utils/helper.py
[2023-11-25T21:19:36.393+0000] {logging_mixin.py:154} INFO - [2023-11-25T21:19:36.392+0000] {dagbag.py:346} ERROR - Failed to import: /opt/airflow/dags/utils/helper.py
Traceback (most recent call last):
  File "/home/airflow/.local/lib/python3.8/site-packages/airflow/models/dagbag.py", line 342, in parse
    loader.exec_module(new_module)
  File "<frozen importlib._bootstrap_external>", line 843, in exec_module
  File "<frozen importlib._bootstrap>", line 219, in _call_with_frames_removed
  File "/opt/airflow/dags/utils/helper.py", line 8, in <module>
    from airflow.operators.google.transfers import GoogleCloudStorageUploadOperator
ModuleNotFoundError: No module named 'airflow.operators.google'
[2023-11-25T21:19:36.393+0000] {processor.py:841} WARNING - No viable dags retrieved from /opt/airflow/dags/utils/helper.py
[2023-11-25T21:19:36.405+0000] {processor.py:179} INFO - Processing /opt/airflow/dags/utils/helper.py took 0.516 seconds
[2023-11-25T21:20:06.522+0000] {processor.py:157} INFO - Started process (PID=422) to work on /opt/airflow/dags/utils/helper.py
[2023-11-25T21:20:06.524+0000] {processor.py:829} INFO - Processing file /opt/airflow/dags/utils/helper.py for tasks to queue
[2023-11-25T21:20:06.525+0000] {logging_mixin.py:154} INFO - [2023-11-25T21:20:06.524+0000] {dagbag.py:536} INFO - Filling up the DagBag from /opt/airflow/dags/utils/helper.py
[2023-11-25T21:20:07.032+0000] {logging_mixin.py:154} INFO - [2023-11-25T21:20:07.031+0000] {dagbag.py:346} ERROR - Failed to import: /opt/airflow/dags/utils/helper.py
Traceback (most recent call last):
  File "/home/airflow/.local/lib/python3.8/site-packages/airflow/models/dagbag.py", line 342, in parse
    loader.exec_module(new_module)
  File "<frozen importlib._bootstrap_external>", line 843, in exec_module
  File "<frozen importlib._bootstrap>", line 219, in _call_with_frames_removed
  File "/opt/airflow/dags/utils/helper.py", line 8, in <module>
    from airflow.operators.google.transfers import GoogleCloudStorageUploadOperator
ModuleNotFoundError: No module named 'airflow.operators.google'
[2023-11-25T21:20:07.033+0000] {processor.py:841} WARNING - No viable dags retrieved from /opt/airflow/dags/utils/helper.py
[2023-11-25T21:20:07.047+0000] {processor.py:179} INFO - Processing /opt/airflow/dags/utils/helper.py took 0.527 seconds
[2023-11-25T21:20:37.648+0000] {processor.py:157} INFO - Started process (PID=434) to work on /opt/airflow/dags/utils/helper.py
[2023-11-25T21:20:37.649+0000] {processor.py:829} INFO - Processing file /opt/airflow/dags/utils/helper.py for tasks to queue
[2023-11-25T21:20:37.649+0000] {logging_mixin.py:154} INFO - [2023-11-25T21:20:37.649+0000] {dagbag.py:536} INFO - Filling up the DagBag from /opt/airflow/dags/utils/helper.py
[2023-11-25T21:20:38.158+0000] {logging_mixin.py:154} INFO - [2023-11-25T21:20:38.157+0000] {dagbag.py:346} ERROR - Failed to import: /opt/airflow/dags/utils/helper.py
Traceback (most recent call last):
  File "/home/airflow/.local/lib/python3.8/site-packages/airflow/models/dagbag.py", line 342, in parse
    loader.exec_module(new_module)
  File "<frozen importlib._bootstrap_external>", line 843, in exec_module
  File "<frozen importlib._bootstrap>", line 219, in _call_with_frames_removed
  File "/opt/airflow/dags/utils/helper.py", line 8, in <module>
    from airflow.operators.google.transfers import GoogleCloudStorageUploadOperator
ModuleNotFoundError: No module named 'airflow.operators.google'
[2023-11-25T21:20:38.158+0000] {processor.py:841} WARNING - No viable dags retrieved from /opt/airflow/dags/utils/helper.py
[2023-11-25T21:20:38.173+0000] {processor.py:179} INFO - Processing /opt/airflow/dags/utils/helper.py took 0.528 seconds
[2023-11-25T21:21:08.317+0000] {processor.py:157} INFO - Started process (PID=445) to work on /opt/airflow/dags/utils/helper.py
[2023-11-25T21:21:08.318+0000] {processor.py:829} INFO - Processing file /opt/airflow/dags/utils/helper.py for tasks to queue
[2023-11-25T21:21:08.318+0000] {logging_mixin.py:154} INFO - [2023-11-25T21:21:08.318+0000] {dagbag.py:536} INFO - Filling up the DagBag from /opt/airflow/dags/utils/helper.py
[2023-11-25T21:21:08.825+0000] {logging_mixin.py:154} INFO - [2023-11-25T21:21:08.825+0000] {dagbag.py:346} ERROR - Failed to import: /opt/airflow/dags/utils/helper.py
Traceback (most recent call last):
  File "/home/airflow/.local/lib/python3.8/site-packages/airflow/models/dagbag.py", line 342, in parse
    loader.exec_module(new_module)
  File "<frozen importlib._bootstrap_external>", line 843, in exec_module
  File "<frozen importlib._bootstrap>", line 219, in _call_with_frames_removed
  File "/opt/airflow/dags/utils/helper.py", line 8, in <module>
    from airflow.operators.google.transfers import GoogleCloudStorageUploadOperator
ModuleNotFoundError: No module named 'airflow.operators.google'
[2023-11-25T21:21:08.826+0000] {processor.py:841} WARNING - No viable dags retrieved from /opt/airflow/dags/utils/helper.py
[2023-11-25T21:21:08.841+0000] {processor.py:179} INFO - Processing /opt/airflow/dags/utils/helper.py took 0.526 seconds
[2023-11-25T21:21:38.970+0000] {processor.py:157} INFO - Started process (PID=456) to work on /opt/airflow/dags/utils/helper.py
[2023-11-25T21:21:38.972+0000] {processor.py:829} INFO - Processing file /opt/airflow/dags/utils/helper.py for tasks to queue
[2023-11-25T21:21:38.972+0000] {logging_mixin.py:154} INFO - [2023-11-25T21:21:38.972+0000] {dagbag.py:536} INFO - Filling up the DagBag from /opt/airflow/dags/utils/helper.py
[2023-11-25T21:21:39.480+0000] {logging_mixin.py:154} INFO - [2023-11-25T21:21:39.479+0000] {dagbag.py:346} ERROR - Failed to import: /opt/airflow/dags/utils/helper.py
Traceback (most recent call last):
  File "/home/airflow/.local/lib/python3.8/site-packages/airflow/models/dagbag.py", line 342, in parse
    loader.exec_module(new_module)
  File "<frozen importlib._bootstrap_external>", line 843, in exec_module
  File "<frozen importlib._bootstrap>", line 219, in _call_with_frames_removed
  File "/opt/airflow/dags/utils/helper.py", line 8, in <module>
    from airflow.operators.google.transfers import GoogleCloudStorageUploadOperator
ModuleNotFoundError: No module named 'airflow.operators.google'
[2023-11-25T21:21:39.480+0000] {processor.py:841} WARNING - No viable dags retrieved from /opt/airflow/dags/utils/helper.py
[2023-11-25T21:21:39.491+0000] {processor.py:179} INFO - Processing /opt/airflow/dags/utils/helper.py took 0.523 seconds
[2023-11-25T21:22:09.650+0000] {processor.py:157} INFO - Started process (PID=467) to work on /opt/airflow/dags/utils/helper.py
[2023-11-25T21:22:09.651+0000] {processor.py:829} INFO - Processing file /opt/airflow/dags/utils/helper.py for tasks to queue
[2023-11-25T21:22:09.652+0000] {logging_mixin.py:154} INFO - [2023-11-25T21:22:09.651+0000] {dagbag.py:536} INFO - Filling up the DagBag from /opt/airflow/dags/utils/helper.py
[2023-11-25T21:22:10.158+0000] {logging_mixin.py:154} INFO - [2023-11-25T21:22:10.157+0000] {dagbag.py:346} ERROR - Failed to import: /opt/airflow/dags/utils/helper.py
Traceback (most recent call last):
  File "/home/airflow/.local/lib/python3.8/site-packages/airflow/models/dagbag.py", line 342, in parse
    loader.exec_module(new_module)
  File "<frozen importlib._bootstrap_external>", line 843, in exec_module
  File "<frozen importlib._bootstrap>", line 219, in _call_with_frames_removed
  File "/opt/airflow/dags/utils/helper.py", line 8, in <module>
    from airflow.operators.google.transfers import GoogleCloudStorageUploadOperator
ModuleNotFoundError: No module named 'airflow.operators.google'
[2023-11-25T21:22:10.158+0000] {processor.py:841} WARNING - No viable dags retrieved from /opt/airflow/dags/utils/helper.py
[2023-11-25T21:22:10.170+0000] {processor.py:179} INFO - Processing /opt/airflow/dags/utils/helper.py took 0.523 seconds
[2023-11-25T21:22:40.301+0000] {processor.py:157} INFO - Started process (PID=478) to work on /opt/airflow/dags/utils/helper.py
[2023-11-25T21:22:40.302+0000] {processor.py:829} INFO - Processing file /opt/airflow/dags/utils/helper.py for tasks to queue
[2023-11-25T21:22:40.303+0000] {logging_mixin.py:154} INFO - [2023-11-25T21:22:40.303+0000] {dagbag.py:536} INFO - Filling up the DagBag from /opt/airflow/dags/utils/helper.py
[2023-11-25T21:22:40.834+0000] {logging_mixin.py:154} INFO - [2023-11-25T21:22:40.833+0000] {dagbag.py:346} ERROR - Failed to import: /opt/airflow/dags/utils/helper.py
Traceback (most recent call last):
  File "/home/airflow/.local/lib/python3.8/site-packages/airflow/models/dagbag.py", line 342, in parse
    loader.exec_module(new_module)
  File "<frozen importlib._bootstrap_external>", line 843, in exec_module
  File "<frozen importlib._bootstrap>", line 219, in _call_with_frames_removed
  File "/opt/airflow/dags/utils/helper.py", line 8, in <module>
    from airflow.operators.google.transfers import GoogleCloudStorageUploadOperator
ModuleNotFoundError: No module named 'airflow.operators.google'
[2023-11-25T21:22:40.834+0000] {processor.py:841} WARNING - No viable dags retrieved from /opt/airflow/dags/utils/helper.py
[2023-11-25T21:22:40.850+0000] {processor.py:179} INFO - Processing /opt/airflow/dags/utils/helper.py took 0.552 seconds
[2023-11-25T21:23:10.935+0000] {processor.py:157} INFO - Started process (PID=489) to work on /opt/airflow/dags/utils/helper.py
[2023-11-25T21:23:10.937+0000] {processor.py:829} INFO - Processing file /opt/airflow/dags/utils/helper.py for tasks to queue
[2023-11-25T21:23:10.937+0000] {logging_mixin.py:154} INFO - [2023-11-25T21:23:10.937+0000] {dagbag.py:536} INFO - Filling up the DagBag from /opt/airflow/dags/utils/helper.py
[2023-11-25T21:23:11.464+0000] {logging_mixin.py:154} INFO - [2023-11-25T21:23:11.463+0000] {dagbag.py:346} ERROR - Failed to import: /opt/airflow/dags/utils/helper.py
Traceback (most recent call last):
  File "/home/airflow/.local/lib/python3.8/site-packages/airflow/models/dagbag.py", line 342, in parse
    loader.exec_module(new_module)
  File "<frozen importlib._bootstrap_external>", line 843, in exec_module
  File "<frozen importlib._bootstrap>", line 219, in _call_with_frames_removed
  File "/opt/airflow/dags/utils/helper.py", line 8, in <module>
    from airflow.operators.google.transfers import GoogleCloudStorageUploadOperator
ModuleNotFoundError: No module named 'airflow.operators.google'
[2023-11-25T21:23:11.465+0000] {processor.py:841} WARNING - No viable dags retrieved from /opt/airflow/dags/utils/helper.py
[2023-11-25T21:23:11.476+0000] {processor.py:179} INFO - Processing /opt/airflow/dags/utils/helper.py took 0.543 seconds
[2023-11-25T21:23:41.613+0000] {processor.py:157} INFO - Started process (PID=500) to work on /opt/airflow/dags/utils/helper.py
[2023-11-25T21:23:41.615+0000] {processor.py:829} INFO - Processing file /opt/airflow/dags/utils/helper.py for tasks to queue
[2023-11-25T21:23:41.615+0000] {logging_mixin.py:154} INFO - [2023-11-25T21:23:41.615+0000] {dagbag.py:536} INFO - Filling up the DagBag from /opt/airflow/dags/utils/helper.py
[2023-11-25T21:23:42.090+0000] {logging_mixin.py:154} INFO - [2023-11-25T21:23:42.089+0000] {dagbag.py:346} ERROR - Failed to import: /opt/airflow/dags/utils/helper.py
Traceback (most recent call last):
  File "/home/airflow/.local/lib/python3.8/site-packages/airflow/models/dagbag.py", line 342, in parse
    loader.exec_module(new_module)
  File "<frozen importlib._bootstrap_external>", line 843, in exec_module
  File "<frozen importlib._bootstrap>", line 219, in _call_with_frames_removed
  File "/opt/airflow/dags/utils/helper.py", line 8, in <module>
    from airflow.operators.google.transfers import GoogleCloudStorageUploadOperator
ModuleNotFoundError: No module named 'airflow.operators.google'
[2023-11-25T21:23:42.090+0000] {processor.py:841} WARNING - No viable dags retrieved from /opt/airflow/dags/utils/helper.py
[2023-11-25T21:23:42.101+0000] {processor.py:179} INFO - Processing /opt/airflow/dags/utils/helper.py took 0.492 seconds
[2023-11-25T21:24:12.748+0000] {processor.py:157} INFO - Started process (PID=511) to work on /opt/airflow/dags/utils/helper.py
[2023-11-25T21:24:12.749+0000] {processor.py:829} INFO - Processing file /opt/airflow/dags/utils/helper.py for tasks to queue
[2023-11-25T21:24:12.749+0000] {logging_mixin.py:154} INFO - [2023-11-25T21:24:12.749+0000] {dagbag.py:536} INFO - Filling up the DagBag from /opt/airflow/dags/utils/helper.py
[2023-11-25T21:24:13.241+0000] {logging_mixin.py:154} INFO - [2023-11-25T21:24:13.240+0000] {dagbag.py:346} ERROR - Failed to import: /opt/airflow/dags/utils/helper.py
Traceback (most recent call last):
  File "/home/airflow/.local/lib/python3.8/site-packages/airflow/models/dagbag.py", line 342, in parse
    loader.exec_module(new_module)
  File "<frozen importlib._bootstrap_external>", line 843, in exec_module
  File "<frozen importlib._bootstrap>", line 219, in _call_with_frames_removed
  File "/opt/airflow/dags/utils/helper.py", line 8, in <module>
    from airflow.operators.google.transfers import GoogleCloudStorageUploadOperator
ModuleNotFoundError: No module named 'airflow.operators.google'
[2023-11-25T21:24:13.242+0000] {processor.py:841} WARNING - No viable dags retrieved from /opt/airflow/dags/utils/helper.py
[2023-11-25T21:24:13.254+0000] {processor.py:179} INFO - Processing /opt/airflow/dags/utils/helper.py took 0.510 seconds
[2023-11-25T21:24:43.389+0000] {processor.py:157} INFO - Started process (PID=522) to work on /opt/airflow/dags/utils/helper.py
[2023-11-25T21:24:43.390+0000] {processor.py:829} INFO - Processing file /opt/airflow/dags/utils/helper.py for tasks to queue
[2023-11-25T21:24:43.390+0000] {logging_mixin.py:154} INFO - [2023-11-25T21:24:43.390+0000] {dagbag.py:536} INFO - Filling up the DagBag from /opt/airflow/dags/utils/helper.py
[2023-11-25T21:24:43.920+0000] {logging_mixin.py:154} INFO - [2023-11-25T21:24:43.919+0000] {dagbag.py:346} ERROR - Failed to import: /opt/airflow/dags/utils/helper.py
Traceback (most recent call last):
  File "/home/airflow/.local/lib/python3.8/site-packages/airflow/models/dagbag.py", line 342, in parse
    loader.exec_module(new_module)
  File "<frozen importlib._bootstrap_external>", line 843, in exec_module
  File "<frozen importlib._bootstrap>", line 219, in _call_with_frames_removed
  File "/opt/airflow/dags/utils/helper.py", line 8, in <module>
    from airflow.operators.google.transfers import GoogleCloudStorageUploadOperator
ModuleNotFoundError: No module named 'airflow.operators.google'
[2023-11-25T21:24:43.920+0000] {processor.py:841} WARNING - No viable dags retrieved from /opt/airflow/dags/utils/helper.py
[2023-11-25T21:24:43.934+0000] {processor.py:179} INFO - Processing /opt/airflow/dags/utils/helper.py took 0.547 seconds
[2023-11-25T21:25:14.057+0000] {processor.py:157} INFO - Started process (PID=533) to work on /opt/airflow/dags/utils/helper.py
[2023-11-25T21:25:14.058+0000] {processor.py:829} INFO - Processing file /opt/airflow/dags/utils/helper.py for tasks to queue
[2023-11-25T21:25:14.058+0000] {logging_mixin.py:154} INFO - [2023-11-25T21:25:14.058+0000] {dagbag.py:536} INFO - Filling up the DagBag from /opt/airflow/dags/utils/helper.py
[2023-11-25T21:25:14.553+0000] {logging_mixin.py:154} INFO - [2023-11-25T21:25:14.552+0000] {dagbag.py:346} ERROR - Failed to import: /opt/airflow/dags/utils/helper.py
Traceback (most recent call last):
  File "/home/airflow/.local/lib/python3.8/site-packages/airflow/models/dagbag.py", line 342, in parse
    loader.exec_module(new_module)
  File "<frozen importlib._bootstrap_external>", line 843, in exec_module
  File "<frozen importlib._bootstrap>", line 219, in _call_with_frames_removed
  File "/opt/airflow/dags/utils/helper.py", line 8, in <module>
    from airflow.operators.google.transfers import GoogleCloudStorageUploadOperator
ModuleNotFoundError: No module named 'airflow.operators.google'
[2023-11-25T21:25:14.553+0000] {processor.py:841} WARNING - No viable dags retrieved from /opt/airflow/dags/utils/helper.py
[2023-11-25T21:25:14.565+0000] {processor.py:179} INFO - Processing /opt/airflow/dags/utils/helper.py took 0.512 seconds
[2023-11-25T21:25:44.709+0000] {processor.py:157} INFO - Started process (PID=544) to work on /opt/airflow/dags/utils/helper.py
[2023-11-25T21:25:44.711+0000] {processor.py:829} INFO - Processing file /opt/airflow/dags/utils/helper.py for tasks to queue
[2023-11-25T21:25:44.711+0000] {logging_mixin.py:154} INFO - [2023-11-25T21:25:44.711+0000] {dagbag.py:536} INFO - Filling up the DagBag from /opt/airflow/dags/utils/helper.py
[2023-11-25T21:25:45.207+0000] {logging_mixin.py:154} INFO - [2023-11-25T21:25:45.205+0000] {dagbag.py:346} ERROR - Failed to import: /opt/airflow/dags/utils/helper.py
Traceback (most recent call last):
  File "/home/airflow/.local/lib/python3.8/site-packages/airflow/models/dagbag.py", line 342, in parse
    loader.exec_module(new_module)
  File "<frozen importlib._bootstrap_external>", line 843, in exec_module
  File "<frozen importlib._bootstrap>", line 219, in _call_with_frames_removed
  File "/opt/airflow/dags/utils/helper.py", line 8, in <module>
    from airflow.operators.google.transfers import GoogleCloudStorageUploadOperator
ModuleNotFoundError: No module named 'airflow.operators.google'
[2023-11-25T21:25:45.207+0000] {processor.py:841} WARNING - No viable dags retrieved from /opt/airflow/dags/utils/helper.py
[2023-11-25T21:25:45.222+0000] {processor.py:179} INFO - Processing /opt/airflow/dags/utils/helper.py took 0.515 seconds
[2023-11-25T21:26:15.378+0000] {processor.py:157} INFO - Started process (PID=556) to work on /opt/airflow/dags/utils/helper.py
[2023-11-25T21:26:15.380+0000] {processor.py:829} INFO - Processing file /opt/airflow/dags/utils/helper.py for tasks to queue
[2023-11-25T21:26:15.381+0000] {logging_mixin.py:154} INFO - [2023-11-25T21:26:15.381+0000] {dagbag.py:536} INFO - Filling up the DagBag from /opt/airflow/dags/utils/helper.py
[2023-11-25T21:26:15.838+0000] {logging_mixin.py:154} INFO - [2023-11-25T21:26:15.837+0000] {dagbag.py:346} ERROR - Failed to import: /opt/airflow/dags/utils/helper.py
Traceback (most recent call last):
  File "/home/airflow/.local/lib/python3.8/site-packages/airflow/models/dagbag.py", line 342, in parse
    loader.exec_module(new_module)
  File "<frozen importlib._bootstrap_external>", line 843, in exec_module
  File "<frozen importlib._bootstrap>", line 219, in _call_with_frames_removed
  File "/opt/airflow/dags/utils/helper.py", line 8, in <module>
    from airflow.operators.google.transfers import GoogleCloudStorageUploadOperator
ModuleNotFoundError: No module named 'airflow.operators.google'
[2023-11-25T21:26:15.838+0000] {processor.py:841} WARNING - No viable dags retrieved from /opt/airflow/dags/utils/helper.py
[2023-11-25T21:26:15.850+0000] {processor.py:179} INFO - Processing /opt/airflow/dags/utils/helper.py took 0.477 seconds
[2023-11-25T21:26:46.010+0000] {processor.py:157} INFO - Started process (PID=567) to work on /opt/airflow/dags/utils/helper.py
[2023-11-25T21:26:46.011+0000] {processor.py:829} INFO - Processing file /opt/airflow/dags/utils/helper.py for tasks to queue
[2023-11-25T21:26:46.012+0000] {logging_mixin.py:154} INFO - [2023-11-25T21:26:46.011+0000] {dagbag.py:536} INFO - Filling up the DagBag from /opt/airflow/dags/utils/helper.py
[2023-11-25T21:26:46.468+0000] {logging_mixin.py:154} INFO - [2023-11-25T21:26:46.467+0000] {dagbag.py:346} ERROR - Failed to import: /opt/airflow/dags/utils/helper.py
Traceback (most recent call last):
  File "/home/airflow/.local/lib/python3.8/site-packages/airflow/models/dagbag.py", line 342, in parse
    loader.exec_module(new_module)
  File "<frozen importlib._bootstrap_external>", line 843, in exec_module
  File "<frozen importlib._bootstrap>", line 219, in _call_with_frames_removed
  File "/opt/airflow/dags/utils/helper.py", line 8, in <module>
    from airflow.operators.google.transfers import GoogleCloudStorageUploadOperator
ModuleNotFoundError: No module named 'airflow.operators.google'
[2023-11-25T21:26:46.469+0000] {processor.py:841} WARNING - No viable dags retrieved from /opt/airflow/dags/utils/helper.py
[2023-11-25T21:26:46.480+0000] {processor.py:179} INFO - Processing /opt/airflow/dags/utils/helper.py took 0.472 seconds
[2023-11-25T21:27:16.628+0000] {processor.py:157} INFO - Started process (PID=578) to work on /opt/airflow/dags/utils/helper.py
[2023-11-25T21:27:16.629+0000] {processor.py:829} INFO - Processing file /opt/airflow/dags/utils/helper.py for tasks to queue
[2023-11-25T21:27:16.630+0000] {logging_mixin.py:154} INFO - [2023-11-25T21:27:16.630+0000] {dagbag.py:536} INFO - Filling up the DagBag from /opt/airflow/dags/utils/helper.py
[2023-11-25T21:27:17.097+0000] {logging_mixin.py:154} INFO - [2023-11-25T21:27:17.096+0000] {dagbag.py:346} ERROR - Failed to import: /opt/airflow/dags/utils/helper.py
Traceback (most recent call last):
  File "/home/airflow/.local/lib/python3.8/site-packages/airflow/models/dagbag.py", line 342, in parse
    loader.exec_module(new_module)
  File "<frozen importlib._bootstrap_external>", line 843, in exec_module
  File "<frozen importlib._bootstrap>", line 219, in _call_with_frames_removed
  File "/opt/airflow/dags/utils/helper.py", line 8, in <module>
    from airflow.operators.google.transfers import GoogleCloudStorageUploadOperator
ModuleNotFoundError: No module named 'airflow.operators.google'
[2023-11-25T21:27:17.098+0000] {processor.py:841} WARNING - No viable dags retrieved from /opt/airflow/dags/utils/helper.py
[2023-11-25T21:27:17.109+0000] {processor.py:179} INFO - Processing /opt/airflow/dags/utils/helper.py took 0.484 seconds
[2023-11-25T21:27:47.772+0000] {processor.py:157} INFO - Started process (PID=589) to work on /opt/airflow/dags/utils/helper.py
[2023-11-25T21:27:47.774+0000] {processor.py:829} INFO - Processing file /opt/airflow/dags/utils/helper.py for tasks to queue
[2023-11-25T21:27:47.774+0000] {logging_mixin.py:154} INFO - [2023-11-25T21:27:47.774+0000] {dagbag.py:536} INFO - Filling up the DagBag from /opt/airflow/dags/utils/helper.py
[2023-11-25T21:27:48.255+0000] {logging_mixin.py:154} INFO - [2023-11-25T21:27:48.254+0000] {dagbag.py:346} ERROR - Failed to import: /opt/airflow/dags/utils/helper.py
Traceback (most recent call last):
  File "/home/airflow/.local/lib/python3.8/site-packages/airflow/models/dagbag.py", line 342, in parse
    loader.exec_module(new_module)
  File "<frozen importlib._bootstrap_external>", line 843, in exec_module
  File "<frozen importlib._bootstrap>", line 219, in _call_with_frames_removed
  File "/opt/airflow/dags/utils/helper.py", line 8, in <module>
    from airflow.operators.google.transfers import GoogleCloudStorageUploadOperator
ModuleNotFoundError: No module named 'airflow.operators.google'
[2023-11-25T21:27:48.256+0000] {processor.py:841} WARNING - No viable dags retrieved from /opt/airflow/dags/utils/helper.py
[2023-11-25T21:27:48.269+0000] {processor.py:179} INFO - Processing /opt/airflow/dags/utils/helper.py took 0.501 seconds
[2023-11-25T21:28:18.410+0000] {processor.py:157} INFO - Started process (PID=600) to work on /opt/airflow/dags/utils/helper.py
[2023-11-25T21:28:18.411+0000] {processor.py:829} INFO - Processing file /opt/airflow/dags/utils/helper.py for tasks to queue
[2023-11-25T21:28:18.412+0000] {logging_mixin.py:154} INFO - [2023-11-25T21:28:18.412+0000] {dagbag.py:536} INFO - Filling up the DagBag from /opt/airflow/dags/utils/helper.py
[2023-11-25T21:28:18.896+0000] {logging_mixin.py:154} INFO - [2023-11-25T21:28:18.895+0000] {dagbag.py:346} ERROR - Failed to import: /opt/airflow/dags/utils/helper.py
Traceback (most recent call last):
  File "/home/airflow/.local/lib/python3.8/site-packages/airflow/models/dagbag.py", line 342, in parse
    loader.exec_module(new_module)
  File "<frozen importlib._bootstrap_external>", line 843, in exec_module
  File "<frozen importlib._bootstrap>", line 219, in _call_with_frames_removed
  File "/opt/airflow/dags/utils/helper.py", line 8, in <module>
    from airflow.operators.google.transfers import GoogleCloudStorageUploadOperator
ModuleNotFoundError: No module named 'airflow.operators.google'
[2023-11-25T21:28:18.896+0000] {processor.py:841} WARNING - No viable dags retrieved from /opt/airflow/dags/utils/helper.py
[2023-11-25T21:28:18.907+0000] {processor.py:179} INFO - Processing /opt/airflow/dags/utils/helper.py took 0.501 seconds
[2023-11-25T21:28:49.053+0000] {processor.py:157} INFO - Started process (PID=611) to work on /opt/airflow/dags/utils/helper.py
[2023-11-25T21:28:49.054+0000] {processor.py:829} INFO - Processing file /opt/airflow/dags/utils/helper.py for tasks to queue
[2023-11-25T21:28:49.055+0000] {logging_mixin.py:154} INFO - [2023-11-25T21:28:49.054+0000] {dagbag.py:536} INFO - Filling up the DagBag from /opt/airflow/dags/utils/helper.py
[2023-11-25T21:28:49.668+0000] {logging_mixin.py:154} INFO - [2023-11-25T21:28:49.667+0000] {dagbag.py:346} ERROR - Failed to import: /opt/airflow/dags/utils/helper.py
Traceback (most recent call last):
  File "/home/airflow/.local/lib/python3.8/site-packages/airflow/models/dagbag.py", line 342, in parse
    loader.exec_module(new_module)
  File "<frozen importlib._bootstrap_external>", line 843, in exec_module
  File "<frozen importlib._bootstrap>", line 219, in _call_with_frames_removed
  File "/opt/airflow/dags/utils/helper.py", line 8, in <module>
    from airflow.operators.google.transfers import GoogleCloudStorageUploadOperator
ModuleNotFoundError: No module named 'airflow.operators.google'
[2023-11-25T21:28:49.669+0000] {processor.py:841} WARNING - No viable dags retrieved from /opt/airflow/dags/utils/helper.py
[2023-11-25T21:28:49.682+0000] {processor.py:179} INFO - Processing /opt/airflow/dags/utils/helper.py took 0.631 seconds
[2023-11-25T21:29:19.833+0000] {processor.py:157} INFO - Started process (PID=622) to work on /opt/airflow/dags/utils/helper.py
[2023-11-25T21:29:19.836+0000] {processor.py:829} INFO - Processing file /opt/airflow/dags/utils/helper.py for tasks to queue
[2023-11-25T21:29:19.837+0000] {logging_mixin.py:154} INFO - [2023-11-25T21:29:19.836+0000] {dagbag.py:536} INFO - Filling up the DagBag from /opt/airflow/dags/utils/helper.py
[2023-11-25T21:29:20.333+0000] {logging_mixin.py:154} INFO - [2023-11-25T21:29:20.332+0000] {dagbag.py:346} ERROR - Failed to import: /opt/airflow/dags/utils/helper.py
Traceback (most recent call last):
  File "/home/airflow/.local/lib/python3.8/site-packages/airflow/models/dagbag.py", line 342, in parse
    loader.exec_module(new_module)
  File "<frozen importlib._bootstrap_external>", line 843, in exec_module
  File "<frozen importlib._bootstrap>", line 219, in _call_with_frames_removed
  File "/opt/airflow/dags/utils/helper.py", line 8, in <module>
    from airflow.operators.google.transfers import GoogleCloudStorageUploadOperator
ModuleNotFoundError: No module named 'airflow.operators.google'
[2023-11-25T21:29:20.333+0000] {processor.py:841} WARNING - No viable dags retrieved from /opt/airflow/dags/utils/helper.py
[2023-11-25T21:29:20.344+0000] {processor.py:179} INFO - Processing /opt/airflow/dags/utils/helper.py took 0.517 seconds
[2023-11-25T21:29:48.507+0000] {processor.py:157} INFO - Started process (PID=633) to work on /opt/airflow/dags/utils/helper.py
[2023-11-25T21:29:48.508+0000] {processor.py:829} INFO - Processing file /opt/airflow/dags/utils/helper.py for tasks to queue
[2023-11-25T21:29:48.509+0000] {logging_mixin.py:154} INFO - [2023-11-25T21:29:48.509+0000] {dagbag.py:536} INFO - Filling up the DagBag from /opt/airflow/dags/utils/helper.py
[2023-11-25T21:29:49.001+0000] {logging_mixin.py:154} INFO - [2023-11-25T21:29:49.000+0000] {dagbag.py:346} ERROR - Failed to import: /opt/airflow/dags/utils/helper.py
Traceback (most recent call last):
  File "/home/airflow/.local/lib/python3.8/site-packages/airflow/models/dagbag.py", line 342, in parse
    loader.exec_module(new_module)
  File "<frozen importlib._bootstrap_external>", line 843, in exec_module
  File "<frozen importlib._bootstrap>", line 219, in _call_with_frames_removed
  File "/opt/airflow/dags/utils/helper.py", line 8, in <module>
    from airflow.operators.google.transfers import GoogleCloudStorageUploadOperator
ModuleNotFoundError: No module named 'airflow.operators.google'
[2023-11-25T21:29:49.001+0000] {processor.py:841} WARNING - No viable dags retrieved from /opt/airflow/dags/utils/helper.py
[2023-11-25T21:29:49.013+0000] {processor.py:179} INFO - Processing /opt/airflow/dags/utils/helper.py took 0.509 seconds
[2023-11-25T21:30:19.174+0000] {processor.py:157} INFO - Started process (PID=644) to work on /opt/airflow/dags/utils/helper.py
[2023-11-25T21:30:19.175+0000] {processor.py:829} INFO - Processing file /opt/airflow/dags/utils/helper.py for tasks to queue
[2023-11-25T21:30:19.176+0000] {logging_mixin.py:154} INFO - [2023-11-25T21:30:19.176+0000] {dagbag.py:536} INFO - Filling up the DagBag from /opt/airflow/dags/utils/helper.py
[2023-11-25T21:30:19.862+0000] {logging_mixin.py:154} INFO - [2023-11-25T21:30:19.860+0000] {dagbag.py:346} ERROR - Failed to import: /opt/airflow/dags/utils/helper.py
Traceback (most recent call last):
  File "/home/airflow/.local/lib/python3.8/site-packages/airflow/models/dagbag.py", line 342, in parse
    loader.exec_module(new_module)
  File "<frozen importlib._bootstrap_external>", line 843, in exec_module
  File "<frozen importlib._bootstrap>", line 219, in _call_with_frames_removed
  File "/opt/airflow/dags/utils/helper.py", line 8, in <module>
    from airflow.operators.google.transfers import GoogleCloudStorageUploadOperator
ModuleNotFoundError: No module named 'airflow.operators.google'
[2023-11-25T21:30:19.862+0000] {processor.py:841} WARNING - No viable dags retrieved from /opt/airflow/dags/utils/helper.py
[2023-11-25T21:30:19.879+0000] {processor.py:179} INFO - Processing /opt/airflow/dags/utils/helper.py took 0.712 seconds
[2023-11-25T21:30:50.040+0000] {processor.py:157} INFO - Started process (PID=654) to work on /opt/airflow/dags/utils/helper.py
[2023-11-25T21:30:50.042+0000] {processor.py:829} INFO - Processing file /opt/airflow/dags/utils/helper.py for tasks to queue
[2023-11-25T21:30:50.042+0000] {logging_mixin.py:154} INFO - [2023-11-25T21:30:50.042+0000] {dagbag.py:536} INFO - Filling up the DagBag from /opt/airflow/dags/utils/helper.py
[2023-11-25T21:30:50.524+0000] {logging_mixin.py:154} INFO - [2023-11-25T21:30:50.523+0000] {dagbag.py:346} ERROR - Failed to import: /opt/airflow/dags/utils/helper.py
Traceback (most recent call last):
  File "/home/airflow/.local/lib/python3.8/site-packages/airflow/models/dagbag.py", line 342, in parse
    loader.exec_module(new_module)
  File "<frozen importlib._bootstrap_external>", line 843, in exec_module
  File "<frozen importlib._bootstrap>", line 219, in _call_with_frames_removed
  File "/opt/airflow/dags/utils/helper.py", line 8, in <module>
    from airflow.operators.google.transfers import GoogleCloudStorageUploadOperator
ModuleNotFoundError: No module named 'airflow.operators.google'
[2023-11-25T21:30:50.524+0000] {processor.py:841} WARNING - No viable dags retrieved from /opt/airflow/dags/utils/helper.py
[2023-11-25T21:30:50.537+0000] {processor.py:179} INFO - Processing /opt/airflow/dags/utils/helper.py took 0.499 seconds
[2023-11-25T21:31:20.684+0000] {processor.py:157} INFO - Started process (PID=665) to work on /opt/airflow/dags/utils/helper.py
[2023-11-25T21:31:20.685+0000] {processor.py:829} INFO - Processing file /opt/airflow/dags/utils/helper.py for tasks to queue
[2023-11-25T21:31:20.686+0000] {logging_mixin.py:154} INFO - [2023-11-25T21:31:20.685+0000] {dagbag.py:536} INFO - Filling up the DagBag from /opt/airflow/dags/utils/helper.py
[2023-11-25T21:31:21.173+0000] {logging_mixin.py:154} INFO - [2023-11-25T21:31:21.172+0000] {dagbag.py:346} ERROR - Failed to import: /opt/airflow/dags/utils/helper.py
Traceback (most recent call last):
  File "/home/airflow/.local/lib/python3.8/site-packages/airflow/models/dagbag.py", line 342, in parse
    loader.exec_module(new_module)
  File "<frozen importlib._bootstrap_external>", line 843, in exec_module
  File "<frozen importlib._bootstrap>", line 219, in _call_with_frames_removed
  File "/opt/airflow/dags/utils/helper.py", line 8, in <module>
    from airflow.operators.google.transfers import GoogleCloudStorageUploadOperator
ModuleNotFoundError: No module named 'airflow.operators.google'
[2023-11-25T21:31:21.173+0000] {processor.py:841} WARNING - No viable dags retrieved from /opt/airflow/dags/utils/helper.py
[2023-11-25T21:31:21.191+0000] {processor.py:179} INFO - Processing /opt/airflow/dags/utils/helper.py took 0.510 seconds
[2023-11-25T21:31:51.340+0000] {processor.py:157} INFO - Started process (PID=676) to work on /opt/airflow/dags/utils/helper.py
[2023-11-25T21:31:51.341+0000] {processor.py:829} INFO - Processing file /opt/airflow/dags/utils/helper.py for tasks to queue
[2023-11-25T21:31:51.341+0000] {logging_mixin.py:154} INFO - [2023-11-25T21:31:51.341+0000] {dagbag.py:536} INFO - Filling up the DagBag from /opt/airflow/dags/utils/helper.py
[2023-11-25T21:31:51.822+0000] {logging_mixin.py:154} INFO - [2023-11-25T21:31:51.821+0000] {dagbag.py:346} ERROR - Failed to import: /opt/airflow/dags/utils/helper.py
Traceback (most recent call last):
  File "/home/airflow/.local/lib/python3.8/site-packages/airflow/models/dagbag.py", line 342, in parse
    loader.exec_module(new_module)
  File "<frozen importlib._bootstrap_external>", line 843, in exec_module
  File "<frozen importlib._bootstrap>", line 219, in _call_with_frames_removed
  File "/opt/airflow/dags/utils/helper.py", line 8, in <module>
    from airflow.operators.google.transfers import GoogleCloudStorageUploadOperator
ModuleNotFoundError: No module named 'airflow.operators.google'
[2023-11-25T21:31:51.822+0000] {processor.py:841} WARNING - No viable dags retrieved from /opt/airflow/dags/utils/helper.py
[2023-11-25T21:31:51.834+0000] {processor.py:179} INFO - Processing /opt/airflow/dags/utils/helper.py took 0.497 seconds
[2023-11-25T21:32:21.989+0000] {processor.py:157} INFO - Started process (PID=687) to work on /opt/airflow/dags/utils/helper.py
[2023-11-25T21:32:21.990+0000] {processor.py:829} INFO - Processing file /opt/airflow/dags/utils/helper.py for tasks to queue
[2023-11-25T21:32:21.991+0000] {logging_mixin.py:154} INFO - [2023-11-25T21:32:21.991+0000] {dagbag.py:536} INFO - Filling up the DagBag from /opt/airflow/dags/utils/helper.py
[2023-11-25T21:32:22.426+0000] {logging_mixin.py:154} INFO - [2023-11-25T21:32:22.425+0000] {dagbag.py:346} ERROR - Failed to import: /opt/airflow/dags/utils/helper.py
Traceback (most recent call last):
  File "/home/airflow/.local/lib/python3.8/site-packages/airflow/models/dagbag.py", line 342, in parse
    loader.exec_module(new_module)
  File "<frozen importlib._bootstrap_external>", line 843, in exec_module
  File "<frozen importlib._bootstrap>", line 219, in _call_with_frames_removed
  File "/opt/airflow/dags/utils/helper.py", line 8, in <module>
    from airflow.operators.google.transfers import GoogleCloudStorageUploadOperator
ModuleNotFoundError: No module named 'airflow.operators.google'
[2023-11-25T21:32:22.427+0000] {processor.py:841} WARNING - No viable dags retrieved from /opt/airflow/dags/utils/helper.py
[2023-11-25T21:32:22.438+0000] {processor.py:179} INFO - Processing /opt/airflow/dags/utils/helper.py took 0.452 seconds
[2023-11-25T21:32:52.594+0000] {processor.py:157} INFO - Started process (PID=698) to work on /opt/airflow/dags/utils/helper.py
[2023-11-25T21:32:52.595+0000] {processor.py:829} INFO - Processing file /opt/airflow/dags/utils/helper.py for tasks to queue
[2023-11-25T21:32:52.596+0000] {logging_mixin.py:154} INFO - [2023-11-25T21:32:52.595+0000] {dagbag.py:536} INFO - Filling up the DagBag from /opt/airflow/dags/utils/helper.py
[2023-11-25T21:32:53.084+0000] {logging_mixin.py:154} INFO - [2023-11-25T21:32:53.083+0000] {dagbag.py:346} ERROR - Failed to import: /opt/airflow/dags/utils/helper.py
Traceback (most recent call last):
  File "/home/airflow/.local/lib/python3.8/site-packages/airflow/models/dagbag.py", line 342, in parse
    loader.exec_module(new_module)
  File "<frozen importlib._bootstrap_external>", line 843, in exec_module
  File "<frozen importlib._bootstrap>", line 219, in _call_with_frames_removed
  File "/opt/airflow/dags/utils/helper.py", line 8, in <module>
    from airflow.operators.google.transfers import GoogleCloudStorageUploadOperator
ModuleNotFoundError: No module named 'airflow.operators.google'
[2023-11-25T21:32:53.085+0000] {processor.py:841} WARNING - No viable dags retrieved from /opt/airflow/dags/utils/helper.py
[2023-11-25T21:32:53.095+0000] {processor.py:179} INFO - Processing /opt/airflow/dags/utils/helper.py took 0.503 seconds
[2023-11-25T21:33:23.247+0000] {processor.py:157} INFO - Started process (PID=708) to work on /opt/airflow/dags/utils/helper.py
[2023-11-25T21:33:23.248+0000] {processor.py:829} INFO - Processing file /opt/airflow/dags/utils/helper.py for tasks to queue
[2023-11-25T21:33:23.248+0000] {logging_mixin.py:154} INFO - [2023-11-25T21:33:23.248+0000] {dagbag.py:536} INFO - Filling up the DagBag from /opt/airflow/dags/utils/helper.py
[2023-11-25T21:33:23.707+0000] {logging_mixin.py:154} INFO - [2023-11-25T21:33:23.707+0000] {dagbag.py:346} ERROR - Failed to import: /opt/airflow/dags/utils/helper.py
Traceback (most recent call last):
  File "/home/airflow/.local/lib/python3.8/site-packages/airflow/models/dagbag.py", line 342, in parse
    loader.exec_module(new_module)
  File "<frozen importlib._bootstrap_external>", line 843, in exec_module
  File "<frozen importlib._bootstrap>", line 219, in _call_with_frames_removed
  File "/opt/airflow/dags/utils/helper.py", line 8, in <module>
    from airflow.operators.google.transfers import GoogleCloudStorageUploadOperator
ModuleNotFoundError: No module named 'airflow.operators.google'
[2023-11-25T21:33:23.708+0000] {processor.py:841} WARNING - No viable dags retrieved from /opt/airflow/dags/utils/helper.py
[2023-11-25T21:33:23.720+0000] {processor.py:179} INFO - Processing /opt/airflow/dags/utils/helper.py took 0.475 seconds
[2023-11-25T21:33:30.386+0000] {processor.py:157} INFO - Started process (PID=717) to work on /opt/airflow/dags/utils/helper.py
[2023-11-25T21:33:30.389+0000] {processor.py:829} INFO - Processing file /opt/airflow/dags/utils/helper.py for tasks to queue
[2023-11-25T21:33:30.390+0000] {logging_mixin.py:154} INFO - [2023-11-25T21:33:30.389+0000] {dagbag.py:536} INFO - Filling up the DagBag from /opt/airflow/dags/utils/helper.py
[2023-11-25T21:33:30.934+0000] {logging_mixin.py:154} INFO - [2023-11-25T21:33:30.933+0000] {dagbag.py:346} ERROR - Failed to import: /opt/airflow/dags/utils/helper.py
Traceback (most recent call last):
  File "/home/airflow/.local/lib/python3.8/site-packages/airflow/models/dagbag.py", line 342, in parse
    loader.exec_module(new_module)
  File "<frozen importlib._bootstrap_external>", line 843, in exec_module
  File "<frozen importlib._bootstrap>", line 219, in _call_with_frames_removed
  File "/opt/airflow/dags/utils/helper.py", line 8, in <module>
    from airflow.operators.google.transfers import GoogleCloudStorageUploadOperator
ModuleNotFoundError: No module named 'airflow.operators.google'
[2023-11-25T21:33:30.935+0000] {processor.py:841} WARNING - No viable dags retrieved from /opt/airflow/dags/utils/helper.py
[2023-11-25T21:33:30.949+0000] {processor.py:179} INFO - Processing /opt/airflow/dags/utils/helper.py took 0.566 seconds
[2023-11-25T21:34:01.095+0000] {processor.py:157} INFO - Started process (PID=728) to work on /opt/airflow/dags/utils/helper.py
[2023-11-25T21:34:01.096+0000] {processor.py:829} INFO - Processing file /opt/airflow/dags/utils/helper.py for tasks to queue
[2023-11-25T21:34:01.097+0000] {logging_mixin.py:154} INFO - [2023-11-25T21:34:01.096+0000] {dagbag.py:536} INFO - Filling up the DagBag from /opt/airflow/dags/utils/helper.py
[2023-11-25T21:34:01.561+0000] {logging_mixin.py:154} INFO - [2023-11-25T21:34:01.560+0000] {dagbag.py:346} ERROR - Failed to import: /opt/airflow/dags/utils/helper.py
Traceback (most recent call last):
  File "/home/airflow/.local/lib/python3.8/site-packages/airflow/models/dagbag.py", line 342, in parse
    loader.exec_module(new_module)
  File "<frozen importlib._bootstrap_external>", line 843, in exec_module
  File "<frozen importlib._bootstrap>", line 219, in _call_with_frames_removed
  File "/opt/airflow/dags/utils/helper.py", line 8, in <module>
    from airflow.operators.google.transfers import GoogleCloudStorageUploadOperator
ModuleNotFoundError: No module named 'airflow.operators.google'
[2023-11-25T21:34:01.562+0000] {processor.py:841} WARNING - No viable dags retrieved from /opt/airflow/dags/utils/helper.py
[2023-11-25T21:34:01.573+0000] {processor.py:179} INFO - Processing /opt/airflow/dags/utils/helper.py took 0.480 seconds
[2023-11-25T21:34:31.710+0000] {processor.py:157} INFO - Started process (PID=739) to work on /opt/airflow/dags/utils/helper.py
[2023-11-25T21:34:31.712+0000] {processor.py:829} INFO - Processing file /opt/airflow/dags/utils/helper.py for tasks to queue
[2023-11-25T21:34:31.713+0000] {logging_mixin.py:154} INFO - [2023-11-25T21:34:31.712+0000] {dagbag.py:536} INFO - Filling up the DagBag from /opt/airflow/dags/utils/helper.py
[2023-11-25T21:34:32.183+0000] {logging_mixin.py:154} INFO - [2023-11-25T21:34:32.182+0000] {dagbag.py:346} ERROR - Failed to import: /opt/airflow/dags/utils/helper.py
Traceback (most recent call last):
  File "/home/airflow/.local/lib/python3.8/site-packages/airflow/models/dagbag.py", line 342, in parse
    loader.exec_module(new_module)
  File "<frozen importlib._bootstrap_external>", line 843, in exec_module
  File "<frozen importlib._bootstrap>", line 219, in _call_with_frames_removed
  File "/opt/airflow/dags/utils/helper.py", line 8, in <module>
    from airflow.operators.google.transfers import GoogleCloudStorageUploadOperator
ModuleNotFoundError: No module named 'airflow.operators.google'
[2023-11-25T21:34:32.183+0000] {processor.py:841} WARNING - No viable dags retrieved from /opt/airflow/dags/utils/helper.py
[2023-11-25T21:34:32.197+0000] {processor.py:179} INFO - Processing /opt/airflow/dags/utils/helper.py took 0.490 seconds
[2023-11-25T21:35:02.346+0000] {processor.py:157} INFO - Started process (PID=751) to work on /opt/airflow/dags/utils/helper.py
[2023-11-25T21:35:02.348+0000] {processor.py:829} INFO - Processing file /opt/airflow/dags/utils/helper.py for tasks to queue
[2023-11-25T21:35:02.348+0000] {logging_mixin.py:154} INFO - [2023-11-25T21:35:02.348+0000] {dagbag.py:536} INFO - Filling up the DagBag from /opt/airflow/dags/utils/helper.py
[2023-11-25T21:35:02.803+0000] {logging_mixin.py:154} INFO - [2023-11-25T21:35:02.802+0000] {dagbag.py:346} ERROR - Failed to import: /opt/airflow/dags/utils/helper.py
Traceback (most recent call last):
  File "/home/airflow/.local/lib/python3.8/site-packages/airflow/models/dagbag.py", line 342, in parse
    loader.exec_module(new_module)
  File "<frozen importlib._bootstrap_external>", line 843, in exec_module
  File "<frozen importlib._bootstrap>", line 219, in _call_with_frames_removed
  File "/opt/airflow/dags/utils/helper.py", line 8, in <module>
    from airflow.operators.google.transfers import GoogleCloudStorageUploadOperator
ModuleNotFoundError: No module named 'airflow.operators.google'
[2023-11-25T21:35:02.803+0000] {processor.py:841} WARNING - No viable dags retrieved from /opt/airflow/dags/utils/helper.py
[2023-11-25T21:35:02.815+0000] {processor.py:179} INFO - Processing /opt/airflow/dags/utils/helper.py took 0.471 seconds
[2023-11-25T21:35:33.490+0000] {processor.py:157} INFO - Started process (PID=762) to work on /opt/airflow/dags/utils/helper.py
[2023-11-25T21:35:33.491+0000] {processor.py:829} INFO - Processing file /opt/airflow/dags/utils/helper.py for tasks to queue
[2023-11-25T21:35:33.492+0000] {logging_mixin.py:154} INFO - [2023-11-25T21:35:33.492+0000] {dagbag.py:536} INFO - Filling up the DagBag from /opt/airflow/dags/utils/helper.py
[2023-11-25T21:35:33.979+0000] {logging_mixin.py:154} INFO - [2023-11-25T21:35:33.978+0000] {dagbag.py:346} ERROR - Failed to import: /opt/airflow/dags/utils/helper.py
Traceback (most recent call last):
  File "/home/airflow/.local/lib/python3.8/site-packages/airflow/models/dagbag.py", line 342, in parse
    loader.exec_module(new_module)
  File "<frozen importlib._bootstrap_external>", line 843, in exec_module
  File "<frozen importlib._bootstrap>", line 219, in _call_with_frames_removed
  File "/opt/airflow/dags/utils/helper.py", line 8, in <module>
    from airflow.operators.google.transfers import GoogleCloudStorageUploadOperator
ModuleNotFoundError: No module named 'airflow.operators.google'
[2023-11-25T21:35:33.979+0000] {processor.py:841} WARNING - No viable dags retrieved from /opt/airflow/dags/utils/helper.py
[2023-11-25T21:35:33.991+0000] {processor.py:179} INFO - Processing /opt/airflow/dags/utils/helper.py took 0.505 seconds
[2023-11-25T21:35:42.051+0000] {processor.py:157} INFO - Started process (PID=764) to work on /opt/airflow/dags/utils/helper.py
[2023-11-25T21:35:42.052+0000] {processor.py:829} INFO - Processing file /opt/airflow/dags/utils/helper.py for tasks to queue
[2023-11-25T21:35:42.052+0000] {logging_mixin.py:154} INFO - [2023-11-25T21:35:42.052+0000] {dagbag.py:536} INFO - Filling up the DagBag from /opt/airflow/dags/utils/helper.py
[2023-11-25T21:35:42.830+0000] {processor.py:841} WARNING - No viable dags retrieved from /opt/airflow/dags/utils/helper.py
[2023-11-25T21:35:42.838+0000] {processor.py:179} INFO - Processing /opt/airflow/dags/utils/helper.py took 0.789 seconds
[2023-11-25T21:36:12.983+0000] {processor.py:157} INFO - Started process (PID=776) to work on /opt/airflow/dags/utils/helper.py
[2023-11-25T21:36:12.985+0000] {processor.py:829} INFO - Processing file /opt/airflow/dags/utils/helper.py for tasks to queue
[2023-11-25T21:36:12.986+0000] {logging_mixin.py:154} INFO - [2023-11-25T21:36:12.985+0000] {dagbag.py:536} INFO - Filling up the DagBag from /opt/airflow/dags/utils/helper.py
[2023-11-25T21:36:13.571+0000] {processor.py:841} WARNING - No viable dags retrieved from /opt/airflow/dags/utils/helper.py
[2023-11-25T21:36:13.578+0000] {processor.py:179} INFO - Processing /opt/airflow/dags/utils/helper.py took 0.599 seconds
[2023-11-25T21:36:43.730+0000] {processor.py:157} INFO - Started process (PID=787) to work on /opt/airflow/dags/utils/helper.py
[2023-11-25T21:36:43.731+0000] {processor.py:829} INFO - Processing file /opt/airflow/dags/utils/helper.py for tasks to queue
[2023-11-25T21:36:43.732+0000] {logging_mixin.py:154} INFO - [2023-11-25T21:36:43.732+0000] {dagbag.py:536} INFO - Filling up the DagBag from /opt/airflow/dags/utils/helper.py
[2023-11-25T21:36:44.658+0000] {processor.py:841} WARNING - No viable dags retrieved from /opt/airflow/dags/utils/helper.py
[2023-11-25T21:36:44.682+0000] {processor.py:179} INFO - Processing /opt/airflow/dags/utils/helper.py took 0.955 seconds
[2023-11-25T21:37:14.845+0000] {processor.py:157} INFO - Started process (PID=798) to work on /opt/airflow/dags/utils/helper.py
[2023-11-25T21:37:14.847+0000] {processor.py:829} INFO - Processing file /opt/airflow/dags/utils/helper.py for tasks to queue
[2023-11-25T21:37:14.848+0000] {logging_mixin.py:154} INFO - [2023-11-25T21:37:14.848+0000] {dagbag.py:536} INFO - Filling up the DagBag from /opt/airflow/dags/utils/helper.py
[2023-11-25T21:37:15.540+0000] {processor.py:841} WARNING - No viable dags retrieved from /opt/airflow/dags/utils/helper.py
[2023-11-25T21:37:15.549+0000] {processor.py:179} INFO - Processing /opt/airflow/dags/utils/helper.py took 0.707 seconds
[2023-11-25T21:37:46.009+0000] {processor.py:157} INFO - Started process (PID=811) to work on /opt/airflow/dags/utils/helper.py
[2023-11-25T21:37:46.011+0000] {processor.py:829} INFO - Processing file /opt/airflow/dags/utils/helper.py for tasks to queue
[2023-11-25T21:37:46.012+0000] {logging_mixin.py:154} INFO - [2023-11-25T21:37:46.012+0000] {dagbag.py:536} INFO - Filling up the DagBag from /opt/airflow/dags/utils/helper.py
[2023-11-25T21:37:46.556+0000] {processor.py:841} WARNING - No viable dags retrieved from /opt/airflow/dags/utils/helper.py
[2023-11-25T21:37:46.563+0000] {processor.py:179} INFO - Processing /opt/airflow/dags/utils/helper.py took 0.558 seconds
[2023-11-25T21:38:16.737+0000] {processor.py:157} INFO - Started process (PID=823) to work on /opt/airflow/dags/utils/helper.py
[2023-11-25T21:38:16.737+0000] {processor.py:829} INFO - Processing file /opt/airflow/dags/utils/helper.py for tasks to queue
[2023-11-25T21:38:16.738+0000] {logging_mixin.py:154} INFO - [2023-11-25T21:38:16.738+0000] {dagbag.py:536} INFO - Filling up the DagBag from /opt/airflow/dags/utils/helper.py
[2023-11-25T21:38:17.265+0000] {processor.py:841} WARNING - No viable dags retrieved from /opt/airflow/dags/utils/helper.py
[2023-11-25T21:38:17.272+0000] {processor.py:179} INFO - Processing /opt/airflow/dags/utils/helper.py took 0.538 seconds
[2023-11-25T21:38:47.402+0000] {processor.py:157} INFO - Started process (PID=839) to work on /opt/airflow/dags/utils/helper.py
[2023-11-25T21:38:47.403+0000] {processor.py:829} INFO - Processing file /opt/airflow/dags/utils/helper.py for tasks to queue
[2023-11-25T21:38:47.404+0000] {logging_mixin.py:154} INFO - [2023-11-25T21:38:47.404+0000] {dagbag.py:536} INFO - Filling up the DagBag from /opt/airflow/dags/utils/helper.py
[2023-11-25T21:38:48.062+0000] {processor.py:841} WARNING - No viable dags retrieved from /opt/airflow/dags/utils/helper.py
[2023-11-25T21:38:48.070+0000] {processor.py:179} INFO - Processing /opt/airflow/dags/utils/helper.py took 0.671 seconds
[2023-11-25T21:38:56.831+0000] {processor.py:157} INFO - Started process (PID=841) to work on /opt/airflow/dags/utils/helper.py
[2023-11-25T21:38:56.832+0000] {processor.py:829} INFO - Processing file /opt/airflow/dags/utils/helper.py for tasks to queue
[2023-11-25T21:38:56.832+0000] {logging_mixin.py:154} INFO - [2023-11-25T21:38:56.832+0000] {dagbag.py:536} INFO - Filling up the DagBag from /opt/airflow/dags/utils/helper.py
[2023-11-25T21:38:57.650+0000] {processor.py:841} WARNING - No viable dags retrieved from /opt/airflow/dags/utils/helper.py
[2023-11-25T21:38:57.657+0000] {processor.py:179} INFO - Processing /opt/airflow/dags/utils/helper.py took 0.829 seconds
[2023-11-25T21:39:27.790+0000] {processor.py:157} INFO - Started process (PID=860) to work on /opt/airflow/dags/utils/helper.py
[2023-11-25T21:39:27.792+0000] {processor.py:829} INFO - Processing file /opt/airflow/dags/utils/helper.py for tasks to queue
[2023-11-25T21:39:27.793+0000] {logging_mixin.py:154} INFO - [2023-11-25T21:39:27.792+0000] {dagbag.py:536} INFO - Filling up the DagBag from /opt/airflow/dags/utils/helper.py
[2023-11-25T21:39:28.411+0000] {processor.py:841} WARNING - No viable dags retrieved from /opt/airflow/dags/utils/helper.py
[2023-11-25T21:39:28.418+0000] {processor.py:179} INFO - Processing /opt/airflow/dags/utils/helper.py took 0.630 seconds
[2023-11-25T21:39:58.564+0000] {processor.py:157} INFO - Started process (PID=871) to work on /opt/airflow/dags/utils/helper.py
[2023-11-25T21:39:58.565+0000] {processor.py:829} INFO - Processing file /opt/airflow/dags/utils/helper.py for tasks to queue
[2023-11-25T21:39:58.565+0000] {logging_mixin.py:154} INFO - [2023-11-25T21:39:58.565+0000] {dagbag.py:536} INFO - Filling up the DagBag from /opt/airflow/dags/utils/helper.py
[2023-11-25T21:39:59.235+0000] {processor.py:841} WARNING - No viable dags retrieved from /opt/airflow/dags/utils/helper.py
[2023-11-25T21:39:59.243+0000] {processor.py:179} INFO - Processing /opt/airflow/dags/utils/helper.py took 0.682 seconds
[2023-11-25T21:40:29.411+0000] {processor.py:157} INFO - Started process (PID=882) to work on /opt/airflow/dags/utils/helper.py
[2023-11-25T21:40:29.413+0000] {processor.py:829} INFO - Processing file /opt/airflow/dags/utils/helper.py for tasks to queue
[2023-11-25T21:40:29.414+0000] {logging_mixin.py:154} INFO - [2023-11-25T21:40:29.414+0000] {dagbag.py:536} INFO - Filling up the DagBag from /opt/airflow/dags/utils/helper.py
[2023-11-25T21:40:29.966+0000] {processor.py:841} WARNING - No viable dags retrieved from /opt/airflow/dags/utils/helper.py
[2023-11-25T21:40:29.972+0000] {processor.py:179} INFO - Processing /opt/airflow/dags/utils/helper.py took 0.567 seconds
[2023-11-25T21:41:00.136+0000] {processor.py:157} INFO - Started process (PID=893) to work on /opt/airflow/dags/utils/helper.py
[2023-11-25T21:41:00.137+0000] {processor.py:829} INFO - Processing file /opt/airflow/dags/utils/helper.py for tasks to queue
[2023-11-25T21:41:00.137+0000] {logging_mixin.py:154} INFO - [2023-11-25T21:41:00.137+0000] {dagbag.py:536} INFO - Filling up the DagBag from /opt/airflow/dags/utils/helper.py
[2023-11-25T21:41:00.714+0000] {processor.py:841} WARNING - No viable dags retrieved from /opt/airflow/dags/utils/helper.py
[2023-11-25T21:41:00.724+0000] {processor.py:179} INFO - Processing /opt/airflow/dags/utils/helper.py took 0.590 seconds
[2023-11-25T21:41:30.882+0000] {processor.py:157} INFO - Started process (PID=910) to work on /opt/airflow/dags/utils/helper.py
[2023-11-25T21:41:30.884+0000] {processor.py:829} INFO - Processing file /opt/airflow/dags/utils/helper.py for tasks to queue
[2023-11-25T21:41:30.884+0000] {logging_mixin.py:154} INFO - [2023-11-25T21:41:30.884+0000] {dagbag.py:536} INFO - Filling up the DagBag from /opt/airflow/dags/utils/helper.py
[2023-11-25T21:41:31.622+0000] {processor.py:841} WARNING - No viable dags retrieved from /opt/airflow/dags/utils/helper.py
[2023-11-25T21:41:31.631+0000] {processor.py:179} INFO - Processing /opt/airflow/dags/utils/helper.py took 0.751 seconds
[2023-11-25T21:42:01.767+0000] {processor.py:157} INFO - Started process (PID=921) to work on /opt/airflow/dags/utils/helper.py
[2023-11-25T21:42:01.768+0000] {processor.py:829} INFO - Processing file /opt/airflow/dags/utils/helper.py for tasks to queue
[2023-11-25T21:42:01.769+0000] {logging_mixin.py:154} INFO - [2023-11-25T21:42:01.768+0000] {dagbag.py:536} INFO - Filling up the DagBag from /opt/airflow/dags/utils/helper.py
[2023-11-25T21:42:02.536+0000] {processor.py:841} WARNING - No viable dags retrieved from /opt/airflow/dags/utils/helper.py
[2023-11-25T21:42:02.544+0000] {processor.py:179} INFO - Processing /opt/airflow/dags/utils/helper.py took 0.781 seconds
[2023-11-25T21:42:32.669+0000] {processor.py:157} INFO - Started process (PID=932) to work on /opt/airflow/dags/utils/helper.py
[2023-11-25T21:42:32.670+0000] {processor.py:829} INFO - Processing file /opt/airflow/dags/utils/helper.py for tasks to queue
[2023-11-25T21:42:32.671+0000] {logging_mixin.py:154} INFO - [2023-11-25T21:42:32.671+0000] {dagbag.py:536} INFO - Filling up the DagBag from /opt/airflow/dags/utils/helper.py
[2023-11-25T21:42:33.229+0000] {processor.py:841} WARNING - No viable dags retrieved from /opt/airflow/dags/utils/helper.py
[2023-11-25T21:42:33.238+0000] {processor.py:179} INFO - Processing /opt/airflow/dags/utils/helper.py took 0.570 seconds
[2023-11-25T21:43:03.385+0000] {processor.py:157} INFO - Started process (PID=943) to work on /opt/airflow/dags/utils/helper.py
[2023-11-25T21:43:03.386+0000] {processor.py:829} INFO - Processing file /opt/airflow/dags/utils/helper.py for tasks to queue
[2023-11-25T21:43:03.387+0000] {logging_mixin.py:154} INFO - [2023-11-25T21:43:03.386+0000] {dagbag.py:536} INFO - Filling up the DagBag from /opt/airflow/dags/utils/helper.py
[2023-11-25T21:43:04.041+0000] {processor.py:841} WARNING - No viable dags retrieved from /opt/airflow/dags/utils/helper.py
[2023-11-25T21:43:04.052+0000] {processor.py:179} INFO - Processing /opt/airflow/dags/utils/helper.py took 0.670 seconds
[2023-11-25T21:43:34.481+0000] {processor.py:157} INFO - Started process (PID=956) to work on /opt/airflow/dags/utils/helper.py
[2023-11-25T21:43:34.482+0000] {processor.py:829} INFO - Processing file /opt/airflow/dags/utils/helper.py for tasks to queue
[2023-11-25T21:43:34.483+0000] {logging_mixin.py:154} INFO - [2023-11-25T21:43:34.483+0000] {dagbag.py:536} INFO - Filling up the DagBag from /opt/airflow/dags/utils/helper.py
[2023-11-25T21:43:35.099+0000] {processor.py:841} WARNING - No viable dags retrieved from /opt/airflow/dags/utils/helper.py
[2023-11-25T21:43:35.118+0000] {processor.py:179} INFO - Processing /opt/airflow/dags/utils/helper.py took 0.641 seconds
[2023-11-25T21:44:05.314+0000] {processor.py:157} INFO - Started process (PID=967) to work on /opt/airflow/dags/utils/helper.py
[2023-11-25T21:44:05.315+0000] {processor.py:829} INFO - Processing file /opt/airflow/dags/utils/helper.py for tasks to queue
[2023-11-25T21:44:05.316+0000] {logging_mixin.py:154} INFO - [2023-11-25T21:44:05.315+0000] {dagbag.py:536} INFO - Filling up the DagBag from /opt/airflow/dags/utils/helper.py
[2023-11-25T21:44:05.873+0000] {processor.py:841} WARNING - No viable dags retrieved from /opt/airflow/dags/utils/helper.py
[2023-11-25T21:44:05.880+0000] {processor.py:179} INFO - Processing /opt/airflow/dags/utils/helper.py took 0.569 seconds
[2023-11-25T21:44:36.451+0000] {processor.py:157} INFO - Started process (PID=978) to work on /opt/airflow/dags/utils/helper.py
[2023-11-25T21:44:36.452+0000] {processor.py:829} INFO - Processing file /opt/airflow/dags/utils/helper.py for tasks to queue
[2023-11-25T21:44:36.453+0000] {logging_mixin.py:154} INFO - [2023-11-25T21:44:36.453+0000] {dagbag.py:536} INFO - Filling up the DagBag from /opt/airflow/dags/utils/helper.py
[2023-11-25T21:44:37.071+0000] {processor.py:841} WARNING - No viable dags retrieved from /opt/airflow/dags/utils/helper.py
[2023-11-25T21:44:37.079+0000] {processor.py:179} INFO - Processing /opt/airflow/dags/utils/helper.py took 0.630 seconds
[2023-11-25T21:44:40.684+0000] {processor.py:157} INFO - Started process (PID=980) to work on /opt/airflow/dags/utils/helper.py
[2023-11-25T21:44:40.686+0000] {processor.py:829} INFO - Processing file /opt/airflow/dags/utils/helper.py for tasks to queue
[2023-11-25T21:44:40.687+0000] {logging_mixin.py:154} INFO - [2023-11-25T21:44:40.686+0000] {dagbag.py:536} INFO - Filling up the DagBag from /opt/airflow/dags/utils/helper.py
[2023-11-25T21:44:41.301+0000] {processor.py:841} WARNING - No viable dags retrieved from /opt/airflow/dags/utils/helper.py
[2023-11-25T21:44:41.310+0000] {processor.py:179} INFO - Processing /opt/airflow/dags/utils/helper.py took 0.632 seconds
[2023-11-25T21:45:11.484+0000] {processor.py:157} INFO - Started process (PID=992) to work on /opt/airflow/dags/utils/helper.py
[2023-11-25T21:45:11.485+0000] {processor.py:829} INFO - Processing file /opt/airflow/dags/utils/helper.py for tasks to queue
[2023-11-25T21:45:11.487+0000] {logging_mixin.py:154} INFO - [2023-11-25T21:45:11.486+0000] {dagbag.py:536} INFO - Filling up the DagBag from /opt/airflow/dags/utils/helper.py
[2023-11-25T21:45:12.092+0000] {processor.py:841} WARNING - No viable dags retrieved from /opt/airflow/dags/utils/helper.py
[2023-11-25T21:45:12.103+0000] {processor.py:179} INFO - Processing /opt/airflow/dags/utils/helper.py took 0.626 seconds
[2023-11-25T21:45:42.267+0000] {processor.py:157} INFO - Started process (PID=1004) to work on /opt/airflow/dags/utils/helper.py
[2023-11-25T21:45:42.267+0000] {processor.py:829} INFO - Processing file /opt/airflow/dags/utils/helper.py for tasks to queue
[2023-11-25T21:45:42.269+0000] {logging_mixin.py:154} INFO - [2023-11-25T21:45:42.268+0000] {dagbag.py:536} INFO - Filling up the DagBag from /opt/airflow/dags/utils/helper.py
[2023-11-25T21:45:42.894+0000] {processor.py:841} WARNING - No viable dags retrieved from /opt/airflow/dags/utils/helper.py
[2023-11-25T21:45:42.902+0000] {processor.py:179} INFO - Processing /opt/airflow/dags/utils/helper.py took 0.637 seconds
[2023-11-25T21:46:13.054+0000] {processor.py:157} INFO - Started process (PID=1015) to work on /opt/airflow/dags/utils/helper.py
[2023-11-25T21:46:13.056+0000] {processor.py:829} INFO - Processing file /opt/airflow/dags/utils/helper.py for tasks to queue
[2023-11-25T21:46:13.057+0000] {logging_mixin.py:154} INFO - [2023-11-25T21:46:13.056+0000] {dagbag.py:536} INFO - Filling up the DagBag from /opt/airflow/dags/utils/helper.py
[2023-11-25T21:46:13.613+0000] {processor.py:841} WARNING - No viable dags retrieved from /opt/airflow/dags/utils/helper.py
[2023-11-25T21:46:13.620+0000] {processor.py:179} INFO - Processing /opt/airflow/dags/utils/helper.py took 0.572 seconds
[2023-11-25T21:46:44.196+0000] {processor.py:157} INFO - Started process (PID=1027) to work on /opt/airflow/dags/utils/helper.py
[2023-11-25T21:46:44.197+0000] {processor.py:829} INFO - Processing file /opt/airflow/dags/utils/helper.py for tasks to queue
[2023-11-25T21:46:44.197+0000] {logging_mixin.py:154} INFO - [2023-11-25T21:46:44.197+0000] {dagbag.py:536} INFO - Filling up the DagBag from /opt/airflow/dags/utils/helper.py
[2023-11-25T21:46:44.800+0000] {processor.py:841} WARNING - No viable dags retrieved from /opt/airflow/dags/utils/helper.py
[2023-11-25T21:46:44.807+0000] {processor.py:179} INFO - Processing /opt/airflow/dags/utils/helper.py took 0.613 seconds
[2023-11-25T21:47:14.973+0000] {processor.py:157} INFO - Started process (PID=1039) to work on /opt/airflow/dags/utils/helper.py
[2023-11-25T21:47:14.974+0000] {processor.py:829} INFO - Processing file /opt/airflow/dags/utils/helper.py for tasks to queue
[2023-11-25T21:47:14.976+0000] {logging_mixin.py:154} INFO - [2023-11-25T21:47:14.975+0000] {dagbag.py:536} INFO - Filling up the DagBag from /opt/airflow/dags/utils/helper.py
[2023-11-25T21:47:15.513+0000] {processor.py:841} WARNING - No viable dags retrieved from /opt/airflow/dags/utils/helper.py
[2023-11-25T21:47:15.520+0000] {processor.py:179} INFO - Processing /opt/airflow/dags/utils/helper.py took 0.551 seconds
[2023-11-25T21:47:27.602+0000] {processor.py:157} INFO - Started process (PID=1043) to work on /opt/airflow/dags/utils/helper.py
[2023-11-25T21:47:27.603+0000] {processor.py:829} INFO - Processing file /opt/airflow/dags/utils/helper.py for tasks to queue
[2023-11-25T21:47:27.605+0000] {logging_mixin.py:154} INFO - [2023-11-25T21:47:27.604+0000] {dagbag.py:536} INFO - Filling up the DagBag from /opt/airflow/dags/utils/helper.py
[2023-11-25T21:47:28.241+0000] {processor.py:841} WARNING - No viable dags retrieved from /opt/airflow/dags/utils/helper.py
[2023-11-25T21:47:28.250+0000] {processor.py:179} INFO - Processing /opt/airflow/dags/utils/helper.py took 0.653 seconds
[2023-11-25T21:47:58.412+0000] {processor.py:157} INFO - Started process (PID=1054) to work on /opt/airflow/dags/utils/helper.py
[2023-11-25T21:47:58.414+0000] {processor.py:829} INFO - Processing file /opt/airflow/dags/utils/helper.py for tasks to queue
[2023-11-25T21:47:58.415+0000] {logging_mixin.py:154} INFO - [2023-11-25T21:47:58.414+0000] {dagbag.py:536} INFO - Filling up the DagBag from /opt/airflow/dags/utils/helper.py
[2023-11-25T21:47:59.018+0000] {processor.py:841} WARNING - No viable dags retrieved from /opt/airflow/dags/utils/helper.py
[2023-11-25T21:47:59.025+0000] {processor.py:179} INFO - Processing /opt/airflow/dags/utils/helper.py took 0.617 seconds
[2023-11-25T21:48:29.055+0000] {processor.py:157} INFO - Started process (PID=1072) to work on /opt/airflow/dags/utils/helper.py
[2023-11-25T21:48:29.056+0000] {processor.py:829} INFO - Processing file /opt/airflow/dags/utils/helper.py for tasks to queue
[2023-11-25T21:48:29.057+0000] {logging_mixin.py:154} INFO - [2023-11-25T21:48:29.056+0000] {dagbag.py:536} INFO - Filling up the DagBag from /opt/airflow/dags/utils/helper.py
[2023-11-25T21:48:29.643+0000] {processor.py:841} WARNING - No viable dags retrieved from /opt/airflow/dags/utils/helper.py
[2023-11-25T21:48:29.650+0000] {processor.py:179} INFO - Processing /opt/airflow/dags/utils/helper.py took 0.596 seconds
[2023-11-25T21:48:31.552+0000] {processor.py:157} INFO - Started process (PID=1074) to work on /opt/airflow/dags/utils/helper.py
[2023-11-25T21:48:31.553+0000] {processor.py:829} INFO - Processing file /opt/airflow/dags/utils/helper.py for tasks to queue
[2023-11-25T21:48:31.553+0000] {logging_mixin.py:154} INFO - [2023-11-25T21:48:31.553+0000] {dagbag.py:536} INFO - Filling up the DagBag from /opt/airflow/dags/utils/helper.py
[2023-11-25T21:48:32.149+0000] {processor.py:841} WARNING - No viable dags retrieved from /opt/airflow/dags/utils/helper.py
[2023-11-25T21:48:32.157+0000] {processor.py:179} INFO - Processing /opt/airflow/dags/utils/helper.py took 0.609 seconds
[2023-11-25T21:49:02.212+0000] {processor.py:157} INFO - Started process (PID=1085) to work on /opt/airflow/dags/utils/helper.py
[2023-11-25T21:49:02.213+0000] {processor.py:829} INFO - Processing file /opt/airflow/dags/utils/helper.py for tasks to queue
[2023-11-25T21:49:02.213+0000] {logging_mixin.py:154} INFO - [2023-11-25T21:49:02.213+0000] {dagbag.py:536} INFO - Filling up the DagBag from /opt/airflow/dags/utils/helper.py
[2023-11-25T21:49:02.744+0000] {processor.py:841} WARNING - No viable dags retrieved from /opt/airflow/dags/utils/helper.py
[2023-11-25T21:49:02.751+0000] {processor.py:179} INFO - Processing /opt/airflow/dags/utils/helper.py took 0.542 seconds
[2023-11-25T21:49:32.913+0000] {processor.py:157} INFO - Started process (PID=1096) to work on /opt/airflow/dags/utils/helper.py
[2023-11-25T21:49:32.914+0000] {processor.py:829} INFO - Processing file /opt/airflow/dags/utils/helper.py for tasks to queue
[2023-11-25T21:49:32.915+0000] {logging_mixin.py:154} INFO - [2023-11-25T21:49:32.914+0000] {dagbag.py:536} INFO - Filling up the DagBag from /opt/airflow/dags/utils/helper.py
[2023-11-25T21:49:33.507+0000] {processor.py:841} WARNING - No viable dags retrieved from /opt/airflow/dags/utils/helper.py
[2023-11-25T21:49:33.514+0000] {processor.py:179} INFO - Processing /opt/airflow/dags/utils/helper.py took 0.603 seconds
[2023-11-25T21:50:03.693+0000] {processor.py:157} INFO - Started process (PID=1107) to work on /opt/airflow/dags/utils/helper.py
[2023-11-25T21:50:03.695+0000] {processor.py:829} INFO - Processing file /opt/airflow/dags/utils/helper.py for tasks to queue
[2023-11-25T21:50:03.696+0000] {logging_mixin.py:154} INFO - [2023-11-25T21:50:03.696+0000] {dagbag.py:536} INFO - Filling up the DagBag from /opt/airflow/dags/utils/helper.py
[2023-11-25T21:50:04.482+0000] {processor.py:841} WARNING - No viable dags retrieved from /opt/airflow/dags/utils/helper.py
[2023-11-25T21:50:04.491+0000] {processor.py:179} INFO - Processing /opt/airflow/dags/utils/helper.py took 0.802 seconds
[2023-11-25T21:50:34.655+0000] {processor.py:157} INFO - Started process (PID=1118) to work on /opt/airflow/dags/utils/helper.py
[2023-11-25T21:50:34.657+0000] {processor.py:829} INFO - Processing file /opt/airflow/dags/utils/helper.py for tasks to queue
[2023-11-25T21:50:34.658+0000] {logging_mixin.py:154} INFO - [2023-11-25T21:50:34.658+0000] {dagbag.py:536} INFO - Filling up the DagBag from /opt/airflow/dags/utils/helper.py
[2023-11-25T21:50:35.233+0000] {processor.py:841} WARNING - No viable dags retrieved from /opt/airflow/dags/utils/helper.py
[2023-11-25T21:50:35.239+0000] {processor.py:179} INFO - Processing /opt/airflow/dags/utils/helper.py took 0.588 seconds
[2023-11-25T21:51:05.407+0000] {processor.py:157} INFO - Started process (PID=1129) to work on /opt/airflow/dags/utils/helper.py
[2023-11-25T21:51:05.408+0000] {processor.py:829} INFO - Processing file /opt/airflow/dags/utils/helper.py for tasks to queue
[2023-11-25T21:51:05.408+0000] {logging_mixin.py:154} INFO - [2023-11-25T21:51:05.408+0000] {dagbag.py:536} INFO - Filling up the DagBag from /opt/airflow/dags/utils/helper.py
[2023-11-25T21:51:05.932+0000] {processor.py:841} WARNING - No viable dags retrieved from /opt/airflow/dags/utils/helper.py
[2023-11-25T21:51:05.940+0000] {processor.py:179} INFO - Processing /opt/airflow/dags/utils/helper.py took 0.536 seconds
[2023-11-25T21:51:36.112+0000] {processor.py:157} INFO - Started process (PID=1140) to work on /opt/airflow/dags/utils/helper.py
[2023-11-25T21:51:36.117+0000] {processor.py:829} INFO - Processing file /opt/airflow/dags/utils/helper.py for tasks to queue
[2023-11-25T21:51:36.118+0000] {logging_mixin.py:154} INFO - [2023-11-25T21:51:36.118+0000] {dagbag.py:536} INFO - Filling up the DagBag from /opt/airflow/dags/utils/helper.py
[2023-11-25T21:51:37.215+0000] {processor.py:841} WARNING - No viable dags retrieved from /opt/airflow/dags/utils/helper.py
[2023-11-25T21:51:37.231+0000] {processor.py:179} INFO - Processing /opt/airflow/dags/utils/helper.py took 1.122 seconds
[2023-11-25T21:52:07.359+0000] {processor.py:157} INFO - Started process (PID=1151) to work on /opt/airflow/dags/utils/helper.py
[2023-11-25T21:52:07.360+0000] {processor.py:829} INFO - Processing file /opt/airflow/dags/utils/helper.py for tasks to queue
[2023-11-25T21:52:07.360+0000] {logging_mixin.py:154} INFO - [2023-11-25T21:52:07.360+0000] {dagbag.py:536} INFO - Filling up the DagBag from /opt/airflow/dags/utils/helper.py
[2023-11-25T21:52:07.926+0000] {processor.py:841} WARNING - No viable dags retrieved from /opt/airflow/dags/utils/helper.py
[2023-11-25T21:52:07.933+0000] {processor.py:179} INFO - Processing /opt/airflow/dags/utils/helper.py took 0.576 seconds
[2023-11-25T21:52:38.490+0000] {processor.py:157} INFO - Started process (PID=1162) to work on /opt/airflow/dags/utils/helper.py
[2023-11-25T21:52:38.491+0000] {processor.py:829} INFO - Processing file /opt/airflow/dags/utils/helper.py for tasks to queue
[2023-11-25T21:52:38.492+0000] {logging_mixin.py:154} INFO - [2023-11-25T21:52:38.491+0000] {dagbag.py:536} INFO - Filling up the DagBag from /opt/airflow/dags/utils/helper.py
[2023-11-25T21:52:39.122+0000] {processor.py:841} WARNING - No viable dags retrieved from /opt/airflow/dags/utils/helper.py
[2023-11-25T21:52:39.131+0000] {processor.py:179} INFO - Processing /opt/airflow/dags/utils/helper.py took 0.644 seconds
[2023-11-25T21:53:09.274+0000] {processor.py:157} INFO - Started process (PID=1174) to work on /opt/airflow/dags/utils/helper.py
[2023-11-25T21:53:09.275+0000] {processor.py:829} INFO - Processing file /opt/airflow/dags/utils/helper.py for tasks to queue
[2023-11-25T21:53:09.276+0000] {logging_mixin.py:154} INFO - [2023-11-25T21:53:09.276+0000] {dagbag.py:536} INFO - Filling up the DagBag from /opt/airflow/dags/utils/helper.py
[2023-11-25T21:53:09.867+0000] {processor.py:841} WARNING - No viable dags retrieved from /opt/airflow/dags/utils/helper.py
[2023-11-25T21:53:09.873+0000] {processor.py:179} INFO - Processing /opt/airflow/dags/utils/helper.py took 0.603 seconds
[2023-11-25T21:53:40.025+0000] {processor.py:157} INFO - Started process (PID=1186) to work on /opt/airflow/dags/utils/helper.py
[2023-11-25T21:53:40.026+0000] {processor.py:829} INFO - Processing file /opt/airflow/dags/utils/helper.py for tasks to queue
[2023-11-25T21:53:40.026+0000] {logging_mixin.py:154} INFO - [2023-11-25T21:53:40.026+0000] {dagbag.py:536} INFO - Filling up the DagBag from /opt/airflow/dags/utils/helper.py
[2023-11-25T21:53:40.651+0000] {processor.py:841} WARNING - No viable dags retrieved from /opt/airflow/dags/utils/helper.py
[2023-11-25T21:53:40.662+0000] {processor.py:179} INFO - Processing /opt/airflow/dags/utils/helper.py took 0.640 seconds
[2023-11-25T21:54:07.804+0000] {processor.py:157} INFO - Started process (PID=1195) to work on /opt/airflow/dags/utils/helper.py
[2023-11-25T21:54:07.805+0000] {processor.py:829} INFO - Processing file /opt/airflow/dags/utils/helper.py for tasks to queue
[2023-11-25T21:54:07.807+0000] {logging_mixin.py:154} INFO - [2023-11-25T21:54:07.806+0000] {dagbag.py:536} INFO - Filling up the DagBag from /opt/airflow/dags/utils/helper.py
[2023-11-25T21:54:08.397+0000] {logging_mixin.py:154} INFO - Current Working Directory: /opt/airflow
[2023-11-25T21:54:08.397+0000] {logging_mixin.py:154} INFO - List of Files: ['dags', 'logs', 'plugins', 'airflow.cfg', 'config', 'requirements.txt']
[2023-11-25T21:54:08.397+0000] {processor.py:841} WARNING - No viable dags retrieved from /opt/airflow/dags/utils/helper.py
[2023-11-25T21:54:08.405+0000] {processor.py:179} INFO - Processing /opt/airflow/dags/utils/helper.py took 0.606 seconds
[2023-11-25T21:54:38.955+0000] {processor.py:157} INFO - Started process (PID=1206) to work on /opt/airflow/dags/utils/helper.py
[2023-11-25T21:54:38.959+0000] {processor.py:829} INFO - Processing file /opt/airflow/dags/utils/helper.py for tasks to queue
[2023-11-25T21:54:38.960+0000] {logging_mixin.py:154} INFO - [2023-11-25T21:54:38.960+0000] {dagbag.py:536} INFO - Filling up the DagBag from /opt/airflow/dags/utils/helper.py
[2023-11-25T21:54:39.617+0000] {logging_mixin.py:154} INFO - Current Working Directory: /opt/airflow
[2023-11-25T21:54:39.618+0000] {logging_mixin.py:154} INFO - List of Files: ['dags', 'logs', 'plugins', 'airflow.cfg', 'config', 'requirements.txt']
[2023-11-25T21:54:39.618+0000] {processor.py:841} WARNING - No viable dags retrieved from /opt/airflow/dags/utils/helper.py
[2023-11-25T21:54:39.627+0000] {processor.py:179} INFO - Processing /opt/airflow/dags/utils/helper.py took 0.675 seconds
[2023-11-25T21:55:09.776+0000] {processor.py:157} INFO - Started process (PID=1216) to work on /opt/airflow/dags/utils/helper.py
[2023-11-25T21:55:09.778+0000] {processor.py:829} INFO - Processing file /opt/airflow/dags/utils/helper.py for tasks to queue
[2023-11-25T21:55:09.779+0000] {logging_mixin.py:154} INFO - [2023-11-25T21:55:09.778+0000] {dagbag.py:536} INFO - Filling up the DagBag from /opt/airflow/dags/utils/helper.py
[2023-11-25T21:55:10.411+0000] {logging_mixin.py:154} INFO - Current Working Directory: /opt/airflow
[2023-11-25T21:55:10.411+0000] {logging_mixin.py:154} INFO - List of Files: ['dags', 'logs', 'plugins', 'airflow.cfg', 'config', 'requirements.txt']
[2023-11-25T21:55:10.412+0000] {processor.py:841} WARNING - No viable dags retrieved from /opt/airflow/dags/utils/helper.py
[2023-11-25T21:55:10.421+0000] {processor.py:179} INFO - Processing /opt/airflow/dags/utils/helper.py took 0.649 seconds
[2023-11-25T21:55:32.101+0000] {processor.py:157} INFO - Started process (PID=1227) to work on /opt/airflow/dags/utils/helper.py
[2023-11-25T21:55:32.102+0000] {processor.py:829} INFO - Processing file /opt/airflow/dags/utils/helper.py for tasks to queue
[2023-11-25T21:55:32.104+0000] {logging_mixin.py:154} INFO - [2023-11-25T21:55:32.103+0000] {dagbag.py:536} INFO - Filling up the DagBag from /opt/airflow/dags/utils/helper.py
[2023-11-25T21:55:32.702+0000] {processor.py:841} WARNING - No viable dags retrieved from /opt/airflow/dags/utils/helper.py
[2023-11-25T21:55:32.708+0000] {processor.py:179} INFO - Processing /opt/airflow/dags/utils/helper.py took 0.613 seconds
[2023-11-25T21:56:02.887+0000] {processor.py:157} INFO - Started process (PID=1238) to work on /opt/airflow/dags/utils/helper.py
[2023-11-25T21:56:02.888+0000] {processor.py:829} INFO - Processing file /opt/airflow/dags/utils/helper.py for tasks to queue
[2023-11-25T21:56:02.890+0000] {logging_mixin.py:154} INFO - [2023-11-25T21:56:02.889+0000] {dagbag.py:536} INFO - Filling up the DagBag from /opt/airflow/dags/utils/helper.py
[2023-11-25T21:56:03.413+0000] {processor.py:841} WARNING - No viable dags retrieved from /opt/airflow/dags/utils/helper.py
[2023-11-25T21:56:03.420+0000] {processor.py:179} INFO - Processing /opt/airflow/dags/utils/helper.py took 0.538 seconds
[2023-11-25T21:56:33.589+0000] {processor.py:157} INFO - Started process (PID=1249) to work on /opt/airflow/dags/utils/helper.py
[2023-11-25T21:56:33.590+0000] {processor.py:829} INFO - Processing file /opt/airflow/dags/utils/helper.py for tasks to queue
[2023-11-25T21:56:33.591+0000] {logging_mixin.py:154} INFO - [2023-11-25T21:56:33.591+0000] {dagbag.py:536} INFO - Filling up the DagBag from /opt/airflow/dags/utils/helper.py
[2023-11-25T21:56:34.124+0000] {processor.py:841} WARNING - No viable dags retrieved from /opt/airflow/dags/utils/helper.py
[2023-11-25T21:56:34.130+0000] {processor.py:179} INFO - Processing /opt/airflow/dags/utils/helper.py took 0.547 seconds
[2023-11-25T21:57:04.738+0000] {processor.py:157} INFO - Started process (PID=1260) to work on /opt/airflow/dags/utils/helper.py
[2023-11-25T21:57:04.745+0000] {processor.py:829} INFO - Processing file /opt/airflow/dags/utils/helper.py for tasks to queue
[2023-11-25T21:57:04.745+0000] {logging_mixin.py:154} INFO - [2023-11-25T21:57:04.745+0000] {dagbag.py:536} INFO - Filling up the DagBag from /opt/airflow/dags/utils/helper.py
[2023-11-25T21:57:05.272+0000] {processor.py:841} WARNING - No viable dags retrieved from /opt/airflow/dags/utils/helper.py
[2023-11-25T21:57:05.278+0000] {processor.py:179} INFO - Processing /opt/airflow/dags/utils/helper.py took 0.542 seconds
[2023-11-25T21:57:35.460+0000] {processor.py:157} INFO - Started process (PID=1271) to work on /opt/airflow/dags/utils/helper.py
[2023-11-25T21:57:35.462+0000] {processor.py:829} INFO - Processing file /opt/airflow/dags/utils/helper.py for tasks to queue
[2023-11-25T21:57:35.464+0000] {logging_mixin.py:154} INFO - [2023-11-25T21:57:35.463+0000] {dagbag.py:536} INFO - Filling up the DagBag from /opt/airflow/dags/utils/helper.py
[2023-11-25T21:57:36.001+0000] {processor.py:841} WARNING - No viable dags retrieved from /opt/airflow/dags/utils/helper.py
[2023-11-25T21:57:36.008+0000] {processor.py:179} INFO - Processing /opt/airflow/dags/utils/helper.py took 0.553 seconds
[2023-11-25T21:58:06.163+0000] {processor.py:157} INFO - Started process (PID=1282) to work on /opt/airflow/dags/utils/helper.py
[2023-11-25T21:58:06.164+0000] {processor.py:829} INFO - Processing file /opt/airflow/dags/utils/helper.py for tasks to queue
[2023-11-25T21:58:06.165+0000] {logging_mixin.py:154} INFO - [2023-11-25T21:58:06.165+0000] {dagbag.py:536} INFO - Filling up the DagBag from /opt/airflow/dags/utils/helper.py
[2023-11-25T21:58:06.785+0000] {processor.py:841} WARNING - No viable dags retrieved from /opt/airflow/dags/utils/helper.py
[2023-11-25T21:58:06.792+0000] {processor.py:179} INFO - Processing /opt/airflow/dags/utils/helper.py took 0.635 seconds
[2023-11-25T21:58:37.283+0000] {processor.py:157} INFO - Started process (PID=1293) to work on /opt/airflow/dags/utils/helper.py
[2023-11-25T21:58:37.284+0000] {processor.py:829} INFO - Processing file /opt/airflow/dags/utils/helper.py for tasks to queue
[2023-11-25T21:58:37.285+0000] {logging_mixin.py:154} INFO - [2023-11-25T21:58:37.284+0000] {dagbag.py:536} INFO - Filling up the DagBag from /opt/airflow/dags/utils/helper.py
[2023-11-25T21:58:37.855+0000] {processor.py:841} WARNING - No viable dags retrieved from /opt/airflow/dags/utils/helper.py
[2023-11-25T21:58:37.862+0000] {processor.py:179} INFO - Processing /opt/airflow/dags/utils/helper.py took 0.581 seconds
[2023-11-25T21:59:08.007+0000] {processor.py:157} INFO - Started process (PID=1304) to work on /opt/airflow/dags/utils/helper.py
[2023-11-25T21:59:08.011+0000] {processor.py:829} INFO - Processing file /opt/airflow/dags/utils/helper.py for tasks to queue
[2023-11-25T21:59:08.012+0000] {logging_mixin.py:154} INFO - [2023-11-25T21:59:08.011+0000] {dagbag.py:536} INFO - Filling up the DagBag from /opt/airflow/dags/utils/helper.py
[2023-11-25T21:59:08.609+0000] {processor.py:841} WARNING - No viable dags retrieved from /opt/airflow/dags/utils/helper.py
[2023-11-25T21:59:08.616+0000] {processor.py:179} INFO - Processing /opt/airflow/dags/utils/helper.py took 0.612 seconds
[2023-11-25T21:59:38.764+0000] {processor.py:157} INFO - Started process (PID=1316) to work on /opt/airflow/dags/utils/helper.py
[2023-11-25T21:59:38.766+0000] {processor.py:829} INFO - Processing file /opt/airflow/dags/utils/helper.py for tasks to queue
[2023-11-25T21:59:38.767+0000] {logging_mixin.py:154} INFO - [2023-11-25T21:59:38.767+0000] {dagbag.py:536} INFO - Filling up the DagBag from /opt/airflow/dags/utils/helper.py
[2023-11-25T21:59:39.385+0000] {processor.py:841} WARNING - No viable dags retrieved from /opt/airflow/dags/utils/helper.py
[2023-11-25T21:59:39.393+0000] {processor.py:179} INFO - Processing /opt/airflow/dags/utils/helper.py took 0.630 seconds
[2023-11-25T22:00:09.527+0000] {processor.py:157} INFO - Started process (PID=1327) to work on /opt/airflow/dags/utils/helper.py
[2023-11-25T22:00:09.528+0000] {processor.py:829} INFO - Processing file /opt/airflow/dags/utils/helper.py for tasks to queue
[2023-11-25T22:00:09.528+0000] {logging_mixin.py:154} INFO - [2023-11-25T22:00:09.528+0000] {dagbag.py:536} INFO - Filling up the DagBag from /opt/airflow/dags/utils/helper.py
[2023-11-25T22:00:10.183+0000] {processor.py:841} WARNING - No viable dags retrieved from /opt/airflow/dags/utils/helper.py
[2023-11-25T22:00:10.192+0000] {processor.py:179} INFO - Processing /opt/airflow/dags/utils/helper.py took 0.667 seconds
[2023-11-25T22:00:40.661+0000] {processor.py:157} INFO - Started process (PID=1338) to work on /opt/airflow/dags/utils/helper.py
[2023-11-25T22:00:40.661+0000] {processor.py:829} INFO - Processing file /opt/airflow/dags/utils/helper.py for tasks to queue
[2023-11-25T22:00:40.662+0000] {logging_mixin.py:154} INFO - [2023-11-25T22:00:40.662+0000] {dagbag.py:536} INFO - Filling up the DagBag from /opt/airflow/dags/utils/helper.py
[2023-11-25T22:00:41.203+0000] {processor.py:841} WARNING - No viable dags retrieved from /opt/airflow/dags/utils/helper.py
[2023-11-25T22:00:41.210+0000] {processor.py:179} INFO - Processing /opt/airflow/dags/utils/helper.py took 0.551 seconds
[2023-11-25T22:01:11.371+0000] {processor.py:157} INFO - Started process (PID=1349) to work on /opt/airflow/dags/utils/helper.py
[2023-11-25T22:01:11.372+0000] {processor.py:829} INFO - Processing file /opt/airflow/dags/utils/helper.py for tasks to queue
[2023-11-25T22:01:11.373+0000] {logging_mixin.py:154} INFO - [2023-11-25T22:01:11.373+0000] {dagbag.py:536} INFO - Filling up the DagBag from /opt/airflow/dags/utils/helper.py
[2023-11-25T22:01:12.003+0000] {processor.py:841} WARNING - No viable dags retrieved from /opt/airflow/dags/utils/helper.py
[2023-11-25T22:01:12.010+0000] {processor.py:179} INFO - Processing /opt/airflow/dags/utils/helper.py took 0.644 seconds
[2023-11-25T22:01:42.133+0000] {processor.py:157} INFO - Started process (PID=1360) to work on /opt/airflow/dags/utils/helper.py
[2023-11-25T22:01:42.134+0000] {processor.py:829} INFO - Processing file /opt/airflow/dags/utils/helper.py for tasks to queue
[2023-11-25T22:01:42.135+0000] {logging_mixin.py:154} INFO - [2023-11-25T22:01:42.134+0000] {dagbag.py:536} INFO - Filling up the DagBag from /opt/airflow/dags/utils/helper.py
[2023-11-25T22:01:42.705+0000] {processor.py:841} WARNING - No viable dags retrieved from /opt/airflow/dags/utils/helper.py
[2023-11-25T22:01:42.711+0000] {processor.py:179} INFO - Processing /opt/airflow/dags/utils/helper.py took 0.581 seconds
[2023-11-25T22:01:54.445+0000] {processor.py:157} INFO - Started process (PID=1364) to work on /opt/airflow/dags/utils/helper.py
[2023-11-25T22:01:54.447+0000] {processor.py:829} INFO - Processing file /opt/airflow/dags/utils/helper.py for tasks to queue
[2023-11-25T22:01:54.448+0000] {logging_mixin.py:154} INFO - [2023-11-25T22:01:54.448+0000] {dagbag.py:536} INFO - Filling up the DagBag from /opt/airflow/dags/utils/helper.py
[2023-11-25T22:01:55.232+0000] {processor.py:841} WARNING - No viable dags retrieved from /opt/airflow/dags/utils/helper.py
[2023-11-25T22:01:55.240+0000] {processor.py:179} INFO - Processing /opt/airflow/dags/utils/helper.py took 0.800 seconds
[2023-11-25T22:02:25.413+0000] {processor.py:157} INFO - Started process (PID=1375) to work on /opt/airflow/dags/utils/helper.py
[2023-11-25T22:02:25.414+0000] {processor.py:829} INFO - Processing file /opt/airflow/dags/utils/helper.py for tasks to queue
[2023-11-25T22:02:25.416+0000] {logging_mixin.py:154} INFO - [2023-11-25T22:02:25.415+0000] {dagbag.py:536} INFO - Filling up the DagBag from /opt/airflow/dags/utils/helper.py
[2023-11-25T22:02:25.949+0000] {processor.py:841} WARNING - No viable dags retrieved from /opt/airflow/dags/utils/helper.py
[2023-11-25T22:02:25.956+0000] {processor.py:179} INFO - Processing /opt/airflow/dags/utils/helper.py took 0.550 seconds
[2023-11-25T22:02:56.125+0000] {processor.py:157} INFO - Started process (PID=1387) to work on /opt/airflow/dags/utils/helper.py
[2023-11-25T22:02:56.125+0000] {processor.py:829} INFO - Processing file /opt/airflow/dags/utils/helper.py for tasks to queue
[2023-11-25T22:02:56.126+0000] {logging_mixin.py:154} INFO - [2023-11-25T22:02:56.126+0000] {dagbag.py:536} INFO - Filling up the DagBag from /opt/airflow/dags/utils/helper.py
[2023-11-25T22:02:56.667+0000] {processor.py:841} WARNING - No viable dags retrieved from /opt/airflow/dags/utils/helper.py
[2023-11-25T22:02:56.674+0000] {processor.py:179} INFO - Processing /opt/airflow/dags/utils/helper.py took 0.553 seconds
[2023-11-25T22:03:26.841+0000] {processor.py:157} INFO - Started process (PID=1398) to work on /opt/airflow/dags/utils/helper.py
[2023-11-25T22:03:26.844+0000] {processor.py:829} INFO - Processing file /opt/airflow/dags/utils/helper.py for tasks to queue
[2023-11-25T22:03:26.845+0000] {logging_mixin.py:154} INFO - [2023-11-25T22:03:26.844+0000] {dagbag.py:536} INFO - Filling up the DagBag from /opt/airflow/dags/utils/helper.py
[2023-11-25T22:03:27.378+0000] {processor.py:841} WARNING - No viable dags retrieved from /opt/airflow/dags/utils/helper.py
[2023-11-25T22:03:27.385+0000] {processor.py:179} INFO - Processing /opt/airflow/dags/utils/helper.py took 0.549 seconds
[2023-11-25T22:03:57.555+0000] {processor.py:157} INFO - Started process (PID=1409) to work on /opt/airflow/dags/utils/helper.py
[2023-11-25T22:03:57.557+0000] {processor.py:829} INFO - Processing file /opt/airflow/dags/utils/helper.py for tasks to queue
[2023-11-25T22:03:57.557+0000] {logging_mixin.py:154} INFO - [2023-11-25T22:03:57.557+0000] {dagbag.py:536} INFO - Filling up the DagBag from /opt/airflow/dags/utils/helper.py
[2023-11-25T22:03:58.091+0000] {processor.py:841} WARNING - No viable dags retrieved from /opt/airflow/dags/utils/helper.py
[2023-11-25T22:03:58.098+0000] {processor.py:179} INFO - Processing /opt/airflow/dags/utils/helper.py took 0.546 seconds
[2023-11-25T22:04:28.276+0000] {processor.py:157} INFO - Started process (PID=1420) to work on /opt/airflow/dags/utils/helper.py
[2023-11-25T22:04:28.278+0000] {processor.py:829} INFO - Processing file /opt/airflow/dags/utils/helper.py for tasks to queue
[2023-11-25T22:04:28.279+0000] {logging_mixin.py:154} INFO - [2023-11-25T22:04:28.278+0000] {dagbag.py:536} INFO - Filling up the DagBag from /opt/airflow/dags/utils/helper.py
[2023-11-25T22:04:28.805+0000] {processor.py:841} WARNING - No viable dags retrieved from /opt/airflow/dags/utils/helper.py
[2023-11-25T22:04:28.812+0000] {processor.py:179} INFO - Processing /opt/airflow/dags/utils/helper.py took 0.540 seconds
[2023-11-25T22:04:59.433+0000] {processor.py:157} INFO - Started process (PID=1431) to work on /opt/airflow/dags/utils/helper.py
[2023-11-25T22:04:59.434+0000] {processor.py:829} INFO - Processing file /opt/airflow/dags/utils/helper.py for tasks to queue
[2023-11-25T22:04:59.434+0000] {logging_mixin.py:154} INFO - [2023-11-25T22:04:59.434+0000] {dagbag.py:536} INFO - Filling up the DagBag from /opt/airflow/dags/utils/helper.py
[2023-11-25T22:04:59.987+0000] {processor.py:841} WARNING - No viable dags retrieved from /opt/airflow/dags/utils/helper.py
[2023-11-25T22:04:59.993+0000] {processor.py:179} INFO - Processing /opt/airflow/dags/utils/helper.py took 0.563 seconds
[2023-11-25T22:05:30.151+0000] {processor.py:157} INFO - Started process (PID=1442) to work on /opt/airflow/dags/utils/helper.py
[2023-11-25T22:05:30.153+0000] {processor.py:829} INFO - Processing file /opt/airflow/dags/utils/helper.py for tasks to queue
[2023-11-25T22:05:30.153+0000] {logging_mixin.py:154} INFO - [2023-11-25T22:05:30.153+0000] {dagbag.py:536} INFO - Filling up the DagBag from /opt/airflow/dags/utils/helper.py
[2023-11-25T22:05:30.836+0000] {processor.py:841} WARNING - No viable dags retrieved from /opt/airflow/dags/utils/helper.py
[2023-11-25T22:05:30.844+0000] {processor.py:179} INFO - Processing /opt/airflow/dags/utils/helper.py took 0.695 seconds
[2023-11-25T22:06:01.016+0000] {processor.py:157} INFO - Started process (PID=1453) to work on /opt/airflow/dags/utils/helper.py
[2023-11-25T22:06:01.019+0000] {processor.py:829} INFO - Processing file /opt/airflow/dags/utils/helper.py for tasks to queue
[2023-11-25T22:06:01.020+0000] {logging_mixin.py:154} INFO - [2023-11-25T22:06:01.019+0000] {dagbag.py:536} INFO - Filling up the DagBag from /opt/airflow/dags/utils/helper.py
[2023-11-25T22:06:01.822+0000] {processor.py:841} WARNING - No viable dags retrieved from /opt/airflow/dags/utils/helper.py
[2023-11-25T22:06:01.831+0000] {processor.py:179} INFO - Processing /opt/airflow/dags/utils/helper.py took 0.820 seconds
[2023-11-25T22:06:31.984+0000] {processor.py:157} INFO - Started process (PID=1465) to work on /opt/airflow/dags/utils/helper.py
[2023-11-25T22:06:31.985+0000] {processor.py:829} INFO - Processing file /opt/airflow/dags/utils/helper.py for tasks to queue
[2023-11-25T22:06:31.986+0000] {logging_mixin.py:154} INFO - [2023-11-25T22:06:31.986+0000] {dagbag.py:536} INFO - Filling up the DagBag from /opt/airflow/dags/utils/helper.py
[2023-11-25T22:06:32.672+0000] {processor.py:841} WARNING - No viable dags retrieved from /opt/airflow/dags/utils/helper.py
[2023-11-25T22:06:32.681+0000] {processor.py:179} INFO - Processing /opt/airflow/dags/utils/helper.py took 0.700 seconds
[2023-11-25T22:07:02.823+0000] {processor.py:157} INFO - Started process (PID=1482) to work on /opt/airflow/dags/utils/helper.py
[2023-11-25T22:07:02.825+0000] {processor.py:829} INFO - Processing file /opt/airflow/dags/utils/helper.py for tasks to queue
[2023-11-25T22:07:02.827+0000] {logging_mixin.py:154} INFO - [2023-11-25T22:07:02.826+0000] {dagbag.py:536} INFO - Filling up the DagBag from /opt/airflow/dags/utils/helper.py
[2023-11-25T22:07:03.352+0000] {processor.py:841} WARNING - No viable dags retrieved from /opt/airflow/dags/utils/helper.py
[2023-11-25T22:07:03.359+0000] {processor.py:179} INFO - Processing /opt/airflow/dags/utils/helper.py took 0.542 seconds
[2023-11-25T22:07:33.498+0000] {processor.py:157} INFO - Started process (PID=1494) to work on /opt/airflow/dags/utils/helper.py
[2023-11-25T22:07:33.499+0000] {processor.py:829} INFO - Processing file /opt/airflow/dags/utils/helper.py for tasks to queue
[2023-11-25T22:07:33.500+0000] {logging_mixin.py:154} INFO - [2023-11-25T22:07:33.500+0000] {dagbag.py:536} INFO - Filling up the DagBag from /opt/airflow/dags/utils/helper.py
[2023-11-25T22:07:34.220+0000] {processor.py:841} WARNING - No viable dags retrieved from /opt/airflow/dags/utils/helper.py
[2023-11-25T22:07:34.227+0000] {processor.py:179} INFO - Processing /opt/airflow/dags/utils/helper.py took 0.732 seconds
[2023-11-25T22:08:04.371+0000] {processor.py:157} INFO - Started process (PID=1505) to work on /opt/airflow/dags/utils/helper.py
[2023-11-25T22:08:04.372+0000] {processor.py:829} INFO - Processing file /opt/airflow/dags/utils/helper.py for tasks to queue
[2023-11-25T22:08:04.372+0000] {logging_mixin.py:154} INFO - [2023-11-25T22:08:04.372+0000] {dagbag.py:536} INFO - Filling up the DagBag from /opt/airflow/dags/utils/helper.py
[2023-11-25T22:08:04.994+0000] {processor.py:841} WARNING - No viable dags retrieved from /opt/airflow/dags/utils/helper.py
[2023-11-25T22:08:05.001+0000] {processor.py:179} INFO - Processing /opt/airflow/dags/utils/helper.py took 0.633 seconds
[2023-11-25T22:08:23.113+0000] {processor.py:157} INFO - Started process (PID=1507) to work on /opt/airflow/dags/utils/helper.py
[2023-11-25T22:08:23.115+0000] {processor.py:829} INFO - Processing file /opt/airflow/dags/utils/helper.py for tasks to queue
[2023-11-25T22:08:23.116+0000] {logging_mixin.py:154} INFO - [2023-11-25T22:08:23.116+0000] {dagbag.py:536} INFO - Filling up the DagBag from /opt/airflow/dags/utils/helper.py
[2023-11-25T22:08:23.118+0000] {logging_mixin.py:154} INFO - [2023-11-25T22:08:23.117+0000] {dagbag.py:323} INFO - File /opt/airflow/dags/utils/helper.py assumed to contain no DAGs. Skipping.
[2023-11-25T22:08:23.118+0000] {processor.py:841} WARNING - No viable dags retrieved from /opt/airflow/dags/utils/helper.py
[2023-11-25T22:08:23.131+0000] {processor.py:179} INFO - Processing /opt/airflow/dags/utils/helper.py took 0.021 seconds
[2023-11-25T22:08:53.287+0000] {processor.py:157} INFO - Started process (PID=1517) to work on /opt/airflow/dags/utils/helper.py
[2023-11-25T22:08:53.288+0000] {processor.py:829} INFO - Processing file /opt/airflow/dags/utils/helper.py for tasks to queue
[2023-11-25T22:08:53.289+0000] {logging_mixin.py:154} INFO - [2023-11-25T22:08:53.289+0000] {dagbag.py:536} INFO - Filling up the DagBag from /opt/airflow/dags/utils/helper.py
[2023-11-25T22:08:53.290+0000] {logging_mixin.py:154} INFO - [2023-11-25T22:08:53.289+0000] {dagbag.py:323} INFO - File /opt/airflow/dags/utils/helper.py assumed to contain no DAGs. Skipping.
[2023-11-25T22:08:53.290+0000] {processor.py:841} WARNING - No viable dags retrieved from /opt/airflow/dags/utils/helper.py
[2023-11-25T22:08:53.299+0000] {processor.py:179} INFO - Processing /opt/airflow/dags/utils/helper.py took 0.015 seconds
[2023-11-25T22:09:23.461+0000] {processor.py:157} INFO - Started process (PID=1527) to work on /opt/airflow/dags/utils/helper.py
[2023-11-25T22:09:23.463+0000] {processor.py:829} INFO - Processing file /opt/airflow/dags/utils/helper.py for tasks to queue
[2023-11-25T22:09:23.464+0000] {logging_mixin.py:154} INFO - [2023-11-25T22:09:23.464+0000] {dagbag.py:536} INFO - Filling up the DagBag from /opt/airflow/dags/utils/helper.py
[2023-11-25T22:09:23.466+0000] {logging_mixin.py:154} INFO - [2023-11-25T22:09:23.466+0000] {dagbag.py:323} INFO - File /opt/airflow/dags/utils/helper.py assumed to contain no DAGs. Skipping.
[2023-11-25T22:09:23.467+0000] {processor.py:841} WARNING - No viable dags retrieved from /opt/airflow/dags/utils/helper.py
[2023-11-25T22:09:23.480+0000] {processor.py:179} INFO - Processing /opt/airflow/dags/utils/helper.py took 0.023 seconds
