[2023-09-16T11:45:27.487+0000] {taskinstance.py:1157} INFO - Dependencies all met for dep_context=non-requeueable deps ti=<TaskInstance: ETL_Pipeline.load_data scheduled__2023-09-16T10:00:00+00:00 [queued]>
[2023-09-16T11:45:27.494+0000] {taskinstance.py:1157} INFO - Dependencies all met for dep_context=requeueable deps ti=<TaskInstance: ETL_Pipeline.load_data scheduled__2023-09-16T10:00:00+00:00 [queued]>
[2023-09-16T11:45:27.494+0000] {taskinstance.py:1359} INFO - Starting attempt 1 of 2
[2023-09-16T11:45:27.506+0000] {taskinstance.py:1380} INFO - Executing <Task(PythonOperator): load_data> on 2023-09-16 10:00:00+00:00
[2023-09-16T11:45:27.512+0000] {standard_task_runner.py:57} INFO - Started process 77 to run task
[2023-09-16T11:45:27.514+0000] {standard_task_runner.py:84} INFO - Running: ['***', 'tasks', 'run', 'ETL_Pipeline', 'load_data', 'scheduled__2023-09-16T10:00:00+00:00', '--job-id', '5061', '--raw', '--subdir', 'DAGS_FOLDER/my_first_dag.py', '--cfg-path', '/tmp/tmp2l28d3fi']
[2023-09-16T11:45:27.515+0000] {standard_task_runner.py:85} INFO - Job 5061: Subtask load_data
[2023-09-16T11:45:27.547+0000] {task_command.py:415} INFO - Running <TaskInstance: ETL_Pipeline.load_data scheduled__2023-09-16T10:00:00+00:00 [running]> on host 900e33937764
[2023-09-16T11:45:27.611+0000] {taskinstance.py:1660} INFO - Exporting env vars: AIRFLOW_CTX_DAG_OWNER='***' AIRFLOW_CTX_DAG_ID='ETL_Pipeline' AIRFLOW_CTX_TASK_ID='load_data' AIRFLOW_CTX_EXECUTION_DATE='2023-09-16T10:00:00+00:00' AIRFLOW_CTX_TRY_NUMBER='1' AIRFLOW_CTX_DAG_RUN_ID='scheduled__2023-09-16T10:00:00+00:00'
[2023-09-16T11:45:27.612+0000] {helper.py:51} INFO - Data loaded into table 'scraped table' in the MySQL database.
[2023-09-16T11:45:27.612+0000] {python.py:194} INFO - Done. Returned value was: None
[2023-09-16T11:45:27.618+0000] {taskinstance.py:1398} INFO - Marking task as SUCCESS. dag_id=ETL_Pipeline, task_id=load_data, execution_date=20230916T100000, start_date=20230916T114527, end_date=20230916T114527
[2023-09-16T11:45:27.645+0000] {local_task_job_runner.py:228} INFO - Task exited with return code 0
[2023-09-16T11:45:27.658+0000] {taskinstance.py:2776} INFO - 0 downstream tasks scheduled from follow-on schedule check
[2023-09-16T11:46:01.783+0000] {taskinstance.py:1157} INFO - Dependencies all met for dep_context=non-requeueable deps ti=<TaskInstance: ETL_Pipeline.load_data scheduled__2023-09-16T10:00:00+00:00 [queued]>
[2023-09-16T11:46:01.791+0000] {taskinstance.py:1157} INFO - Dependencies all met for dep_context=requeueable deps ti=<TaskInstance: ETL_Pipeline.load_data scheduled__2023-09-16T10:00:00+00:00 [queued]>
[2023-09-16T11:46:01.792+0000] {taskinstance.py:1359} INFO - Starting attempt 1 of 2
[2023-09-16T11:46:01.803+0000] {taskinstance.py:1380} INFO - Executing <Task(PythonOperator): load_data> on 2023-09-16 10:00:00+00:00
[2023-09-16T11:46:01.808+0000] {standard_task_runner.py:57} INFO - Started process 99 to run task
[2023-09-16T11:46:01.810+0000] {standard_task_runner.py:84} INFO - Running: ['***', 'tasks', 'run', 'ETL_Pipeline', 'load_data', 'scheduled__2023-09-16T10:00:00+00:00', '--job-id', '5065', '--raw', '--subdir', 'DAGS_FOLDER/my_first_dag.py', '--cfg-path', '/tmp/tmpfi2pdrp4']
[2023-09-16T11:46:01.812+0000] {standard_task_runner.py:85} INFO - Job 5065: Subtask load_data
[2023-09-16T11:46:01.848+0000] {task_command.py:415} INFO - Running <TaskInstance: ETL_Pipeline.load_data scheduled__2023-09-16T10:00:00+00:00 [running]> on host 900e33937764
[2023-09-16T11:46:01.910+0000] {taskinstance.py:1660} INFO - Exporting env vars: AIRFLOW_CTX_DAG_OWNER='***' AIRFLOW_CTX_DAG_ID='ETL_Pipeline' AIRFLOW_CTX_TASK_ID='load_data' AIRFLOW_CTX_EXECUTION_DATE='2023-09-16T10:00:00+00:00' AIRFLOW_CTX_TRY_NUMBER='1' AIRFLOW_CTX_DAG_RUN_ID='scheduled__2023-09-16T10:00:00+00:00'
[2023-09-16T11:46:01.911+0000] {helper.py:51} INFO - Data loaded into table 'scraped table' in the MySQL database.
[2023-09-16T11:46:01.911+0000] {python.py:194} INFO - Done. Returned value was: None
[2023-09-16T11:46:01.917+0000] {taskinstance.py:1398} INFO - Marking task as SUCCESS. dag_id=ETL_Pipeline, task_id=load_data, execution_date=20230916T100000, start_date=20230916T114601, end_date=20230916T114601
[2023-09-16T11:46:01.942+0000] {local_task_job_runner.py:228} INFO - Task exited with return code 0
[2023-09-16T11:46:01.955+0000] {taskinstance.py:2776} INFO - 0 downstream tasks scheduled from follow-on schedule check
