[2023-08-01T14:27:02.498+0000] {taskinstance.py:1103} INFO - Dependencies all met for dep_context=non-requeueable deps ti=<TaskInstance: ETL_Pipeline.transform_data scheduled__2023-08-01T14:26:00+00:00 [queued]>
[2023-08-01T14:27:02.505+0000] {taskinstance.py:1103} INFO - Dependencies all met for dep_context=requeueable deps ti=<TaskInstance: ETL_Pipeline.transform_data scheduled__2023-08-01T14:26:00+00:00 [queued]>
[2023-08-01T14:27:02.505+0000] {taskinstance.py:1308} INFO - Starting attempt 1 of 2
[2023-08-01T14:27:02.517+0000] {taskinstance.py:1327} INFO - Executing <Task(PythonOperator): transform_data> on 2023-08-01 14:26:00+00:00
[2023-08-01T14:27:02.525+0000] {standard_task_runner.py:57} INFO - Started process 1068 to run task
[2023-08-01T14:27:02.528+0000] {standard_task_runner.py:84} INFO - Running: ['***', 'tasks', 'run', 'ETL_Pipeline', 'transform_data', 'scheduled__2023-08-01T14:26:00+00:00', '--job-id', '4796', '--raw', '--subdir', 'DAGS_FOLDER/my_first_dag.py', '--cfg-path', '/tmp/tmp5uxq3isg']
[2023-08-01T14:27:02.529+0000] {standard_task_runner.py:85} INFO - Job 4796: Subtask transform_data
[2023-08-01T14:27:02.565+0000] {task_command.py:410} INFO - Running <TaskInstance: ETL_Pipeline.transform_data scheduled__2023-08-01T14:26:00+00:00 [running]> on host 794dc2638f7c
[2023-08-01T14:27:02.643+0000] {taskinstance.py:1547} INFO - Exporting env vars: AIRFLOW_CTX_DAG_OWNER='***' AIRFLOW_CTX_DAG_ID='ETL_Pipeline' AIRFLOW_CTX_TASK_ID='transform_data' AIRFLOW_CTX_EXECUTION_DATE='2023-08-01T14:26:00+00:00' AIRFLOW_CTX_TRY_NUMBER='1' AIRFLOW_CTX_DAG_RUN_ID='scheduled__2023-08-01T14:26:00+00:00'
[2023-08-01T14:27:02.647+0000] {logging_mixin.py:150} WARNING - Scraping Progress:   0%|          | 0/10 [00:00<?, ?it/s]
[2023-08-01T14:27:03.245+0000] {logging_mixin.py:150} WARNING - Scraping Progress:  10%|#         | 1/10 [00:00<00:05,  1.67it/s]
[2023-08-01T14:27:03.989+0000] {logging_mixin.py:150} WARNING - Scraping Progress:  20%|##        | 2/10 [00:01<00:05,  1.46it/s]
[2023-08-01T14:27:04.602+0000] {logging_mixin.py:150} WARNING - Scraping Progress:  30%|###       | 3/10 [00:01<00:04,  1.53it/s]
[2023-08-01T14:27:05.181+0000] {logging_mixin.py:150} WARNING - Scraping Progress:  40%|####      | 4/10 [00:02<00:03,  1.61it/s]
[2023-08-01T14:27:05.724+0000] {logging_mixin.py:150} WARNING - Scraping Progress:  50%|#####     | 5/10 [00:03<00:02,  1.68it/s]
[2023-08-01T14:27:06.524+0000] {logging_mixin.py:150} WARNING - Scraping Progress:  60%|######    | 6/10 [00:03<00:02,  1.51it/s]
[2023-08-01T14:27:06.940+0000] {logging_mixin.py:150} WARNING - Scraping Progress:  70%|#######   | 7/10 [00:04<00:01,  1.72it/s]
[2023-08-01T14:27:08.089+0000] {logging_mixin.py:150} WARNING - Scraping Progress:  80%|########  | 8/10 [00:05<00:01,  1.31it/s]
[2023-08-01T14:27:09.024+0000] {logging_mixin.py:150} WARNING - Scraping Progress:  90%|######### | 9/10 [00:06<00:00,  1.22it/s]
[2023-08-01T14:27:09.766+0000] {logging_mixin.py:150} WARNING - Scraping Progress: 100%|##########| 10/10 [00:07<00:00,  1.26it/s]
[2023-08-01T14:27:09.767+0000] {logging_mixin.py:150} WARNING - Scraping Progress: 100%|##########| 10/10 [00:07<00:00,  1.40it/s]
[2023-08-01T14:27:09.770+0000] {my_first_dag.py:45} INFO - Data is scraped and saved as a CSV file.
[2023-08-01T14:27:09.770+0000] {python.py:183} INFO - Done. Returned value was: dags/data/scraped_data.csv
[2023-08-01T14:27:09.790+0000] {taskinstance.py:1350} INFO - Marking task as SUCCESS. dag_id=ETL_Pipeline, task_id=transform_data, execution_date=20230801T142600, start_date=20230801T142702, end_date=20230801T142709
[2023-08-01T14:27:09.833+0000] {local_task_job_runner.py:225} INFO - Task exited with return code 0
[2023-08-01T14:27:09.857+0000] {taskinstance.py:2653} INFO - 1 downstream tasks scheduled from follow-on schedule check
