[2023-09-24T06:27:54.189+0000] {processor.py:157} INFO - Started process (PID=32) to work on /opt/airflow/dags/my_first_dag.py
[2023-09-24T06:27:54.190+0000] {processor.py:829} INFO - Processing file /opt/airflow/dags/my_first_dag.py for tasks to queue
[2023-09-24T06:27:54.194+0000] {logging_mixin.py:151} INFO - [2023-09-24T06:27:54.193+0000] {dagbag.py:539} INFO - Filling up the DagBag from /opt/airflow/dags/my_first_dag.py
[2023-09-24T06:27:56.034+0000] {processor.py:839} INFO - DAG(s) dict_keys(['ETL_Pipeline']) retrieved from /opt/airflow/dags/my_first_dag.py
[2023-09-24T06:27:56.335+0000] {logging_mixin.py:151} INFO - [2023-09-24T06:27:56.334+0000] {security.py:708} INFO - Not syncing DAG-level permissions for DAG 'DAG:ETL_Pipeline' as access control is unset.
[2023-09-24T06:27:56.336+0000] {logging_mixin.py:151} INFO - [2023-09-24T06:27:56.335+0000] {dag.py:2915} INFO - Sync 1 DAGs
[2023-09-24T06:27:56.360+0000] {logging_mixin.py:151} INFO - [2023-09-24T06:27:56.360+0000] {dag.py:3696} INFO - Setting next_dagrun for ETL_Pipeline to 2023-09-24T05:00:00+00:00, run_after=2023-09-24T06:00:00+00:00
[2023-09-24T06:27:56.421+0000] {processor.py:179} INFO - Processing /opt/airflow/dags/my_first_dag.py took 2.245 seconds
[2023-09-24T06:28:26.562+0000] {processor.py:157} INFO - Started process (PID=49) to work on /opt/airflow/dags/my_first_dag.py
[2023-09-24T06:28:26.563+0000] {processor.py:829} INFO - Processing file /opt/airflow/dags/my_first_dag.py for tasks to queue
[2023-09-24T06:28:26.564+0000] {logging_mixin.py:151} INFO - [2023-09-24T06:28:26.564+0000] {dagbag.py:539} INFO - Filling up the DagBag from /opt/airflow/dags/my_first_dag.py
[2023-09-24T06:28:26.954+0000] {processor.py:839} INFO - DAG(s) dict_keys(['ETL_Pipeline']) retrieved from /opt/airflow/dags/my_first_dag.py
[2023-09-24T06:28:26.971+0000] {logging_mixin.py:151} INFO - [2023-09-24T06:28:26.971+0000] {dag.py:2915} INFO - Sync 1 DAGs
[2023-09-24T06:28:26.987+0000] {logging_mixin.py:151} INFO - [2023-09-24T06:28:26.986+0000] {dag.py:3696} INFO - Setting next_dagrun for ETL_Pipeline to 2023-09-24T06:00:00+00:00, run_after=2023-09-24T07:00:00+00:00
[2023-09-24T06:28:26.999+0000] {processor.py:179} INFO - Processing /opt/airflow/dags/my_first_dag.py took 0.439 seconds
[2023-09-24T06:28:57.158+0000] {processor.py:157} INFO - Started process (PID=60) to work on /opt/airflow/dags/my_first_dag.py
[2023-09-24T06:28:57.159+0000] {processor.py:829} INFO - Processing file /opt/airflow/dags/my_first_dag.py for tasks to queue
[2023-09-24T06:28:57.161+0000] {logging_mixin.py:151} INFO - [2023-09-24T06:28:57.161+0000] {dagbag.py:539} INFO - Filling up the DagBag from /opt/airflow/dags/my_first_dag.py
[2023-09-24T06:28:57.631+0000] {processor.py:839} INFO - DAG(s) dict_keys(['ETL_Pipeline']) retrieved from /opt/airflow/dags/my_first_dag.py
[2023-09-24T06:28:57.658+0000] {logging_mixin.py:151} INFO - [2023-09-24T06:28:57.657+0000] {dag.py:2915} INFO - Sync 1 DAGs
[2023-09-24T06:28:57.685+0000] {logging_mixin.py:151} INFO - [2023-09-24T06:28:57.684+0000] {dag.py:3696} INFO - Setting next_dagrun for ETL_Pipeline to 2023-09-24T06:00:00+00:00, run_after=2023-09-24T07:00:00+00:00
[2023-09-24T06:28:57.703+0000] {processor.py:179} INFO - Processing /opt/airflow/dags/my_first_dag.py took 0.548 seconds
[2023-09-24T06:29:27.802+0000] {processor.py:157} INFO - Started process (PID=72) to work on /opt/airflow/dags/my_first_dag.py
[2023-09-24T06:29:27.803+0000] {processor.py:829} INFO - Processing file /opt/airflow/dags/my_first_dag.py for tasks to queue
[2023-09-24T06:29:27.804+0000] {logging_mixin.py:151} INFO - [2023-09-24T06:29:27.804+0000] {dagbag.py:539} INFO - Filling up the DagBag from /opt/airflow/dags/my_first_dag.py
[2023-09-24T06:29:28.190+0000] {processor.py:839} INFO - DAG(s) dict_keys(['ETL_Pipeline']) retrieved from /opt/airflow/dags/my_first_dag.py
[2023-09-24T06:29:28.209+0000] {logging_mixin.py:151} INFO - [2023-09-24T06:29:28.208+0000] {dag.py:2915} INFO - Sync 1 DAGs
[2023-09-24T06:29:28.226+0000] {logging_mixin.py:151} INFO - [2023-09-24T06:29:28.226+0000] {dag.py:3696} INFO - Setting next_dagrun for ETL_Pipeline to 2023-09-24T06:00:00+00:00, run_after=2023-09-24T07:00:00+00:00
[2023-09-24T06:29:28.240+0000] {processor.py:179} INFO - Processing /opt/airflow/dags/my_first_dag.py took 0.439 seconds
[2023-09-24T06:29:34.849+0000] {processor.py:157} INFO - Started process (PID=74) to work on /opt/airflow/dags/my_first_dag.py
[2023-09-24T06:29:34.851+0000] {processor.py:829} INFO - Processing file /opt/airflow/dags/my_first_dag.py for tasks to queue
[2023-09-24T06:29:34.853+0000] {logging_mixin.py:151} INFO - [2023-09-24T06:29:34.853+0000] {dagbag.py:539} INFO - Filling up the DagBag from /opt/airflow/dags/my_first_dag.py
[2023-09-24T06:29:35.197+0000] {processor.py:839} INFO - DAG(s) dict_keys(['ETL_Pipeline']) retrieved from /opt/airflow/dags/my_first_dag.py
[2023-09-24T06:29:35.213+0000] {logging_mixin.py:151} INFO - [2023-09-24T06:29:35.213+0000] {dag.py:2915} INFO - Sync 1 DAGs
[2023-09-24T06:29:35.231+0000] {logging_mixin.py:151} INFO - [2023-09-24T06:29:35.231+0000] {dag.py:3696} INFO - Setting next_dagrun for ETL_Pipeline to 2023-09-24T06:00:00+00:00, run_after=2023-09-24T07:00:00+00:00
[2023-09-24T06:29:35.248+0000] {processor.py:179} INFO - Processing /opt/airflow/dags/my_first_dag.py took 0.405 seconds
[2023-09-24T06:30:05.358+0000] {processor.py:157} INFO - Started process (PID=84) to work on /opt/airflow/dags/my_first_dag.py
[2023-09-24T06:30:05.359+0000] {processor.py:829} INFO - Processing file /opt/airflow/dags/my_first_dag.py for tasks to queue
[2023-09-24T06:30:05.362+0000] {logging_mixin.py:151} INFO - [2023-09-24T06:30:05.361+0000] {dagbag.py:539} INFO - Filling up the DagBag from /opt/airflow/dags/my_first_dag.py
[2023-09-24T06:30:05.760+0000] {processor.py:839} INFO - DAG(s) dict_keys(['ETL_Pipeline']) retrieved from /opt/airflow/dags/my_first_dag.py
[2023-09-24T06:30:05.779+0000] {logging_mixin.py:151} INFO - [2023-09-24T06:30:05.779+0000] {dag.py:2915} INFO - Sync 1 DAGs
[2023-09-24T06:30:05.799+0000] {logging_mixin.py:151} INFO - [2023-09-24T06:30:05.799+0000] {dag.py:3696} INFO - Setting next_dagrun for ETL_Pipeline to 2023-09-24T06:00:00+00:00, run_after=2023-09-24T07:00:00+00:00
[2023-09-24T06:30:05.814+0000] {processor.py:179} INFO - Processing /opt/airflow/dags/my_first_dag.py took 0.459 seconds
[2023-09-24T06:30:35.884+0000] {processor.py:157} INFO - Started process (PID=95) to work on /opt/airflow/dags/my_first_dag.py
[2023-09-24T06:30:35.885+0000] {processor.py:829} INFO - Processing file /opt/airflow/dags/my_first_dag.py for tasks to queue
[2023-09-24T06:30:35.886+0000] {logging_mixin.py:151} INFO - [2023-09-24T06:30:35.886+0000] {dagbag.py:539} INFO - Filling up the DagBag from /opt/airflow/dags/my_first_dag.py
[2023-09-24T06:30:36.212+0000] {processor.py:839} INFO - DAG(s) dict_keys(['ETL_Pipeline']) retrieved from /opt/airflow/dags/my_first_dag.py
[2023-09-24T06:30:36.230+0000] {logging_mixin.py:151} INFO - [2023-09-24T06:30:36.230+0000] {dag.py:2915} INFO - Sync 1 DAGs
[2023-09-24T06:30:36.248+0000] {logging_mixin.py:151} INFO - [2023-09-24T06:30:36.247+0000] {dag.py:3696} INFO - Setting next_dagrun for ETL_Pipeline to 2023-09-24T06:00:00+00:00, run_after=2023-09-24T07:00:00+00:00
[2023-09-24T06:30:36.260+0000] {processor.py:179} INFO - Processing /opt/airflow/dags/my_first_dag.py took 0.378 seconds
[2023-09-24T06:31:06.410+0000] {processor.py:157} INFO - Started process (PID=106) to work on /opt/airflow/dags/my_first_dag.py
[2023-09-24T06:31:06.411+0000] {processor.py:829} INFO - Processing file /opt/airflow/dags/my_first_dag.py for tasks to queue
[2023-09-24T06:31:06.413+0000] {logging_mixin.py:151} INFO - [2023-09-24T06:31:06.412+0000] {dagbag.py:539} INFO - Filling up the DagBag from /opt/airflow/dags/my_first_dag.py
[2023-09-24T06:31:06.813+0000] {processor.py:839} INFO - DAG(s) dict_keys(['ETL_Pipeline']) retrieved from /opt/airflow/dags/my_first_dag.py
[2023-09-24T06:31:06.834+0000] {logging_mixin.py:151} INFO - [2023-09-24T06:31:06.833+0000] {dag.py:2915} INFO - Sync 1 DAGs
[2023-09-24T06:31:06.852+0000] {logging_mixin.py:151} INFO - [2023-09-24T06:31:06.851+0000] {dag.py:3696} INFO - Setting next_dagrun for ETL_Pipeline to 2023-09-24T06:00:00+00:00, run_after=2023-09-24T07:00:00+00:00
[2023-09-24T06:31:06.866+0000] {processor.py:179} INFO - Processing /opt/airflow/dags/my_first_dag.py took 0.461 seconds
[2023-09-24T06:31:36.980+0000] {processor.py:157} INFO - Started process (PID=117) to work on /opt/airflow/dags/my_first_dag.py
[2023-09-24T06:31:36.981+0000] {processor.py:829} INFO - Processing file /opt/airflow/dags/my_first_dag.py for tasks to queue
[2023-09-24T06:31:36.982+0000] {logging_mixin.py:151} INFO - [2023-09-24T06:31:36.982+0000] {dagbag.py:539} INFO - Filling up the DagBag from /opt/airflow/dags/my_first_dag.py
[2023-09-24T06:31:37.460+0000] {processor.py:839} INFO - DAG(s) dict_keys(['ETL_Pipeline']) retrieved from /opt/airflow/dags/my_first_dag.py
[2023-09-24T06:31:37.480+0000] {logging_mixin.py:151} INFO - [2023-09-24T06:31:37.480+0000] {dag.py:2915} INFO - Sync 1 DAGs
[2023-09-24T06:31:37.499+0000] {logging_mixin.py:151} INFO - [2023-09-24T06:31:37.499+0000] {dag.py:3696} INFO - Setting next_dagrun for ETL_Pipeline to 2023-09-24T06:00:00+00:00, run_after=2023-09-24T07:00:00+00:00
[2023-09-24T06:31:37.517+0000] {processor.py:179} INFO - Processing /opt/airflow/dags/my_first_dag.py took 0.540 seconds
[2023-09-24T06:32:08.123+0000] {processor.py:157} INFO - Started process (PID=135) to work on /opt/airflow/dags/my_first_dag.py
[2023-09-24T06:32:08.125+0000] {processor.py:829} INFO - Processing file /opt/airflow/dags/my_first_dag.py for tasks to queue
[2023-09-24T06:32:08.128+0000] {logging_mixin.py:151} INFO - [2023-09-24T06:32:08.128+0000] {dagbag.py:539} INFO - Filling up the DagBag from /opt/airflow/dags/my_first_dag.py
[2023-09-24T06:32:08.517+0000] {processor.py:839} INFO - DAG(s) dict_keys(['ETL_Pipeline']) retrieved from /opt/airflow/dags/my_first_dag.py
[2023-09-24T06:32:08.536+0000] {logging_mixin.py:151} INFO - [2023-09-24T06:32:08.536+0000] {dag.py:2915} INFO - Sync 1 DAGs
[2023-09-24T06:32:08.554+0000] {logging_mixin.py:151} INFO - [2023-09-24T06:32:08.554+0000] {dag.py:3696} INFO - Setting next_dagrun for ETL_Pipeline to 2023-09-24T06:00:00+00:00, run_after=2023-09-24T07:00:00+00:00
[2023-09-24T06:32:08.569+0000] {processor.py:179} INFO - Processing /opt/airflow/dags/my_first_dag.py took 0.450 seconds
[2023-09-24T06:32:38.705+0000] {processor.py:157} INFO - Started process (PID=146) to work on /opt/airflow/dags/my_first_dag.py
[2023-09-24T06:32:38.706+0000] {processor.py:829} INFO - Processing file /opt/airflow/dags/my_first_dag.py for tasks to queue
[2023-09-24T06:32:38.709+0000] {logging_mixin.py:151} INFO - [2023-09-24T06:32:38.708+0000] {dagbag.py:539} INFO - Filling up the DagBag from /opt/airflow/dags/my_first_dag.py
[2023-09-24T06:32:39.132+0000] {processor.py:839} INFO - DAG(s) dict_keys(['ETL_Pipeline']) retrieved from /opt/airflow/dags/my_first_dag.py
[2023-09-24T06:32:39.154+0000] {logging_mixin.py:151} INFO - [2023-09-24T06:32:39.153+0000] {dag.py:2915} INFO - Sync 1 DAGs
[2023-09-24T06:32:39.172+0000] {logging_mixin.py:151} INFO - [2023-09-24T06:32:39.172+0000] {dag.py:3696} INFO - Setting next_dagrun for ETL_Pipeline to 2023-09-24T06:00:00+00:00, run_after=2023-09-24T07:00:00+00:00
[2023-09-24T06:32:39.193+0000] {processor.py:179} INFO - Processing /opt/airflow/dags/my_first_dag.py took 0.493 seconds
[2023-09-24T06:33:09.366+0000] {processor.py:157} INFO - Started process (PID=157) to work on /opt/airflow/dags/my_first_dag.py
[2023-09-24T06:33:09.367+0000] {processor.py:829} INFO - Processing file /opt/airflow/dags/my_first_dag.py for tasks to queue
[2023-09-24T06:33:09.369+0000] {logging_mixin.py:151} INFO - [2023-09-24T06:33:09.369+0000] {dagbag.py:539} INFO - Filling up the DagBag from /opt/airflow/dags/my_first_dag.py
[2023-09-24T06:33:09.699+0000] {processor.py:839} INFO - DAG(s) dict_keys(['ETL_Pipeline']) retrieved from /opt/airflow/dags/my_first_dag.py
[2023-09-24T06:33:09.715+0000] {logging_mixin.py:151} INFO - [2023-09-24T06:33:09.715+0000] {dag.py:2915} INFO - Sync 1 DAGs
[2023-09-24T06:33:09.732+0000] {logging_mixin.py:151} INFO - [2023-09-24T06:33:09.732+0000] {dag.py:3696} INFO - Setting next_dagrun for ETL_Pipeline to 2023-09-24T06:00:00+00:00, run_after=2023-09-24T07:00:00+00:00
[2023-09-24T06:33:09.745+0000] {processor.py:179} INFO - Processing /opt/airflow/dags/my_first_dag.py took 0.383 seconds
[2023-09-24T06:33:39.921+0000] {processor.py:157} INFO - Started process (PID=168) to work on /opt/airflow/dags/my_first_dag.py
[2023-09-24T06:33:39.922+0000] {processor.py:829} INFO - Processing file /opt/airflow/dags/my_first_dag.py for tasks to queue
[2023-09-24T06:33:39.924+0000] {logging_mixin.py:151} INFO - [2023-09-24T06:33:39.924+0000] {dagbag.py:539} INFO - Filling up the DagBag from /opt/airflow/dags/my_first_dag.py
[2023-09-24T06:33:40.285+0000] {processor.py:839} INFO - DAG(s) dict_keys(['ETL_Pipeline']) retrieved from /opt/airflow/dags/my_first_dag.py
[2023-09-24T06:33:40.303+0000] {logging_mixin.py:151} INFO - [2023-09-24T06:33:40.303+0000] {dag.py:2915} INFO - Sync 1 DAGs
[2023-09-24T06:33:40.319+0000] {logging_mixin.py:151} INFO - [2023-09-24T06:33:40.319+0000] {dag.py:3696} INFO - Setting next_dagrun for ETL_Pipeline to 2023-09-24T06:00:00+00:00, run_after=2023-09-24T07:00:00+00:00
[2023-09-24T06:33:40.331+0000] {processor.py:179} INFO - Processing /opt/airflow/dags/my_first_dag.py took 0.416 seconds
[2023-09-24T06:34:10.471+0000] {processor.py:157} INFO - Started process (PID=179) to work on /opt/airflow/dags/my_first_dag.py
[2023-09-24T06:34:10.472+0000] {processor.py:829} INFO - Processing file /opt/airflow/dags/my_first_dag.py for tasks to queue
[2023-09-24T06:34:10.474+0000] {logging_mixin.py:151} INFO - [2023-09-24T06:34:10.474+0000] {dagbag.py:539} INFO - Filling up the DagBag from /opt/airflow/dags/my_first_dag.py
[2023-09-24T06:34:10.958+0000] {processor.py:839} INFO - DAG(s) dict_keys(['ETL_Pipeline']) retrieved from /opt/airflow/dags/my_first_dag.py
[2023-09-24T06:34:10.983+0000] {logging_mixin.py:151} INFO - [2023-09-24T06:34:10.983+0000] {dag.py:2915} INFO - Sync 1 DAGs
[2023-09-24T06:34:11.007+0000] {logging_mixin.py:151} INFO - [2023-09-24T06:34:11.007+0000] {dag.py:3696} INFO - Setting next_dagrun for ETL_Pipeline to 2023-09-24T06:00:00+00:00, run_after=2023-09-24T07:00:00+00:00
[2023-09-24T06:34:11.024+0000] {processor.py:179} INFO - Processing /opt/airflow/dags/my_first_dag.py took 0.555 seconds
[2023-09-24T06:34:41.113+0000] {processor.py:157} INFO - Started process (PID=190) to work on /opt/airflow/dags/my_first_dag.py
[2023-09-24T06:34:41.114+0000] {processor.py:829} INFO - Processing file /opt/airflow/dags/my_first_dag.py for tasks to queue
[2023-09-24T06:34:41.116+0000] {logging_mixin.py:151} INFO - [2023-09-24T06:34:41.115+0000] {dagbag.py:539} INFO - Filling up the DagBag from /opt/airflow/dags/my_first_dag.py
[2023-09-24T06:34:41.443+0000] {processor.py:839} INFO - DAG(s) dict_keys(['ETL_Pipeline']) retrieved from /opt/airflow/dags/my_first_dag.py
[2023-09-24T06:34:41.460+0000] {logging_mixin.py:151} INFO - [2023-09-24T06:34:41.460+0000] {dag.py:2915} INFO - Sync 1 DAGs
[2023-09-24T06:34:41.476+0000] {logging_mixin.py:151} INFO - [2023-09-24T06:34:41.476+0000] {dag.py:3696} INFO - Setting next_dagrun for ETL_Pipeline to 2023-09-24T06:00:00+00:00, run_after=2023-09-24T07:00:00+00:00
[2023-09-24T06:34:41.488+0000] {processor.py:179} INFO - Processing /opt/airflow/dags/my_first_dag.py took 0.377 seconds
[2023-09-24T06:35:11.633+0000] {processor.py:157} INFO - Started process (PID=202) to work on /opt/airflow/dags/my_first_dag.py
[2023-09-24T06:35:11.634+0000] {processor.py:829} INFO - Processing file /opt/airflow/dags/my_first_dag.py for tasks to queue
[2023-09-24T06:35:11.638+0000] {logging_mixin.py:151} INFO - [2023-09-24T06:35:11.637+0000] {dagbag.py:539} INFO - Filling up the DagBag from /opt/airflow/dags/my_first_dag.py
[2023-09-24T06:35:11.982+0000] {processor.py:839} INFO - DAG(s) dict_keys(['ETL_Pipeline']) retrieved from /opt/airflow/dags/my_first_dag.py
[2023-09-24T06:35:12.002+0000] {logging_mixin.py:151} INFO - [2023-09-24T06:35:12.002+0000] {dag.py:2915} INFO - Sync 1 DAGs
[2023-09-24T06:35:12.019+0000] {logging_mixin.py:151} INFO - [2023-09-24T06:35:12.019+0000] {dag.py:3696} INFO - Setting next_dagrun for ETL_Pipeline to 2023-09-24T06:00:00+00:00, run_after=2023-09-24T07:00:00+00:00
[2023-09-24T06:35:12.031+0000] {processor.py:179} INFO - Processing /opt/airflow/dags/my_first_dag.py took 0.404 seconds
[2023-09-24T06:35:42.170+0000] {processor.py:157} INFO - Started process (PID=214) to work on /opt/airflow/dags/my_first_dag.py
[2023-09-24T06:35:42.170+0000] {processor.py:829} INFO - Processing file /opt/airflow/dags/my_first_dag.py for tasks to queue
[2023-09-24T06:35:42.172+0000] {logging_mixin.py:151} INFO - [2023-09-24T06:35:42.171+0000] {dagbag.py:539} INFO - Filling up the DagBag from /opt/airflow/dags/my_first_dag.py
[2023-09-24T06:35:42.581+0000] {processor.py:839} INFO - DAG(s) dict_keys(['ETL_Pipeline']) retrieved from /opt/airflow/dags/my_first_dag.py
[2023-09-24T06:35:42.599+0000] {logging_mixin.py:151} INFO - [2023-09-24T06:35:42.599+0000] {dag.py:2915} INFO - Sync 1 DAGs
[2023-09-24T06:35:42.615+0000] {logging_mixin.py:151} INFO - [2023-09-24T06:35:42.615+0000] {dag.py:3696} INFO - Setting next_dagrun for ETL_Pipeline to 2023-09-24T06:00:00+00:00, run_after=2023-09-24T07:00:00+00:00
[2023-09-24T06:35:42.629+0000] {processor.py:179} INFO - Processing /opt/airflow/dags/my_first_dag.py took 0.462 seconds
[2023-09-24T06:36:12.770+0000] {processor.py:157} INFO - Started process (PID=226) to work on /opt/airflow/dags/my_first_dag.py
[2023-09-24T06:36:12.771+0000] {processor.py:829} INFO - Processing file /opt/airflow/dags/my_first_dag.py for tasks to queue
[2023-09-24T06:36:12.773+0000] {logging_mixin.py:151} INFO - [2023-09-24T06:36:12.773+0000] {dagbag.py:539} INFO - Filling up the DagBag from /opt/airflow/dags/my_first_dag.py
[2023-09-24T06:36:13.123+0000] {processor.py:839} INFO - DAG(s) dict_keys(['ETL_Pipeline']) retrieved from /opt/airflow/dags/my_first_dag.py
[2023-09-24T06:36:13.144+0000] {logging_mixin.py:151} INFO - [2023-09-24T06:36:13.143+0000] {dag.py:2915} INFO - Sync 1 DAGs
[2023-09-24T06:36:13.168+0000] {logging_mixin.py:151} INFO - [2023-09-24T06:36:13.168+0000] {dag.py:3696} INFO - Setting next_dagrun for ETL_Pipeline to 2023-09-24T06:00:00+00:00, run_after=2023-09-24T07:00:00+00:00
[2023-09-24T06:36:13.185+0000] {processor.py:179} INFO - Processing /opt/airflow/dags/my_first_dag.py took 0.418 seconds
[2023-09-24T06:36:43.311+0000] {processor.py:157} INFO - Started process (PID=237) to work on /opt/airflow/dags/my_first_dag.py
[2023-09-24T06:36:43.311+0000] {processor.py:829} INFO - Processing file /opt/airflow/dags/my_first_dag.py for tasks to queue
[2023-09-24T06:36:43.314+0000] {logging_mixin.py:151} INFO - [2023-09-24T06:36:43.313+0000] {dagbag.py:539} INFO - Filling up the DagBag from /opt/airflow/dags/my_first_dag.py
[2023-09-24T06:36:43.789+0000] {processor.py:839} INFO - DAG(s) dict_keys(['ETL_Pipeline']) retrieved from /opt/airflow/dags/my_first_dag.py
[2023-09-24T06:36:43.814+0000] {logging_mixin.py:151} INFO - [2023-09-24T06:36:43.813+0000] {dag.py:2915} INFO - Sync 1 DAGs
[2023-09-24T06:36:43.838+0000] {logging_mixin.py:151} INFO - [2023-09-24T06:36:43.838+0000] {dag.py:3696} INFO - Setting next_dagrun for ETL_Pipeline to 2023-09-24T06:00:00+00:00, run_after=2023-09-24T07:00:00+00:00
[2023-09-24T06:36:43.858+0000] {processor.py:179} INFO - Processing /opt/airflow/dags/my_first_dag.py took 0.549 seconds
[2023-09-24T06:37:13.992+0000] {processor.py:157} INFO - Started process (PID=249) to work on /opt/airflow/dags/my_first_dag.py
[2023-09-24T06:37:13.993+0000] {processor.py:829} INFO - Processing file /opt/airflow/dags/my_first_dag.py for tasks to queue
[2023-09-24T06:37:13.997+0000] {logging_mixin.py:151} INFO - [2023-09-24T06:37:13.996+0000] {dagbag.py:539} INFO - Filling up the DagBag from /opt/airflow/dags/my_first_dag.py
[2023-09-24T06:37:14.335+0000] {processor.py:839} INFO - DAG(s) dict_keys(['ETL_Pipeline']) retrieved from /opt/airflow/dags/my_first_dag.py
[2023-09-24T06:37:14.354+0000] {logging_mixin.py:151} INFO - [2023-09-24T06:37:14.353+0000] {dag.py:2915} INFO - Sync 1 DAGs
[2023-09-24T06:37:14.371+0000] {logging_mixin.py:151} INFO - [2023-09-24T06:37:14.370+0000] {dag.py:3696} INFO - Setting next_dagrun for ETL_Pipeline to 2023-09-24T06:00:00+00:00, run_after=2023-09-24T07:00:00+00:00
[2023-09-24T06:37:14.384+0000] {processor.py:179} INFO - Processing /opt/airflow/dags/my_first_dag.py took 0.397 seconds
[2023-09-24T06:37:44.501+0000] {processor.py:157} INFO - Started process (PID=260) to work on /opt/airflow/dags/my_first_dag.py
[2023-09-24T06:37:44.501+0000] {processor.py:829} INFO - Processing file /opt/airflow/dags/my_first_dag.py for tasks to queue
[2023-09-24T06:37:44.503+0000] {logging_mixin.py:151} INFO - [2023-09-24T06:37:44.503+0000] {dagbag.py:539} INFO - Filling up the DagBag from /opt/airflow/dags/my_first_dag.py
[2023-09-24T06:37:44.845+0000] {processor.py:839} INFO - DAG(s) dict_keys(['ETL_Pipeline']) retrieved from /opt/airflow/dags/my_first_dag.py
[2023-09-24T06:37:44.863+0000] {logging_mixin.py:151} INFO - [2023-09-24T06:37:44.862+0000] {dag.py:2915} INFO - Sync 1 DAGs
[2023-09-24T06:37:44.879+0000] {logging_mixin.py:151} INFO - [2023-09-24T06:37:44.879+0000] {dag.py:3696} INFO - Setting next_dagrun for ETL_Pipeline to 2023-09-24T06:00:00+00:00, run_after=2023-09-24T07:00:00+00:00
[2023-09-24T06:37:44.893+0000] {processor.py:179} INFO - Processing /opt/airflow/dags/my_first_dag.py took 0.394 seconds
[2023-09-24T06:38:15.058+0000] {processor.py:157} INFO - Started process (PID=271) to work on /opt/airflow/dags/my_first_dag.py
[2023-09-24T06:38:15.065+0000] {processor.py:829} INFO - Processing file /opt/airflow/dags/my_first_dag.py for tasks to queue
[2023-09-24T06:38:15.067+0000] {logging_mixin.py:151} INFO - [2023-09-24T06:38:15.067+0000] {dagbag.py:539} INFO - Filling up the DagBag from /opt/airflow/dags/my_first_dag.py
[2023-09-24T06:38:15.596+0000] {processor.py:839} INFO - DAG(s) dict_keys(['ETL_Pipeline']) retrieved from /opt/airflow/dags/my_first_dag.py
[2023-09-24T06:38:15.613+0000] {logging_mixin.py:151} INFO - [2023-09-24T06:38:15.613+0000] {dag.py:2915} INFO - Sync 1 DAGs
[2023-09-24T06:38:15.629+0000] {logging_mixin.py:151} INFO - [2023-09-24T06:38:15.629+0000] {dag.py:3696} INFO - Setting next_dagrun for ETL_Pipeline to 2023-09-24T06:00:00+00:00, run_after=2023-09-24T07:00:00+00:00
[2023-09-24T06:38:15.643+0000] {processor.py:179} INFO - Processing /opt/airflow/dags/my_first_dag.py took 0.593 seconds
[2023-09-24T06:38:46.227+0000] {processor.py:157} INFO - Started process (PID=282) to work on /opt/airflow/dags/my_first_dag.py
[2023-09-24T06:38:46.228+0000] {processor.py:829} INFO - Processing file /opt/airflow/dags/my_first_dag.py for tasks to queue
[2023-09-24T06:38:46.231+0000] {logging_mixin.py:151} INFO - [2023-09-24T06:38:46.230+0000] {dagbag.py:539} INFO - Filling up the DagBag from /opt/airflow/dags/my_first_dag.py
[2023-09-24T06:38:46.772+0000] {processor.py:839} INFO - DAG(s) dict_keys(['ETL_Pipeline']) retrieved from /opt/airflow/dags/my_first_dag.py
[2023-09-24T06:38:46.807+0000] {logging_mixin.py:151} INFO - [2023-09-24T06:38:46.806+0000] {dag.py:2915} INFO - Sync 1 DAGs
[2023-09-24T06:38:46.841+0000] {logging_mixin.py:151} INFO - [2023-09-24T06:38:46.841+0000] {dag.py:3696} INFO - Setting next_dagrun for ETL_Pipeline to 2023-09-24T06:00:00+00:00, run_after=2023-09-24T07:00:00+00:00
[2023-09-24T06:38:46.864+0000] {processor.py:179} INFO - Processing /opt/airflow/dags/my_first_dag.py took 0.641 seconds
[2023-09-24T06:39:17.030+0000] {processor.py:157} INFO - Started process (PID=293) to work on /opt/airflow/dags/my_first_dag.py
[2023-09-24T06:39:17.031+0000] {processor.py:829} INFO - Processing file /opt/airflow/dags/my_first_dag.py for tasks to queue
[2023-09-24T06:39:17.033+0000] {logging_mixin.py:151} INFO - [2023-09-24T06:39:17.032+0000] {dagbag.py:539} INFO - Filling up the DagBag from /opt/airflow/dags/my_first_dag.py
[2023-09-24T06:39:17.483+0000] {processor.py:839} INFO - DAG(s) dict_keys(['ETL_Pipeline']) retrieved from /opt/airflow/dags/my_first_dag.py
[2023-09-24T06:39:17.501+0000] {logging_mixin.py:151} INFO - [2023-09-24T06:39:17.501+0000] {dag.py:2915} INFO - Sync 1 DAGs
[2023-09-24T06:39:17.519+0000] {logging_mixin.py:151} INFO - [2023-09-24T06:39:17.519+0000] {dag.py:3696} INFO - Setting next_dagrun for ETL_Pipeline to 2023-09-24T06:00:00+00:00, run_after=2023-09-24T07:00:00+00:00
[2023-09-24T06:39:17.533+0000] {processor.py:179} INFO - Processing /opt/airflow/dags/my_first_dag.py took 0.505 seconds
[2023-09-24T06:39:47.662+0000] {processor.py:157} INFO - Started process (PID=304) to work on /opt/airflow/dags/my_first_dag.py
[2023-09-24T06:39:47.663+0000] {processor.py:829} INFO - Processing file /opt/airflow/dags/my_first_dag.py for tasks to queue
[2023-09-24T06:39:47.665+0000] {logging_mixin.py:151} INFO - [2023-09-24T06:39:47.664+0000] {dagbag.py:539} INFO - Filling up the DagBag from /opt/airflow/dags/my_first_dag.py
[2023-09-24T06:39:48.055+0000] {processor.py:839} INFO - DAG(s) dict_keys(['ETL_Pipeline']) retrieved from /opt/airflow/dags/my_first_dag.py
[2023-09-24T06:39:48.078+0000] {logging_mixin.py:151} INFO - [2023-09-24T06:39:48.077+0000] {dag.py:2915} INFO - Sync 1 DAGs
[2023-09-24T06:39:48.100+0000] {logging_mixin.py:151} INFO - [2023-09-24T06:39:48.100+0000] {dag.py:3696} INFO - Setting next_dagrun for ETL_Pipeline to 2023-09-24T06:00:00+00:00, run_after=2023-09-24T07:00:00+00:00
[2023-09-24T06:39:48.122+0000] {processor.py:179} INFO - Processing /opt/airflow/dags/my_first_dag.py took 0.463 seconds
[2023-09-24T06:40:18.792+0000] {processor.py:157} INFO - Started process (PID=315) to work on /opt/airflow/dags/my_first_dag.py
[2023-09-24T06:40:18.794+0000] {processor.py:829} INFO - Processing file /opt/airflow/dags/my_first_dag.py for tasks to queue
[2023-09-24T06:40:18.797+0000] {logging_mixin.py:151} INFO - [2023-09-24T06:40:18.797+0000] {dagbag.py:539} INFO - Filling up the DagBag from /opt/airflow/dags/my_first_dag.py
[2023-09-24T06:40:19.133+0000] {processor.py:839} INFO - DAG(s) dict_keys(['ETL_Pipeline']) retrieved from /opt/airflow/dags/my_first_dag.py
[2023-09-24T06:40:19.149+0000] {logging_mixin.py:151} INFO - [2023-09-24T06:40:19.149+0000] {dag.py:2915} INFO - Sync 1 DAGs
[2023-09-24T06:40:19.166+0000] {logging_mixin.py:151} INFO - [2023-09-24T06:40:19.166+0000] {dag.py:3696} INFO - Setting next_dagrun for ETL_Pipeline to 2023-09-24T06:00:00+00:00, run_after=2023-09-24T07:00:00+00:00
[2023-09-24T06:40:19.179+0000] {processor.py:179} INFO - Processing /opt/airflow/dags/my_first_dag.py took 0.392 seconds
[2023-09-24T06:40:49.327+0000] {processor.py:157} INFO - Started process (PID=325) to work on /opt/airflow/dags/my_first_dag.py
[2023-09-24T06:40:49.328+0000] {processor.py:829} INFO - Processing file /opt/airflow/dags/my_first_dag.py for tasks to queue
[2023-09-24T06:40:49.331+0000] {logging_mixin.py:151} INFO - [2023-09-24T06:40:49.331+0000] {dagbag.py:539} INFO - Filling up the DagBag from /opt/airflow/dags/my_first_dag.py
[2023-09-24T06:40:49.675+0000] {processor.py:839} INFO - DAG(s) dict_keys(['ETL_Pipeline']) retrieved from /opt/airflow/dags/my_first_dag.py
[2023-09-24T06:40:49.692+0000] {logging_mixin.py:151} INFO - [2023-09-24T06:40:49.691+0000] {dag.py:2915} INFO - Sync 1 DAGs
[2023-09-24T06:40:49.707+0000] {logging_mixin.py:151} INFO - [2023-09-24T06:40:49.707+0000] {dag.py:3696} INFO - Setting next_dagrun for ETL_Pipeline to 2023-09-24T06:00:00+00:00, run_after=2023-09-24T07:00:00+00:00
[2023-09-24T06:40:49.721+0000] {processor.py:179} INFO - Processing /opt/airflow/dags/my_first_dag.py took 0.399 seconds
[2023-09-24T06:41:19.883+0000] {processor.py:157} INFO - Started process (PID=336) to work on /opt/airflow/dags/my_first_dag.py
[2023-09-24T06:41:19.883+0000] {processor.py:829} INFO - Processing file /opt/airflow/dags/my_first_dag.py for tasks to queue
[2023-09-24T06:41:19.885+0000] {logging_mixin.py:151} INFO - [2023-09-24T06:41:19.885+0000] {dagbag.py:539} INFO - Filling up the DagBag from /opt/airflow/dags/my_first_dag.py
[2023-09-24T06:41:20.227+0000] {processor.py:839} INFO - DAG(s) dict_keys(['ETL_Pipeline']) retrieved from /opt/airflow/dags/my_first_dag.py
[2023-09-24T06:41:20.245+0000] {logging_mixin.py:151} INFO - [2023-09-24T06:41:20.245+0000] {dag.py:2915} INFO - Sync 1 DAGs
[2023-09-24T06:41:20.262+0000] {logging_mixin.py:151} INFO - [2023-09-24T06:41:20.261+0000] {dag.py:3696} INFO - Setting next_dagrun for ETL_Pipeline to 2023-09-24T06:00:00+00:00, run_after=2023-09-24T07:00:00+00:00
[2023-09-24T06:41:20.276+0000] {processor.py:179} INFO - Processing /opt/airflow/dags/my_first_dag.py took 0.397 seconds
[2023-09-24T06:41:50.420+0000] {processor.py:157} INFO - Started process (PID=347) to work on /opt/airflow/dags/my_first_dag.py
[2023-09-24T06:41:50.420+0000] {processor.py:829} INFO - Processing file /opt/airflow/dags/my_first_dag.py for tasks to queue
[2023-09-24T06:41:50.421+0000] {logging_mixin.py:151} INFO - [2023-09-24T06:41:50.421+0000] {dagbag.py:539} INFO - Filling up the DagBag from /opt/airflow/dags/my_first_dag.py
[2023-09-24T06:41:50.773+0000] {processor.py:839} INFO - DAG(s) dict_keys(['ETL_Pipeline']) retrieved from /opt/airflow/dags/my_first_dag.py
[2023-09-24T06:41:50.791+0000] {logging_mixin.py:151} INFO - [2023-09-24T06:41:50.791+0000] {dag.py:2915} INFO - Sync 1 DAGs
[2023-09-24T06:41:50.810+0000] {logging_mixin.py:151} INFO - [2023-09-24T06:41:50.810+0000] {dag.py:3696} INFO - Setting next_dagrun for ETL_Pipeline to 2023-09-24T06:00:00+00:00, run_after=2023-09-24T07:00:00+00:00
[2023-09-24T06:41:50.823+0000] {processor.py:179} INFO - Processing /opt/airflow/dags/my_first_dag.py took 0.406 seconds
[2023-09-24T06:42:20.987+0000] {processor.py:157} INFO - Started process (PID=358) to work on /opt/airflow/dags/my_first_dag.py
[2023-09-24T06:42:20.988+0000] {processor.py:829} INFO - Processing file /opt/airflow/dags/my_first_dag.py for tasks to queue
[2023-09-24T06:42:20.990+0000] {logging_mixin.py:151} INFO - [2023-09-24T06:42:20.990+0000] {dagbag.py:539} INFO - Filling up the DagBag from /opt/airflow/dags/my_first_dag.py
[2023-09-24T06:42:21.355+0000] {processor.py:839} INFO - DAG(s) dict_keys(['ETL_Pipeline']) retrieved from /opt/airflow/dags/my_first_dag.py
[2023-09-24T06:42:21.384+0000] {logging_mixin.py:151} INFO - [2023-09-24T06:42:21.384+0000] {dag.py:2915} INFO - Sync 1 DAGs
[2023-09-24T06:42:21.406+0000] {logging_mixin.py:151} INFO - [2023-09-24T06:42:21.406+0000] {dag.py:3696} INFO - Setting next_dagrun for ETL_Pipeline to 2023-09-24T06:00:00+00:00, run_after=2023-09-24T07:00:00+00:00
[2023-09-24T06:42:21.423+0000] {processor.py:179} INFO - Processing /opt/airflow/dags/my_first_dag.py took 0.441 seconds
[2023-09-24T06:42:51.565+0000] {processor.py:157} INFO - Started process (PID=369) to work on /opt/airflow/dags/my_first_dag.py
[2023-09-24T06:42:51.566+0000] {processor.py:829} INFO - Processing file /opt/airflow/dags/my_first_dag.py for tasks to queue
[2023-09-24T06:42:51.568+0000] {logging_mixin.py:151} INFO - [2023-09-24T06:42:51.568+0000] {dagbag.py:539} INFO - Filling up the DagBag from /opt/airflow/dags/my_first_dag.py
[2023-09-24T06:42:51.946+0000] {processor.py:839} INFO - DAG(s) dict_keys(['ETL_Pipeline']) retrieved from /opt/airflow/dags/my_first_dag.py
[2023-09-24T06:42:51.966+0000] {logging_mixin.py:151} INFO - [2023-09-24T06:42:51.966+0000] {dag.py:2915} INFO - Sync 1 DAGs
[2023-09-24T06:42:51.985+0000] {logging_mixin.py:151} INFO - [2023-09-24T06:42:51.985+0000] {dag.py:3696} INFO - Setting next_dagrun for ETL_Pipeline to 2023-09-24T06:00:00+00:00, run_after=2023-09-24T07:00:00+00:00
[2023-09-24T06:42:52.000+0000] {processor.py:179} INFO - Processing /opt/airflow/dags/my_first_dag.py took 0.438 seconds
[2023-09-24T06:43:22.160+0000] {processor.py:157} INFO - Started process (PID=380) to work on /opt/airflow/dags/my_first_dag.py
[2023-09-24T06:43:22.161+0000] {processor.py:829} INFO - Processing file /opt/airflow/dags/my_first_dag.py for tasks to queue
[2023-09-24T06:43:22.163+0000] {logging_mixin.py:151} INFO - [2023-09-24T06:43:22.163+0000] {dagbag.py:539} INFO - Filling up the DagBag from /opt/airflow/dags/my_first_dag.py
[2023-09-24T06:43:22.577+0000] {processor.py:839} INFO - DAG(s) dict_keys(['ETL_Pipeline']) retrieved from /opt/airflow/dags/my_first_dag.py
[2023-09-24T06:43:22.597+0000] {logging_mixin.py:151} INFO - [2023-09-24T06:43:22.596+0000] {dag.py:2915} INFO - Sync 1 DAGs
[2023-09-24T06:43:22.615+0000] {logging_mixin.py:151} INFO - [2023-09-24T06:43:22.615+0000] {dag.py:3696} INFO - Setting next_dagrun for ETL_Pipeline to 2023-09-24T06:00:00+00:00, run_after=2023-09-24T07:00:00+00:00
[2023-09-24T06:43:22.628+0000] {processor.py:179} INFO - Processing /opt/airflow/dags/my_first_dag.py took 0.471 seconds
[2023-09-24T06:43:52.925+0000] {processor.py:157} INFO - Started process (PID=394) to work on /opt/airflow/dags/my_first_dag.py
[2023-09-24T06:43:52.926+0000] {processor.py:829} INFO - Processing file /opt/airflow/dags/my_first_dag.py for tasks to queue
[2023-09-24T06:43:52.929+0000] {logging_mixin.py:151} INFO - [2023-09-24T06:43:52.929+0000] {dagbag.py:539} INFO - Filling up the DagBag from /opt/airflow/dags/my_first_dag.py
[2023-09-24T06:43:53.246+0000] {processor.py:839} INFO - DAG(s) dict_keys(['ETL_Pipeline']) retrieved from /opt/airflow/dags/my_first_dag.py
[2023-09-24T06:43:53.267+0000] {logging_mixin.py:151} INFO - [2023-09-24T06:43:53.267+0000] {dag.py:2915} INFO - Sync 1 DAGs
[2023-09-24T06:43:53.287+0000] {logging_mixin.py:151} INFO - [2023-09-24T06:43:53.287+0000] {dag.py:3696} INFO - Setting next_dagrun for ETL_Pipeline to 2023-09-24T06:00:00+00:00, run_after=2023-09-24T07:00:00+00:00
[2023-09-24T06:43:53.304+0000] {processor.py:179} INFO - Processing /opt/airflow/dags/my_first_dag.py took 0.384 seconds
[2023-09-24T06:44:23.443+0000] {processor.py:157} INFO - Started process (PID=405) to work on /opt/airflow/dags/my_first_dag.py
[2023-09-24T06:44:23.443+0000] {processor.py:829} INFO - Processing file /opt/airflow/dags/my_first_dag.py for tasks to queue
[2023-09-24T06:44:23.445+0000] {logging_mixin.py:151} INFO - [2023-09-24T06:44:23.445+0000] {dagbag.py:539} INFO - Filling up the DagBag from /opt/airflow/dags/my_first_dag.py
[2023-09-24T06:44:23.789+0000] {processor.py:839} INFO - DAG(s) dict_keys(['ETL_Pipeline']) retrieved from /opt/airflow/dags/my_first_dag.py
[2023-09-24T06:44:23.814+0000] {logging_mixin.py:151} INFO - [2023-09-24T06:44:23.813+0000] {dag.py:2915} INFO - Sync 1 DAGs
[2023-09-24T06:44:23.839+0000] {logging_mixin.py:151} INFO - [2023-09-24T06:44:23.839+0000] {dag.py:3696} INFO - Setting next_dagrun for ETL_Pipeline to 2023-09-24T06:00:00+00:00, run_after=2023-09-24T07:00:00+00:00
[2023-09-24T06:44:23.857+0000] {processor.py:179} INFO - Processing /opt/airflow/dags/my_first_dag.py took 0.415 seconds
[2023-09-24T06:44:54.019+0000] {processor.py:157} INFO - Started process (PID=417) to work on /opt/airflow/dags/my_first_dag.py
[2023-09-24T06:44:54.020+0000] {processor.py:829} INFO - Processing file /opt/airflow/dags/my_first_dag.py for tasks to queue
[2023-09-24T06:44:54.023+0000] {logging_mixin.py:151} INFO - [2023-09-24T06:44:54.023+0000] {dagbag.py:539} INFO - Filling up the DagBag from /opt/airflow/dags/my_first_dag.py
[2023-09-24T06:44:54.336+0000] {processor.py:839} INFO - DAG(s) dict_keys(['ETL_Pipeline']) retrieved from /opt/airflow/dags/my_first_dag.py
[2023-09-24T06:44:54.353+0000] {logging_mixin.py:151} INFO - [2023-09-24T06:44:54.352+0000] {dag.py:2915} INFO - Sync 1 DAGs
[2023-09-24T06:44:54.369+0000] {logging_mixin.py:151} INFO - [2023-09-24T06:44:54.369+0000] {dag.py:3696} INFO - Setting next_dagrun for ETL_Pipeline to 2023-09-24T06:00:00+00:00, run_after=2023-09-24T07:00:00+00:00
[2023-09-24T06:44:54.382+0000] {processor.py:179} INFO - Processing /opt/airflow/dags/my_first_dag.py took 0.369 seconds
[2023-09-24T06:45:24.515+0000] {processor.py:157} INFO - Started process (PID=428) to work on /opt/airflow/dags/my_first_dag.py
[2023-09-24T06:45:24.516+0000] {processor.py:829} INFO - Processing file /opt/airflow/dags/my_first_dag.py for tasks to queue
[2023-09-24T06:45:24.517+0000] {logging_mixin.py:151} INFO - [2023-09-24T06:45:24.517+0000] {dagbag.py:539} INFO - Filling up the DagBag from /opt/airflow/dags/my_first_dag.py
[2023-09-24T06:45:24.888+0000] {processor.py:839} INFO - DAG(s) dict_keys(['ETL_Pipeline']) retrieved from /opt/airflow/dags/my_first_dag.py
[2023-09-24T06:45:24.907+0000] {logging_mixin.py:151} INFO - [2023-09-24T06:45:24.907+0000] {dag.py:2915} INFO - Sync 1 DAGs
[2023-09-24T06:45:24.924+0000] {logging_mixin.py:151} INFO - [2023-09-24T06:45:24.924+0000] {dag.py:3696} INFO - Setting next_dagrun for ETL_Pipeline to 2023-09-24T06:00:00+00:00, run_after=2023-09-24T07:00:00+00:00
[2023-09-24T06:45:24.937+0000] {processor.py:179} INFO - Processing /opt/airflow/dags/my_first_dag.py took 0.424 seconds
[2023-09-24T06:45:55.075+0000] {processor.py:157} INFO - Started process (PID=439) to work on /opt/airflow/dags/my_first_dag.py
[2023-09-24T06:45:55.076+0000] {processor.py:829} INFO - Processing file /opt/airflow/dags/my_first_dag.py for tasks to queue
[2023-09-24T06:45:55.077+0000] {logging_mixin.py:151} INFO - [2023-09-24T06:45:55.077+0000] {dagbag.py:539} INFO - Filling up the DagBag from /opt/airflow/dags/my_first_dag.py
[2023-09-24T06:45:55.469+0000] {processor.py:839} INFO - DAG(s) dict_keys(['ETL_Pipeline']) retrieved from /opt/airflow/dags/my_first_dag.py
[2023-09-24T06:45:55.487+0000] {logging_mixin.py:151} INFO - [2023-09-24T06:45:55.487+0000] {dag.py:2915} INFO - Sync 1 DAGs
[2023-09-24T06:45:55.506+0000] {logging_mixin.py:151} INFO - [2023-09-24T06:45:55.506+0000] {dag.py:3696} INFO - Setting next_dagrun for ETL_Pipeline to 2023-09-24T06:00:00+00:00, run_after=2023-09-24T07:00:00+00:00
[2023-09-24T06:45:55.522+0000] {processor.py:179} INFO - Processing /opt/airflow/dags/my_first_dag.py took 0.449 seconds
[2023-09-24T06:46:25.680+0000] {processor.py:157} INFO - Started process (PID=451) to work on /opt/airflow/dags/my_first_dag.py
[2023-09-24T06:46:25.680+0000] {processor.py:829} INFO - Processing file /opt/airflow/dags/my_first_dag.py for tasks to queue
[2023-09-24T06:46:25.682+0000] {logging_mixin.py:151} INFO - [2023-09-24T06:46:25.681+0000] {dagbag.py:539} INFO - Filling up the DagBag from /opt/airflow/dags/my_first_dag.py
[2023-09-24T06:46:26.010+0000] {processor.py:839} INFO - DAG(s) dict_keys(['ETL_Pipeline']) retrieved from /opt/airflow/dags/my_first_dag.py
[2023-09-24T06:46:26.028+0000] {logging_mixin.py:151} INFO - [2023-09-24T06:46:26.028+0000] {dag.py:2915} INFO - Sync 1 DAGs
[2023-09-24T06:46:26.045+0000] {logging_mixin.py:151} INFO - [2023-09-24T06:46:26.045+0000] {dag.py:3696} INFO - Setting next_dagrun for ETL_Pipeline to 2023-09-24T06:00:00+00:00, run_after=2023-09-24T07:00:00+00:00
[2023-09-24T06:46:26.060+0000] {processor.py:179} INFO - Processing /opt/airflow/dags/my_first_dag.py took 0.383 seconds
[2023-09-24T06:46:56.226+0000] {processor.py:157} INFO - Started process (PID=462) to work on /opt/airflow/dags/my_first_dag.py
[2023-09-24T06:46:56.227+0000] {processor.py:829} INFO - Processing file /opt/airflow/dags/my_first_dag.py for tasks to queue
[2023-09-24T06:46:56.230+0000] {logging_mixin.py:151} INFO - [2023-09-24T06:46:56.230+0000] {dagbag.py:539} INFO - Filling up the DagBag from /opt/airflow/dags/my_first_dag.py
[2023-09-24T06:46:56.582+0000] {processor.py:839} INFO - DAG(s) dict_keys(['ETL_Pipeline']) retrieved from /opt/airflow/dags/my_first_dag.py
[2023-09-24T06:46:56.599+0000] {logging_mixin.py:151} INFO - [2023-09-24T06:46:56.599+0000] {dag.py:2915} INFO - Sync 1 DAGs
[2023-09-24T06:46:56.616+0000] {logging_mixin.py:151} INFO - [2023-09-24T06:46:56.616+0000] {dag.py:3696} INFO - Setting next_dagrun for ETL_Pipeline to 2023-09-24T06:00:00+00:00, run_after=2023-09-24T07:00:00+00:00
[2023-09-24T06:46:56.629+0000] {processor.py:179} INFO - Processing /opt/airflow/dags/my_first_dag.py took 0.409 seconds
[2023-09-24T06:47:26.777+0000] {processor.py:157} INFO - Started process (PID=473) to work on /opt/airflow/dags/my_first_dag.py
[2023-09-24T06:47:26.777+0000] {processor.py:829} INFO - Processing file /opt/airflow/dags/my_first_dag.py for tasks to queue
[2023-09-24T06:47:26.778+0000] {logging_mixin.py:151} INFO - [2023-09-24T06:47:26.778+0000] {dagbag.py:539} INFO - Filling up the DagBag from /opt/airflow/dags/my_first_dag.py
[2023-09-24T06:47:27.113+0000] {processor.py:839} INFO - DAG(s) dict_keys(['ETL_Pipeline']) retrieved from /opt/airflow/dags/my_first_dag.py
[2023-09-24T06:47:27.130+0000] {logging_mixin.py:151} INFO - [2023-09-24T06:47:27.129+0000] {dag.py:2915} INFO - Sync 1 DAGs
[2023-09-24T06:47:27.146+0000] {logging_mixin.py:151} INFO - [2023-09-24T06:47:27.146+0000] {dag.py:3696} INFO - Setting next_dagrun for ETL_Pipeline to 2023-09-24T06:00:00+00:00, run_after=2023-09-24T07:00:00+00:00
[2023-09-24T06:47:27.159+0000] {processor.py:179} INFO - Processing /opt/airflow/dags/my_first_dag.py took 0.384 seconds
[2023-09-24T06:47:57.338+0000] {processor.py:157} INFO - Started process (PID=484) to work on /opt/airflow/dags/my_first_dag.py
[2023-09-24T06:47:57.340+0000] {processor.py:829} INFO - Processing file /opt/airflow/dags/my_first_dag.py for tasks to queue
[2023-09-24T06:47:57.343+0000] {logging_mixin.py:151} INFO - [2023-09-24T06:47:57.342+0000] {dagbag.py:539} INFO - Filling up the DagBag from /opt/airflow/dags/my_first_dag.py
[2023-09-24T06:47:57.754+0000] {processor.py:839} INFO - DAG(s) dict_keys(['ETL_Pipeline']) retrieved from /opt/airflow/dags/my_first_dag.py
[2023-09-24T06:47:57.772+0000] {logging_mixin.py:151} INFO - [2023-09-24T06:47:57.771+0000] {dag.py:2915} INFO - Sync 1 DAGs
[2023-09-24T06:47:57.790+0000] {logging_mixin.py:151} INFO - [2023-09-24T06:47:57.790+0000] {dag.py:3696} INFO - Setting next_dagrun for ETL_Pipeline to 2023-09-24T06:00:00+00:00, run_after=2023-09-24T07:00:00+00:00
[2023-09-24T06:47:57.805+0000] {processor.py:179} INFO - Processing /opt/airflow/dags/my_first_dag.py took 0.469 seconds
[2023-09-24T06:48:27.951+0000] {processor.py:157} INFO - Started process (PID=495) to work on /opt/airflow/dags/my_first_dag.py
[2023-09-24T06:48:27.952+0000] {processor.py:829} INFO - Processing file /opt/airflow/dags/my_first_dag.py for tasks to queue
[2023-09-24T06:48:27.955+0000] {logging_mixin.py:151} INFO - [2023-09-24T06:48:27.954+0000] {dagbag.py:539} INFO - Filling up the DagBag from /opt/airflow/dags/my_first_dag.py
[2023-09-24T06:48:28.286+0000] {processor.py:839} INFO - DAG(s) dict_keys(['ETL_Pipeline']) retrieved from /opt/airflow/dags/my_first_dag.py
[2023-09-24T06:48:28.303+0000] {logging_mixin.py:151} INFO - [2023-09-24T06:48:28.303+0000] {dag.py:2915} INFO - Sync 1 DAGs
[2023-09-24T06:48:28.319+0000] {logging_mixin.py:151} INFO - [2023-09-24T06:48:28.319+0000] {dag.py:3696} INFO - Setting next_dagrun for ETL_Pipeline to 2023-09-24T06:00:00+00:00, run_after=2023-09-24T07:00:00+00:00
[2023-09-24T06:48:28.333+0000] {processor.py:179} INFO - Processing /opt/airflow/dags/my_first_dag.py took 0.387 seconds
[2023-09-24T06:48:58.482+0000] {processor.py:157} INFO - Started process (PID=505) to work on /opt/airflow/dags/my_first_dag.py
[2023-09-24T06:48:58.483+0000] {processor.py:829} INFO - Processing file /opt/airflow/dags/my_first_dag.py for tasks to queue
[2023-09-24T06:48:58.485+0000] {logging_mixin.py:151} INFO - [2023-09-24T06:48:58.484+0000] {dagbag.py:539} INFO - Filling up the DagBag from /opt/airflow/dags/my_first_dag.py
[2023-09-24T06:48:58.835+0000] {processor.py:839} INFO - DAG(s) dict_keys(['ETL_Pipeline']) retrieved from /opt/airflow/dags/my_first_dag.py
[2023-09-24T06:48:58.858+0000] {logging_mixin.py:151} INFO - [2023-09-24T06:48:58.857+0000] {dag.py:2915} INFO - Sync 1 DAGs
[2023-09-24T06:48:58.877+0000] {logging_mixin.py:151} INFO - [2023-09-24T06:48:58.877+0000] {dag.py:3696} INFO - Setting next_dagrun for ETL_Pipeline to 2023-09-24T06:00:00+00:00, run_after=2023-09-24T07:00:00+00:00
[2023-09-24T06:48:58.892+0000] {processor.py:179} INFO - Processing /opt/airflow/dags/my_first_dag.py took 0.416 seconds
[2023-09-24T06:49:29.042+0000] {processor.py:157} INFO - Started process (PID=516) to work on /opt/airflow/dags/my_first_dag.py
[2023-09-24T06:49:29.042+0000] {processor.py:829} INFO - Processing file /opt/airflow/dags/my_first_dag.py for tasks to queue
[2023-09-24T06:49:29.045+0000] {logging_mixin.py:151} INFO - [2023-09-24T06:49:29.044+0000] {dagbag.py:539} INFO - Filling up the DagBag from /opt/airflow/dags/my_first_dag.py
[2023-09-24T06:49:29.426+0000] {processor.py:839} INFO - DAG(s) dict_keys(['ETL_Pipeline']) retrieved from /opt/airflow/dags/my_first_dag.py
[2023-09-24T06:49:29.443+0000] {logging_mixin.py:151} INFO - [2023-09-24T06:49:29.443+0000] {dag.py:2915} INFO - Sync 1 DAGs
[2023-09-24T06:49:29.461+0000] {logging_mixin.py:151} INFO - [2023-09-24T06:49:29.461+0000] {dag.py:3696} INFO - Setting next_dagrun for ETL_Pipeline to 2023-09-24T06:00:00+00:00, run_after=2023-09-24T07:00:00+00:00
[2023-09-24T06:49:29.475+0000] {processor.py:179} INFO - Processing /opt/airflow/dags/my_first_dag.py took 0.435 seconds
