[2023-08-03T08:04:26.366+0000] {taskinstance.py:1103} INFO - Dependencies all met for dep_context=non-requeueable deps ti=<TaskInstance: ETL_Pipeline.transform_data scheduled__2023-08-03T07:00:00+00:00 [queued]>
[2023-08-03T08:04:26.373+0000] {taskinstance.py:1103} INFO - Dependencies all met for dep_context=requeueable deps ti=<TaskInstance: ETL_Pipeline.transform_data scheduled__2023-08-03T07:00:00+00:00 [queued]>
[2023-08-03T08:04:26.373+0000] {taskinstance.py:1308} INFO - Starting attempt 1 of 2
[2023-08-03T08:04:26.389+0000] {taskinstance.py:1327} INFO - Executing <Task(PythonOperator): transform_data> on 2023-08-03 07:00:00+00:00
[2023-08-03T08:04:26.395+0000] {standard_task_runner.py:57} INFO - Started process 60 to run task
[2023-08-03T08:04:26.400+0000] {standard_task_runner.py:84} INFO - Running: ['***', 'tasks', 'run', 'ETL_Pipeline', 'transform_data', 'scheduled__2023-08-03T07:00:00+00:00', '--job-id', '4833', '--raw', '--subdir', 'DAGS_FOLDER/my_first_dag.py', '--cfg-path', '/tmp/tmpg4hw25ib']
[2023-08-03T08:04:26.403+0000] {standard_task_runner.py:85} INFO - Job 4833: Subtask transform_data
[2023-08-03T08:04:26.447+0000] {task_command.py:410} INFO - Running <TaskInstance: ETL_Pipeline.transform_data scheduled__2023-08-03T07:00:00+00:00 [running]> on host 794dc2638f7c
[2023-08-03T08:04:26.567+0000] {taskinstance.py:1547} INFO - Exporting env vars: AIRFLOW_CTX_DAG_OWNER='***' AIRFLOW_CTX_DAG_ID='ETL_Pipeline' AIRFLOW_CTX_TASK_ID='transform_data' AIRFLOW_CTX_EXECUTION_DATE='2023-08-03T07:00:00+00:00' AIRFLOW_CTX_TRY_NUMBER='1' AIRFLOW_CTX_DAG_RUN_ID='scheduled__2023-08-03T07:00:00+00:00'
[2023-08-03T08:04:26.572+0000] {logging_mixin.py:150} WARNING - Scraping Progress:   0%|          | 0/10 [00:00<?, ?it/s]
[2023-08-03T08:04:28.561+0000] {logging_mixin.py:150} WARNING - Scraping Progress:  10%|#         | 1/10 [00:01<00:17,  1.99s/it]
[2023-08-03T08:04:29.499+0000] {logging_mixin.py:150} WARNING - Scraping Progress:  20%|##        | 2/10 [00:02<00:10,  1.37s/it]
[2023-08-03T08:04:30.108+0000] {logging_mixin.py:150} WARNING - Scraping Progress:  30%|###       | 3/10 [00:03<00:07,  1.02s/it]
[2023-08-03T08:04:30.738+0000] {logging_mixin.py:150} WARNING - Scraping Progress:  40%|####      | 4/10 [00:04<00:05,  1.15it/s]
[2023-08-03T08:04:31.738+0000] {logging_mixin.py:150} WARNING - Scraping Progress:  50%|#####     | 5/10 [00:05<00:04,  1.09it/s]
[2023-08-03T08:04:32.582+0000] {logging_mixin.py:150} WARNING - Scraping Progress:  60%|######    | 6/10 [00:06<00:03,  1.12it/s]
[2023-08-03T08:04:35.530+0000] {logging_mixin.py:150} WARNING - Scraping Progress:  70%|#######   | 7/10 [00:08<00:04,  1.56s/it]
[2023-08-03T08:04:36.252+0000] {logging_mixin.py:150} WARNING - Scraping Progress:  80%|########  | 8/10 [00:09<00:02,  1.30s/it]
[2023-08-03T08:04:36.493+0000] {logging_mixin.py:150} WARNING - Scraping Progress:  90%|######### | 9/10 [00:09<00:00,  1.04it/s]
[2023-08-03T08:04:37.890+0000] {logging_mixin.py:150} WARNING - Scraping Progress: 100%|##########| 10/10 [00:11<00:00,  1.10s/it]
[2023-08-03T08:04:37.890+0000] {logging_mixin.py:150} WARNING - Scraping Progress: 100%|##########| 10/10 [00:11<00:00,  1.13s/it]
[2023-08-03T08:04:37.895+0000] {my_first_dag.py:45} INFO - Data is scraped and saved as a CSV file.
[2023-08-03T08:04:37.895+0000] {python.py:183} INFO - Done. Returned value was: dags/data/scraped_data.csv
[2023-08-03T08:04:37.912+0000] {taskinstance.py:1350} INFO - Marking task as SUCCESS. dag_id=ETL_Pipeline, task_id=transform_data, execution_date=20230803T070000, start_date=20230803T080426, end_date=20230803T080437
[2023-08-03T08:04:37.926+0000] {local_task_job_runner.py:225} INFO - Task exited with return code 0
[2023-08-03T08:04:37.947+0000] {taskinstance.py:2653} INFO - 1 downstream tasks scheduled from follow-on schedule check
