[2023-09-29T21:00:01.701+0000] {taskinstance.py:1157} INFO - Dependencies all met for dep_context=non-requeueable deps ti=<TaskInstance: ETL_Pipeline.extract_kalerkantho scheduled__2023-09-29T20:00:00+00:00 [queued]>
[2023-09-29T21:00:01.709+0000] {taskinstance.py:1157} INFO - Dependencies all met for dep_context=requeueable deps ti=<TaskInstance: ETL_Pipeline.extract_kalerkantho scheduled__2023-09-29T20:00:00+00:00 [queued]>
[2023-09-29T21:00:01.709+0000] {taskinstance.py:1359} INFO - Starting attempt 1 of 2
[2023-09-29T21:00:01.721+0000] {taskinstance.py:1380} INFO - Executing <Task(PythonOperator): extract_kalerkantho> on 2023-09-29 20:00:00+00:00
[2023-09-29T21:00:01.727+0000] {standard_task_runner.py:57} INFO - Started process 207 to run task
[2023-09-29T21:00:01.729+0000] {standard_task_runner.py:84} INFO - Running: ['***', 'tasks', 'run', 'ETL_Pipeline', 'extract_kalerkantho', 'scheduled__2023-09-29T20:00:00+00:00', '--job-id', '8', '--raw', '--subdir', 'DAGS_FOLDER/news_aggregator.py', '--cfg-path', '/tmp/tmpp00apuqg']
[2023-09-29T21:00:01.732+0000] {standard_task_runner.py:85} INFO - Job 8: Subtask extract_kalerkantho
[2023-09-29T21:00:01.782+0000] {task_command.py:415} INFO - Running <TaskInstance: ETL_Pipeline.extract_kalerkantho scheduled__2023-09-29T20:00:00+00:00 [running]> on host 18f721f95923
[2023-09-29T21:00:01.858+0000] {taskinstance.py:1660} INFO - Exporting env vars: AIRFLOW_CTX_DAG_OWNER='***' AIRFLOW_CTX_DAG_ID='ETL_Pipeline' AIRFLOW_CTX_TASK_ID='extract_kalerkantho' AIRFLOW_CTX_EXECUTION_DATE='2023-09-29T20:00:00+00:00' AIRFLOW_CTX_TRY_NUMBER='1' AIRFLOW_CTX_DAG_RUN_ID='scheduled__2023-09-29T20:00:00+00:00'
[2023-09-29T21:00:03.211+0000] {extract.py:55} INFO - Extracted URLs from Kaler Kantho. Total URLs: 130
[2023-09-29T21:00:03.211+0000] {python.py:194} INFO - Done. Returned value was: None
[2023-09-29T21:00:03.217+0000] {taskinstance.py:1398} INFO - Marking task as SUCCESS. dag_id=ETL_Pipeline, task_id=extract_kalerkantho, execution_date=20230929T200000, start_date=20230929T210001, end_date=20230929T210003
[2023-09-29T21:00:03.234+0000] {local_task_job_runner.py:228} INFO - Task exited with return code 0
[2023-09-29T21:00:03.250+0000] {taskinstance.py:2776} INFO - 1 downstream tasks scheduled from follow-on schedule check
[2023-09-29T21:05:25.867+0000] {taskinstance.py:1157} INFO - Dependencies all met for dep_context=non-requeueable deps ti=<TaskInstance: ETL_Pipeline.extract_kalerkantho scheduled__2023-09-29T20:00:00+00:00 [queued]>
[2023-09-29T21:05:25.885+0000] {taskinstance.py:1157} INFO - Dependencies all met for dep_context=requeueable deps ti=<TaskInstance: ETL_Pipeline.extract_kalerkantho scheduled__2023-09-29T20:00:00+00:00 [queued]>
[2023-09-29T21:05:25.885+0000] {taskinstance.py:1359} INFO - Starting attempt 1 of 2
[2023-09-29T21:05:25.917+0000] {taskinstance.py:1380} INFO - Executing <Task(PythonOperator): extract_kalerkantho> on 2023-09-29 20:00:00+00:00
[2023-09-29T21:05:25.926+0000] {standard_task_runner.py:57} INFO - Started process 107 to run task
[2023-09-29T21:05:25.932+0000] {standard_task_runner.py:84} INFO - Running: ['***', 'tasks', 'run', 'ETL_Pipeline', 'extract_kalerkantho', 'scheduled__2023-09-29T20:00:00+00:00', '--job-id', '15', '--raw', '--subdir', 'DAGS_FOLDER/news_aggregator_dag.py', '--cfg-path', '/tmp/tmp0n2rsvwg']
[2023-09-29T21:05:25.935+0000] {standard_task_runner.py:85} INFO - Job 15: Subtask extract_kalerkantho
[2023-09-29T21:05:26.011+0000] {task_command.py:415} INFO - Running <TaskInstance: ETL_Pipeline.extract_kalerkantho scheduled__2023-09-29T20:00:00+00:00 [running]> on host 8b9d74f8b315
[2023-09-29T21:05:26.100+0000] {taskinstance.py:1660} INFO - Exporting env vars: AIRFLOW_CTX_DAG_OWNER='***' AIRFLOW_CTX_DAG_ID='ETL_Pipeline' AIRFLOW_CTX_TASK_ID='extract_kalerkantho' AIRFLOW_CTX_EXECUTION_DATE='2023-09-29T20:00:00+00:00' AIRFLOW_CTX_TRY_NUMBER='1' AIRFLOW_CTX_DAG_RUN_ID='scheduled__2023-09-29T20:00:00+00:00'
[2023-09-29T21:05:27.064+0000] {extract.py:55} INFO - Extracted URLs from Kaler Kantho. Total URLs: 130
[2023-09-29T21:05:27.064+0000] {python.py:194} INFO - Done. Returned value was: None
[2023-09-29T21:05:27.076+0000] {taskinstance.py:1398} INFO - Marking task as SUCCESS. dag_id=ETL_Pipeline, task_id=extract_kalerkantho, execution_date=20230929T200000, start_date=20230929T210525, end_date=20230929T210527
[2023-09-29T21:05:27.111+0000] {local_task_job_runner.py:228} INFO - Task exited with return code 0
[2023-09-29T21:05:27.130+0000] {taskinstance.py:2776} INFO - 1 downstream tasks scheduled from follow-on schedule check
[2023-09-29T21:09:52.086+0000] {taskinstance.py:1157} INFO - Dependencies all met for dep_context=non-requeueable deps ti=<TaskInstance: ETL_Pipeline.extract_kalerkantho scheduled__2023-09-29T20:00:00+00:00 [queued]>
[2023-09-29T21:09:52.105+0000] {taskinstance.py:1157} INFO - Dependencies all met for dep_context=requeueable deps ti=<TaskInstance: ETL_Pipeline.extract_kalerkantho scheduled__2023-09-29T20:00:00+00:00 [queued]>
[2023-09-29T21:09:52.106+0000] {taskinstance.py:1359} INFO - Starting attempt 1 of 2
[2023-09-29T21:09:52.129+0000] {taskinstance.py:1380} INFO - Executing <Task(PythonOperator): extract_kalerkantho> on 2023-09-29 20:00:00+00:00
[2023-09-29T21:09:52.142+0000] {standard_task_runner.py:57} INFO - Started process 185 to run task
[2023-09-29T21:09:52.148+0000] {standard_task_runner.py:84} INFO - Running: ['***', 'tasks', 'run', 'ETL_Pipeline', 'extract_kalerkantho', 'scheduled__2023-09-29T20:00:00+00:00', '--job-id', '19', '--raw', '--subdir', 'DAGS_FOLDER/news_aggregator_dag.py', '--cfg-path', '/tmp/tmp2jsl54op']
[2023-09-29T21:09:52.151+0000] {standard_task_runner.py:85} INFO - Job 19: Subtask extract_kalerkantho
[2023-09-29T21:09:52.205+0000] {task_command.py:415} INFO - Running <TaskInstance: ETL_Pipeline.extract_kalerkantho scheduled__2023-09-29T20:00:00+00:00 [running]> on host 8b9d74f8b315
[2023-09-29T21:09:52.275+0000] {taskinstance.py:1660} INFO - Exporting env vars: AIRFLOW_CTX_DAG_OWNER='***' AIRFLOW_CTX_DAG_ID='ETL_Pipeline' AIRFLOW_CTX_TASK_ID='extract_kalerkantho' AIRFLOW_CTX_EXECUTION_DATE='2023-09-29T20:00:00+00:00' AIRFLOW_CTX_TRY_NUMBER='1' AIRFLOW_CTX_DAG_RUN_ID='scheduled__2023-09-29T20:00:00+00:00'
[2023-09-29T21:09:53.214+0000] {extract.py:55} INFO - Extracted URLs from Kaler Kantho. Total URLs: 130
[2023-09-29T21:09:53.215+0000] {python.py:194} INFO - Done. Returned value was: None
[2023-09-29T21:09:53.223+0000] {taskinstance.py:1398} INFO - Marking task as SUCCESS. dag_id=ETL_Pipeline, task_id=extract_kalerkantho, execution_date=20230929T200000, start_date=20230929T210952, end_date=20230929T210953
[2023-09-29T21:09:53.247+0000] {local_task_job_runner.py:228} INFO - Task exited with return code 0
[2023-09-29T21:09:53.265+0000] {taskinstance.py:2776} INFO - 1 downstream tasks scheduled from follow-on schedule check
[2023-09-29T21:19:06.380+0000] {taskinstance.py:1157} INFO - Dependencies all met for dep_context=non-requeueable deps ti=<TaskInstance: ETL_Pipeline.extract_kalerkantho scheduled__2023-09-29T20:00:00+00:00 [queued]>
[2023-09-29T21:19:06.398+0000] {taskinstance.py:1157} INFO - Dependencies all met for dep_context=requeueable deps ti=<TaskInstance: ETL_Pipeline.extract_kalerkantho scheduled__2023-09-29T20:00:00+00:00 [queued]>
[2023-09-29T21:19:06.398+0000] {taskinstance.py:1359} INFO - Starting attempt 1 of 2
[2023-09-29T21:19:06.417+0000] {taskinstance.py:1380} INFO - Executing <Task(PythonOperator): extract_kalerkantho> on 2023-09-29 20:00:00+00:00
[2023-09-29T21:19:06.423+0000] {standard_task_runner.py:57} INFO - Started process 342 to run task
[2023-09-29T21:19:06.429+0000] {standard_task_runner.py:84} INFO - Running: ['***', 'tasks', 'run', 'ETL_Pipeline', 'extract_kalerkantho', 'scheduled__2023-09-29T20:00:00+00:00', '--job-id', '22', '--raw', '--subdir', 'DAGS_FOLDER/news_aggregator_dag.py', '--cfg-path', '/tmp/tmpv5qomdxc']
[2023-09-29T21:19:06.432+0000] {standard_task_runner.py:85} INFO - Job 22: Subtask extract_kalerkantho
[2023-09-29T21:19:06.516+0000] {task_command.py:415} INFO - Running <TaskInstance: ETL_Pipeline.extract_kalerkantho scheduled__2023-09-29T20:00:00+00:00 [running]> on host 8b9d74f8b315
[2023-09-29T21:19:06.652+0000] {taskinstance.py:1660} INFO - Exporting env vars: AIRFLOW_CTX_DAG_OWNER='***' AIRFLOW_CTX_DAG_ID='ETL_Pipeline' AIRFLOW_CTX_TASK_ID='extract_kalerkantho' AIRFLOW_CTX_EXECUTION_DATE='2023-09-29T20:00:00+00:00' AIRFLOW_CTX_TRY_NUMBER='1' AIRFLOW_CTX_DAG_RUN_ID='scheduled__2023-09-29T20:00:00+00:00'
[2023-09-29T21:19:07.601+0000] {extract.py:55} INFO - Extracted URLs from Kaler Kantho. Total URLs: 130
[2023-09-29T21:19:07.601+0000] {python.py:194} INFO - Done. Returned value was: None
[2023-09-29T21:19:07.610+0000] {taskinstance.py:1398} INFO - Marking task as SUCCESS. dag_id=ETL_Pipeline, task_id=extract_kalerkantho, execution_date=20230929T200000, start_date=20230929T211906, end_date=20230929T211907
[2023-09-29T21:19:07.650+0000] {local_task_job_runner.py:228} INFO - Task exited with return code 0
[2023-09-29T21:19:07.669+0000] {taskinstance.py:2776} INFO - 0 downstream tasks scheduled from follow-on schedule check
