[2023-08-03T18:00:02.845+0000] {taskinstance.py:1103} INFO - Dependencies all met for dep_context=non-requeueable deps ti=<TaskInstance: ETL_Pipeline.transform_data scheduled__2023-08-03T17:00:00+00:00 [queued]>
[2023-08-03T18:00:02.852+0000] {taskinstance.py:1103} INFO - Dependencies all met for dep_context=requeueable deps ti=<TaskInstance: ETL_Pipeline.transform_data scheduled__2023-08-03T17:00:00+00:00 [queued]>
[2023-08-03T18:00:02.852+0000] {taskinstance.py:1308} INFO - Starting attempt 1 of 2
[2023-08-03T18:00:02.864+0000] {taskinstance.py:1327} INFO - Executing <Task(PythonOperator): transform_data> on 2023-08-03 17:00:00+00:00
[2023-08-03T18:00:02.870+0000] {standard_task_runner.py:57} INFO - Started process 8555 to run task
[2023-08-03T18:00:02.872+0000] {standard_task_runner.py:84} INFO - Running: ['***', 'tasks', 'run', 'ETL_Pipeline', 'transform_data', 'scheduled__2023-08-03T17:00:00+00:00', '--job-id', '4877', '--raw', '--subdir', 'DAGS_FOLDER/my_first_dag.py', '--cfg-path', '/tmp/tmpml5p_s9h']
[2023-08-03T18:00:02.874+0000] {standard_task_runner.py:85} INFO - Job 4877: Subtask transform_data
[2023-08-03T18:00:02.909+0000] {task_command.py:410} INFO - Running <TaskInstance: ETL_Pipeline.transform_data scheduled__2023-08-03T17:00:00+00:00 [running]> on host 794dc2638f7c
[2023-08-03T18:00:02.987+0000] {taskinstance.py:1547} INFO - Exporting env vars: AIRFLOW_CTX_DAG_OWNER='***' AIRFLOW_CTX_DAG_ID='ETL_Pipeline' AIRFLOW_CTX_TASK_ID='transform_data' AIRFLOW_CTX_EXECUTION_DATE='2023-08-03T17:00:00+00:00' AIRFLOW_CTX_TRY_NUMBER='1' AIRFLOW_CTX_DAG_RUN_ID='scheduled__2023-08-03T17:00:00+00:00'
[2023-08-03T18:00:02.991+0000] {logging_mixin.py:150} WARNING - Scraping Progress:   0%|          | 0/10 [00:00<?, ?it/s]
[2023-08-03T18:00:04.349+0000] {logging_mixin.py:150} WARNING - Scraping Progress:  10%|#         | 1/10 [00:01<00:12,  1.36s/it]
[2023-08-03T18:00:05.837+0000] {logging_mixin.py:150} WARNING - Scraping Progress:  20%|##        | 2/10 [00:02<00:11,  1.43s/it]
[2023-08-03T18:00:06.719+0000] {logging_mixin.py:150} WARNING - Scraping Progress:  30%|###       | 3/10 [00:03<00:08,  1.18s/it]
[2023-08-03T18:00:07.505+0000] {logging_mixin.py:150} WARNING - Scraping Progress:  40%|####      | 4/10 [00:04<00:06,  1.03s/it]
[2023-08-03T18:00:10.254+0000] {logging_mixin.py:150} WARNING - Scraping Progress:  50%|#####     | 5/10 [00:07<00:08,  1.65s/it]
[2023-08-03T18:00:11.369+0000] {logging_mixin.py:150} WARNING - Scraping Progress:  60%|######    | 6/10 [00:08<00:05,  1.47s/it]
[2023-08-03T18:00:13.605+0000] {logging_mixin.py:150} WARNING - Scraping Progress:  70%|#######   | 7/10 [00:10<00:05,  1.72s/it]
[2023-08-03T18:00:14.980+0000] {logging_mixin.py:150} WARNING - Scraping Progress:  80%|########  | 8/10 [00:11<00:03,  1.61s/it]
[2023-08-03T18:00:16.179+0000] {logging_mixin.py:150} WARNING - Scraping Progress:  90%|######### | 9/10 [00:13<00:01,  1.48s/it]
[2023-08-03T18:00:16.857+0000] {logging_mixin.py:150} WARNING - Scraping Progress: 100%|##########| 10/10 [00:13<00:00,  1.23s/it]
[2023-08-03T18:00:16.857+0000] {logging_mixin.py:150} WARNING - Scraping Progress: 100%|##########| 10/10 [00:13<00:00,  1.39s/it]
[2023-08-03T18:00:16.860+0000] {my_first_dag.py:45} INFO - Data is scraped and saved as a CSV file.
[2023-08-03T18:00:16.860+0000] {python.py:183} INFO - Done. Returned value was: dags/data/scraped_data.csv
[2023-08-03T18:00:16.878+0000] {taskinstance.py:1350} INFO - Marking task as SUCCESS. dag_id=ETL_Pipeline, task_id=transform_data, execution_date=20230803T170000, start_date=20230803T180002, end_date=20230803T180016
[2023-08-03T18:00:16.920+0000] {local_task_job_runner.py:225} INFO - Task exited with return code 0
[2023-08-03T18:00:16.952+0000] {taskinstance.py:2653} INFO - 1 downstream tasks scheduled from follow-on schedule check
