[2023-08-01T14:26:01.934+0000] {taskinstance.py:1103} INFO - Dependencies all met for dep_context=non-requeueable deps ti=<TaskInstance: ETL_Pipeline.transform_data scheduled__2023-08-01T14:25:00+00:00 [queued]>
[2023-08-01T14:26:01.941+0000] {taskinstance.py:1103} INFO - Dependencies all met for dep_context=requeueable deps ti=<TaskInstance: ETL_Pipeline.transform_data scheduled__2023-08-01T14:25:00+00:00 [queued]>
[2023-08-01T14:26:01.941+0000] {taskinstance.py:1308} INFO - Starting attempt 1 of 2
[2023-08-01T14:26:01.953+0000] {taskinstance.py:1327} INFO - Executing <Task(PythonOperator): transform_data> on 2023-08-01 14:25:00+00:00
[2023-08-01T14:26:01.959+0000] {standard_task_runner.py:57} INFO - Started process 1037 to run task
[2023-08-01T14:26:01.961+0000] {standard_task_runner.py:84} INFO - Running: ['***', 'tasks', 'run', 'ETL_Pipeline', 'transform_data', 'scheduled__2023-08-01T14:25:00+00:00', '--job-id', '4792', '--raw', '--subdir', 'DAGS_FOLDER/my_first_dag.py', '--cfg-path', '/tmp/tmpwnvkwols']
[2023-08-01T14:26:01.963+0000] {standard_task_runner.py:85} INFO - Job 4792: Subtask transform_data
[2023-08-01T14:26:01.997+0000] {task_command.py:410} INFO - Running <TaskInstance: ETL_Pipeline.transform_data scheduled__2023-08-01T14:25:00+00:00 [running]> on host 794dc2638f7c
[2023-08-01T14:26:02.073+0000] {taskinstance.py:1547} INFO - Exporting env vars: AIRFLOW_CTX_DAG_OWNER='***' AIRFLOW_CTX_DAG_ID='ETL_Pipeline' AIRFLOW_CTX_TASK_ID='transform_data' AIRFLOW_CTX_EXECUTION_DATE='2023-08-01T14:25:00+00:00' AIRFLOW_CTX_TRY_NUMBER='1' AIRFLOW_CTX_DAG_RUN_ID='scheduled__2023-08-01T14:25:00+00:00'
[2023-08-01T14:26:02.077+0000] {logging_mixin.py:150} WARNING - Scraping Progress:   0%|          | 0/10 [00:00<?, ?it/s]
[2023-08-01T14:26:02.367+0000] {logging_mixin.py:150} WARNING - Scraping Progress:  10%|#         | 1/10 [00:00<00:02,  3.45it/s]
[2023-08-01T14:26:05.041+0000] {logging_mixin.py:150} WARNING - Scraping Progress:  20%|##        | 2/10 [00:02<00:13,  1.69s/it]
[2023-08-01T14:26:05.293+0000] {logging_mixin.py:150} WARNING - Scraping Progress:  30%|###       | 3/10 [00:03<00:07,  1.03s/it]
[2023-08-01T14:26:05.534+0000] {logging_mixin.py:150} WARNING - Scraping Progress:  40%|####      | 4/10 [00:03<00:04,  1.39it/s]
[2023-08-01T14:26:06.795+0000] {logging_mixin.py:150} WARNING - Scraping Progress:  50%|#####     | 5/10 [00:04<00:04,  1.09it/s]
[2023-08-01T14:26:07.037+0000] {logging_mixin.py:150} WARNING - Scraping Progress:  60%|######    | 6/10 [00:04<00:02,  1.46it/s]
[2023-08-01T14:26:07.217+0000] {logging_mixin.py:150} WARNING - Scraping Progress:  70%|#######   | 7/10 [00:05<00:01,  1.92it/s]
[2023-08-01T14:26:07.469+0000] {logging_mixin.py:150} WARNING - Scraping Progress:  80%|########  | 8/10 [00:05<00:00,  2.30it/s]
[2023-08-01T14:26:07.729+0000] {logging_mixin.py:150} WARNING - Scraping Progress:  90%|######### | 9/10 [00:05<00:00,  2.63it/s]
[2023-08-01T14:26:08.199+0000] {logging_mixin.py:150} WARNING - Scraping Progress: 100%|##########| 10/10 [00:06<00:00,  2.45it/s]
[2023-08-01T14:26:08.199+0000] {logging_mixin.py:150} WARNING - Scraping Progress: 100%|##########| 10/10 [00:06<00:00,  1.63it/s]
[2023-08-01T14:26:08.203+0000] {my_first_dag.py:45} INFO - Data is scraped and saved as a CSV file.
[2023-08-01T14:26:08.203+0000] {python.py:183} INFO - Done. Returned value was: dags/data/scraped_data.csv
[2023-08-01T14:26:08.221+0000] {taskinstance.py:1350} INFO - Marking task as SUCCESS. dag_id=ETL_Pipeline, task_id=transform_data, execution_date=20230801T142500, start_date=20230801T142601, end_date=20230801T142608
[2023-08-01T14:26:08.267+0000] {local_task_job_runner.py:225} INFO - Task exited with return code 0
[2023-08-01T14:26:08.299+0000] {taskinstance.py:2653} INFO - 1 downstream tasks scheduled from follow-on schedule check
