[2023-08-05T07:27:13.023+0000] {taskinstance.py:1103} INFO - Dependencies all met for dep_context=non-requeueable deps ti=<TaskInstance: ETL_Pipeline.transform_data scheduled__2023-08-05T06:00:00+00:00 [queued]>
[2023-08-05T07:27:13.033+0000] {taskinstance.py:1103} INFO - Dependencies all met for dep_context=requeueable deps ti=<TaskInstance: ETL_Pipeline.transform_data scheduled__2023-08-05T06:00:00+00:00 [queued]>
[2023-08-05T07:27:13.033+0000] {taskinstance.py:1308} INFO - Starting attempt 2 of 2
[2023-08-05T07:27:13.048+0000] {taskinstance.py:1327} INFO - Executing <Task(PythonOperator): transform_data> on 2023-08-05 06:00:00+00:00
[2023-08-05T07:27:13.054+0000] {standard_task_runner.py:57} INFO - Started process 150 to run task
[2023-08-05T07:27:13.057+0000] {standard_task_runner.py:84} INFO - Running: ['***', 'tasks', 'run', 'ETL_Pipeline', 'transform_data', 'scheduled__2023-08-05T06:00:00+00:00', '--job-id', '4897', '--raw', '--subdir', 'DAGS_FOLDER/my_first_dag.py', '--cfg-path', '/tmp/tmpc0s87e4v']
[2023-08-05T07:27:13.061+0000] {standard_task_runner.py:85} INFO - Job 4897: Subtask transform_data
[2023-08-05T07:27:13.117+0000] {task_command.py:410} INFO - Running <TaskInstance: ETL_Pipeline.transform_data scheduled__2023-08-05T06:00:00+00:00 [running]> on host 794dc2638f7c
[2023-08-05T07:27:13.269+0000] {taskinstance.py:1547} INFO - Exporting env vars: AIRFLOW_CTX_DAG_OWNER='***' AIRFLOW_CTX_DAG_ID='ETL_Pipeline' AIRFLOW_CTX_TASK_ID='transform_data' AIRFLOW_CTX_EXECUTION_DATE='2023-08-05T06:00:00+00:00' AIRFLOW_CTX_TRY_NUMBER='2' AIRFLOW_CTX_DAG_RUN_ID='scheduled__2023-08-05T06:00:00+00:00'
[2023-08-05T07:27:13.274+0000] {logging_mixin.py:150} WARNING - Scraping Progress:   0%|          | 0/10 [00:00<?, ?it/s]
[2023-08-05T07:27:14.571+0000] {logging_mixin.py:150} WARNING - Scraping Progress:  10%|#         | 1/10 [00:01<00:11,  1.30s/it]
[2023-08-05T07:27:16.065+0000] {logging_mixin.py:150} WARNING - Scraping Progress:  20%|##        | 2/10 [00:02<00:11,  1.41s/it]
[2023-08-05T07:27:17.408+0000] {logging_mixin.py:150} WARNING - Scraping Progress:  30%|###       | 3/10 [00:04<00:09,  1.38s/it]
[2023-08-05T07:27:19.065+0000] {logging_mixin.py:150} WARNING - Scraping Progress:  40%|####      | 4/10 [00:05<00:08,  1.49s/it]
[2023-08-05T07:27:21.696+0000] {logging_mixin.py:150} WARNING - Scraping Progress:  50%|#####     | 5/10 [00:08<00:09,  1.90s/it]
[2023-08-05T07:27:23.565+0000] {logging_mixin.py:150} WARNING - Scraping Progress:  60%|######    | 6/10 [00:10<00:07,  1.89s/it]
[2023-08-05T07:27:25.618+0000] {logging_mixin.py:150} WARNING - Scraping Progress:  70%|#######   | 7/10 [00:12<00:05,  1.94s/it]
[2023-08-05T07:27:26.999+0000] {logging_mixin.py:150} WARNING - Scraping Progress:  80%|########  | 8/10 [00:13<00:03,  1.76s/it]
[2023-08-05T07:27:28.537+0000] {logging_mixin.py:150} WARNING - Scraping Progress:  90%|######### | 9/10 [00:15<00:01,  1.69s/it]
[2023-08-05T07:27:31.342+0000] {logging_mixin.py:150} WARNING - Scraping Progress: 100%|##########| 10/10 [00:18<00:00,  2.04s/it]
[2023-08-05T07:27:31.342+0000] {logging_mixin.py:150} WARNING - Scraping Progress: 100%|##########| 10/10 [00:18<00:00,  1.81s/it]
[2023-08-05T07:27:31.348+0000] {my_first_dag.py:45} INFO - Data is scraped and saved as a CSV file.
[2023-08-05T07:27:31.348+0000] {python.py:183} INFO - Done. Returned value was: dags/data/scraped_data.csv
[2023-08-05T07:27:31.365+0000] {taskinstance.py:1350} INFO - Marking task as SUCCESS. dag_id=ETL_Pipeline, task_id=transform_data, execution_date=20230805T060000, start_date=20230805T072713, end_date=20230805T072731
[2023-08-05T07:27:31.398+0000] {local_task_job_runner.py:225} INFO - Task exited with return code 0
[2023-08-05T07:27:31.426+0000] {taskinstance.py:2653} INFO - 1 downstream tasks scheduled from follow-on schedule check
