[2023-08-07T08:00:03.303+0000] {taskinstance.py:1103} INFO - Dependencies all met for dep_context=non-requeueable deps ti=<TaskInstance: ETL_Pipeline.transform_data scheduled__2023-08-07T07:00:00+00:00 [queued]>
[2023-08-07T08:00:03.318+0000] {taskinstance.py:1103} INFO - Dependencies all met for dep_context=requeueable deps ti=<TaskInstance: ETL_Pipeline.transform_data scheduled__2023-08-07T07:00:00+00:00 [queued]>
[2023-08-07T08:00:03.318+0000] {taskinstance.py:1308} INFO - Starting attempt 1 of 2
[2023-08-07T08:00:03.335+0000] {taskinstance.py:1327} INFO - Executing <Task(PythonOperator): transform_data> on 2023-08-07 07:00:00+00:00
[2023-08-07T08:00:03.342+0000] {standard_task_runner.py:57} INFO - Started process 631 to run task
[2023-08-07T08:00:03.346+0000] {standard_task_runner.py:84} INFO - Running: ['***', 'tasks', 'run', 'ETL_Pipeline', 'transform_data', 'scheduled__2023-08-07T07:00:00+00:00', '--job-id', '4995', '--raw', '--subdir', 'DAGS_FOLDER/my_first_dag.py', '--cfg-path', '/tmp/tmp0ssaap0j']
[2023-08-07T08:00:03.348+0000] {standard_task_runner.py:85} INFO - Job 4995: Subtask transform_data
[2023-08-07T08:00:03.413+0000] {task_command.py:410} INFO - Running <TaskInstance: ETL_Pipeline.transform_data scheduled__2023-08-07T07:00:00+00:00 [running]> on host 48849dae508a
[2023-08-07T08:00:03.531+0000] {taskinstance.py:1547} INFO - Exporting env vars: AIRFLOW_CTX_DAG_OWNER='***' AIRFLOW_CTX_DAG_ID='ETL_Pipeline' AIRFLOW_CTX_TASK_ID='transform_data' AIRFLOW_CTX_EXECUTION_DATE='2023-08-07T07:00:00+00:00' AIRFLOW_CTX_TRY_NUMBER='1' AIRFLOW_CTX_DAG_RUN_ID='scheduled__2023-08-07T07:00:00+00:00'
[2023-08-07T08:00:03.537+0000] {logging_mixin.py:150} WARNING - Scraping Progress:   0%|          | 0/10 [00:00<?, ?it/s]
[2023-08-07T08:00:04.261+0000] {logging_mixin.py:150} WARNING - Scraping Progress:  10%|#         | 1/10 [00:00<00:06,  1.38it/s]
[2023-08-07T08:00:06.035+0000] {logging_mixin.py:150} WARNING - Scraping Progress:  20%|##        | 2/10 [00:02<00:10,  1.34s/it]
[2023-08-07T08:00:07.102+0000] {logging_mixin.py:150} WARNING - Scraping Progress:  30%|###       | 3/10 [00:03<00:08,  1.22s/it]
[2023-08-07T08:00:08.112+0000] {logging_mixin.py:150} WARNING - Scraping Progress:  40%|####      | 4/10 [00:04<00:06,  1.13s/it]
[2023-08-07T08:00:08.878+0000] {logging_mixin.py:150} WARNING - Scraping Progress:  50%|#####     | 5/10 [00:05<00:05,  1.00s/it]
[2023-08-07T08:00:09.693+0000] {logging_mixin.py:150} WARNING - Scraping Progress:  60%|######    | 6/10 [00:06<00:03,  1.07it/s]
[2023-08-07T08:00:10.395+0000] {logging_mixin.py:150} WARNING - Scraping Progress:  70%|#######   | 7/10 [00:06<00:02,  1.16it/s]
[2023-08-07T08:00:11.152+0000] {logging_mixin.py:150} WARNING - Scraping Progress:  80%|########  | 8/10 [00:07<00:01,  1.21it/s]
[2023-08-07T08:00:11.994+0000] {logging_mixin.py:150} WARNING - Scraping Progress:  90%|######### | 9/10 [00:08<00:00,  1.20it/s]
[2023-08-07T08:00:13.363+0000] {logging_mixin.py:150} WARNING - Scraping Progress: 100%|##########| 10/10 [00:09<00:00,  1.00it/s]
[2023-08-07T08:00:13.363+0000] {logging_mixin.py:150} WARNING - Scraping Progress: 100%|##########| 10/10 [00:09<00:00,  1.02it/s]
[2023-08-07T08:00:13.370+0000] {my_first_dag.py:45} INFO - Data is scraped and saved as a CSV file.
[2023-08-07T08:00:13.370+0000] {python.py:183} INFO - Done. Returned value was: dags/data/scraped_data.csv
[2023-08-07T08:00:13.405+0000] {taskinstance.py:1350} INFO - Marking task as SUCCESS. dag_id=ETL_Pipeline, task_id=transform_data, execution_date=20230807T070000, start_date=20230807T080003, end_date=20230807T080013
[2023-08-07T08:00:13.458+0000] {local_task_job_runner.py:225} INFO - Task exited with return code 0
[2023-08-07T08:00:13.528+0000] {taskinstance.py:2653} INFO - 0 downstream tasks scheduled from follow-on schedule check
