[2023-08-01T13:35:55.874+0000] {taskinstance.py:1103} INFO - Dependencies all met for dep_context=non-requeueable deps ti=<TaskInstance: data_extraction_transformation_load.transform_data scheduled__2023-08-01T13:34:00+00:00 [queued]>
[2023-08-01T13:35:55.882+0000] {taskinstance.py:1103} INFO - Dependencies all met for dep_context=requeueable deps ti=<TaskInstance: data_extraction_transformation_load.transform_data scheduled__2023-08-01T13:34:00+00:00 [queued]>
[2023-08-01T13:35:55.883+0000] {taskinstance.py:1308} INFO - Starting attempt 1 of 2
[2023-08-01T13:35:55.895+0000] {taskinstance.py:1327} INFO - Executing <Task(PythonOperator): transform_data> on 2023-08-01 13:34:00+00:00
[2023-08-01T13:35:55.903+0000] {standard_task_runner.py:57} INFO - Started process 75 to run task
[2023-08-01T13:35:55.905+0000] {standard_task_runner.py:84} INFO - Running: ['***', 'tasks', 'run', 'data_extraction_transformation_load', 'transform_data', 'scheduled__2023-08-01T13:34:00+00:00', '--job-id', '4769', '--raw', '--subdir', 'DAGS_FOLDER/my_first_dag.py', '--cfg-path', '/tmp/tmpfuo4p2g8']
[2023-08-01T13:35:55.907+0000] {standard_task_runner.py:85} INFO - Job 4769: Subtask transform_data
[2023-08-01T13:35:55.946+0000] {task_command.py:410} INFO - Running <TaskInstance: data_extraction_transformation_load.transform_data scheduled__2023-08-01T13:34:00+00:00 [running]> on host 794dc2638f7c
[2023-08-01T13:35:56.031+0000] {taskinstance.py:1547} INFO - Exporting env vars: AIRFLOW_CTX_DAG_OWNER='***' AIRFLOW_CTX_DAG_ID='data_extraction_transformation_load' AIRFLOW_CTX_TASK_ID='transform_data' AIRFLOW_CTX_EXECUTION_DATE='2023-08-01T13:34:00+00:00' AIRFLOW_CTX_TRY_NUMBER='1' AIRFLOW_CTX_DAG_RUN_ID='scheduled__2023-08-01T13:34:00+00:00'
[2023-08-01T13:35:56.036+0000] {logging_mixin.py:150} WARNING - Scraping Progress:   0%|          | 0/10 [00:00<?, ?it/s]
[2023-08-01T13:35:57.620+0000] {logging_mixin.py:150} WARNING - Scraping Progress:  10%|#         | 1/10 [00:01<00:14,  1.58s/it]
[2023-08-01T13:35:59.176+0000] {logging_mixin.py:150} WARNING - Scraping Progress:  20%|##        | 2/10 [00:03<00:12,  1.57s/it]
[2023-08-01T13:36:00.533+0000] {logging_mixin.py:150} WARNING - Scraping Progress:  30%|###       | 3/10 [00:04<00:10,  1.47s/it]
[2023-08-01T13:36:02.341+0000] {logging_mixin.py:150} WARNING - Scraping Progress:  40%|####      | 4/10 [00:06<00:09,  1.60s/it]
[2023-08-01T13:36:03.069+0000] {logging_mixin.py:150} WARNING - Scraping Progress:  50%|#####     | 5/10 [00:07<00:06,  1.29s/it]
[2023-08-01T13:36:04.245+0000] {logging_mixin.py:150} WARNING - Scraping Progress:  60%|######    | 6/10 [00:08<00:05,  1.25s/it]
[2023-08-01T13:36:06.072+0000] {logging_mixin.py:150} WARNING - Scraping Progress:  70%|#######   | 7/10 [00:10<00:04,  1.44s/it]
[2023-08-01T13:36:07.113+0000] {logging_mixin.py:150} WARNING - Scraping Progress:  80%|########  | 8/10 [00:11<00:02,  1.31s/it]
[2023-08-01T13:36:08.350+0000] {logging_mixin.py:150} WARNING - Scraping Progress:  90%|######### | 9/10 [00:12<00:01,  1.29s/it]
[2023-08-01T13:36:09.596+0000] {logging_mixin.py:150} WARNING - Scraping Progress: 100%|##########| 10/10 [00:13<00:00,  1.28s/it]
[2023-08-01T13:36:09.596+0000] {logging_mixin.py:150} WARNING - Scraping Progress: 100%|##########| 10/10 [00:13<00:00,  1.36s/it]
[2023-08-01T13:36:09.606+0000] {my_first_dag.py:45} INFO - Data is scraped and saved as a CSV file.
[2023-08-01T13:36:09.606+0000] {python.py:183} INFO - Done. Returned value was: dags/data/scraped_data.csv
[2023-08-01T13:36:09.635+0000] {taskinstance.py:1350} INFO - Marking task as SUCCESS. dag_id=data_extraction_transformation_load, task_id=transform_data, execution_date=20230801T133400, start_date=20230801T133555, end_date=20230801T133609
[2023-08-01T13:36:09.688+0000] {local_task_job_runner.py:225} INFO - Task exited with return code 0
[2023-08-01T13:36:09.708+0000] {taskinstance.py:2653} INFO - 1 downstream tasks scheduled from follow-on schedule check
