[2023-09-16T18:00:04.512+0000] {taskinstance.py:1157} INFO - Dependencies all met for dep_context=non-requeueable deps ti=<TaskInstance: ETL_Pipeline.transform_data scheduled__2023-09-16T17:00:00+00:00 [queued]>
[2023-09-16T18:00:04.522+0000] {taskinstance.py:1157} INFO - Dependencies all met for dep_context=requeueable deps ti=<TaskInstance: ETL_Pipeline.transform_data scheduled__2023-09-16T17:00:00+00:00 [queued]>
[2023-09-16T18:00:04.522+0000] {taskinstance.py:1359} INFO - Starting attempt 1 of 2
[2023-09-16T18:00:04.536+0000] {taskinstance.py:1380} INFO - Executing <Task(PythonOperator): transform_data> on 2023-09-16 17:00:00+00:00
[2023-09-16T18:00:04.544+0000] {standard_task_runner.py:57} INFO - Started process 1478 to run task
[2023-09-16T18:00:04.547+0000] {standard_task_runner.py:84} INFO - Running: ['***', 'tasks', 'run', 'ETL_Pipeline', 'transform_data', 'scheduled__2023-09-16T17:00:00+00:00', '--job-id', '5129', '--raw', '--subdir', 'DAGS_FOLDER/my_first_dag.py', '--cfg-path', '/tmp/tmpupp5v0vb']
[2023-09-16T18:00:04.549+0000] {standard_task_runner.py:85} INFO - Job 5129: Subtask transform_data
[2023-09-16T18:00:04.591+0000] {task_command.py:415} INFO - Running <TaskInstance: ETL_Pipeline.transform_data scheduled__2023-09-16T17:00:00+00:00 [running]> on host 900e33937764
[2023-09-16T18:00:04.670+0000] {taskinstance.py:1660} INFO - Exporting env vars: AIRFLOW_CTX_DAG_OWNER='***' AIRFLOW_CTX_DAG_ID='ETL_Pipeline' AIRFLOW_CTX_TASK_ID='transform_data' AIRFLOW_CTX_EXECUTION_DATE='2023-09-16T17:00:00+00:00' AIRFLOW_CTX_TRY_NUMBER='1' AIRFLOW_CTX_DAG_RUN_ID='scheduled__2023-09-16T17:00:00+00:00'
[2023-09-16T18:00:04.676+0000] {logging_mixin.py:151} WARNING - Scraping Progress:   0%|          | 0/10 [00:00<?, ?it/s]
[2023-09-16T18:00:05.073+0000] {logging_mixin.py:151} WARNING - Scraping Progress:  10%|#         | 1/10 [00:00<00:03,  2.52it/s]
[2023-09-16T18:00:05.508+0000] {logging_mixin.py:151} WARNING - Scraping Progress:  20%|##        | 2/10 [00:00<00:03,  2.39it/s]
[2023-09-16T18:00:05.865+0000] {logging_mixin.py:151} WARNING - Scraping Progress:  30%|###       | 3/10 [00:01<00:02,  2.56it/s]
[2023-09-16T18:00:06.330+0000] {logging_mixin.py:151} WARNING - Scraping Progress:  40%|####      | 4/10 [00:01<00:02,  2.38it/s]
[2023-09-16T18:00:06.720+0000] {logging_mixin.py:151} WARNING - Scraping Progress:  50%|#####     | 5/10 [00:02<00:02,  2.44it/s]
[2023-09-16T18:00:07.126+0000] {logging_mixin.py:151} WARNING - Scraping Progress:  60%|######    | 6/10 [00:02<00:01,  2.45it/s]
[2023-09-16T18:00:07.515+0000] {logging_mixin.py:151} WARNING - Scraping Progress:  70%|#######   | 7/10 [00:02<00:01,  2.49it/s]
[2023-09-16T18:00:08.019+0000] {logging_mixin.py:151} WARNING - Scraping Progress:  80%|########  | 8/10 [00:03<00:00,  2.30it/s]
[2023-09-16T18:00:08.420+0000] {logging_mixin.py:151} WARNING - Scraping Progress:  90%|######### | 9/10 [00:03<00:00,  2.36it/s]
[2023-09-16T18:00:08.851+0000] {logging_mixin.py:151} WARNING - Scraping Progress: 100%|##########| 10/10 [00:04<00:00,  2.35it/s]
[2023-09-16T18:00:08.851+0000] {logging_mixin.py:151} WARNING - Scraping Progress: 100%|##########| 10/10 [00:04<00:00,  2.40it/s]
[2023-09-16T18:00:08.855+0000] {helper.py:40} INFO - Data is scraped and saved as a CSV file.
[2023-09-16T18:00:08.855+0000] {python.py:194} INFO - Done. Returned value was: None
[2023-09-16T18:00:08.862+0000] {taskinstance.py:1398} INFO - Marking task as SUCCESS. dag_id=ETL_Pipeline, task_id=transform_data, execution_date=20230916T170000, start_date=20230916T180004, end_date=20230916T180008
[2023-09-16T18:00:08.889+0000] {local_task_job_runner.py:228} INFO - Task exited with return code 0
[2023-09-16T18:00:08.901+0000] {taskinstance.py:2776} INFO - 0 downstream tasks scheduled from follow-on schedule check
