[2023-08-03T08:04:26.396+0000] {taskinstance.py:1103} INFO - Dependencies all met for dep_context=non-requeueable deps ti=<TaskInstance: ETL_Pipeline.transform_data scheduled__2023-08-01T18:00:00+00:00 [queued]>
[2023-08-03T08:04:26.406+0000] {taskinstance.py:1103} INFO - Dependencies all met for dep_context=requeueable deps ti=<TaskInstance: ETL_Pipeline.transform_data scheduled__2023-08-01T18:00:00+00:00 [queued]>
[2023-08-03T08:04:26.406+0000] {taskinstance.py:1308} INFO - Starting attempt 1 of 2
[2023-08-03T08:04:26.423+0000] {taskinstance.py:1327} INFO - Executing <Task(PythonOperator): transform_data> on 2023-08-01 18:00:00+00:00
[2023-08-03T08:04:26.428+0000] {standard_task_runner.py:57} INFO - Started process 61 to run task
[2023-08-03T08:04:26.432+0000] {standard_task_runner.py:84} INFO - Running: ['***', 'tasks', 'run', 'ETL_Pipeline', 'transform_data', 'scheduled__2023-08-01T18:00:00+00:00', '--job-id', '4832', '--raw', '--subdir', 'DAGS_FOLDER/my_first_dag.py', '--cfg-path', '/tmp/tmp_sg5w3ob']
[2023-08-03T08:04:26.434+0000] {standard_task_runner.py:85} INFO - Job 4832: Subtask transform_data
[2023-08-03T08:04:26.476+0000] {task_command.py:410} INFO - Running <TaskInstance: ETL_Pipeline.transform_data scheduled__2023-08-01T18:00:00+00:00 [running]> on host 794dc2638f7c
[2023-08-03T08:04:26.567+0000] {taskinstance.py:1547} INFO - Exporting env vars: AIRFLOW_CTX_DAG_OWNER='***' AIRFLOW_CTX_DAG_ID='ETL_Pipeline' AIRFLOW_CTX_TASK_ID='transform_data' AIRFLOW_CTX_EXECUTION_DATE='2023-08-01T18:00:00+00:00' AIRFLOW_CTX_TRY_NUMBER='1' AIRFLOW_CTX_DAG_RUN_ID='scheduled__2023-08-01T18:00:00+00:00'
[2023-08-03T08:04:26.572+0000] {logging_mixin.py:150} WARNING - Scraping Progress:   0%|          | 0/10 [00:00<?, ?it/s]
[2023-08-03T08:04:30.666+0000] {logging_mixin.py:150} WARNING - Scraping Progress:  10%|#         | 1/10 [00:04<00:36,  4.09s/it]
[2023-08-03T08:04:31.846+0000] {logging_mixin.py:150} WARNING - Scraping Progress:  20%|##        | 2/10 [00:05<00:19,  2.38s/it]
[2023-08-03T08:04:33.016+0000] {logging_mixin.py:150} WARNING - Scraping Progress:  30%|###       | 3/10 [00:06<00:12,  1.83s/it]
[2023-08-03T08:04:33.942+0000] {logging_mixin.py:150} WARNING - Scraping Progress:  40%|####      | 4/10 [00:07<00:08,  1.47s/it]
[2023-08-03T08:04:34.140+0000] {logging_mixin.py:150} WARNING - Scraping Progress:  50%|#####     | 5/10 [00:07<00:05,  1.01s/it]
[2023-08-03T08:04:34.603+0000] {logging_mixin.py:150} WARNING - Scraping Progress:  60%|######    | 6/10 [00:08<00:03,  1.21it/s]
[2023-08-03T08:04:35.114+0000] {logging_mixin.py:150} WARNING - Scraping Progress:  70%|#######   | 7/10 [00:08<00:02,  1.38it/s]
[2023-08-03T08:04:36.623+0000] {logging_mixin.py:150} WARNING - Scraping Progress:  80%|########  | 8/10 [00:10<00:01,  1.03it/s]
[2023-08-03T08:04:37.497+0000] {logging_mixin.py:150} WARNING - Scraping Progress:  90%|######### | 9/10 [00:10<00:00,  1.06it/s]
[2023-08-03T08:04:38.907+0000] {logging_mixin.py:150} WARNING - Scraping Progress: 100%|##########| 10/10 [00:12<00:00,  1.09s/it]
[2023-08-03T08:04:38.907+0000] {logging_mixin.py:150} WARNING - Scraping Progress: 100%|##########| 10/10 [00:12<00:00,  1.23s/it]
[2023-08-03T08:04:38.911+0000] {my_first_dag.py:45} INFO - Data is scraped and saved as a CSV file.
[2023-08-03T08:04:38.911+0000] {python.py:183} INFO - Done. Returned value was: dags/data/scraped_data.csv
[2023-08-03T08:04:38.929+0000] {taskinstance.py:1350} INFO - Marking task as SUCCESS. dag_id=ETL_Pipeline, task_id=transform_data, execution_date=20230801T180000, start_date=20230803T080426, end_date=20230803T080438
[2023-08-03T08:04:38.980+0000] {local_task_job_runner.py:225} INFO - Task exited with return code 0
[2023-08-03T08:04:39.001+0000] {taskinstance.py:2653} INFO - 1 downstream tasks scheduled from follow-on schedule check
