[2023-09-29T23:14:17.256+0000] {taskinstance.py:1157} INFO - Dependencies all met for dep_context=non-requeueable deps ti=<TaskInstance: ETL_Pipeline.extract_kalerkantho scheduled__2023-09-29T22:00:00+00:00 [queued]>
[2023-09-29T23:14:17.275+0000] {taskinstance.py:1157} INFO - Dependencies all met for dep_context=requeueable deps ti=<TaskInstance: ETL_Pipeline.extract_kalerkantho scheduled__2023-09-29T22:00:00+00:00 [queued]>
[2023-09-29T23:14:17.275+0000] {taskinstance.py:1359} INFO - Starting attempt 1 of 2
[2023-09-29T23:14:17.298+0000] {taskinstance.py:1380} INFO - Executing <Task(PythonOperator): extract_kalerkantho> on 2023-09-29 22:00:00+00:00
[2023-09-29T23:14:17.307+0000] {standard_task_runner.py:57} INFO - Started process 64 to run task
[2023-09-29T23:14:17.316+0000] {standard_task_runner.py:84} INFO - Running: ['***', 'tasks', 'run', 'ETL_Pipeline', 'extract_kalerkantho', 'scheduled__2023-09-29T22:00:00+00:00', '--job-id', '7', '--raw', '--subdir', 'DAGS_FOLDER/news_aggregator_dag.py', '--cfg-path', '/tmp/tmp6uak0ch5']
[2023-09-29T23:14:17.319+0000] {standard_task_runner.py:85} INFO - Job 7: Subtask extract_kalerkantho
[2023-09-29T23:14:17.383+0000] {task_command.py:415} INFO - Running <TaskInstance: ETL_Pipeline.extract_kalerkantho scheduled__2023-09-29T22:00:00+00:00 [running]> on host 5815fcc71aa0
[2023-09-29T23:14:17.478+0000] {taskinstance.py:1660} INFO - Exporting env vars: AIRFLOW_CTX_DAG_OWNER='***' AIRFLOW_CTX_DAG_ID='ETL_Pipeline' AIRFLOW_CTX_TASK_ID='extract_kalerkantho' AIRFLOW_CTX_EXECUTION_DATE='2023-09-29T22:00:00+00:00' AIRFLOW_CTX_TRY_NUMBER='1' AIRFLOW_CTX_DAG_RUN_ID='scheduled__2023-09-29T22:00:00+00:00'
[2023-09-29T23:14:18.483+0000] {extract.py:55} INFO - Extracted URLs from Kaler Kantho. Total URLs: 130
[2023-09-29T23:14:18.483+0000] {python.py:194} INFO - Done. Returned value was: None
[2023-09-29T23:14:18.490+0000] {taskinstance.py:1398} INFO - Marking task as SUCCESS. dag_id=ETL_Pipeline, task_id=extract_kalerkantho, execution_date=20230929T220000, start_date=20230929T231417, end_date=20230929T231418
[2023-09-29T23:14:18.532+0000] {local_task_job_runner.py:228} INFO - Task exited with return code 0
[2023-09-29T23:14:18.552+0000] {taskinstance.py:2776} INFO - 0 downstream tasks scheduled from follow-on schedule check
[2023-09-29T23:21:32.573+0000] {taskinstance.py:1157} INFO - Dependencies all met for dep_context=non-requeueable deps ti=<TaskInstance: ETL_Pipeline.extract_kalerkantho scheduled__2023-09-29T22:00:00+00:00 [queued]>
[2023-09-29T23:21:32.588+0000] {taskinstance.py:1157} INFO - Dependencies all met for dep_context=requeueable deps ti=<TaskInstance: ETL_Pipeline.extract_kalerkantho scheduled__2023-09-29T22:00:00+00:00 [queued]>
[2023-09-29T23:21:32.589+0000] {taskinstance.py:1359} INFO - Starting attempt 1 of 2
[2023-09-29T23:21:32.617+0000] {taskinstance.py:1380} INFO - Executing <Task(PythonOperator): extract_kalerkantho> on 2023-09-29 22:00:00+00:00
[2023-09-29T23:21:32.631+0000] {standard_task_runner.py:57} INFO - Started process 194 to run task
[2023-09-29T23:21:32.648+0000] {standard_task_runner.py:84} INFO - Running: ['***', 'tasks', 'run', 'ETL_Pipeline', 'extract_kalerkantho', 'scheduled__2023-09-29T22:00:00+00:00', '--job-id', '11', '--raw', '--subdir', 'DAGS_FOLDER/news_aggregator_dag.py', '--cfg-path', '/tmp/tmp1umag3n8']
[2023-09-29T23:21:32.655+0000] {standard_task_runner.py:85} INFO - Job 11: Subtask extract_kalerkantho
[2023-09-29T23:21:32.741+0000] {task_command.py:415} INFO - Running <TaskInstance: ETL_Pipeline.extract_kalerkantho scheduled__2023-09-29T22:00:00+00:00 [running]> on host 5815fcc71aa0
[2023-09-29T23:21:32.902+0000] {taskinstance.py:1660} INFO - Exporting env vars: AIRFLOW_CTX_DAG_OWNER='***' AIRFLOW_CTX_DAG_ID='ETL_Pipeline' AIRFLOW_CTX_TASK_ID='extract_kalerkantho' AIRFLOW_CTX_EXECUTION_DATE='2023-09-29T22:00:00+00:00' AIRFLOW_CTX_TRY_NUMBER='1' AIRFLOW_CTX_DAG_RUN_ID='scheduled__2023-09-29T22:00:00+00:00'
[2023-09-29T23:21:33.854+0000] {extract.py:55} INFO - Extracted URLs from Kaler Kantho. Total URLs: 130
[2023-09-29T23:21:33.854+0000] {python.py:194} INFO - Done. Returned value was: None
[2023-09-29T23:21:33.862+0000] {taskinstance.py:1398} INFO - Marking task as SUCCESS. dag_id=ETL_Pipeline, task_id=extract_kalerkantho, execution_date=20230929T220000, start_date=20230929T232132, end_date=20230929T232133
[2023-09-29T23:21:33.914+0000] {local_task_job_runner.py:228} INFO - Task exited with return code 0
[2023-09-29T23:21:33.947+0000] {taskinstance.py:2776} INFO - 0 downstream tasks scheduled from follow-on schedule check
[2023-09-29T23:25:20.025+0000] {taskinstance.py:1157} INFO - Dependencies all met for dep_context=non-requeueable deps ti=<TaskInstance: ETL_Pipeline.extract_kalerkantho scheduled__2023-09-29T22:00:00+00:00 [queued]>
[2023-09-29T23:25:20.043+0000] {taskinstance.py:1157} INFO - Dependencies all met for dep_context=requeueable deps ti=<TaskInstance: ETL_Pipeline.extract_kalerkantho scheduled__2023-09-29T22:00:00+00:00 [queued]>
[2023-09-29T23:25:20.043+0000] {taskinstance.py:1359} INFO - Starting attempt 1 of 2
[2023-09-29T23:25:20.083+0000] {taskinstance.py:1380} INFO - Executing <Task(PythonOperator): extract_kalerkantho> on 2023-09-29 22:00:00+00:00
[2023-09-29T23:25:20.104+0000] {standard_task_runner.py:57} INFO - Started process 268 to run task
[2023-09-29T23:25:20.124+0000] {standard_task_runner.py:84} INFO - Running: ['***', 'tasks', 'run', 'ETL_Pipeline', 'extract_kalerkantho', 'scheduled__2023-09-29T22:00:00+00:00', '--job-id', '16', '--raw', '--subdir', 'DAGS_FOLDER/news_aggregator_dag.py', '--cfg-path', '/tmp/tmp3qn9zawg']
[2023-09-29T23:25:20.134+0000] {standard_task_runner.py:85} INFO - Job 16: Subtask extract_kalerkantho
[2023-09-29T23:25:20.253+0000] {task_command.py:415} INFO - Running <TaskInstance: ETL_Pipeline.extract_kalerkantho scheduled__2023-09-29T22:00:00+00:00 [running]> on host 5815fcc71aa0
[2023-09-29T23:25:20.452+0000] {taskinstance.py:1660} INFO - Exporting env vars: AIRFLOW_CTX_DAG_OWNER='***' AIRFLOW_CTX_DAG_ID='ETL_Pipeline' AIRFLOW_CTX_TASK_ID='extract_kalerkantho' AIRFLOW_CTX_EXECUTION_DATE='2023-09-29T22:00:00+00:00' AIRFLOW_CTX_TRY_NUMBER='1' AIRFLOW_CTX_DAG_RUN_ID='scheduled__2023-09-29T22:00:00+00:00'
[2023-09-29T23:25:21.384+0000] {extract.py:55} INFO - Extracted URLs from Kaler Kantho. Total URLs: 130
[2023-09-29T23:25:21.385+0000] {python.py:194} INFO - Done. Returned value was: None
[2023-09-29T23:25:21.393+0000] {taskinstance.py:1398} INFO - Marking task as SUCCESS. dag_id=ETL_Pipeline, task_id=extract_kalerkantho, execution_date=20230929T220000, start_date=20230929T232520, end_date=20230929T232521
[2023-09-29T23:25:21.426+0000] {local_task_job_runner.py:228} INFO - Task exited with return code 0
[2023-09-29T23:25:21.453+0000] {taskinstance.py:2776} INFO - 0 downstream tasks scheduled from follow-on schedule check
