[2023-09-29T20:50:54.867+0000] {processor.py:157} INFO - Started process (PID=32) to work on /opt/airflow/dags/utils/helper.py
[2023-09-29T20:50:54.868+0000] {processor.py:829} INFO - Processing file /opt/airflow/dags/utils/helper.py for tasks to queue
[2023-09-29T20:50:54.873+0000] {logging_mixin.py:151} INFO - [2023-09-29T20:50:54.873+0000] {dagbag.py:539} INFO - Filling up the DagBag from /opt/airflow/dags/utils/helper.py
[2023-09-29T20:50:57.105+0000] {processor.py:841} WARNING - No viable dags retrieved from /opt/airflow/dags/utils/helper.py
[2023-09-29T20:50:57.119+0000] {processor.py:179} INFO - Processing /opt/airflow/dags/utils/helper.py took 2.256 seconds
[2023-09-29T20:51:27.326+0000] {processor.py:157} INFO - Started process (PID=42) to work on /opt/airflow/dags/utils/helper.py
[2023-09-29T20:51:27.328+0000] {processor.py:829} INFO - Processing file /opt/airflow/dags/utils/helper.py for tasks to queue
[2023-09-29T20:51:27.331+0000] {logging_mixin.py:151} INFO - [2023-09-29T20:51:27.331+0000] {dagbag.py:539} INFO - Filling up the DagBag from /opt/airflow/dags/utils/helper.py
[2023-09-29T20:51:27.677+0000] {processor.py:841} WARNING - No viable dags retrieved from /opt/airflow/dags/utils/helper.py
[2023-09-29T20:51:27.687+0000] {processor.py:179} INFO - Processing /opt/airflow/dags/utils/helper.py took 0.366 seconds
[2023-09-29T20:51:57.868+0000] {processor.py:157} INFO - Started process (PID=53) to work on /opt/airflow/dags/utils/helper.py
[2023-09-29T20:51:57.870+0000] {processor.py:829} INFO - Processing file /opt/airflow/dags/utils/helper.py for tasks to queue
[2023-09-29T20:51:57.871+0000] {logging_mixin.py:151} INFO - [2023-09-29T20:51:57.871+0000] {dagbag.py:539} INFO - Filling up the DagBag from /opt/airflow/dags/utils/helper.py
[2023-09-29T20:51:58.214+0000] {processor.py:841} WARNING - No viable dags retrieved from /opt/airflow/dags/utils/helper.py
[2023-09-29T20:51:58.223+0000] {processor.py:179} INFO - Processing /opt/airflow/dags/utils/helper.py took 0.360 seconds
[2023-09-29T20:52:28.413+0000] {processor.py:157} INFO - Started process (PID=64) to work on /opt/airflow/dags/utils/helper.py
[2023-09-29T20:52:28.414+0000] {processor.py:829} INFO - Processing file /opt/airflow/dags/utils/helper.py for tasks to queue
[2023-09-29T20:52:28.418+0000] {logging_mixin.py:151} INFO - [2023-09-29T20:52:28.418+0000] {dagbag.py:539} INFO - Filling up the DagBag from /opt/airflow/dags/utils/helper.py
[2023-09-29T20:52:28.798+0000] {processor.py:841} WARNING - No viable dags retrieved from /opt/airflow/dags/utils/helper.py
[2023-09-29T20:52:28.811+0000] {processor.py:179} INFO - Processing /opt/airflow/dags/utils/helper.py took 0.406 seconds
[2023-09-29T20:52:59.000+0000] {processor.py:157} INFO - Started process (PID=75) to work on /opt/airflow/dags/utils/helper.py
[2023-09-29T20:52:59.000+0000] {processor.py:829} INFO - Processing file /opt/airflow/dags/utils/helper.py for tasks to queue
[2023-09-29T20:52:59.002+0000] {logging_mixin.py:151} INFO - [2023-09-29T20:52:59.001+0000] {dagbag.py:539} INFO - Filling up the DagBag from /opt/airflow/dags/utils/helper.py
[2023-09-29T20:52:59.338+0000] {processor.py:841} WARNING - No viable dags retrieved from /opt/airflow/dags/utils/helper.py
[2023-09-29T20:52:59.346+0000] {processor.py:179} INFO - Processing /opt/airflow/dags/utils/helper.py took 0.349 seconds
[2023-09-29T20:53:29.523+0000] {processor.py:157} INFO - Started process (PID=86) to work on /opt/airflow/dags/utils/helper.py
[2023-09-29T20:53:29.523+0000] {processor.py:829} INFO - Processing file /opt/airflow/dags/utils/helper.py for tasks to queue
[2023-09-29T20:53:29.525+0000] {logging_mixin.py:151} INFO - [2023-09-29T20:53:29.525+0000] {dagbag.py:539} INFO - Filling up the DagBag from /opt/airflow/dags/utils/helper.py
[2023-09-29T20:53:29.878+0000] {processor.py:841} WARNING - No viable dags retrieved from /opt/airflow/dags/utils/helper.py
[2023-09-29T20:53:29.886+0000] {processor.py:179} INFO - Processing /opt/airflow/dags/utils/helper.py took 0.367 seconds
[2023-09-29T20:54:00.038+0000] {processor.py:157} INFO - Started process (PID=97) to work on /opt/airflow/dags/utils/helper.py
[2023-09-29T20:54:00.039+0000] {processor.py:829} INFO - Processing file /opt/airflow/dags/utils/helper.py for tasks to queue
[2023-09-29T20:54:00.040+0000] {logging_mixin.py:151} INFO - [2023-09-29T20:54:00.040+0000] {dagbag.py:539} INFO - Filling up the DagBag from /opt/airflow/dags/utils/helper.py
[2023-09-29T20:54:00.370+0000] {processor.py:841} WARNING - No viable dags retrieved from /opt/airflow/dags/utils/helper.py
[2023-09-29T20:54:00.378+0000] {processor.py:179} INFO - Processing /opt/airflow/dags/utils/helper.py took 0.342 seconds
[2023-09-29T20:54:30.527+0000] {processor.py:157} INFO - Started process (PID=108) to work on /opt/airflow/dags/utils/helper.py
[2023-09-29T20:54:30.528+0000] {processor.py:829} INFO - Processing file /opt/airflow/dags/utils/helper.py for tasks to queue
[2023-09-29T20:54:30.530+0000] {logging_mixin.py:151} INFO - [2023-09-29T20:54:30.529+0000] {dagbag.py:539} INFO - Filling up the DagBag from /opt/airflow/dags/utils/helper.py
[2023-09-29T20:54:30.913+0000] {processor.py:841} WARNING - No viable dags retrieved from /opt/airflow/dags/utils/helper.py
[2023-09-29T20:54:30.927+0000] {processor.py:179} INFO - Processing /opt/airflow/dags/utils/helper.py took 0.402 seconds
[2023-09-29T20:55:01.076+0000] {processor.py:157} INFO - Started process (PID=119) to work on /opt/airflow/dags/utils/helper.py
[2023-09-29T20:55:01.077+0000] {processor.py:829} INFO - Processing file /opt/airflow/dags/utils/helper.py for tasks to queue
[2023-09-29T20:55:01.078+0000] {logging_mixin.py:151} INFO - [2023-09-29T20:55:01.078+0000] {dagbag.py:539} INFO - Filling up the DagBag from /opt/airflow/dags/utils/helper.py
[2023-09-29T20:55:01.433+0000] {processor.py:841} WARNING - No viable dags retrieved from /opt/airflow/dags/utils/helper.py
[2023-09-29T20:55:01.443+0000] {processor.py:179} INFO - Processing /opt/airflow/dags/utils/helper.py took 0.369 seconds
[2023-09-29T20:55:31.600+0000] {processor.py:157} INFO - Started process (PID=131) to work on /opt/airflow/dags/utils/helper.py
[2023-09-29T20:55:31.600+0000] {processor.py:829} INFO - Processing file /opt/airflow/dags/utils/helper.py for tasks to queue
[2023-09-29T20:55:31.602+0000] {logging_mixin.py:151} INFO - [2023-09-29T20:55:31.602+0000] {dagbag.py:539} INFO - Filling up the DagBag from /opt/airflow/dags/utils/helper.py
[2023-09-29T20:55:31.935+0000] {processor.py:841} WARNING - No viable dags retrieved from /opt/airflow/dags/utils/helper.py
[2023-09-29T20:55:31.943+0000] {processor.py:179} INFO - Processing /opt/airflow/dags/utils/helper.py took 0.347 seconds
[2023-09-29T20:56:02.137+0000] {processor.py:157} INFO - Started process (PID=147) to work on /opt/airflow/dags/utils/helper.py
[2023-09-29T20:56:02.138+0000] {processor.py:829} INFO - Processing file /opt/airflow/dags/utils/helper.py for tasks to queue
[2023-09-29T20:56:02.139+0000] {logging_mixin.py:151} INFO - [2023-09-29T20:56:02.139+0000] {dagbag.py:539} INFO - Filling up the DagBag from /opt/airflow/dags/utils/helper.py
[2023-09-29T20:56:02.578+0000] {processor.py:841} WARNING - No viable dags retrieved from /opt/airflow/dags/utils/helper.py
[2023-09-29T20:56:02.588+0000] {processor.py:179} INFO - Processing /opt/airflow/dags/utils/helper.py took 0.456 seconds
[2023-09-29T20:56:32.743+0000] {processor.py:157} INFO - Started process (PID=157) to work on /opt/airflow/dags/utils/helper.py
[2023-09-29T20:56:32.743+0000] {processor.py:829} INFO - Processing file /opt/airflow/dags/utils/helper.py for tasks to queue
[2023-09-29T20:56:32.745+0000] {logging_mixin.py:151} INFO - [2023-09-29T20:56:32.745+0000] {dagbag.py:539} INFO - Filling up the DagBag from /opt/airflow/dags/utils/helper.py
[2023-09-29T20:56:33.179+0000] {processor.py:841} WARNING - No viable dags retrieved from /opt/airflow/dags/utils/helper.py
[2023-09-29T20:56:33.187+0000] {processor.py:179} INFO - Processing /opt/airflow/dags/utils/helper.py took 0.446 seconds
[2023-09-29T20:57:03.366+0000] {processor.py:157} INFO - Started process (PID=168) to work on /opt/airflow/dags/utils/helper.py
[2023-09-29T20:57:03.368+0000] {processor.py:829} INFO - Processing file /opt/airflow/dags/utils/helper.py for tasks to queue
[2023-09-29T20:57:03.370+0000] {logging_mixin.py:151} INFO - [2023-09-29T20:57:03.370+0000] {dagbag.py:539} INFO - Filling up the DagBag from /opt/airflow/dags/utils/helper.py
[2023-09-29T20:57:03.748+0000] {processor.py:841} WARNING - No viable dags retrieved from /opt/airflow/dags/utils/helper.py
[2023-09-29T20:57:03.755+0000] {processor.py:179} INFO - Processing /opt/airflow/dags/utils/helper.py took 0.395 seconds
[2023-09-29T20:57:06.288+0000] {processor.py:157} INFO - Started process (PID=174) to work on /opt/airflow/dags/utils/helper.py
[2023-09-29T20:57:06.289+0000] {processor.py:829} INFO - Processing file /opt/airflow/dags/utils/helper.py for tasks to queue
[2023-09-29T20:57:06.289+0000] {logging_mixin.py:151} INFO - [2023-09-29T20:57:06.289+0000] {dagbag.py:539} INFO - Filling up the DagBag from /opt/airflow/dags/utils/helper.py
[2023-09-29T20:57:06.945+0000] {processor.py:841} WARNING - No viable dags retrieved from /opt/airflow/dags/utils/helper.py
[2023-09-29T20:57:06.954+0000] {processor.py:179} INFO - Processing /opt/airflow/dags/utils/helper.py took 0.669 seconds
[2023-09-29T20:57:37.154+0000] {processor.py:157} INFO - Started process (PID=185) to work on /opt/airflow/dags/utils/helper.py
[2023-09-29T20:57:37.154+0000] {processor.py:829} INFO - Processing file /opt/airflow/dags/utils/helper.py for tasks to queue
[2023-09-29T20:57:37.155+0000] {logging_mixin.py:151} INFO - [2023-09-29T20:57:37.155+0000] {dagbag.py:539} INFO - Filling up the DagBag from /opt/airflow/dags/utils/helper.py
[2023-09-29T20:57:37.606+0000] {processor.py:841} WARNING - No viable dags retrieved from /opt/airflow/dags/utils/helper.py
[2023-09-29T20:57:37.615+0000] {processor.py:179} INFO - Processing /opt/airflow/dags/utils/helper.py took 0.463 seconds
[2023-09-29T20:58:07.777+0000] {processor.py:157} INFO - Started process (PID=196) to work on /opt/airflow/dags/utils/helper.py
[2023-09-29T20:58:07.777+0000] {processor.py:829} INFO - Processing file /opt/airflow/dags/utils/helper.py for tasks to queue
[2023-09-29T20:58:07.778+0000] {logging_mixin.py:151} INFO - [2023-09-29T20:58:07.778+0000] {dagbag.py:539} INFO - Filling up the DagBag from /opt/airflow/dags/utils/helper.py
[2023-09-29T20:58:08.233+0000] {processor.py:841} WARNING - No viable dags retrieved from /opt/airflow/dags/utils/helper.py
[2023-09-29T20:58:08.241+0000] {processor.py:179} INFO - Processing /opt/airflow/dags/utils/helper.py took 0.466 seconds
[2023-09-29T20:58:38.415+0000] {processor.py:157} INFO - Started process (PID=208) to work on /opt/airflow/dags/utils/helper.py
[2023-09-29T20:58:38.415+0000] {processor.py:829} INFO - Processing file /opt/airflow/dags/utils/helper.py for tasks to queue
[2023-09-29T20:58:38.416+0000] {logging_mixin.py:151} INFO - [2023-09-29T20:58:38.416+0000] {dagbag.py:539} INFO - Filling up the DagBag from /opt/airflow/dags/utils/helper.py
[2023-09-29T20:58:38.886+0000] {processor.py:841} WARNING - No viable dags retrieved from /opt/airflow/dags/utils/helper.py
[2023-09-29T20:58:38.894+0000] {processor.py:179} INFO - Processing /opt/airflow/dags/utils/helper.py took 0.481 seconds
[2023-09-29T20:59:09.073+0000] {processor.py:157} INFO - Started process (PID=219) to work on /opt/airflow/dags/utils/helper.py
[2023-09-29T20:59:09.073+0000] {processor.py:829} INFO - Processing file /opt/airflow/dags/utils/helper.py for tasks to queue
[2023-09-29T20:59:09.074+0000] {logging_mixin.py:151} INFO - [2023-09-29T20:59:09.074+0000] {dagbag.py:539} INFO - Filling up the DagBag from /opt/airflow/dags/utils/helper.py
[2023-09-29T20:59:09.758+0000] {processor.py:841} WARNING - No viable dags retrieved from /opt/airflow/dags/utils/helper.py
[2023-09-29T20:59:09.765+0000] {processor.py:179} INFO - Processing /opt/airflow/dags/utils/helper.py took 0.695 seconds
[2023-09-29T20:59:39.917+0000] {processor.py:157} INFO - Started process (PID=230) to work on /opt/airflow/dags/utils/helper.py
[2023-09-29T20:59:39.918+0000] {processor.py:829} INFO - Processing file /opt/airflow/dags/utils/helper.py for tasks to queue
[2023-09-29T20:59:39.919+0000] {logging_mixin.py:151} INFO - [2023-09-29T20:59:39.919+0000] {dagbag.py:539} INFO - Filling up the DagBag from /opt/airflow/dags/utils/helper.py
[2023-09-29T20:59:40.599+0000] {processor.py:841} WARNING - No viable dags retrieved from /opt/airflow/dags/utils/helper.py
[2023-09-29T20:59:40.610+0000] {processor.py:179} INFO - Processing /opt/airflow/dags/utils/helper.py took 0.696 seconds
[2023-09-29T21:00:10.789+0000] {processor.py:157} INFO - Started process (PID=252) to work on /opt/airflow/dags/utils/helper.py
[2023-09-29T21:00:10.790+0000] {processor.py:829} INFO - Processing file /opt/airflow/dags/utils/helper.py for tasks to queue
[2023-09-29T21:00:10.791+0000] {logging_mixin.py:151} INFO - [2023-09-29T21:00:10.790+0000] {dagbag.py:539} INFO - Filling up the DagBag from /opt/airflow/dags/utils/helper.py
[2023-09-29T21:00:11.375+0000] {logging_mixin.py:151} INFO - [2023-09-29T21:00:11.374+0000] {dagbag.py:347} ERROR - Failed to import: /opt/airflow/dags/utils/helper.py
Traceback (most recent call last):
  File "/home/airflow/.local/lib/python3.8/site-packages/airflow/models/dagbag.py", line 343, in parse
    loader.exec_module(new_module)
  File "<frozen importlib._bootstrap_external>", line 843, in exec_module
  File "<frozen importlib._bootstrap>", line 219, in _call_with_frames_removed
  File "/opt/airflow/dags/utils/helper.py", line 5, in <module>
    from utils.scraper import scrape_data_from_url
  File "/opt/airflow/dags/utils/scraper.py", line 3, in <module>
    from deep_translator import GoogleTranslator
ModuleNotFoundError: No module named 'deep_translator'
[2023-09-29T21:00:11.376+0000] {processor.py:841} WARNING - No viable dags retrieved from /opt/airflow/dags/utils/helper.py
[2023-09-29T21:00:11.391+0000] {processor.py:179} INFO - Processing /opt/airflow/dags/utils/helper.py took 0.604 seconds
[2023-09-29T21:01:46.359+0000] {processor.py:157} INFO - Started process (PID=32) to work on /opt/airflow/dags/utils/helper.py
[2023-09-29T21:01:46.369+0000] {processor.py:829} INFO - Processing file /opt/airflow/dags/utils/helper.py for tasks to queue
[2023-09-29T21:01:46.371+0000] {logging_mixin.py:151} INFO - [2023-09-29T21:01:46.371+0000] {dagbag.py:539} INFO - Filling up the DagBag from /opt/airflow/dags/utils/helper.py
[2023-09-29T21:01:47.789+0000] {processor.py:841} WARNING - No viable dags retrieved from /opt/airflow/dags/utils/helper.py
[2023-09-29T21:01:47.803+0000] {processor.py:179} INFO - Processing /opt/airflow/dags/utils/helper.py took 1.450 seconds
[2023-09-29T21:02:17.971+0000] {processor.py:157} INFO - Started process (PID=41) to work on /opt/airflow/dags/utils/helper.py
[2023-09-29T21:02:17.972+0000] {processor.py:829} INFO - Processing file /opt/airflow/dags/utils/helper.py for tasks to queue
[2023-09-29T21:02:17.974+0000] {logging_mixin.py:151} INFO - [2023-09-29T21:02:17.974+0000] {dagbag.py:539} INFO - Filling up the DagBag from /opt/airflow/dags/utils/helper.py
[2023-09-29T21:02:18.328+0000] {processor.py:841} WARNING - No viable dags retrieved from /opt/airflow/dags/utils/helper.py
[2023-09-29T21:02:18.336+0000] {processor.py:179} INFO - Processing /opt/airflow/dags/utils/helper.py took 0.368 seconds
[2023-09-29T21:02:48.511+0000] {processor.py:157} INFO - Started process (PID=52) to work on /opt/airflow/dags/utils/helper.py
[2023-09-29T21:02:48.512+0000] {processor.py:829} INFO - Processing file /opt/airflow/dags/utils/helper.py for tasks to queue
[2023-09-29T21:02:48.514+0000] {logging_mixin.py:151} INFO - [2023-09-29T21:02:48.514+0000] {dagbag.py:539} INFO - Filling up the DagBag from /opt/airflow/dags/utils/helper.py
[2023-09-29T21:02:48.851+0000] {processor.py:841} WARNING - No viable dags retrieved from /opt/airflow/dags/utils/helper.py
[2023-09-29T21:02:48.859+0000] {processor.py:179} INFO - Processing /opt/airflow/dags/utils/helper.py took 0.352 seconds
[2023-09-29T21:03:19.030+0000] {processor.py:157} INFO - Started process (PID=63) to work on /opt/airflow/dags/utils/helper.py
[2023-09-29T21:03:19.031+0000] {processor.py:829} INFO - Processing file /opt/airflow/dags/utils/helper.py for tasks to queue
[2023-09-29T21:03:19.034+0000] {logging_mixin.py:151} INFO - [2023-09-29T21:03:19.034+0000] {dagbag.py:539} INFO - Filling up the DagBag from /opt/airflow/dags/utils/helper.py
[2023-09-29T21:03:19.379+0000] {processor.py:841} WARNING - No viable dags retrieved from /opt/airflow/dags/utils/helper.py
[2023-09-29T21:03:19.388+0000] {processor.py:179} INFO - Processing /opt/airflow/dags/utils/helper.py took 0.363 seconds
[2023-09-29T21:03:49.547+0000] {processor.py:157} INFO - Started process (PID=74) to work on /opt/airflow/dags/utils/helper.py
[2023-09-29T21:03:49.548+0000] {processor.py:829} INFO - Processing file /opt/airflow/dags/utils/helper.py for tasks to queue
[2023-09-29T21:03:49.549+0000] {logging_mixin.py:151} INFO - [2023-09-29T21:03:49.549+0000] {dagbag.py:539} INFO - Filling up the DagBag from /opt/airflow/dags/utils/helper.py
[2023-09-29T21:03:49.977+0000] {processor.py:841} WARNING - No viable dags retrieved from /opt/airflow/dags/utils/helper.py
[2023-09-29T21:03:49.993+0000] {processor.py:179} INFO - Processing /opt/airflow/dags/utils/helper.py took 0.448 seconds
[2023-09-29T21:04:20.141+0000] {processor.py:157} INFO - Started process (PID=85) to work on /opt/airflow/dags/utils/helper.py
[2023-09-29T21:04:20.142+0000] {processor.py:829} INFO - Processing file /opt/airflow/dags/utils/helper.py for tasks to queue
[2023-09-29T21:04:20.144+0000] {logging_mixin.py:151} INFO - [2023-09-29T21:04:20.144+0000] {dagbag.py:539} INFO - Filling up the DagBag from /opt/airflow/dags/utils/helper.py
[2023-09-29T21:04:20.496+0000] {processor.py:841} WARNING - No viable dags retrieved from /opt/airflow/dags/utils/helper.py
[2023-09-29T21:04:20.506+0000] {processor.py:179} INFO - Processing /opt/airflow/dags/utils/helper.py took 0.368 seconds
[2023-09-29T21:04:50.676+0000] {processor.py:157} INFO - Started process (PID=96) to work on /opt/airflow/dags/utils/helper.py
[2023-09-29T21:04:50.677+0000] {processor.py:829} INFO - Processing file /opt/airflow/dags/utils/helper.py for tasks to queue
[2023-09-29T21:04:50.679+0000] {logging_mixin.py:151} INFO - [2023-09-29T21:04:50.679+0000] {dagbag.py:539} INFO - Filling up the DagBag from /opt/airflow/dags/utils/helper.py
[2023-09-29T21:04:51.109+0000] {processor.py:841} WARNING - No viable dags retrieved from /opt/airflow/dags/utils/helper.py
[2023-09-29T21:04:51.122+0000] {processor.py:179} INFO - Processing /opt/airflow/dags/utils/helper.py took 0.450 seconds
[2023-09-29T21:05:21.299+0000] {processor.py:157} INFO - Started process (PID=108) to work on /opt/airflow/dags/utils/helper.py
[2023-09-29T21:05:21.301+0000] {processor.py:829} INFO - Processing file /opt/airflow/dags/utils/helper.py for tasks to queue
[2023-09-29T21:05:21.302+0000] {logging_mixin.py:151} INFO - [2023-09-29T21:05:21.302+0000] {dagbag.py:539} INFO - Filling up the DagBag from /opt/airflow/dags/utils/helper.py
[2023-09-29T21:05:21.712+0000] {processor.py:841} WARNING - No viable dags retrieved from /opt/airflow/dags/utils/helper.py
[2023-09-29T21:05:21.722+0000] {processor.py:179} INFO - Processing /opt/airflow/dags/utils/helper.py took 0.431 seconds
[2023-09-29T21:05:51.813+0000] {processor.py:157} INFO - Started process (PID=122) to work on /opt/airflow/dags/utils/helper.py
[2023-09-29T21:05:51.813+0000] {processor.py:829} INFO - Processing file /opt/airflow/dags/utils/helper.py for tasks to queue
[2023-09-29T21:05:51.814+0000] {logging_mixin.py:151} INFO - [2023-09-29T21:05:51.814+0000] {dagbag.py:539} INFO - Filling up the DagBag from /opt/airflow/dags/utils/helper.py
[2023-09-29T21:05:52.169+0000] {processor.py:841} WARNING - No viable dags retrieved from /opt/airflow/dags/utils/helper.py
[2023-09-29T21:05:52.178+0000] {processor.py:179} INFO - Processing /opt/airflow/dags/utils/helper.py took 0.368 seconds
[2023-09-29T21:06:22.324+0000] {processor.py:157} INFO - Started process (PID=131) to work on /opt/airflow/dags/utils/helper.py
[2023-09-29T21:06:22.324+0000] {processor.py:829} INFO - Processing file /opt/airflow/dags/utils/helper.py for tasks to queue
[2023-09-29T21:06:22.325+0000] {logging_mixin.py:151} INFO - [2023-09-29T21:06:22.324+0000] {dagbag.py:539} INFO - Filling up the DagBag from /opt/airflow/dags/utils/helper.py
[2023-09-29T21:06:22.651+0000] {processor.py:841} WARNING - No viable dags retrieved from /opt/airflow/dags/utils/helper.py
[2023-09-29T21:06:22.659+0000] {processor.py:179} INFO - Processing /opt/airflow/dags/utils/helper.py took 0.337 seconds
[2023-09-29T21:06:52.810+0000] {processor.py:157} INFO - Started process (PID=142) to work on /opt/airflow/dags/utils/helper.py
[2023-09-29T21:06:52.811+0000] {processor.py:829} INFO - Processing file /opt/airflow/dags/utils/helper.py for tasks to queue
[2023-09-29T21:06:52.812+0000] {logging_mixin.py:151} INFO - [2023-09-29T21:06:52.811+0000] {dagbag.py:539} INFO - Filling up the DagBag from /opt/airflow/dags/utils/helper.py
[2023-09-29T21:06:53.294+0000] {processor.py:841} WARNING - No viable dags retrieved from /opt/airflow/dags/utils/helper.py
[2023-09-29T21:06:53.306+0000] {processor.py:179} INFO - Processing /opt/airflow/dags/utils/helper.py took 0.498 seconds
[2023-09-29T21:07:23.482+0000] {processor.py:157} INFO - Started process (PID=153) to work on /opt/airflow/dags/utils/helper.py
[2023-09-29T21:07:23.483+0000] {processor.py:829} INFO - Processing file /opt/airflow/dags/utils/helper.py for tasks to queue
[2023-09-29T21:07:23.484+0000] {logging_mixin.py:151} INFO - [2023-09-29T21:07:23.484+0000] {dagbag.py:539} INFO - Filling up the DagBag from /opt/airflow/dags/utils/helper.py
[2023-09-29T21:07:23.849+0000] {processor.py:841} WARNING - No viable dags retrieved from /opt/airflow/dags/utils/helper.py
[2023-09-29T21:07:23.861+0000] {processor.py:179} INFO - Processing /opt/airflow/dags/utils/helper.py took 0.381 seconds
[2023-09-29T21:07:54.019+0000] {processor.py:157} INFO - Started process (PID=164) to work on /opt/airflow/dags/utils/helper.py
[2023-09-29T21:07:54.020+0000] {processor.py:829} INFO - Processing file /opt/airflow/dags/utils/helper.py for tasks to queue
[2023-09-29T21:07:54.021+0000] {logging_mixin.py:151} INFO - [2023-09-29T21:07:54.021+0000] {dagbag.py:539} INFO - Filling up the DagBag from /opt/airflow/dags/utils/helper.py
[2023-09-29T21:07:54.406+0000] {processor.py:841} WARNING - No viable dags retrieved from /opt/airflow/dags/utils/helper.py
[2023-09-29T21:07:54.414+0000] {processor.py:179} INFO - Processing /opt/airflow/dags/utils/helper.py took 0.398 seconds
[2023-09-29T21:08:24.553+0000] {processor.py:157} INFO - Started process (PID=175) to work on /opt/airflow/dags/utils/helper.py
[2023-09-29T21:08:24.554+0000] {processor.py:829} INFO - Processing file /opt/airflow/dags/utils/helper.py for tasks to queue
[2023-09-29T21:08:24.555+0000] {logging_mixin.py:151} INFO - [2023-09-29T21:08:24.555+0000] {dagbag.py:539} INFO - Filling up the DagBag from /opt/airflow/dags/utils/helper.py
[2023-09-29T21:08:24.916+0000] {processor.py:841} WARNING - No viable dags retrieved from /opt/airflow/dags/utils/helper.py
[2023-09-29T21:08:24.926+0000] {processor.py:179} INFO - Processing /opt/airflow/dags/utils/helper.py took 0.376 seconds
[2023-09-29T21:08:55.070+0000] {processor.py:157} INFO - Started process (PID=186) to work on /opt/airflow/dags/utils/helper.py
[2023-09-29T21:08:55.072+0000] {processor.py:829} INFO - Processing file /opt/airflow/dags/utils/helper.py for tasks to queue
[2023-09-29T21:08:55.073+0000] {logging_mixin.py:151} INFO - [2023-09-29T21:08:55.073+0000] {dagbag.py:539} INFO - Filling up the DagBag from /opt/airflow/dags/utils/helper.py
[2023-09-29T21:08:55.465+0000] {processor.py:841} WARNING - No viable dags retrieved from /opt/airflow/dags/utils/helper.py
[2023-09-29T21:08:55.475+0000] {processor.py:179} INFO - Processing /opt/airflow/dags/utils/helper.py took 0.407 seconds
[2023-09-29T21:09:25.622+0000] {processor.py:157} INFO - Started process (PID=197) to work on /opt/airflow/dags/utils/helper.py
[2023-09-29T21:09:25.623+0000] {processor.py:829} INFO - Processing file /opt/airflow/dags/utils/helper.py for tasks to queue
[2023-09-29T21:09:25.624+0000] {logging_mixin.py:151} INFO - [2023-09-29T21:09:25.624+0000] {dagbag.py:539} INFO - Filling up the DagBag from /opt/airflow/dags/utils/helper.py
[2023-09-29T21:09:26.041+0000] {processor.py:841} WARNING - No viable dags retrieved from /opt/airflow/dags/utils/helper.py
[2023-09-29T21:09:26.051+0000] {processor.py:179} INFO - Processing /opt/airflow/dags/utils/helper.py took 0.434 seconds
[2023-09-29T21:09:56.247+0000] {processor.py:157} INFO - Started process (PID=213) to work on /opt/airflow/dags/utils/helper.py
[2023-09-29T21:09:56.248+0000] {processor.py:829} INFO - Processing file /opt/airflow/dags/utils/helper.py for tasks to queue
[2023-09-29T21:09:56.249+0000] {logging_mixin.py:151} INFO - [2023-09-29T21:09:56.249+0000] {dagbag.py:539} INFO - Filling up the DagBag from /opt/airflow/dags/utils/helper.py
[2023-09-29T21:09:56.629+0000] {processor.py:841} WARNING - No viable dags retrieved from /opt/airflow/dags/utils/helper.py
[2023-09-29T21:09:56.647+0000] {processor.py:179} INFO - Processing /opt/airflow/dags/utils/helper.py took 0.404 seconds
[2023-09-29T21:10:26.817+0000] {processor.py:157} INFO - Started process (PID=224) to work on /opt/airflow/dags/utils/helper.py
[2023-09-29T21:10:26.819+0000] {processor.py:829} INFO - Processing file /opt/airflow/dags/utils/helper.py for tasks to queue
[2023-09-29T21:10:26.819+0000] {logging_mixin.py:151} INFO - [2023-09-29T21:10:26.819+0000] {dagbag.py:539} INFO - Filling up the DagBag from /opt/airflow/dags/utils/helper.py
[2023-09-29T21:10:27.177+0000] {processor.py:841} WARNING - No viable dags retrieved from /opt/airflow/dags/utils/helper.py
[2023-09-29T21:10:27.185+0000] {processor.py:179} INFO - Processing /opt/airflow/dags/utils/helper.py took 0.372 seconds
[2023-09-29T21:10:57.353+0000] {processor.py:157} INFO - Started process (PID=235) to work on /opt/airflow/dags/utils/helper.py
[2023-09-29T21:10:57.353+0000] {processor.py:829} INFO - Processing file /opt/airflow/dags/utils/helper.py for tasks to queue
[2023-09-29T21:10:57.354+0000] {logging_mixin.py:151} INFO - [2023-09-29T21:10:57.354+0000] {dagbag.py:539} INFO - Filling up the DagBag from /opt/airflow/dags/utils/helper.py
[2023-09-29T21:10:57.719+0000] {processor.py:841} WARNING - No viable dags retrieved from /opt/airflow/dags/utils/helper.py
[2023-09-29T21:10:57.728+0000] {processor.py:179} INFO - Processing /opt/airflow/dags/utils/helper.py took 0.378 seconds
[2023-09-29T21:11:27.892+0000] {processor.py:157} INFO - Started process (PID=246) to work on /opt/airflow/dags/utils/helper.py
[2023-09-29T21:11:27.893+0000] {processor.py:829} INFO - Processing file /opt/airflow/dags/utils/helper.py for tasks to queue
[2023-09-29T21:11:27.894+0000] {logging_mixin.py:151} INFO - [2023-09-29T21:11:27.893+0000] {dagbag.py:539} INFO - Filling up the DagBag from /opt/airflow/dags/utils/helper.py
[2023-09-29T21:11:28.284+0000] {processor.py:841} WARNING - No viable dags retrieved from /opt/airflow/dags/utils/helper.py
[2023-09-29T21:11:28.294+0000] {processor.py:179} INFO - Processing /opt/airflow/dags/utils/helper.py took 0.406 seconds
[2023-09-29T21:11:58.453+0000] {processor.py:157} INFO - Started process (PID=257) to work on /opt/airflow/dags/utils/helper.py
[2023-09-29T21:11:58.453+0000] {processor.py:829} INFO - Processing file /opt/airflow/dags/utils/helper.py for tasks to queue
[2023-09-29T21:11:58.454+0000] {logging_mixin.py:151} INFO - [2023-09-29T21:11:58.454+0000] {dagbag.py:539} INFO - Filling up the DagBag from /opt/airflow/dags/utils/helper.py
[2023-09-29T21:11:58.827+0000] {processor.py:841} WARNING - No viable dags retrieved from /opt/airflow/dags/utils/helper.py
[2023-09-29T21:11:58.835+0000] {processor.py:179} INFO - Processing /opt/airflow/dags/utils/helper.py took 0.384 seconds
[2023-09-29T21:12:28.973+0000] {processor.py:157} INFO - Started process (PID=268) to work on /opt/airflow/dags/utils/helper.py
[2023-09-29T21:12:28.974+0000] {processor.py:829} INFO - Processing file /opt/airflow/dags/utils/helper.py for tasks to queue
[2023-09-29T21:12:28.975+0000] {logging_mixin.py:151} INFO - [2023-09-29T21:12:28.975+0000] {dagbag.py:539} INFO - Filling up the DagBag from /opt/airflow/dags/utils/helper.py
[2023-09-29T21:12:29.391+0000] {processor.py:841} WARNING - No viable dags retrieved from /opt/airflow/dags/utils/helper.py
[2023-09-29T21:12:29.406+0000] {processor.py:179} INFO - Processing /opt/airflow/dags/utils/helper.py took 0.437 seconds
[2023-09-29T21:12:59.557+0000] {processor.py:157} INFO - Started process (PID=279) to work on /opt/airflow/dags/utils/helper.py
[2023-09-29T21:12:59.558+0000] {processor.py:829} INFO - Processing file /opt/airflow/dags/utils/helper.py for tasks to queue
[2023-09-29T21:12:59.558+0000] {logging_mixin.py:151} INFO - [2023-09-29T21:12:59.558+0000] {dagbag.py:539} INFO - Filling up the DagBag from /opt/airflow/dags/utils/helper.py
[2023-09-29T21:12:59.895+0000] {processor.py:841} WARNING - No viable dags retrieved from /opt/airflow/dags/utils/helper.py
[2023-09-29T21:12:59.902+0000] {processor.py:179} INFO - Processing /opt/airflow/dags/utils/helper.py took 0.347 seconds
[2023-09-29T21:13:30.056+0000] {processor.py:157} INFO - Started process (PID=290) to work on /opt/airflow/dags/utils/helper.py
[2023-09-29T21:13:30.058+0000] {processor.py:829} INFO - Processing file /opt/airflow/dags/utils/helper.py for tasks to queue
[2023-09-29T21:13:30.059+0000] {logging_mixin.py:151} INFO - [2023-09-29T21:13:30.059+0000] {dagbag.py:539} INFO - Filling up the DagBag from /opt/airflow/dags/utils/helper.py
[2023-09-29T21:13:30.400+0000] {processor.py:841} WARNING - No viable dags retrieved from /opt/airflow/dags/utils/helper.py
[2023-09-29T21:13:30.407+0000] {processor.py:179} INFO - Processing /opt/airflow/dags/utils/helper.py took 0.355 seconds
[2023-09-29T21:14:00.569+0000] {processor.py:157} INFO - Started process (PID=301) to work on /opt/airflow/dags/utils/helper.py
[2023-09-29T21:14:00.570+0000] {processor.py:829} INFO - Processing file /opt/airflow/dags/utils/helper.py for tasks to queue
[2023-09-29T21:14:00.572+0000] {logging_mixin.py:151} INFO - [2023-09-29T21:14:00.571+0000] {dagbag.py:539} INFO - Filling up the DagBag from /opt/airflow/dags/utils/helper.py
[2023-09-29T21:14:01.039+0000] {processor.py:841} WARNING - No viable dags retrieved from /opt/airflow/dags/utils/helper.py
[2023-09-29T21:14:01.051+0000] {processor.py:179} INFO - Processing /opt/airflow/dags/utils/helper.py took 0.483 seconds
[2023-09-29T21:14:31.208+0000] {processor.py:157} INFO - Started process (PID=312) to work on /opt/airflow/dags/utils/helper.py
[2023-09-29T21:14:31.211+0000] {processor.py:829} INFO - Processing file /opt/airflow/dags/utils/helper.py for tasks to queue
[2023-09-29T21:14:31.212+0000] {logging_mixin.py:151} INFO - [2023-09-29T21:14:31.211+0000] {dagbag.py:539} INFO - Filling up the DagBag from /opt/airflow/dags/utils/helper.py
[2023-09-29T21:14:31.548+0000] {processor.py:841} WARNING - No viable dags retrieved from /opt/airflow/dags/utils/helper.py
[2023-09-29T21:14:31.556+0000] {processor.py:179} INFO - Processing /opt/airflow/dags/utils/helper.py took 0.354 seconds
[2023-09-29T21:15:01.722+0000] {processor.py:157} INFO - Started process (PID=323) to work on /opt/airflow/dags/utils/helper.py
[2023-09-29T21:15:01.722+0000] {processor.py:829} INFO - Processing file /opt/airflow/dags/utils/helper.py for tasks to queue
[2023-09-29T21:15:01.723+0000] {logging_mixin.py:151} INFO - [2023-09-29T21:15:01.723+0000] {dagbag.py:539} INFO - Filling up the DagBag from /opt/airflow/dags/utils/helper.py
[2023-09-29T21:15:02.034+0000] {processor.py:841} WARNING - No viable dags retrieved from /opt/airflow/dags/utils/helper.py
[2023-09-29T21:15:02.041+0000] {processor.py:179} INFO - Processing /opt/airflow/dags/utils/helper.py took 0.322 seconds
[2023-09-29T21:15:32.220+0000] {processor.py:157} INFO - Started process (PID=333) to work on /opt/airflow/dags/utils/helper.py
[2023-09-29T21:15:32.222+0000] {processor.py:829} INFO - Processing file /opt/airflow/dags/utils/helper.py for tasks to queue
[2023-09-29T21:15:32.222+0000] {logging_mixin.py:151} INFO - [2023-09-29T21:15:32.222+0000] {dagbag.py:539} INFO - Filling up the DagBag from /opt/airflow/dags/utils/helper.py
[2023-09-29T21:15:32.572+0000] {processor.py:841} WARNING - No viable dags retrieved from /opt/airflow/dags/utils/helper.py
[2023-09-29T21:15:32.580+0000] {processor.py:179} INFO - Processing /opt/airflow/dags/utils/helper.py took 0.363 seconds
[2023-09-29T21:16:02.751+0000] {processor.py:157} INFO - Started process (PID=344) to work on /opt/airflow/dags/utils/helper.py
[2023-09-29T21:16:02.752+0000] {processor.py:829} INFO - Processing file /opt/airflow/dags/utils/helper.py for tasks to queue
[2023-09-29T21:16:02.752+0000] {logging_mixin.py:151} INFO - [2023-09-29T21:16:02.752+0000] {dagbag.py:539} INFO - Filling up the DagBag from /opt/airflow/dags/utils/helper.py
[2023-09-29T21:16:03.107+0000] {processor.py:841} WARNING - No viable dags retrieved from /opt/airflow/dags/utils/helper.py
[2023-09-29T21:16:03.115+0000] {processor.py:179} INFO - Processing /opt/airflow/dags/utils/helper.py took 0.366 seconds
[2023-09-29T21:16:33.282+0000] {processor.py:157} INFO - Started process (PID=355) to work on /opt/airflow/dags/utils/helper.py
[2023-09-29T21:16:33.284+0000] {processor.py:829} INFO - Processing file /opt/airflow/dags/utils/helper.py for tasks to queue
[2023-09-29T21:16:33.285+0000] {logging_mixin.py:151} INFO - [2023-09-29T21:16:33.284+0000] {dagbag.py:539} INFO - Filling up the DagBag from /opt/airflow/dags/utils/helper.py
[2023-09-29T21:16:33.694+0000] {processor.py:841} WARNING - No viable dags retrieved from /opt/airflow/dags/utils/helper.py
[2023-09-29T21:16:33.707+0000] {processor.py:179} INFO - Processing /opt/airflow/dags/utils/helper.py took 0.428 seconds
[2023-09-29T21:17:03.877+0000] {processor.py:157} INFO - Started process (PID=366) to work on /opt/airflow/dags/utils/helper.py
[2023-09-29T21:17:03.878+0000] {processor.py:829} INFO - Processing file /opt/airflow/dags/utils/helper.py for tasks to queue
[2023-09-29T21:17:03.879+0000] {logging_mixin.py:151} INFO - [2023-09-29T21:17:03.878+0000] {dagbag.py:539} INFO - Filling up the DagBag from /opt/airflow/dags/utils/helper.py
[2023-09-29T21:17:04.306+0000] {processor.py:841} WARNING - No viable dags retrieved from /opt/airflow/dags/utils/helper.py
[2023-09-29T21:17:04.317+0000] {processor.py:179} INFO - Processing /opt/airflow/dags/utils/helper.py took 0.444 seconds
[2023-09-29T21:17:34.472+0000] {processor.py:157} INFO - Started process (PID=377) to work on /opt/airflow/dags/utils/helper.py
[2023-09-29T21:17:34.474+0000] {processor.py:829} INFO - Processing file /opt/airflow/dags/utils/helper.py for tasks to queue
[2023-09-29T21:17:34.474+0000] {logging_mixin.py:151} INFO - [2023-09-29T21:17:34.474+0000] {dagbag.py:539} INFO - Filling up the DagBag from /opt/airflow/dags/utils/helper.py
[2023-09-29T21:17:34.841+0000] {processor.py:841} WARNING - No viable dags retrieved from /opt/airflow/dags/utils/helper.py
[2023-09-29T21:17:34.851+0000] {processor.py:179} INFO - Processing /opt/airflow/dags/utils/helper.py took 0.382 seconds
[2023-09-29T21:18:05.010+0000] {processor.py:157} INFO - Started process (PID=388) to work on /opt/airflow/dags/utils/helper.py
[2023-09-29T21:18:05.011+0000] {processor.py:829} INFO - Processing file /opt/airflow/dags/utils/helper.py for tasks to queue
[2023-09-29T21:18:05.012+0000] {logging_mixin.py:151} INFO - [2023-09-29T21:18:05.011+0000] {dagbag.py:539} INFO - Filling up the DagBag from /opt/airflow/dags/utils/helper.py
[2023-09-29T21:18:05.338+0000] {processor.py:841} WARNING - No viable dags retrieved from /opt/airflow/dags/utils/helper.py
[2023-09-29T21:18:05.345+0000] {processor.py:179} INFO - Processing /opt/airflow/dags/utils/helper.py took 0.341 seconds
[2023-09-29T21:18:35.492+0000] {processor.py:157} INFO - Started process (PID=399) to work on /opt/airflow/dags/utils/helper.py
[2023-09-29T21:18:35.494+0000] {processor.py:829} INFO - Processing file /opt/airflow/dags/utils/helper.py for tasks to queue
[2023-09-29T21:18:35.495+0000] {logging_mixin.py:151} INFO - [2023-09-29T21:18:35.495+0000] {dagbag.py:539} INFO - Filling up the DagBag from /opt/airflow/dags/utils/helper.py
[2023-09-29T21:18:35.827+0000] {processor.py:841} WARNING - No viable dags retrieved from /opt/airflow/dags/utils/helper.py
[2023-09-29T21:18:35.835+0000] {processor.py:179} INFO - Processing /opt/airflow/dags/utils/helper.py took 0.346 seconds
[2023-09-29T21:19:05.987+0000] {processor.py:157} INFO - Started process (PID=416) to work on /opt/airflow/dags/utils/helper.py
[2023-09-29T21:19:05.989+0000] {processor.py:829} INFO - Processing file /opt/airflow/dags/utils/helper.py for tasks to queue
[2023-09-29T21:19:05.992+0000] {logging_mixin.py:151} INFO - [2023-09-29T21:19:05.989+0000] {dagbag.py:539} INFO - Filling up the DagBag from /opt/airflow/dags/utils/helper.py
[2023-09-29T21:19:06.612+0000] {processor.py:841} WARNING - No viable dags retrieved from /opt/airflow/dags/utils/helper.py
[2023-09-29T21:19:06.625+0000] {processor.py:179} INFO - Processing /opt/airflow/dags/utils/helper.py took 0.641 seconds
[2023-09-29T21:19:36.776+0000] {processor.py:157} INFO - Started process (PID=427) to work on /opt/airflow/dags/utils/helper.py
[2023-09-29T21:19:36.777+0000] {processor.py:829} INFO - Processing file /opt/airflow/dags/utils/helper.py for tasks to queue
[2023-09-29T21:19:36.777+0000] {logging_mixin.py:151} INFO - [2023-09-29T21:19:36.777+0000] {dagbag.py:539} INFO - Filling up the DagBag from /opt/airflow/dags/utils/helper.py
[2023-09-29T21:19:37.135+0000] {processor.py:841} WARNING - No viable dags retrieved from /opt/airflow/dags/utils/helper.py
[2023-09-29T21:19:37.142+0000] {processor.py:179} INFO - Processing /opt/airflow/dags/utils/helper.py took 0.369 seconds
[2023-09-29T21:20:07.294+0000] {processor.py:157} INFO - Started process (PID=438) to work on /opt/airflow/dags/utils/helper.py
[2023-09-29T21:20:07.294+0000] {processor.py:829} INFO - Processing file /opt/airflow/dags/utils/helper.py for tasks to queue
[2023-09-29T21:20:07.295+0000] {logging_mixin.py:151} INFO - [2023-09-29T21:20:07.294+0000] {dagbag.py:539} INFO - Filling up the DagBag from /opt/airflow/dags/utils/helper.py
[2023-09-29T21:20:07.695+0000] {processor.py:841} WARNING - No viable dags retrieved from /opt/airflow/dags/utils/helper.py
[2023-09-29T21:20:07.702+0000] {processor.py:179} INFO - Processing /opt/airflow/dags/utils/helper.py took 0.411 seconds
[2023-09-29T21:20:37.849+0000] {processor.py:157} INFO - Started process (PID=448) to work on /opt/airflow/dags/utils/helper.py
[2023-09-29T21:20:37.851+0000] {processor.py:829} INFO - Processing file /opt/airflow/dags/utils/helper.py for tasks to queue
[2023-09-29T21:20:37.851+0000] {logging_mixin.py:151} INFO - [2023-09-29T21:20:37.851+0000] {dagbag.py:539} INFO - Filling up the DagBag from /opt/airflow/dags/utils/helper.py
[2023-09-29T21:20:38.204+0000] {processor.py:841} WARNING - No viable dags retrieved from /opt/airflow/dags/utils/helper.py
[2023-09-29T21:20:38.212+0000] {processor.py:179} INFO - Processing /opt/airflow/dags/utils/helper.py took 0.366 seconds
[2023-09-29T21:21:08.344+0000] {processor.py:157} INFO - Started process (PID=459) to work on /opt/airflow/dags/utils/helper.py
[2023-09-29T21:21:08.344+0000] {processor.py:829} INFO - Processing file /opt/airflow/dags/utils/helper.py for tasks to queue
[2023-09-29T21:21:08.345+0000] {logging_mixin.py:151} INFO - [2023-09-29T21:21:08.345+0000] {dagbag.py:539} INFO - Filling up the DagBag from /opt/airflow/dags/utils/helper.py
[2023-09-29T21:21:08.675+0000] {processor.py:841} WARNING - No viable dags retrieved from /opt/airflow/dags/utils/helper.py
[2023-09-29T21:21:08.684+0000] {processor.py:179} INFO - Processing /opt/airflow/dags/utils/helper.py took 0.342 seconds
[2023-09-29T21:21:38.851+0000] {processor.py:157} INFO - Started process (PID=469) to work on /opt/airflow/dags/utils/helper.py
[2023-09-29T21:21:38.851+0000] {processor.py:829} INFO - Processing file /opt/airflow/dags/utils/helper.py for tasks to queue
[2023-09-29T21:21:38.852+0000] {logging_mixin.py:151} INFO - [2023-09-29T21:21:38.852+0000] {dagbag.py:539} INFO - Filling up the DagBag from /opt/airflow/dags/utils/helper.py
[2023-09-29T21:21:39.186+0000] {processor.py:841} WARNING - No viable dags retrieved from /opt/airflow/dags/utils/helper.py
[2023-09-29T21:21:39.201+0000] {processor.py:179} INFO - Processing /opt/airflow/dags/utils/helper.py took 0.354 seconds
[2023-09-29T21:22:09.375+0000] {processor.py:157} INFO - Started process (PID=480) to work on /opt/airflow/dags/utils/helper.py
[2023-09-29T21:22:09.376+0000] {processor.py:829} INFO - Processing file /opt/airflow/dags/utils/helper.py for tasks to queue
[2023-09-29T21:22:09.376+0000] {logging_mixin.py:151} INFO - [2023-09-29T21:22:09.376+0000] {dagbag.py:539} INFO - Filling up the DagBag from /opt/airflow/dags/utils/helper.py
[2023-09-29T21:22:09.804+0000] {processor.py:841} WARNING - No viable dags retrieved from /opt/airflow/dags/utils/helper.py
[2023-09-29T21:22:09.814+0000] {processor.py:179} INFO - Processing /opt/airflow/dags/utils/helper.py took 0.442 seconds
[2023-09-29T21:22:39.964+0000] {processor.py:157} INFO - Started process (PID=498) to work on /opt/airflow/dags/utils/helper.py
[2023-09-29T21:22:39.965+0000] {processor.py:829} INFO - Processing file /opt/airflow/dags/utils/helper.py for tasks to queue
[2023-09-29T21:22:39.966+0000] {logging_mixin.py:151} INFO - [2023-09-29T21:22:39.965+0000] {dagbag.py:539} INFO - Filling up the DagBag from /opt/airflow/dags/utils/helper.py
[2023-09-29T21:22:40.327+0000] {processor.py:841} WARNING - No viable dags retrieved from /opt/airflow/dags/utils/helper.py
[2023-09-29T21:22:40.336+0000] {processor.py:179} INFO - Processing /opt/airflow/dags/utils/helper.py took 0.377 seconds
[2023-09-29T21:23:10.496+0000] {processor.py:157} INFO - Started process (PID=509) to work on /opt/airflow/dags/utils/helper.py
[2023-09-29T21:23:10.496+0000] {processor.py:829} INFO - Processing file /opt/airflow/dags/utils/helper.py for tasks to queue
[2023-09-29T21:23:10.497+0000] {logging_mixin.py:151} INFO - [2023-09-29T21:23:10.497+0000] {dagbag.py:539} INFO - Filling up the DagBag from /opt/airflow/dags/utils/helper.py
[2023-09-29T21:23:10.874+0000] {processor.py:841} WARNING - No viable dags retrieved from /opt/airflow/dags/utils/helper.py
[2023-09-29T21:23:10.884+0000] {processor.py:179} INFO - Processing /opt/airflow/dags/utils/helper.py took 0.391 seconds
[2023-09-29T21:23:41.054+0000] {processor.py:157} INFO - Started process (PID=520) to work on /opt/airflow/dags/utils/helper.py
[2023-09-29T21:23:41.059+0000] {processor.py:829} INFO - Processing file /opt/airflow/dags/utils/helper.py for tasks to queue
[2023-09-29T21:23:41.059+0000] {logging_mixin.py:151} INFO - [2023-09-29T21:23:41.059+0000] {dagbag.py:539} INFO - Filling up the DagBag from /opt/airflow/dags/utils/helper.py
[2023-09-29T21:23:41.390+0000] {processor.py:841} WARNING - No viable dags retrieved from /opt/airflow/dags/utils/helper.py
[2023-09-29T21:23:41.398+0000] {processor.py:179} INFO - Processing /opt/airflow/dags/utils/helper.py took 0.348 seconds
[2023-09-29T21:24:11.572+0000] {processor.py:157} INFO - Started process (PID=530) to work on /opt/airflow/dags/utils/helper.py
[2023-09-29T21:24:11.573+0000] {processor.py:829} INFO - Processing file /opt/airflow/dags/utils/helper.py for tasks to queue
[2023-09-29T21:24:11.574+0000] {logging_mixin.py:151} INFO - [2023-09-29T21:24:11.574+0000] {dagbag.py:539} INFO - Filling up the DagBag from /opt/airflow/dags/utils/helper.py
[2023-09-29T21:24:11.963+0000] {processor.py:841} WARNING - No viable dags retrieved from /opt/airflow/dags/utils/helper.py
[2023-09-29T21:24:11.973+0000] {processor.py:179} INFO - Processing /opt/airflow/dags/utils/helper.py took 0.406 seconds
[2023-09-29T21:24:42.143+0000] {processor.py:157} INFO - Started process (PID=540) to work on /opt/airflow/dags/utils/helper.py
[2023-09-29T21:24:42.144+0000] {processor.py:829} INFO - Processing file /opt/airflow/dags/utils/helper.py for tasks to queue
[2023-09-29T21:24:42.145+0000] {logging_mixin.py:151} INFO - [2023-09-29T21:24:42.144+0000] {dagbag.py:539} INFO - Filling up the DagBag from /opt/airflow/dags/utils/helper.py
[2023-09-29T21:24:42.482+0000] {processor.py:841} WARNING - No viable dags retrieved from /opt/airflow/dags/utils/helper.py
[2023-09-29T21:24:42.494+0000] {processor.py:179} INFO - Processing /opt/airflow/dags/utils/helper.py took 0.355 seconds
[2023-09-29T21:25:12.643+0000] {processor.py:157} INFO - Started process (PID=552) to work on /opt/airflow/dags/utils/helper.py
[2023-09-29T21:25:12.644+0000] {processor.py:829} INFO - Processing file /opt/airflow/dags/utils/helper.py for tasks to queue
[2023-09-29T21:25:12.645+0000] {logging_mixin.py:151} INFO - [2023-09-29T21:25:12.645+0000] {dagbag.py:539} INFO - Filling up the DagBag from /opt/airflow/dags/utils/helper.py
[2023-09-29T21:25:12.955+0000] {processor.py:841} WARNING - No viable dags retrieved from /opt/airflow/dags/utils/helper.py
[2023-09-29T21:25:12.965+0000] {processor.py:179} INFO - Processing /opt/airflow/dags/utils/helper.py took 0.324 seconds
[2023-09-29T21:25:43.124+0000] {processor.py:157} INFO - Started process (PID=563) to work on /opt/airflow/dags/utils/helper.py
[2023-09-29T21:25:43.125+0000] {processor.py:829} INFO - Processing file /opt/airflow/dags/utils/helper.py for tasks to queue
[2023-09-29T21:25:43.127+0000] {logging_mixin.py:151} INFO - [2023-09-29T21:25:43.126+0000] {dagbag.py:539} INFO - Filling up the DagBag from /opt/airflow/dags/utils/helper.py
[2023-09-29T21:25:43.461+0000] {processor.py:841} WARNING - No viable dags retrieved from /opt/airflow/dags/utils/helper.py
[2023-09-29T21:25:43.470+0000] {processor.py:179} INFO - Processing /opt/airflow/dags/utils/helper.py took 0.351 seconds
[2023-09-29T21:26:13.616+0000] {processor.py:157} INFO - Started process (PID=574) to work on /opt/airflow/dags/utils/helper.py
[2023-09-29T21:26:13.617+0000] {processor.py:829} INFO - Processing file /opt/airflow/dags/utils/helper.py for tasks to queue
[2023-09-29T21:26:13.617+0000] {logging_mixin.py:151} INFO - [2023-09-29T21:26:13.617+0000] {dagbag.py:539} INFO - Filling up the DagBag from /opt/airflow/dags/utils/helper.py
[2023-09-29T21:26:13.961+0000] {processor.py:841} WARNING - No viable dags retrieved from /opt/airflow/dags/utils/helper.py
[2023-09-29T21:26:13.970+0000] {processor.py:179} INFO - Processing /opt/airflow/dags/utils/helper.py took 0.356 seconds
[2023-09-29T21:26:44.129+0000] {processor.py:157} INFO - Started process (PID=585) to work on /opt/airflow/dags/utils/helper.py
[2023-09-29T21:26:44.131+0000] {processor.py:829} INFO - Processing file /opt/airflow/dags/utils/helper.py for tasks to queue
[2023-09-29T21:26:44.132+0000] {logging_mixin.py:151} INFO - [2023-09-29T21:26:44.131+0000] {dagbag.py:539} INFO - Filling up the DagBag from /opt/airflow/dags/utils/helper.py
[2023-09-29T21:26:44.514+0000] {processor.py:841} WARNING - No viable dags retrieved from /opt/airflow/dags/utils/helper.py
[2023-09-29T21:26:44.522+0000] {processor.py:179} INFO - Processing /opt/airflow/dags/utils/helper.py took 0.398 seconds
[2023-09-29T21:27:14.668+0000] {processor.py:157} INFO - Started process (PID=596) to work on /opt/airflow/dags/utils/helper.py
[2023-09-29T21:27:14.669+0000] {processor.py:829} INFO - Processing file /opt/airflow/dags/utils/helper.py for tasks to queue
[2023-09-29T21:27:14.669+0000] {logging_mixin.py:151} INFO - [2023-09-29T21:27:14.669+0000] {dagbag.py:539} INFO - Filling up the DagBag from /opt/airflow/dags/utils/helper.py
[2023-09-29T21:27:14.996+0000] {processor.py:841} WARNING - No viable dags retrieved from /opt/airflow/dags/utils/helper.py
[2023-09-29T21:27:15.007+0000] {processor.py:179} INFO - Processing /opt/airflow/dags/utils/helper.py took 0.342 seconds
[2023-09-29T21:27:45.173+0000] {processor.py:157} INFO - Started process (PID=607) to work on /opt/airflow/dags/utils/helper.py
[2023-09-29T21:27:45.174+0000] {processor.py:829} INFO - Processing file /opt/airflow/dags/utils/helper.py for tasks to queue
[2023-09-29T21:27:45.174+0000] {logging_mixin.py:151} INFO - [2023-09-29T21:27:45.174+0000] {dagbag.py:539} INFO - Filling up the DagBag from /opt/airflow/dags/utils/helper.py
[2023-09-29T21:27:45.533+0000] {processor.py:841} WARNING - No viable dags retrieved from /opt/airflow/dags/utils/helper.py
[2023-09-29T21:27:45.543+0000] {processor.py:179} INFO - Processing /opt/airflow/dags/utils/helper.py took 0.373 seconds
[2023-09-29T21:28:15.713+0000] {processor.py:157} INFO - Started process (PID=618) to work on /opt/airflow/dags/utils/helper.py
[2023-09-29T21:28:15.713+0000] {processor.py:829} INFO - Processing file /opt/airflow/dags/utils/helper.py for tasks to queue
[2023-09-29T21:28:15.714+0000] {logging_mixin.py:151} INFO - [2023-09-29T21:28:15.714+0000] {dagbag.py:539} INFO - Filling up the DagBag from /opt/airflow/dags/utils/helper.py
[2023-09-29T21:28:16.070+0000] {processor.py:841} WARNING - No viable dags retrieved from /opt/airflow/dags/utils/helper.py
[2023-09-29T21:28:16.077+0000] {processor.py:179} INFO - Processing /opt/airflow/dags/utils/helper.py took 0.368 seconds
[2023-09-29T21:28:46.227+0000] {processor.py:157} INFO - Started process (PID=629) to work on /opt/airflow/dags/utils/helper.py
[2023-09-29T21:28:46.229+0000] {processor.py:829} INFO - Processing file /opt/airflow/dags/utils/helper.py for tasks to queue
[2023-09-29T21:28:46.230+0000] {logging_mixin.py:151} INFO - [2023-09-29T21:28:46.230+0000] {dagbag.py:539} INFO - Filling up the DagBag from /opt/airflow/dags/utils/helper.py
[2023-09-29T21:28:46.564+0000] {processor.py:841} WARNING - No viable dags retrieved from /opt/airflow/dags/utils/helper.py
[2023-09-29T21:28:46.572+0000] {processor.py:179} INFO - Processing /opt/airflow/dags/utils/helper.py took 0.350 seconds
[2023-09-29T21:29:16.740+0000] {processor.py:157} INFO - Started process (PID=640) to work on /opt/airflow/dags/utils/helper.py
[2023-09-29T21:29:16.740+0000] {processor.py:829} INFO - Processing file /opt/airflow/dags/utils/helper.py for tasks to queue
[2023-09-29T21:29:16.740+0000] {logging_mixin.py:151} INFO - [2023-09-29T21:29:16.740+0000] {dagbag.py:539} INFO - Filling up the DagBag from /opt/airflow/dags/utils/helper.py
[2023-09-29T21:29:17.066+0000] {processor.py:841} WARNING - No viable dags retrieved from /opt/airflow/dags/utils/helper.py
[2023-09-29T21:29:17.074+0000] {processor.py:179} INFO - Processing /opt/airflow/dags/utils/helper.py took 0.336 seconds
[2023-09-29T21:29:47.236+0000] {processor.py:157} INFO - Started process (PID=651) to work on /opt/airflow/dags/utils/helper.py
[2023-09-29T21:29:47.239+0000] {processor.py:829} INFO - Processing file /opt/airflow/dags/utils/helper.py for tasks to queue
[2023-09-29T21:29:47.241+0000] {logging_mixin.py:151} INFO - [2023-09-29T21:29:47.240+0000] {dagbag.py:539} INFO - Filling up the DagBag from /opt/airflow/dags/utils/helper.py
[2023-09-29T21:29:47.746+0000] {processor.py:841} WARNING - No viable dags retrieved from /opt/airflow/dags/utils/helper.py
[2023-09-29T21:29:47.757+0000] {processor.py:179} INFO - Processing /opt/airflow/dags/utils/helper.py took 0.528 seconds
[2023-09-29T21:30:17.905+0000] {processor.py:157} INFO - Started process (PID=663) to work on /opt/airflow/dags/utils/helper.py
[2023-09-29T21:30:17.905+0000] {processor.py:829} INFO - Processing file /opt/airflow/dags/utils/helper.py for tasks to queue
[2023-09-29T21:30:17.906+0000] {logging_mixin.py:151} INFO - [2023-09-29T21:30:17.906+0000] {dagbag.py:539} INFO - Filling up the DagBag from /opt/airflow/dags/utils/helper.py
[2023-09-29T21:30:18.247+0000] {processor.py:841} WARNING - No viable dags retrieved from /opt/airflow/dags/utils/helper.py
[2023-09-29T21:30:18.254+0000] {processor.py:179} INFO - Processing /opt/airflow/dags/utils/helper.py took 0.352 seconds
[2023-09-29T21:30:48.411+0000] {processor.py:157} INFO - Started process (PID=674) to work on /opt/airflow/dags/utils/helper.py
[2023-09-29T21:30:48.413+0000] {processor.py:829} INFO - Processing file /opt/airflow/dags/utils/helper.py for tasks to queue
[2023-09-29T21:30:48.413+0000] {logging_mixin.py:151} INFO - [2023-09-29T21:30:48.413+0000] {dagbag.py:539} INFO - Filling up the DagBag from /opt/airflow/dags/utils/helper.py
[2023-09-29T21:30:48.906+0000] {processor.py:841} WARNING - No viable dags retrieved from /opt/airflow/dags/utils/helper.py
[2023-09-29T21:30:48.914+0000] {processor.py:179} INFO - Processing /opt/airflow/dags/utils/helper.py took 0.505 seconds
[2023-09-29T21:31:19.072+0000] {processor.py:157} INFO - Started process (PID=685) to work on /opt/airflow/dags/utils/helper.py
[2023-09-29T21:31:19.073+0000] {processor.py:829} INFO - Processing file /opt/airflow/dags/utils/helper.py for tasks to queue
[2023-09-29T21:31:19.073+0000] {logging_mixin.py:151} INFO - [2023-09-29T21:31:19.073+0000] {dagbag.py:539} INFO - Filling up the DagBag from /opt/airflow/dags/utils/helper.py
[2023-09-29T21:31:19.434+0000] {processor.py:841} WARNING - No viable dags retrieved from /opt/airflow/dags/utils/helper.py
[2023-09-29T21:31:19.447+0000] {processor.py:179} INFO - Processing /opt/airflow/dags/utils/helper.py took 0.376 seconds
[2023-09-29T21:31:49.614+0000] {processor.py:157} INFO - Started process (PID=696) to work on /opt/airflow/dags/utils/helper.py
[2023-09-29T21:31:49.616+0000] {processor.py:829} INFO - Processing file /opt/airflow/dags/utils/helper.py for tasks to queue
[2023-09-29T21:31:49.617+0000] {logging_mixin.py:151} INFO - [2023-09-29T21:31:49.616+0000] {dagbag.py:539} INFO - Filling up the DagBag from /opt/airflow/dags/utils/helper.py
[2023-09-29T21:31:49.992+0000] {processor.py:841} WARNING - No viable dags retrieved from /opt/airflow/dags/utils/helper.py
[2023-09-29T21:31:50.001+0000] {processor.py:179} INFO - Processing /opt/airflow/dags/utils/helper.py took 0.390 seconds
[2023-09-29T21:32:20.179+0000] {processor.py:157} INFO - Started process (PID=707) to work on /opt/airflow/dags/utils/helper.py
[2023-09-29T21:32:20.181+0000] {processor.py:829} INFO - Processing file /opt/airflow/dags/utils/helper.py for tasks to queue
[2023-09-29T21:32:20.182+0000] {logging_mixin.py:151} INFO - [2023-09-29T21:32:20.181+0000] {dagbag.py:539} INFO - Filling up the DagBag from /opt/airflow/dags/utils/helper.py
[2023-09-29T21:32:20.669+0000] {processor.py:841} WARNING - No viable dags retrieved from /opt/airflow/dags/utils/helper.py
[2023-09-29T21:32:20.679+0000] {processor.py:179} INFO - Processing /opt/airflow/dags/utils/helper.py took 0.502 seconds
[2023-09-29T21:32:51.322+0000] {processor.py:157} INFO - Started process (PID=718) to work on /opt/airflow/dags/utils/helper.py
[2023-09-29T21:32:51.323+0000] {processor.py:829} INFO - Processing file /opt/airflow/dags/utils/helper.py for tasks to queue
[2023-09-29T21:32:51.324+0000] {logging_mixin.py:151} INFO - [2023-09-29T21:32:51.323+0000] {dagbag.py:539} INFO - Filling up the DagBag from /opt/airflow/dags/utils/helper.py
[2023-09-29T21:32:51.690+0000] {processor.py:841} WARNING - No viable dags retrieved from /opt/airflow/dags/utils/helper.py
[2023-09-29T21:32:51.699+0000] {processor.py:179} INFO - Processing /opt/airflow/dags/utils/helper.py took 0.379 seconds
[2023-09-29T21:33:21.852+0000] {processor.py:157} INFO - Started process (PID=729) to work on /opt/airflow/dags/utils/helper.py
[2023-09-29T21:33:21.853+0000] {processor.py:829} INFO - Processing file /opt/airflow/dags/utils/helper.py for tasks to queue
[2023-09-29T21:33:21.854+0000] {logging_mixin.py:151} INFO - [2023-09-29T21:33:21.854+0000] {dagbag.py:539} INFO - Filling up the DagBag from /opt/airflow/dags/utils/helper.py
[2023-09-29T21:33:22.177+0000] {processor.py:841} WARNING - No viable dags retrieved from /opt/airflow/dags/utils/helper.py
[2023-09-29T21:33:22.184+0000] {processor.py:179} INFO - Processing /opt/airflow/dags/utils/helper.py took 0.335 seconds
[2023-09-29T21:33:52.361+0000] {processor.py:157} INFO - Started process (PID=740) to work on /opt/airflow/dags/utils/helper.py
[2023-09-29T21:33:52.362+0000] {processor.py:829} INFO - Processing file /opt/airflow/dags/utils/helper.py for tasks to queue
[2023-09-29T21:33:52.362+0000] {logging_mixin.py:151} INFO - [2023-09-29T21:33:52.362+0000] {dagbag.py:539} INFO - Filling up the DagBag from /opt/airflow/dags/utils/helper.py
[2023-09-29T21:33:52.666+0000] {processor.py:841} WARNING - No viable dags retrieved from /opt/airflow/dags/utils/helper.py
[2023-09-29T21:33:52.674+0000] {processor.py:179} INFO - Processing /opt/airflow/dags/utils/helper.py took 0.315 seconds
[2023-09-29T21:34:22.858+0000] {processor.py:157} INFO - Started process (PID=751) to work on /opt/airflow/dags/utils/helper.py
[2023-09-29T21:34:22.859+0000] {processor.py:829} INFO - Processing file /opt/airflow/dags/utils/helper.py for tasks to queue
[2023-09-29T21:34:22.859+0000] {logging_mixin.py:151} INFO - [2023-09-29T21:34:22.859+0000] {dagbag.py:539} INFO - Filling up the DagBag from /opt/airflow/dags/utils/helper.py
[2023-09-29T21:34:23.169+0000] {processor.py:841} WARNING - No viable dags retrieved from /opt/airflow/dags/utils/helper.py
[2023-09-29T21:34:23.177+0000] {processor.py:179} INFO - Processing /opt/airflow/dags/utils/helper.py took 0.323 seconds
[2023-09-29T21:34:53.352+0000] {processor.py:157} INFO - Started process (PID=762) to work on /opt/airflow/dags/utils/helper.py
[2023-09-29T21:34:53.354+0000] {processor.py:829} INFO - Processing file /opt/airflow/dags/utils/helper.py for tasks to queue
[2023-09-29T21:34:53.354+0000] {logging_mixin.py:151} INFO - [2023-09-29T21:34:53.354+0000] {dagbag.py:539} INFO - Filling up the DagBag from /opt/airflow/dags/utils/helper.py
[2023-09-29T21:34:53.692+0000] {processor.py:841} WARNING - No viable dags retrieved from /opt/airflow/dags/utils/helper.py
[2023-09-29T21:34:53.700+0000] {processor.py:179} INFO - Processing /opt/airflow/dags/utils/helper.py took 0.352 seconds
[2023-09-29T21:35:23.872+0000] {processor.py:157} INFO - Started process (PID=773) to work on /opt/airflow/dags/utils/helper.py
[2023-09-29T21:35:23.873+0000] {processor.py:829} INFO - Processing file /opt/airflow/dags/utils/helper.py for tasks to queue
[2023-09-29T21:35:23.874+0000] {logging_mixin.py:151} INFO - [2023-09-29T21:35:23.873+0000] {dagbag.py:539} INFO - Filling up the DagBag from /opt/airflow/dags/utils/helper.py
[2023-09-29T21:35:24.228+0000] {processor.py:841} WARNING - No viable dags retrieved from /opt/airflow/dags/utils/helper.py
[2023-09-29T21:35:24.237+0000] {processor.py:179} INFO - Processing /opt/airflow/dags/utils/helper.py took 0.370 seconds
[2023-09-29T21:35:54.403+0000] {processor.py:157} INFO - Started process (PID=784) to work on /opt/airflow/dags/utils/helper.py
[2023-09-29T21:35:54.404+0000] {processor.py:829} INFO - Processing file /opt/airflow/dags/utils/helper.py for tasks to queue
[2023-09-29T21:35:54.404+0000] {logging_mixin.py:151} INFO - [2023-09-29T21:35:54.404+0000] {dagbag.py:539} INFO - Filling up the DagBag from /opt/airflow/dags/utils/helper.py
[2023-09-29T21:35:54.768+0000] {processor.py:841} WARNING - No viable dags retrieved from /opt/airflow/dags/utils/helper.py
[2023-09-29T21:35:54.776+0000] {processor.py:179} INFO - Processing /opt/airflow/dags/utils/helper.py took 0.379 seconds
[2023-09-29T21:36:24.931+0000] {processor.py:157} INFO - Started process (PID=796) to work on /opt/airflow/dags/utils/helper.py
[2023-09-29T21:36:24.932+0000] {processor.py:829} INFO - Processing file /opt/airflow/dags/utils/helper.py for tasks to queue
[2023-09-29T21:36:24.932+0000] {logging_mixin.py:151} INFO - [2023-09-29T21:36:24.932+0000] {dagbag.py:539} INFO - Filling up the DagBag from /opt/airflow/dags/utils/helper.py
[2023-09-29T21:36:25.271+0000] {processor.py:841} WARNING - No viable dags retrieved from /opt/airflow/dags/utils/helper.py
[2023-09-29T21:36:25.280+0000] {processor.py:179} INFO - Processing /opt/airflow/dags/utils/helper.py took 0.350 seconds
[2023-09-29T21:36:55.452+0000] {processor.py:157} INFO - Started process (PID=807) to work on /opt/airflow/dags/utils/helper.py
[2023-09-29T21:36:55.454+0000] {processor.py:829} INFO - Processing file /opt/airflow/dags/utils/helper.py for tasks to queue
[2023-09-29T21:36:55.455+0000] {logging_mixin.py:151} INFO - [2023-09-29T21:36:55.455+0000] {dagbag.py:539} INFO - Filling up the DagBag from /opt/airflow/dags/utils/helper.py
[2023-09-29T21:36:55.794+0000] {processor.py:841} WARNING - No viable dags retrieved from /opt/airflow/dags/utils/helper.py
[2023-09-29T21:36:55.801+0000] {processor.py:179} INFO - Processing /opt/airflow/dags/utils/helper.py took 0.355 seconds
[2023-09-29T21:37:25.952+0000] {processor.py:157} INFO - Started process (PID=818) to work on /opt/airflow/dags/utils/helper.py
[2023-09-29T21:37:25.953+0000] {processor.py:829} INFO - Processing file /opt/airflow/dags/utils/helper.py for tasks to queue
[2023-09-29T21:37:25.953+0000] {logging_mixin.py:151} INFO - [2023-09-29T21:37:25.953+0000] {dagbag.py:539} INFO - Filling up the DagBag from /opt/airflow/dags/utils/helper.py
[2023-09-29T21:37:26.338+0000] {processor.py:841} WARNING - No viable dags retrieved from /opt/airflow/dags/utils/helper.py
[2023-09-29T21:37:26.345+0000] {processor.py:179} INFO - Processing /opt/airflow/dags/utils/helper.py took 0.399 seconds
[2023-09-29T21:37:56.499+0000] {processor.py:157} INFO - Started process (PID=829) to work on /opt/airflow/dags/utils/helper.py
[2023-09-29T21:37:56.500+0000] {processor.py:829} INFO - Processing file /opt/airflow/dags/utils/helper.py for tasks to queue
[2023-09-29T21:37:56.500+0000] {logging_mixin.py:151} INFO - [2023-09-29T21:37:56.500+0000] {dagbag.py:539} INFO - Filling up the DagBag from /opt/airflow/dags/utils/helper.py
[2023-09-29T21:37:56.844+0000] {processor.py:841} WARNING - No viable dags retrieved from /opt/airflow/dags/utils/helper.py
[2023-09-29T21:37:56.852+0000] {processor.py:179} INFO - Processing /opt/airflow/dags/utils/helper.py took 0.355 seconds
[2023-09-29T21:38:26.993+0000] {processor.py:157} INFO - Started process (PID=840) to work on /opt/airflow/dags/utils/helper.py
[2023-09-29T21:38:26.994+0000] {processor.py:829} INFO - Processing file /opt/airflow/dags/utils/helper.py for tasks to queue
[2023-09-29T21:38:26.995+0000] {logging_mixin.py:151} INFO - [2023-09-29T21:38:26.995+0000] {dagbag.py:539} INFO - Filling up the DagBag from /opt/airflow/dags/utils/helper.py
[2023-09-29T21:38:27.371+0000] {processor.py:841} WARNING - No viable dags retrieved from /opt/airflow/dags/utils/helper.py
[2023-09-29T21:38:27.382+0000] {processor.py:179} INFO - Processing /opt/airflow/dags/utils/helper.py took 0.391 seconds
[2023-09-29T21:38:57.546+0000] {processor.py:157} INFO - Started process (PID=851) to work on /opt/airflow/dags/utils/helper.py
[2023-09-29T21:38:57.548+0000] {processor.py:829} INFO - Processing file /opt/airflow/dags/utils/helper.py for tasks to queue
[2023-09-29T21:38:57.548+0000] {logging_mixin.py:151} INFO - [2023-09-29T21:38:57.548+0000] {dagbag.py:539} INFO - Filling up the DagBag from /opt/airflow/dags/utils/helper.py
[2023-09-29T21:38:57.894+0000] {processor.py:841} WARNING - No viable dags retrieved from /opt/airflow/dags/utils/helper.py
[2023-09-29T21:38:57.906+0000] {processor.py:179} INFO - Processing /opt/airflow/dags/utils/helper.py took 0.363 seconds
[2023-09-29T21:39:28.050+0000] {processor.py:157} INFO - Started process (PID=862) to work on /opt/airflow/dags/utils/helper.py
[2023-09-29T21:39:28.052+0000] {processor.py:829} INFO - Processing file /opt/airflow/dags/utils/helper.py for tasks to queue
[2023-09-29T21:39:28.052+0000] {logging_mixin.py:151} INFO - [2023-09-29T21:39:28.052+0000] {dagbag.py:539} INFO - Filling up the DagBag from /opt/airflow/dags/utils/helper.py
[2023-09-29T21:39:28.383+0000] {processor.py:841} WARNING - No viable dags retrieved from /opt/airflow/dags/utils/helper.py
[2023-09-29T21:39:28.390+0000] {processor.py:179} INFO - Processing /opt/airflow/dags/utils/helper.py took 0.342 seconds
[2023-09-29T21:39:58.551+0000] {processor.py:157} INFO - Started process (PID=872) to work on /opt/airflow/dags/utils/helper.py
[2023-09-29T21:39:58.552+0000] {processor.py:829} INFO - Processing file /opt/airflow/dags/utils/helper.py for tasks to queue
[2023-09-29T21:39:58.552+0000] {logging_mixin.py:151} INFO - [2023-09-29T21:39:58.552+0000] {dagbag.py:539} INFO - Filling up the DagBag from /opt/airflow/dags/utils/helper.py
[2023-09-29T21:39:58.881+0000] {processor.py:841} WARNING - No viable dags retrieved from /opt/airflow/dags/utils/helper.py
[2023-09-29T21:39:58.889+0000] {processor.py:179} INFO - Processing /opt/airflow/dags/utils/helper.py took 0.339 seconds
[2023-09-29T21:40:29.053+0000] {processor.py:157} INFO - Started process (PID=883) to work on /opt/airflow/dags/utils/helper.py
[2023-09-29T21:40:29.054+0000] {processor.py:829} INFO - Processing file /opt/airflow/dags/utils/helper.py for tasks to queue
[2023-09-29T21:40:29.055+0000] {logging_mixin.py:151} INFO - [2023-09-29T21:40:29.055+0000] {dagbag.py:539} INFO - Filling up the DagBag from /opt/airflow/dags/utils/helper.py
[2023-09-29T21:40:29.363+0000] {processor.py:841} WARNING - No viable dags retrieved from /opt/airflow/dags/utils/helper.py
[2023-09-29T21:40:29.371+0000] {processor.py:179} INFO - Processing /opt/airflow/dags/utils/helper.py took 0.324 seconds
[2023-09-29T21:40:59.541+0000] {processor.py:157} INFO - Started process (PID=894) to work on /opt/airflow/dags/utils/helper.py
[2023-09-29T21:40:59.542+0000] {processor.py:829} INFO - Processing file /opt/airflow/dags/utils/helper.py for tasks to queue
[2023-09-29T21:40:59.543+0000] {logging_mixin.py:151} INFO - [2023-09-29T21:40:59.542+0000] {dagbag.py:539} INFO - Filling up the DagBag from /opt/airflow/dags/utils/helper.py
[2023-09-29T21:40:59.870+0000] {processor.py:841} WARNING - No viable dags retrieved from /opt/airflow/dags/utils/helper.py
[2023-09-29T21:40:59.878+0000] {processor.py:179} INFO - Processing /opt/airflow/dags/utils/helper.py took 0.340 seconds
[2023-09-29T21:41:30.063+0000] {processor.py:157} INFO - Started process (PID=904) to work on /opt/airflow/dags/utils/helper.py
[2023-09-29T21:41:30.063+0000] {processor.py:829} INFO - Processing file /opt/airflow/dags/utils/helper.py for tasks to queue
[2023-09-29T21:41:30.064+0000] {logging_mixin.py:151} INFO - [2023-09-29T21:41:30.064+0000] {dagbag.py:539} INFO - Filling up the DagBag from /opt/airflow/dags/utils/helper.py
[2023-09-29T21:41:30.392+0000] {processor.py:841} WARNING - No viable dags retrieved from /opt/airflow/dags/utils/helper.py
[2023-09-29T21:41:30.400+0000] {processor.py:179} INFO - Processing /opt/airflow/dags/utils/helper.py took 0.342 seconds
[2023-09-29T21:42:00.569+0000] {processor.py:157} INFO - Started process (PID=915) to work on /opt/airflow/dags/utils/helper.py
[2023-09-29T21:42:00.571+0000] {processor.py:829} INFO - Processing file /opt/airflow/dags/utils/helper.py for tasks to queue
[2023-09-29T21:42:00.571+0000] {logging_mixin.py:151} INFO - [2023-09-29T21:42:00.571+0000] {dagbag.py:539} INFO - Filling up the DagBag from /opt/airflow/dags/utils/helper.py
[2023-09-29T21:42:00.902+0000] {processor.py:841} WARNING - No viable dags retrieved from /opt/airflow/dags/utils/helper.py
[2023-09-29T21:42:00.910+0000] {processor.py:179} INFO - Processing /opt/airflow/dags/utils/helper.py took 0.343 seconds
[2023-09-29T21:42:31.077+0000] {processor.py:157} INFO - Started process (PID=925) to work on /opt/airflow/dags/utils/helper.py
[2023-09-29T21:42:31.078+0000] {processor.py:829} INFO - Processing file /opt/airflow/dags/utils/helper.py for tasks to queue
[2023-09-29T21:42:31.078+0000] {logging_mixin.py:151} INFO - [2023-09-29T21:42:31.078+0000] {dagbag.py:539} INFO - Filling up the DagBag from /opt/airflow/dags/utils/helper.py
[2023-09-29T21:42:31.390+0000] {processor.py:841} WARNING - No viable dags retrieved from /opt/airflow/dags/utils/helper.py
[2023-09-29T21:42:31.398+0000] {processor.py:179} INFO - Processing /opt/airflow/dags/utils/helper.py took 0.323 seconds
[2023-09-29T21:43:01.578+0000] {processor.py:157} INFO - Started process (PID=936) to work on /opt/airflow/dags/utils/helper.py
[2023-09-29T21:43:01.580+0000] {processor.py:829} INFO - Processing file /opt/airflow/dags/utils/helper.py for tasks to queue
[2023-09-29T21:43:01.581+0000] {logging_mixin.py:151} INFO - [2023-09-29T21:43:01.581+0000] {dagbag.py:539} INFO - Filling up the DagBag from /opt/airflow/dags/utils/helper.py
[2023-09-29T21:43:01.911+0000] {processor.py:841} WARNING - No viable dags retrieved from /opt/airflow/dags/utils/helper.py
[2023-09-29T21:43:01.919+0000] {processor.py:179} INFO - Processing /opt/airflow/dags/utils/helper.py took 0.347 seconds
[2023-09-29T21:43:32.085+0000] {processor.py:157} INFO - Started process (PID=947) to work on /opt/airflow/dags/utils/helper.py
[2023-09-29T21:43:32.085+0000] {processor.py:829} INFO - Processing file /opt/airflow/dags/utils/helper.py for tasks to queue
[2023-09-29T21:43:32.086+0000] {logging_mixin.py:151} INFO - [2023-09-29T21:43:32.086+0000] {dagbag.py:539} INFO - Filling up the DagBag from /opt/airflow/dags/utils/helper.py
[2023-09-29T21:43:32.409+0000] {processor.py:841} WARNING - No viable dags retrieved from /opt/airflow/dags/utils/helper.py
[2023-09-29T21:43:32.417+0000] {processor.py:179} INFO - Processing /opt/airflow/dags/utils/helper.py took 0.334 seconds
[2023-09-29T21:44:02.613+0000] {processor.py:157} INFO - Started process (PID=958) to work on /opt/airflow/dags/utils/helper.py
[2023-09-29T21:44:02.615+0000] {processor.py:829} INFO - Processing file /opt/airflow/dags/utils/helper.py for tasks to queue
[2023-09-29T21:44:02.617+0000] {logging_mixin.py:151} INFO - [2023-09-29T21:44:02.616+0000] {dagbag.py:539} INFO - Filling up the DagBag from /opt/airflow/dags/utils/helper.py
[2023-09-29T21:44:03.007+0000] {processor.py:841} WARNING - No viable dags retrieved from /opt/airflow/dags/utils/helper.py
[2023-09-29T21:44:03.016+0000] {processor.py:179} INFO - Processing /opt/airflow/dags/utils/helper.py took 0.408 seconds
[2023-09-29T21:44:33.191+0000] {processor.py:157} INFO - Started process (PID=970) to work on /opt/airflow/dags/utils/helper.py
[2023-09-29T21:44:33.192+0000] {processor.py:829} INFO - Processing file /opt/airflow/dags/utils/helper.py for tasks to queue
[2023-09-29T21:44:33.194+0000] {logging_mixin.py:151} INFO - [2023-09-29T21:44:33.193+0000] {dagbag.py:539} INFO - Filling up the DagBag from /opt/airflow/dags/utils/helper.py
[2023-09-29T21:44:33.506+0000] {processor.py:841} WARNING - No viable dags retrieved from /opt/airflow/dags/utils/helper.py
[2023-09-29T21:44:33.514+0000] {processor.py:179} INFO - Processing /opt/airflow/dags/utils/helper.py took 0.327 seconds
[2023-09-29T21:45:03.697+0000] {processor.py:157} INFO - Started process (PID=981) to work on /opt/airflow/dags/utils/helper.py
[2023-09-29T21:45:03.698+0000] {processor.py:829} INFO - Processing file /opt/airflow/dags/utils/helper.py for tasks to queue
[2023-09-29T21:45:03.699+0000] {logging_mixin.py:151} INFO - [2023-09-29T21:45:03.698+0000] {dagbag.py:539} INFO - Filling up the DagBag from /opt/airflow/dags/utils/helper.py
[2023-09-29T21:45:04.021+0000] {processor.py:841} WARNING - No viable dags retrieved from /opt/airflow/dags/utils/helper.py
[2023-09-29T21:45:04.029+0000] {processor.py:179} INFO - Processing /opt/airflow/dags/utils/helper.py took 0.335 seconds
[2023-09-29T21:45:34.196+0000] {processor.py:157} INFO - Started process (PID=992) to work on /opt/airflow/dags/utils/helper.py
[2023-09-29T21:45:34.197+0000] {processor.py:829} INFO - Processing file /opt/airflow/dags/utils/helper.py for tasks to queue
[2023-09-29T21:45:34.198+0000] {logging_mixin.py:151} INFO - [2023-09-29T21:45:34.197+0000] {dagbag.py:539} INFO - Filling up the DagBag from /opt/airflow/dags/utils/helper.py
[2023-09-29T21:45:34.528+0000] {processor.py:841} WARNING - No viable dags retrieved from /opt/airflow/dags/utils/helper.py
[2023-09-29T21:45:34.536+0000] {processor.py:179} INFO - Processing /opt/airflow/dags/utils/helper.py took 0.343 seconds
[2023-09-29T21:46:04.714+0000] {processor.py:157} INFO - Started process (PID=1003) to work on /opt/airflow/dags/utils/helper.py
[2023-09-29T21:46:04.716+0000] {processor.py:829} INFO - Processing file /opt/airflow/dags/utils/helper.py for tasks to queue
[2023-09-29T21:46:04.716+0000] {logging_mixin.py:151} INFO - [2023-09-29T21:46:04.716+0000] {dagbag.py:539} INFO - Filling up the DagBag from /opt/airflow/dags/utils/helper.py
[2023-09-29T21:46:05.057+0000] {processor.py:841} WARNING - No viable dags retrieved from /opt/airflow/dags/utils/helper.py
[2023-09-29T21:46:05.067+0000] {processor.py:179} INFO - Processing /opt/airflow/dags/utils/helper.py took 0.355 seconds
[2023-09-29T21:46:35.261+0000] {processor.py:157} INFO - Started process (PID=1014) to work on /opt/airflow/dags/utils/helper.py
[2023-09-29T21:46:35.264+0000] {processor.py:829} INFO - Processing file /opt/airflow/dags/utils/helper.py for tasks to queue
[2023-09-29T21:46:35.265+0000] {logging_mixin.py:151} INFO - [2023-09-29T21:46:35.264+0000] {dagbag.py:539} INFO - Filling up the DagBag from /opt/airflow/dags/utils/helper.py
[2023-09-29T21:46:35.596+0000] {processor.py:841} WARNING - No viable dags retrieved from /opt/airflow/dags/utils/helper.py
[2023-09-29T21:46:35.604+0000] {processor.py:179} INFO - Processing /opt/airflow/dags/utils/helper.py took 0.348 seconds
[2023-09-29T21:47:05.781+0000] {processor.py:157} INFO - Started process (PID=1025) to work on /opt/airflow/dags/utils/helper.py
[2023-09-29T21:47:05.782+0000] {processor.py:829} INFO - Processing file /opt/airflow/dags/utils/helper.py for tasks to queue
[2023-09-29T21:47:05.782+0000] {logging_mixin.py:151} INFO - [2023-09-29T21:47:05.782+0000] {dagbag.py:539} INFO - Filling up the DagBag from /opt/airflow/dags/utils/helper.py
[2023-09-29T21:47:06.090+0000] {processor.py:841} WARNING - No viable dags retrieved from /opt/airflow/dags/utils/helper.py
[2023-09-29T21:47:06.098+0000] {processor.py:179} INFO - Processing /opt/airflow/dags/utils/helper.py took 0.320 seconds
[2023-09-29T21:47:36.283+0000] {processor.py:157} INFO - Started process (PID=1036) to work on /opt/airflow/dags/utils/helper.py
[2023-09-29T21:47:36.285+0000] {processor.py:829} INFO - Processing file /opt/airflow/dags/utils/helper.py for tasks to queue
[2023-09-29T21:47:36.287+0000] {logging_mixin.py:151} INFO - [2023-09-29T21:47:36.286+0000] {dagbag.py:539} INFO - Filling up the DagBag from /opt/airflow/dags/utils/helper.py
[2023-09-29T21:47:36.597+0000] {processor.py:841} WARNING - No viable dags retrieved from /opt/airflow/dags/utils/helper.py
[2023-09-29T21:47:36.605+0000] {processor.py:179} INFO - Processing /opt/airflow/dags/utils/helper.py took 0.328 seconds
[2023-09-29T21:48:06.795+0000] {processor.py:157} INFO - Started process (PID=1047) to work on /opt/airflow/dags/utils/helper.py
[2023-09-29T21:48:06.797+0000] {processor.py:829} INFO - Processing file /opt/airflow/dags/utils/helper.py for tasks to queue
[2023-09-29T21:48:06.798+0000] {logging_mixin.py:151} INFO - [2023-09-29T21:48:06.798+0000] {dagbag.py:539} INFO - Filling up the DagBag from /opt/airflow/dags/utils/helper.py
[2023-09-29T21:48:07.131+0000] {processor.py:841} WARNING - No viable dags retrieved from /opt/airflow/dags/utils/helper.py
[2023-09-29T21:48:07.140+0000] {processor.py:179} INFO - Processing /opt/airflow/dags/utils/helper.py took 0.351 seconds
[2023-09-29T21:48:37.332+0000] {processor.py:157} INFO - Started process (PID=1059) to work on /opt/airflow/dags/utils/helper.py
[2023-09-29T21:48:37.334+0000] {processor.py:829} INFO - Processing file /opt/airflow/dags/utils/helper.py for tasks to queue
[2023-09-29T21:48:37.336+0000] {logging_mixin.py:151} INFO - [2023-09-29T21:48:37.335+0000] {dagbag.py:539} INFO - Filling up the DagBag from /opt/airflow/dags/utils/helper.py
[2023-09-29T21:48:37.672+0000] {processor.py:841} WARNING - No viable dags retrieved from /opt/airflow/dags/utils/helper.py
[2023-09-29T21:48:37.680+0000] {processor.py:179} INFO - Processing /opt/airflow/dags/utils/helper.py took 0.353 seconds
[2023-09-29T21:49:07.866+0000] {processor.py:157} INFO - Started process (PID=1070) to work on /opt/airflow/dags/utils/helper.py
[2023-09-29T21:49:07.867+0000] {processor.py:829} INFO - Processing file /opt/airflow/dags/utils/helper.py for tasks to queue
[2023-09-29T21:49:07.868+0000] {logging_mixin.py:151} INFO - [2023-09-29T21:49:07.867+0000] {dagbag.py:539} INFO - Filling up the DagBag from /opt/airflow/dags/utils/helper.py
[2023-09-29T21:49:08.201+0000] {processor.py:841} WARNING - No viable dags retrieved from /opt/airflow/dags/utils/helper.py
[2023-09-29T21:49:08.209+0000] {processor.py:179} INFO - Processing /opt/airflow/dags/utils/helper.py took 0.348 seconds
[2023-09-29T21:49:38.402+0000] {processor.py:157} INFO - Started process (PID=1081) to work on /opt/airflow/dags/utils/helper.py
[2023-09-29T21:49:38.405+0000] {processor.py:829} INFO - Processing file /opt/airflow/dags/utils/helper.py for tasks to queue
[2023-09-29T21:49:38.406+0000] {logging_mixin.py:151} INFO - [2023-09-29T21:49:38.406+0000] {dagbag.py:539} INFO - Filling up the DagBag from /opt/airflow/dags/utils/helper.py
[2023-09-29T21:49:38.738+0000] {processor.py:841} WARNING - No viable dags retrieved from /opt/airflow/dags/utils/helper.py
[2023-09-29T21:49:38.746+0000] {processor.py:179} INFO - Processing /opt/airflow/dags/utils/helper.py took 0.351 seconds
[2023-09-29T21:50:08.916+0000] {processor.py:157} INFO - Started process (PID=1092) to work on /opt/airflow/dags/utils/helper.py
[2023-09-29T21:50:08.917+0000] {processor.py:829} INFO - Processing file /opt/airflow/dags/utils/helper.py for tasks to queue
[2023-09-29T21:50:08.917+0000] {logging_mixin.py:151} INFO - [2023-09-29T21:50:08.917+0000] {dagbag.py:539} INFO - Filling up the DagBag from /opt/airflow/dags/utils/helper.py
[2023-09-29T21:50:09.362+0000] {processor.py:841} WARNING - No viable dags retrieved from /opt/airflow/dags/utils/helper.py
[2023-09-29T21:50:09.373+0000] {processor.py:179} INFO - Processing /opt/airflow/dags/utils/helper.py took 0.460 seconds
[2023-09-29T21:50:39.514+0000] {processor.py:157} INFO - Started process (PID=1103) to work on /opt/airflow/dags/utils/helper.py
[2023-09-29T21:50:39.517+0000] {processor.py:829} INFO - Processing file /opt/airflow/dags/utils/helper.py for tasks to queue
[2023-09-29T21:50:39.517+0000] {logging_mixin.py:151} INFO - [2023-09-29T21:50:39.517+0000] {dagbag.py:539} INFO - Filling up the DagBag from /opt/airflow/dags/utils/helper.py
[2023-09-29T21:50:39.905+0000] {processor.py:841} WARNING - No viable dags retrieved from /opt/airflow/dags/utils/helper.py
[2023-09-29T21:50:39.916+0000] {processor.py:179} INFO - Processing /opt/airflow/dags/utils/helper.py took 0.403 seconds
[2023-09-29T21:50:51.576+0000] {processor.py:157} INFO - Started process (PID=1105) to work on /opt/airflow/dags/utils/helper.py
[2023-09-29T21:50:51.577+0000] {processor.py:829} INFO - Processing file /opt/airflow/dags/utils/helper.py for tasks to queue
[2023-09-29T21:50:51.578+0000] {logging_mixin.py:151} INFO - [2023-09-29T21:50:51.577+0000] {dagbag.py:539} INFO - Filling up the DagBag from /opt/airflow/dags/utils/helper.py
[2023-09-29T21:50:51.931+0000] {processor.py:841} WARNING - No viable dags retrieved from /opt/airflow/dags/utils/helper.py
[2023-09-29T21:50:51.940+0000] {processor.py:179} INFO - Processing /opt/airflow/dags/utils/helper.py took 0.368 seconds
[2023-09-29T21:51:22.111+0000] {processor.py:157} INFO - Started process (PID=1116) to work on /opt/airflow/dags/utils/helper.py
[2023-09-29T21:51:22.111+0000] {processor.py:829} INFO - Processing file /opt/airflow/dags/utils/helper.py for tasks to queue
[2023-09-29T21:51:22.112+0000] {logging_mixin.py:151} INFO - [2023-09-29T21:51:22.112+0000] {dagbag.py:539} INFO - Filling up the DagBag from /opt/airflow/dags/utils/helper.py
[2023-09-29T21:51:22.557+0000] {processor.py:841} WARNING - No viable dags retrieved from /opt/airflow/dags/utils/helper.py
[2023-09-29T21:51:22.568+0000] {processor.py:179} INFO - Processing /opt/airflow/dags/utils/helper.py took 0.460 seconds
[2023-09-29T21:51:35.652+0000] {processor.py:157} INFO - Started process (PID=1124) to work on /opt/airflow/dags/utils/helper.py
[2023-09-29T21:51:35.654+0000] {processor.py:829} INFO - Processing file /opt/airflow/dags/utils/helper.py for tasks to queue
[2023-09-29T21:51:35.655+0000] {logging_mixin.py:151} INFO - [2023-09-29T21:51:35.655+0000] {dagbag.py:539} INFO - Filling up the DagBag from /opt/airflow/dags/utils/helper.py
[2023-09-29T21:51:36.072+0000] {processor.py:841} WARNING - No viable dags retrieved from /opt/airflow/dags/utils/helper.py
[2023-09-29T21:51:36.082+0000] {processor.py:179} INFO - Processing /opt/airflow/dags/utils/helper.py took 0.437 seconds
[2023-09-29T21:52:06.219+0000] {processor.py:157} INFO - Started process (PID=1135) to work on /opt/airflow/dags/utils/helper.py
[2023-09-29T21:52:06.220+0000] {processor.py:829} INFO - Processing file /opt/airflow/dags/utils/helper.py for tasks to queue
[2023-09-29T21:52:06.221+0000] {logging_mixin.py:151} INFO - [2023-09-29T21:52:06.221+0000] {dagbag.py:539} INFO - Filling up the DagBag from /opt/airflow/dags/utils/helper.py
[2023-09-29T21:52:06.597+0000] {processor.py:841} WARNING - No viable dags retrieved from /opt/airflow/dags/utils/helper.py
[2023-09-29T21:52:06.605+0000] {processor.py:179} INFO - Processing /opt/airflow/dags/utils/helper.py took 0.391 seconds
[2023-09-29T21:52:22.706+0000] {processor.py:157} INFO - Started process (PID=1139) to work on /opt/airflow/dags/utils/helper.py
[2023-09-29T21:52:22.708+0000] {processor.py:829} INFO - Processing file /opt/airflow/dags/utils/helper.py for tasks to queue
[2023-09-29T21:52:22.709+0000] {logging_mixin.py:151} INFO - [2023-09-29T21:52:22.708+0000] {dagbag.py:539} INFO - Filling up the DagBag from /opt/airflow/dags/utils/helper.py
[2023-09-29T21:52:22.710+0000] {logging_mixin.py:151} INFO - [2023-09-29T21:52:22.710+0000] {dagbag.py:324} INFO - File /opt/airflow/dags/utils/helper.py assumed to contain no DAGs. Skipping.
[2023-09-29T21:52:22.710+0000] {processor.py:841} WARNING - No viable dags retrieved from /opt/airflow/dags/utils/helper.py
[2023-09-29T21:52:22.718+0000] {processor.py:179} INFO - Processing /opt/airflow/dags/utils/helper.py took 0.017 seconds
[2023-09-29T21:52:52.906+0000] {processor.py:157} INFO - Started process (PID=1149) to work on /opt/airflow/dags/utils/helper.py
[2023-09-29T21:52:52.907+0000] {processor.py:829} INFO - Processing file /opt/airflow/dags/utils/helper.py for tasks to queue
[2023-09-29T21:52:52.908+0000] {logging_mixin.py:151} INFO - [2023-09-29T21:52:52.908+0000] {dagbag.py:539} INFO - Filling up the DagBag from /opt/airflow/dags/utils/helper.py
[2023-09-29T21:52:52.910+0000] {logging_mixin.py:151} INFO - [2023-09-29T21:52:52.910+0000] {dagbag.py:324} INFO - File /opt/airflow/dags/utils/helper.py assumed to contain no DAGs. Skipping.
[2023-09-29T21:52:52.910+0000] {processor.py:841} WARNING - No viable dags retrieved from /opt/airflow/dags/utils/helper.py
[2023-09-29T21:52:52.922+0000] {processor.py:179} INFO - Processing /opt/airflow/dags/utils/helper.py took 0.021 seconds
[2023-09-29T21:53:23.069+0000] {processor.py:157} INFO - Started process (PID=1159) to work on /opt/airflow/dags/utils/helper.py
[2023-09-29T21:53:23.070+0000] {processor.py:829} INFO - Processing file /opt/airflow/dags/utils/helper.py for tasks to queue
[2023-09-29T21:53:23.070+0000] {logging_mixin.py:151} INFO - [2023-09-29T21:53:23.070+0000] {dagbag.py:539} INFO - Filling up the DagBag from /opt/airflow/dags/utils/helper.py
[2023-09-29T21:53:23.071+0000] {logging_mixin.py:151} INFO - [2023-09-29T21:53:23.071+0000] {dagbag.py:324} INFO - File /opt/airflow/dags/utils/helper.py assumed to contain no DAGs. Skipping.
[2023-09-29T21:53:23.071+0000] {processor.py:841} WARNING - No viable dags retrieved from /opt/airflow/dags/utils/helper.py
[2023-09-29T21:53:23.080+0000] {processor.py:179} INFO - Processing /opt/airflow/dags/utils/helper.py took 0.015 seconds
[2023-09-29T21:53:53.223+0000] {processor.py:157} INFO - Started process (PID=1169) to work on /opt/airflow/dags/utils/helper.py
[2023-09-29T21:53:53.224+0000] {processor.py:829} INFO - Processing file /opt/airflow/dags/utils/helper.py for tasks to queue
[2023-09-29T21:53:53.225+0000] {logging_mixin.py:151} INFO - [2023-09-29T21:53:53.225+0000] {dagbag.py:539} INFO - Filling up the DagBag from /opt/airflow/dags/utils/helper.py
[2023-09-29T21:53:53.226+0000] {logging_mixin.py:151} INFO - [2023-09-29T21:53:53.226+0000] {dagbag.py:324} INFO - File /opt/airflow/dags/utils/helper.py assumed to contain no DAGs. Skipping.
[2023-09-29T21:53:53.226+0000] {processor.py:841} WARNING - No viable dags retrieved from /opt/airflow/dags/utils/helper.py
[2023-09-29T21:53:53.234+0000] {processor.py:179} INFO - Processing /opt/airflow/dags/utils/helper.py took 0.013 seconds
[2023-09-29T21:54:23.397+0000] {processor.py:157} INFO - Started process (PID=1179) to work on /opt/airflow/dags/utils/helper.py
[2023-09-29T21:54:23.398+0000] {processor.py:829} INFO - Processing file /opt/airflow/dags/utils/helper.py for tasks to queue
[2023-09-29T21:54:23.399+0000] {logging_mixin.py:151} INFO - [2023-09-29T21:54:23.399+0000] {dagbag.py:539} INFO - Filling up the DagBag from /opt/airflow/dags/utils/helper.py
[2023-09-29T21:54:23.400+0000] {logging_mixin.py:151} INFO - [2023-09-29T21:54:23.400+0000] {dagbag.py:324} INFO - File /opt/airflow/dags/utils/helper.py assumed to contain no DAGs. Skipping.
[2023-09-29T21:54:23.400+0000] {processor.py:841} WARNING - No viable dags retrieved from /opt/airflow/dags/utils/helper.py
[2023-09-29T21:54:23.410+0000] {processor.py:179} INFO - Processing /opt/airflow/dags/utils/helper.py took 0.018 seconds
[2023-09-29T21:54:53.577+0000] {processor.py:157} INFO - Started process (PID=1189) to work on /opt/airflow/dags/utils/helper.py
[2023-09-29T21:54:53.578+0000] {processor.py:829} INFO - Processing file /opt/airflow/dags/utils/helper.py for tasks to queue
[2023-09-29T21:54:53.579+0000] {logging_mixin.py:151} INFO - [2023-09-29T21:54:53.578+0000] {dagbag.py:539} INFO - Filling up the DagBag from /opt/airflow/dags/utils/helper.py
[2023-09-29T21:54:53.579+0000] {logging_mixin.py:151} INFO - [2023-09-29T21:54:53.579+0000] {dagbag.py:324} INFO - File /opt/airflow/dags/utils/helper.py assumed to contain no DAGs. Skipping.
[2023-09-29T21:54:53.580+0000] {processor.py:841} WARNING - No viable dags retrieved from /opt/airflow/dags/utils/helper.py
[2023-09-29T21:54:53.592+0000] {processor.py:179} INFO - Processing /opt/airflow/dags/utils/helper.py took 0.020 seconds
[2023-09-29T21:55:23.747+0000] {processor.py:157} INFO - Started process (PID=1199) to work on /opt/airflow/dags/utils/helper.py
[2023-09-29T21:55:23.748+0000] {processor.py:829} INFO - Processing file /opt/airflow/dags/utils/helper.py for tasks to queue
[2023-09-29T21:55:23.749+0000] {logging_mixin.py:151} INFO - [2023-09-29T21:55:23.749+0000] {dagbag.py:539} INFO - Filling up the DagBag from /opt/airflow/dags/utils/helper.py
[2023-09-29T21:55:23.751+0000] {logging_mixin.py:151} INFO - [2023-09-29T21:55:23.751+0000] {dagbag.py:324} INFO - File /opt/airflow/dags/utils/helper.py assumed to contain no DAGs. Skipping.
[2023-09-29T21:55:23.751+0000] {processor.py:841} WARNING - No viable dags retrieved from /opt/airflow/dags/utils/helper.py
[2023-09-29T21:55:23.763+0000] {processor.py:179} INFO - Processing /opt/airflow/dags/utils/helper.py took 0.022 seconds
[2023-09-29T21:55:49.904+0000] {processor.py:157} INFO - Started process (PID=1209) to work on /opt/airflow/dags/utils/helper.py
[2023-09-29T21:55:49.905+0000] {processor.py:829} INFO - Processing file /opt/airflow/dags/utils/helper.py for tasks to queue
[2023-09-29T21:55:49.906+0000] {logging_mixin.py:151} INFO - [2023-09-29T21:55:49.905+0000] {dagbag.py:539} INFO - Filling up the DagBag from /opt/airflow/dags/utils/helper.py
[2023-09-29T21:55:49.908+0000] {logging_mixin.py:151} INFO - [2023-09-29T21:55:49.908+0000] {dagbag.py:324} INFO - File /opt/airflow/dags/utils/helper.py assumed to contain no DAGs. Skipping.
[2023-09-29T21:55:49.908+0000] {processor.py:841} WARNING - No viable dags retrieved from /opt/airflow/dags/utils/helper.py
[2023-09-29T21:55:49.917+0000] {processor.py:179} INFO - Processing /opt/airflow/dags/utils/helper.py took 0.019 seconds
[2023-09-29T21:56:20.056+0000] {processor.py:157} INFO - Started process (PID=1217) to work on /opt/airflow/dags/utils/helper.py
[2023-09-29T21:56:20.057+0000] {processor.py:829} INFO - Processing file /opt/airflow/dags/utils/helper.py for tasks to queue
[2023-09-29T21:56:20.057+0000] {logging_mixin.py:151} INFO - [2023-09-29T21:56:20.057+0000] {dagbag.py:539} INFO - Filling up the DagBag from /opt/airflow/dags/utils/helper.py
[2023-09-29T21:56:20.058+0000] {logging_mixin.py:151} INFO - [2023-09-29T21:56:20.058+0000] {dagbag.py:324} INFO - File /opt/airflow/dags/utils/helper.py assumed to contain no DAGs. Skipping.
[2023-09-29T21:56:20.058+0000] {processor.py:841} WARNING - No viable dags retrieved from /opt/airflow/dags/utils/helper.py
[2023-09-29T21:56:20.067+0000] {processor.py:179} INFO - Processing /opt/airflow/dags/utils/helper.py took 0.014 seconds
