[2023-09-16T17:00:04.587+0000] {taskinstance.py:1157} INFO - Dependencies all met for dep_context=non-requeueable deps ti=<TaskInstance: ETL_Pipeline.transform_data scheduled__2023-09-16T16:00:00+00:00 [queued]>
[2023-09-16T17:00:04.593+0000] {taskinstance.py:1157} INFO - Dependencies all met for dep_context=requeueable deps ti=<TaskInstance: ETL_Pipeline.transform_data scheduled__2023-09-16T16:00:00+00:00 [queued]>
[2023-09-16T17:00:04.593+0000] {taskinstance.py:1359} INFO - Starting attempt 1 of 2
[2023-09-16T17:00:04.604+0000] {taskinstance.py:1380} INFO - Executing <Task(PythonOperator): transform_data> on 2023-09-16 16:00:00+00:00
[2023-09-16T17:00:04.609+0000] {standard_task_runner.py:57} INFO - Started process 541 to run task
[2023-09-16T17:00:04.611+0000] {standard_task_runner.py:84} INFO - Running: ['***', 'tasks', 'run', 'ETL_Pipeline', 'transform_data', 'scheduled__2023-09-16T16:00:00+00:00', '--job-id', '5125', '--raw', '--subdir', 'DAGS_FOLDER/my_first_dag.py', '--cfg-path', '/tmp/tmpryxhc0t4']
[2023-09-16T17:00:04.612+0000] {standard_task_runner.py:85} INFO - Job 5125: Subtask transform_data
[2023-09-16T17:00:04.643+0000] {task_command.py:415} INFO - Running <TaskInstance: ETL_Pipeline.transform_data scheduled__2023-09-16T16:00:00+00:00 [running]> on host 900e33937764
[2023-09-16T17:00:04.696+0000] {taskinstance.py:1660} INFO - Exporting env vars: AIRFLOW_CTX_DAG_OWNER='***' AIRFLOW_CTX_DAG_ID='ETL_Pipeline' AIRFLOW_CTX_TASK_ID='transform_data' AIRFLOW_CTX_EXECUTION_DATE='2023-09-16T16:00:00+00:00' AIRFLOW_CTX_TRY_NUMBER='1' AIRFLOW_CTX_DAG_RUN_ID='scheduled__2023-09-16T16:00:00+00:00'
[2023-09-16T17:00:04.700+0000] {logging_mixin.py:151} WARNING - Scraping Progress:   0%|          | 0/10 [00:00<?, ?it/s]
[2023-09-16T17:00:05.193+0000] {logging_mixin.py:151} WARNING - Scraping Progress:  10%|#         | 1/10 [00:00<00:04,  2.03it/s]
[2023-09-16T17:00:05.906+0000] {logging_mixin.py:151} WARNING - Scraping Progress:  20%|##        | 2/10 [00:01<00:04,  1.61it/s]
[2023-09-16T17:00:06.202+0000] {logging_mixin.py:151} WARNING - Scraping Progress:  30%|###       | 3/10 [00:01<00:03,  2.11it/s]
[2023-09-16T17:00:06.607+0000] {logging_mixin.py:151} WARNING - Scraping Progress:  40%|####      | 4/10 [00:01<00:02,  2.24it/s]
[2023-09-16T17:00:06.990+0000] {logging_mixin.py:151} WARNING - Scraping Progress:  50%|#####     | 5/10 [00:02<00:02,  2.36it/s]
[2023-09-16T17:00:07.391+0000] {logging_mixin.py:151} WARNING - Scraping Progress:  60%|######    | 6/10 [00:02<00:01,  2.40it/s]
[2023-09-16T17:00:07.805+0000] {logging_mixin.py:151} WARNING - Scraping Progress:  70%|#######   | 7/10 [00:03<00:01,  2.41it/s]
[2023-09-16T17:00:08.254+0000] {logging_mixin.py:151} WARNING - Scraping Progress:  80%|########  | 8/10 [00:03<00:00,  2.35it/s]
[2023-09-16T17:00:08.622+0000] {logging_mixin.py:151} WARNING - Scraping Progress:  90%|######### | 9/10 [00:03<00:00,  2.45it/s]
[2023-09-16T17:00:09.093+0000] {logging_mixin.py:151} WARNING - Scraping Progress: 100%|##########| 10/10 [00:04<00:00,  2.34it/s]
[2023-09-16T17:00:09.093+0000] {logging_mixin.py:151} WARNING - Scraping Progress: 100%|##########| 10/10 [00:04<00:00,  2.28it/s]
[2023-09-16T17:00:09.097+0000] {helper.py:40} INFO - Data is scraped and saved as a CSV file.
[2023-09-16T17:00:09.097+0000] {python.py:194} INFO - Done. Returned value was: None
[2023-09-16T17:00:09.103+0000] {taskinstance.py:1398} INFO - Marking task as SUCCESS. dag_id=ETL_Pipeline, task_id=transform_data, execution_date=20230916T160000, start_date=20230916T170004, end_date=20230916T170009
[2023-09-16T17:00:09.121+0000] {local_task_job_runner.py:228} INFO - Task exited with return code 0
[2023-09-16T17:00:09.132+0000] {taskinstance.py:2776} INFO - 0 downstream tasks scheduled from follow-on schedule check
