[2023-08-01T14:29:01.917+0000] {taskinstance.py:1103} INFO - Dependencies all met for dep_context=non-requeueable deps ti=<TaskInstance: ETL_Pipeline.transform_data scheduled__2023-08-01T14:28:00+00:00 [queued]>
[2023-08-01T14:29:01.924+0000] {taskinstance.py:1103} INFO - Dependencies all met for dep_context=requeueable deps ti=<TaskInstance: ETL_Pipeline.transform_data scheduled__2023-08-01T14:28:00+00:00 [queued]>
[2023-08-01T14:29:01.924+0000] {taskinstance.py:1308} INFO - Starting attempt 1 of 2
[2023-08-01T14:29:01.936+0000] {taskinstance.py:1327} INFO - Executing <Task(PythonOperator): transform_data> on 2023-08-01 14:28:00+00:00
[2023-08-01T14:29:01.943+0000] {standard_task_runner.py:57} INFO - Started process 1121 to run task
[2023-08-01T14:29:01.945+0000] {standard_task_runner.py:84} INFO - Running: ['***', 'tasks', 'run', 'ETL_Pipeline', 'transform_data', 'scheduled__2023-08-01T14:28:00+00:00', '--job-id', '4804', '--raw', '--subdir', 'DAGS_FOLDER/my_first_dag.py', '--cfg-path', '/tmp/tmpaal6rlb2']
[2023-08-01T14:29:01.946+0000] {standard_task_runner.py:85} INFO - Job 4804: Subtask transform_data
[2023-08-01T14:29:01.980+0000] {task_command.py:410} INFO - Running <TaskInstance: ETL_Pipeline.transform_data scheduled__2023-08-01T14:28:00+00:00 [running]> on host 794dc2638f7c
[2023-08-01T14:29:02.056+0000] {taskinstance.py:1547} INFO - Exporting env vars: AIRFLOW_CTX_DAG_OWNER='***' AIRFLOW_CTX_DAG_ID='ETL_Pipeline' AIRFLOW_CTX_TASK_ID='transform_data' AIRFLOW_CTX_EXECUTION_DATE='2023-08-01T14:28:00+00:00' AIRFLOW_CTX_TRY_NUMBER='1' AIRFLOW_CTX_DAG_RUN_ID='scheduled__2023-08-01T14:28:00+00:00'
[2023-08-01T14:29:02.060+0000] {logging_mixin.py:150} WARNING - Scraping Progress:   0%|          | 0/10 [00:00<?, ?it/s]
[2023-08-01T14:29:02.327+0000] {logging_mixin.py:150} WARNING - Scraping Progress:  10%|#         | 1/10 [00:00<00:02,  3.75it/s]
[2023-08-01T14:29:04.053+0000] {logging_mixin.py:150} WARNING - Scraping Progress:  20%|##        | 2/10 [00:01<00:08,  1.12s/it]
[2023-08-01T14:29:06.799+0000] {logging_mixin.py:150} WARNING - Scraping Progress:  30%|###       | 3/10 [00:04<00:13,  1.86s/it]
[2023-08-01T14:29:07.203+0000] {logging_mixin.py:150} WARNING - Scraping Progress:  40%|####      | 4/10 [00:05<00:07,  1.29s/it]
[2023-08-01T14:29:07.876+0000] {logging_mixin.py:150} WARNING - Scraping Progress:  50%|#####     | 5/10 [00:05<00:05,  1.07s/it]
[2023-08-01T14:29:09.778+0000] {logging_mixin.py:150} WARNING - Scraping Progress:  60%|######    | 6/10 [00:07<00:05,  1.35s/it]
[2023-08-01T14:29:10.367+0000] {logging_mixin.py:150} WARNING - Scraping Progress:  70%|#######   | 7/10 [00:08<00:03,  1.10s/it]
[2023-08-01T14:29:11.336+0000] {logging_mixin.py:150} WARNING - Scraping Progress:  80%|########  | 8/10 [00:09<00:02,  1.06s/it]
[2023-08-01T14:29:13.438+0000] {logging_mixin.py:150} WARNING - Scraping Progress:  90%|######### | 9/10 [00:11<00:01,  1.39s/it]
[2023-08-01T14:29:14.665+0000] {logging_mixin.py:150} WARNING - Scraping Progress: 100%|##########| 10/10 [00:12<00:00,  1.34s/it]
[2023-08-01T14:29:14.666+0000] {logging_mixin.py:150} WARNING - Scraping Progress: 100%|##########| 10/10 [00:12<00:00,  1.26s/it]
[2023-08-01T14:29:14.671+0000] {my_first_dag.py:45} INFO - Data is scraped and saved as a CSV file.
[2023-08-01T14:29:14.671+0000] {python.py:183} INFO - Done. Returned value was: dags/data/scraped_data.csv
[2023-08-01T14:29:14.707+0000] {taskinstance.py:1350} INFO - Marking task as SUCCESS. dag_id=ETL_Pipeline, task_id=transform_data, execution_date=20230801T142800, start_date=20230801T142901, end_date=20230801T142914
[2023-08-01T14:29:14.753+0000] {local_task_job_runner.py:225} INFO - Task exited with return code 0
[2023-08-01T14:29:14.781+0000] {taskinstance.py:2653} INFO - 1 downstream tasks scheduled from follow-on schedule check
