[2023-08-07T14:00:03.420+0000] {taskinstance.py:1103} INFO - Dependencies all met for dep_context=non-requeueable deps ti=<TaskInstance: ETL_Pipeline.transform_data scheduled__2023-08-07T13:00:00+00:00 [queued]>
[2023-08-07T14:00:03.430+0000] {taskinstance.py:1103} INFO - Dependencies all met for dep_context=requeueable deps ti=<TaskInstance: ETL_Pipeline.transform_data scheduled__2023-08-07T13:00:00+00:00 [queued]>
[2023-08-07T14:00:03.431+0000] {taskinstance.py:1308} INFO - Starting attempt 1 of 2
[2023-08-07T14:00:03.447+0000] {taskinstance.py:1327} INFO - Executing <Task(PythonOperator): transform_data> on 2023-08-07 13:00:00+00:00
[2023-08-07T14:00:03.453+0000] {standard_task_runner.py:57} INFO - Started process 1190 to run task
[2023-08-07T14:00:03.456+0000] {standard_task_runner.py:84} INFO - Running: ['***', 'tasks', 'run', 'ETL_Pipeline', 'transform_data', 'scheduled__2023-08-07T13:00:00+00:00', '--job-id', '5023', '--raw', '--subdir', 'DAGS_FOLDER/my_first_dag.py', '--cfg-path', '/tmp/tmpv16bik4a']
[2023-08-07T14:00:03.457+0000] {standard_task_runner.py:85} INFO - Job 5023: Subtask transform_data
[2023-08-07T14:00:03.493+0000] {task_command.py:410} INFO - Running <TaskInstance: ETL_Pipeline.transform_data scheduled__2023-08-07T13:00:00+00:00 [running]> on host 48849dae508a
[2023-08-07T14:00:03.635+0000] {taskinstance.py:1547} INFO - Exporting env vars: AIRFLOW_CTX_DAG_OWNER='***' AIRFLOW_CTX_DAG_ID='ETL_Pipeline' AIRFLOW_CTX_TASK_ID='transform_data' AIRFLOW_CTX_EXECUTION_DATE='2023-08-07T13:00:00+00:00' AIRFLOW_CTX_TRY_NUMBER='1' AIRFLOW_CTX_DAG_RUN_ID='scheduled__2023-08-07T13:00:00+00:00'
[2023-08-07T14:00:03.640+0000] {logging_mixin.py:150} WARNING - Scraping Progress:   0%|          | 0/10 [00:00<?, ?it/s]
[2023-08-07T14:00:06.565+0000] {logging_mixin.py:150} WARNING - Scraping Progress:  10%|#         | 1/10 [00:02<00:26,  2.92s/it]
[2023-08-07T14:00:07.937+0000] {logging_mixin.py:150} WARNING - Scraping Progress:  20%|##        | 2/10 [00:04<00:16,  2.01s/it]
[2023-08-07T14:00:10.265+0000] {logging_mixin.py:150} WARNING - Scraping Progress:  30%|###       | 3/10 [00:06<00:15,  2.16s/it]
[2023-08-07T14:00:11.507+0000] {logging_mixin.py:150} WARNING - Scraping Progress:  40%|####      | 4/10 [00:07<00:10,  1.79s/it]
[2023-08-07T14:00:14.469+0000] {logging_mixin.py:150} WARNING - Scraping Progress:  50%|#####     | 5/10 [00:10<00:11,  2.22s/it]
[2023-08-07T14:00:15.292+0000] {logging_mixin.py:150} WARNING - Scraping Progress:  60%|######    | 6/10 [00:11<00:06,  1.74s/it]
[2023-08-07T14:00:16.055+0000] {logging_mixin.py:150} WARNING - Scraping Progress:  70%|#######   | 7/10 [00:12<00:04,  1.42s/it]
[2023-08-07T14:00:17.428+0000] {logging_mixin.py:150} WARNING - Scraping Progress:  80%|########  | 8/10 [00:13<00:02,  1.41s/it]
[2023-08-07T14:00:18.251+0000] {logging_mixin.py:150} WARNING - Scraping Progress:  90%|######### | 9/10 [00:14<00:01,  1.22s/it]
[2023-08-07T14:00:20.277+0000] {logging_mixin.py:150} WARNING - Scraping Progress: 100%|##########| 10/10 [00:16<00:00,  1.47s/it]
[2023-08-07T14:00:20.277+0000] {logging_mixin.py:150} WARNING - Scraping Progress: 100%|##########| 10/10 [00:16<00:00,  1.66s/it]
[2023-08-07T14:00:20.280+0000] {my_first_dag.py:45} INFO - Data is scraped and saved as a CSV file.
[2023-08-07T14:00:20.281+0000] {python.py:183} INFO - Done. Returned value was: dags/data/scraped_data.csv
[2023-08-07T14:00:20.299+0000] {taskinstance.py:1350} INFO - Marking task as SUCCESS. dag_id=ETL_Pipeline, task_id=transform_data, execution_date=20230807T130000, start_date=20230807T140003, end_date=20230807T140020
[2023-08-07T14:00:20.331+0000] {local_task_job_runner.py:225} INFO - Task exited with return code 0
[2023-08-07T14:00:20.356+0000] {taskinstance.py:2653} INFO - 1 downstream tasks scheduled from follow-on schedule check
