[2023-08-01T16:05:07.855+0000] {taskinstance.py:1103} INFO - Dependencies all met for dep_context=non-requeueable deps ti=<TaskInstance: ETL_Pipeline.transform_data scheduled__2023-08-01T15:00:00+00:00 [queued]>
[2023-08-01T16:05:07.863+0000] {taskinstance.py:1103} INFO - Dependencies all met for dep_context=requeueable deps ti=<TaskInstance: ETL_Pipeline.transform_data scheduled__2023-08-01T15:00:00+00:00 [queued]>
[2023-08-01T16:05:07.863+0000] {taskinstance.py:1308} INFO - Starting attempt 2 of 2
[2023-08-01T16:05:07.875+0000] {taskinstance.py:1327} INFO - Executing <Task(PythonOperator): transform_data> on 2023-08-01 15:00:00+00:00
[2023-08-01T16:05:07.881+0000] {standard_task_runner.py:57} INFO - Started process 2734 to run task
[2023-08-01T16:05:07.884+0000] {standard_task_runner.py:84} INFO - Running: ['***', 'tasks', 'run', 'ETL_Pipeline', 'transform_data', 'scheduled__2023-08-01T15:00:00+00:00', '--job-id', '4817', '--raw', '--subdir', 'DAGS_FOLDER/my_first_dag.py', '--cfg-path', '/tmp/tmpcdl8yrg9']
[2023-08-01T16:05:07.885+0000] {standard_task_runner.py:85} INFO - Job 4817: Subtask transform_data
[2023-08-01T16:05:07.917+0000] {task_command.py:410} INFO - Running <TaskInstance: ETL_Pipeline.transform_data scheduled__2023-08-01T15:00:00+00:00 [running]> on host 794dc2638f7c
[2023-08-01T16:05:07.994+0000] {taskinstance.py:1547} INFO - Exporting env vars: AIRFLOW_CTX_DAG_OWNER='***' AIRFLOW_CTX_DAG_ID='ETL_Pipeline' AIRFLOW_CTX_TASK_ID='transform_data' AIRFLOW_CTX_EXECUTION_DATE='2023-08-01T15:00:00+00:00' AIRFLOW_CTX_TRY_NUMBER='2' AIRFLOW_CTX_DAG_RUN_ID='scheduled__2023-08-01T15:00:00+00:00'
[2023-08-01T16:05:07.997+0000] {logging_mixin.py:150} WARNING - Scraping Progress:   0%|          | 0/10 [00:00<?, ?it/s]
[2023-08-01T16:05:18.673+0000] {logging_mixin.py:150} WARNING - Scraping Progress:  10%|#         | 1/10 [00:10<01:36, 10.68s/it]
[2023-08-01T16:05:22.388+0000] {logging_mixin.py:150} WARNING - Scraping Progress:  20%|##        | 2/10 [00:14<00:52,  6.58s/it]
[2023-08-01T16:05:23.278+0000] {logging_mixin.py:150} WARNING - Scraping Progress:  30%|###       | 3/10 [00:15<00:27,  3.98s/it]
[2023-08-01T16:05:28.206+0000] {logging_mixin.py:150} WARNING - Scraping Progress:  40%|####      | 4/10 [00:20<00:26,  4.36s/it]
[2023-08-01T16:05:29.318+0000] {logging_mixin.py:150} WARNING - Scraping Progress:  50%|#####     | 5/10 [00:21<00:15,  3.19s/it]
[2023-08-01T16:05:30.335+0000] {logging_mixin.py:150} WARNING - Scraping Progress:  60%|######    | 6/10 [00:22<00:09,  2.45s/it]
[2023-08-01T16:05:38.329+0000] {logging_mixin.py:150} WARNING - Scraping Progress:  70%|#######   | 7/10 [00:30<00:12,  4.26s/it]
[2023-08-01T16:05:39.555+0000] {logging_mixin.py:150} WARNING - Scraping Progress:  80%|########  | 8/10 [00:31<00:06,  3.30s/it]
[2023-08-01T16:05:39.932+0000] {logging_mixin.py:150} WARNING - Scraping Progress:  90%|######### | 9/10 [00:31<00:02,  2.38s/it]
[2023-08-01T16:05:42.450+0000] {logging_mixin.py:150} WARNING - Scraping Progress: 100%|##########| 10/10 [00:34<00:00,  2.42s/it]
[2023-08-01T16:05:42.450+0000] {logging_mixin.py:150} WARNING - Scraping Progress: 100%|##########| 10/10 [00:34<00:00,  3.45s/it]
[2023-08-01T16:05:42.454+0000] {my_first_dag.py:45} INFO - Data is scraped and saved as a CSV file.
[2023-08-01T16:05:42.454+0000] {python.py:183} INFO - Done. Returned value was: dags/data/scraped_data.csv
[2023-08-01T16:05:42.472+0000] {taskinstance.py:1350} INFO - Marking task as SUCCESS. dag_id=ETL_Pipeline, task_id=transform_data, execution_date=20230801T150000, start_date=20230801T160507, end_date=20230801T160542
[2023-08-01T16:05:42.494+0000] {local_task_job_runner.py:225} INFO - Task exited with return code 0
[2023-08-01T16:05:42.516+0000] {taskinstance.py:2653} INFO - 1 downstream tasks scheduled from follow-on schedule check
