[2023-08-01T16:00:06.060+0000] {taskinstance.py:1103} INFO - Dependencies all met for dep_context=non-requeueable deps ti=<TaskInstance: ETL_Pipeline.transform_data scheduled__2023-08-01T15:00:00+00:00 [queued]>
[2023-08-01T16:00:06.067+0000] {taskinstance.py:1103} INFO - Dependencies all met for dep_context=requeueable deps ti=<TaskInstance: ETL_Pipeline.transform_data scheduled__2023-08-01T15:00:00+00:00 [queued]>
[2023-08-01T16:00:06.067+0000] {taskinstance.py:1308} INFO - Starting attempt 1 of 2
[2023-08-01T16:00:06.080+0000] {taskinstance.py:1327} INFO - Executing <Task(PythonOperator): transform_data> on 2023-08-01 15:00:00+00:00
[2023-08-01T16:00:06.086+0000] {standard_task_runner.py:57} INFO - Started process 2648 to run task
[2023-08-01T16:00:06.088+0000] {standard_task_runner.py:84} INFO - Running: ['***', 'tasks', 'run', 'ETL_Pipeline', 'transform_data', 'scheduled__2023-08-01T15:00:00+00:00', '--job-id', '4816', '--raw', '--subdir', 'DAGS_FOLDER/my_first_dag.py', '--cfg-path', '/tmp/tmp3qwex6a_']
[2023-08-01T16:00:06.090+0000] {standard_task_runner.py:85} INFO - Job 4816: Subtask transform_data
[2023-08-01T16:00:06.123+0000] {task_command.py:410} INFO - Running <TaskInstance: ETL_Pipeline.transform_data scheduled__2023-08-01T15:00:00+00:00 [running]> on host 794dc2638f7c
[2023-08-01T16:00:06.200+0000] {taskinstance.py:1547} INFO - Exporting env vars: AIRFLOW_CTX_DAG_OWNER='***' AIRFLOW_CTX_DAG_ID='ETL_Pipeline' AIRFLOW_CTX_TASK_ID='transform_data' AIRFLOW_CTX_EXECUTION_DATE='2023-08-01T15:00:00+00:00' AIRFLOW_CTX_TRY_NUMBER='1' AIRFLOW_CTX_DAG_RUN_ID='scheduled__2023-08-01T15:00:00+00:00'
[2023-08-01T16:00:06.203+0000] {logging_mixin.py:150} WARNING - Scraping Progress:   0%|          | 0/10 [00:00<?, ?it/s]
[2023-08-01T16:00:06.207+0000] {logging_mixin.py:150} WARNING - Scraping Progress:   0%|          | 0/10 [00:00<?, ?it/s]
[2023-08-01T16:00:06.207+0000] {taskinstance.py:1824} ERROR - Task failed with exception
Traceback (most recent call last):
  File "/home/airflow/.local/lib/python3.7/site-packages/airflow/operators/python.py", line 181, in execute
    return_value = self.execute_callable()
  File "/home/airflow/.local/lib/python3.7/site-packages/airflow/operators/python.py", line 198, in execute_callable
    return self.python_callable(*self.op_args, **self.op_kwargs)
  File "/opt/airflow/dags/my_first_dag.py", line 40, in transform_data
    data_list.append(scrape_data_from_url(url))
  File "/opt/airflow/dags/utils/scraper.py", line 8, in scrape_data_from_url
    article.parse()
  File "/home/airflow/.local/lib/python3.7/site-packages/newspaper/article.py", line 191, in parse
    self.throw_if_not_downloaded_verbose()
  File "/home/airflow/.local/lib/python3.7/site-packages/newspaper/article.py", line 532, in throw_if_not_downloaded_verbose
    (self.download_exception_msg, self.url))
newspaper.article.ArticleException: Article `download()` failed with HTTPSConnectionPool(host='www.prothomalo.com', port=443): Max retries exceeded with url: /business/egkvb1ptqt (Caused by NewConnectionError('<urllib3.connection.HTTPSConnection object at 0x7fdceca34550>: Failed to establish a new connection: [Errno -3] Temporary failure in name resolution')) on URL https://www.prothomalo.com/business/egkvb1ptqt
[2023-08-01T16:00:06.213+0000] {taskinstance.py:1350} INFO - Marking task as UP_FOR_RETRY. dag_id=ETL_Pipeline, task_id=transform_data, execution_date=20230801T150000, start_date=20230801T160006, end_date=20230801T160006
[2023-08-01T16:00:06.223+0000] {standard_task_runner.py:109} ERROR - Failed to execute job 4816 for task transform_data (Article `download()` failed with HTTPSConnectionPool(host='www.prothomalo.com', port=443): Max retries exceeded with url: /business/egkvb1ptqt (Caused by NewConnectionError('<urllib3.connection.HTTPSConnection object at 0x7fdceca34550>: Failed to establish a new connection: [Errno -3] Temporary failure in name resolution')) on URL https://www.prothomalo.com/business/egkvb1ptqt; 2648)
[2023-08-01T16:00:06.260+0000] {local_task_job_runner.py:225} INFO - Task exited with return code 1
[2023-08-01T16:00:06.295+0000] {taskinstance.py:2653} INFO - 0 downstream tasks scheduled from follow-on schedule check
