[2023-08-03T11:00:03.084+0000] {taskinstance.py:1103} INFO - Dependencies all met for dep_context=non-requeueable deps ti=<TaskInstance: ETL_Pipeline.transform_data scheduled__2023-08-03T10:00:00+00:00 [queued]>
[2023-08-03T11:00:03.092+0000] {taskinstance.py:1103} INFO - Dependencies all met for dep_context=requeueable deps ti=<TaskInstance: ETL_Pipeline.transform_data scheduled__2023-08-03T10:00:00+00:00 [queued]>
[2023-08-03T11:00:03.092+0000] {taskinstance.py:1308} INFO - Starting attempt 1 of 2
[2023-08-03T11:00:03.106+0000] {taskinstance.py:1327} INFO - Executing <Task(PythonOperator): transform_data> on 2023-08-03 10:00:00+00:00
[2023-08-03T11:00:03.112+0000] {standard_task_runner.py:57} INFO - Started process 3194 to run task
[2023-08-03T11:00:03.115+0000] {standard_task_runner.py:84} INFO - Running: ['***', 'tasks', 'run', 'ETL_Pipeline', 'transform_data', 'scheduled__2023-08-03T10:00:00+00:00', '--job-id', '4847', '--raw', '--subdir', 'DAGS_FOLDER/my_first_dag.py', '--cfg-path', '/tmp/tmpg_b_r_sy']
[2023-08-03T11:00:03.117+0000] {standard_task_runner.py:85} INFO - Job 4847: Subtask transform_data
[2023-08-03T11:00:03.152+0000] {task_command.py:410} INFO - Running <TaskInstance: ETL_Pipeline.transform_data scheduled__2023-08-03T10:00:00+00:00 [running]> on host 794dc2638f7c
[2023-08-03T11:00:03.240+0000] {taskinstance.py:1547} INFO - Exporting env vars: AIRFLOW_CTX_DAG_OWNER='***' AIRFLOW_CTX_DAG_ID='ETL_Pipeline' AIRFLOW_CTX_TASK_ID='transform_data' AIRFLOW_CTX_EXECUTION_DATE='2023-08-03T10:00:00+00:00' AIRFLOW_CTX_TRY_NUMBER='1' AIRFLOW_CTX_DAG_RUN_ID='scheduled__2023-08-03T10:00:00+00:00'
[2023-08-03T11:00:03.246+0000] {logging_mixin.py:150} WARNING - Scraping Progress:   0%|          | 0/10 [00:00<?, ?it/s]
[2023-08-03T11:00:05.826+0000] {logging_mixin.py:150} WARNING - Scraping Progress:  10%|#         | 1/10 [00:02<00:23,  2.58s/it]
[2023-08-03T11:00:07.327+0000] {logging_mixin.py:150} WARNING - Scraping Progress:  20%|##        | 2/10 [00:04<00:15,  1.95s/it]
[2023-08-03T11:00:08.186+0000] {logging_mixin.py:150} WARNING - Scraping Progress:  30%|###       | 3/10 [00:04<00:10,  1.45s/it]
[2023-08-03T11:00:08.852+0000] {logging_mixin.py:150} WARNING - Scraping Progress:  40%|####      | 4/10 [00:05<00:06,  1.14s/it]
[2023-08-03T11:00:09.419+0000] {logging_mixin.py:150} WARNING - Scraping Progress:  50%|#####     | 5/10 [00:06<00:04,  1.07it/s]
[2023-08-03T11:00:10.105+0000] {logging_mixin.py:150} WARNING - Scraping Progress:  60%|######    | 6/10 [00:06<00:03,  1.18it/s]
[2023-08-03T11:00:10.764+0000] {logging_mixin.py:150} WARNING - Scraping Progress:  70%|#######   | 7/10 [00:07<00:02,  1.27it/s]
[2023-08-03T11:00:11.446+0000] {logging_mixin.py:150} WARNING - Scraping Progress:  80%|########  | 8/10 [00:08<00:01,  1.33it/s]
[2023-08-03T11:00:12.035+0000] {logging_mixin.py:150} WARNING - Scraping Progress:  90%|######### | 9/10 [00:08<00:00,  1.42it/s]
[2023-08-03T11:00:13.187+0000] {logging_mixin.py:150} WARNING - Scraping Progress: 100%|##########| 10/10 [00:09<00:00,  1.19it/s]
[2023-08-03T11:00:13.187+0000] {logging_mixin.py:150} WARNING - Scraping Progress: 100%|##########| 10/10 [00:09<00:00,  1.01it/s]
[2023-08-03T11:00:13.192+0000] {my_first_dag.py:45} INFO - Data is scraped and saved as a CSV file.
[2023-08-03T11:00:13.192+0000] {python.py:183} INFO - Done. Returned value was: dags/data/scraped_data.csv
[2023-08-03T11:00:13.227+0000] {taskinstance.py:1350} INFO - Marking task as SUCCESS. dag_id=ETL_Pipeline, task_id=transform_data, execution_date=20230803T100000, start_date=20230803T110003, end_date=20230803T110013
[2023-08-03T11:00:13.267+0000] {local_task_job_runner.py:225} INFO - Task exited with return code 0
[2023-08-03T11:00:13.291+0000] {taskinstance.py:2653} INFO - 1 downstream tasks scheduled from follow-on schedule check
