[2023-08-03T13:00:02.036+0000] {taskinstance.py:1103} INFO - Dependencies all met for dep_context=non-requeueable deps ti=<TaskInstance: ETL_Pipeline.transform_data scheduled__2023-08-03T12:00:00+00:00 [queued]>
[2023-08-03T13:00:02.047+0000] {taskinstance.py:1103} INFO - Dependencies all met for dep_context=requeueable deps ti=<TaskInstance: ETL_Pipeline.transform_data scheduled__2023-08-03T12:00:00+00:00 [queued]>
[2023-08-03T13:00:02.047+0000] {taskinstance.py:1308} INFO - Starting attempt 1 of 2
[2023-08-03T13:00:02.063+0000] {taskinstance.py:1327} INFO - Executing <Task(PythonOperator): transform_data> on 2023-08-03 12:00:00+00:00
[2023-08-03T13:00:02.070+0000] {standard_task_runner.py:57} INFO - Started process 5140 to run task
[2023-08-03T13:00:02.073+0000] {standard_task_runner.py:84} INFO - Running: ['***', 'tasks', 'run', 'ETL_Pipeline', 'transform_data', 'scheduled__2023-08-03T12:00:00+00:00', '--job-id', '4855', '--raw', '--subdir', 'DAGS_FOLDER/my_first_dag.py', '--cfg-path', '/tmp/tmp2nfzmz_p']
[2023-08-03T13:00:02.074+0000] {standard_task_runner.py:85} INFO - Job 4855: Subtask transform_data
[2023-08-03T13:00:02.109+0000] {task_command.py:410} INFO - Running <TaskInstance: ETL_Pipeline.transform_data scheduled__2023-08-03T12:00:00+00:00 [running]> on host 794dc2638f7c
[2023-08-03T13:00:02.189+0000] {taskinstance.py:1547} INFO - Exporting env vars: AIRFLOW_CTX_DAG_OWNER='***' AIRFLOW_CTX_DAG_ID='ETL_Pipeline' AIRFLOW_CTX_TASK_ID='transform_data' AIRFLOW_CTX_EXECUTION_DATE='2023-08-03T12:00:00+00:00' AIRFLOW_CTX_TRY_NUMBER='1' AIRFLOW_CTX_DAG_RUN_ID='scheduled__2023-08-03T12:00:00+00:00'
[2023-08-03T13:00:02.193+0000] {logging_mixin.py:150} WARNING - Scraping Progress:   0%|          | 0/10 [00:00<?, ?it/s]
[2023-08-03T13:00:03.024+0000] {logging_mixin.py:150} WARNING - Scraping Progress:  10%|#         | 1/10 [00:00<00:07,  1.20it/s]
[2023-08-03T13:00:05.575+0000] {logging_mixin.py:150} WARNING - Scraping Progress:  20%|##        | 2/10 [00:03<00:14,  1.84s/it]
[2023-08-03T13:00:07.178+0000] {logging_mixin.py:150} WARNING - Scraping Progress:  30%|###       | 3/10 [00:04<00:12,  1.73s/it]
[2023-08-03T13:00:08.018+0000] {logging_mixin.py:150} WARNING - Scraping Progress:  40%|####      | 4/10 [00:05<00:08,  1.38s/it]
[2023-08-03T13:00:09.748+0000] {logging_mixin.py:150} WARNING - Scraping Progress:  50%|#####     | 5/10 [00:07<00:07,  1.51s/it]
[2023-08-03T13:00:10.494+0000] {logging_mixin.py:150} WARNING - Scraping Progress:  60%|######    | 6/10 [00:08<00:04,  1.25s/it]
[2023-08-03T13:00:13.221+0000] {logging_mixin.py:150} WARNING - Scraping Progress:  70%|#######   | 7/10 [00:11<00:05,  1.73s/it]
[2023-08-03T13:00:14.275+0000] {logging_mixin.py:150} WARNING - Scraping Progress:  80%|########  | 8/10 [00:12<00:03,  1.52s/it]
[2023-08-03T13:00:14.678+0000] {logging_mixin.py:150} WARNING - Scraping Progress:  90%|######### | 9/10 [00:12<00:01,  1.17s/it]
[2023-08-03T13:00:15.400+0000] {logging_mixin.py:150} WARNING - Scraping Progress: 100%|##########| 10/10 [00:13<00:00,  1.03s/it]
[2023-08-03T13:00:15.401+0000] {logging_mixin.py:150} WARNING - Scraping Progress: 100%|##########| 10/10 [00:13<00:00,  1.32s/it]
[2023-08-03T13:00:15.404+0000] {my_first_dag.py:45} INFO - Data is scraped and saved as a CSV file.
[2023-08-03T13:00:15.404+0000] {python.py:183} INFO - Done. Returned value was: dags/data/scraped_data.csv
[2023-08-03T13:00:15.425+0000] {taskinstance.py:1350} INFO - Marking task as SUCCESS. dag_id=ETL_Pipeline, task_id=transform_data, execution_date=20230803T120000, start_date=20230803T130002, end_date=20230803T130015
[2023-08-03T13:00:15.455+0000] {local_task_job_runner.py:225} INFO - Task exited with return code 0
[2023-08-03T13:00:15.479+0000] {taskinstance.py:2653} INFO - 1 downstream tasks scheduled from follow-on schedule check
