[2023-08-08T10:51:25.432+0000] {processor.py:157} INFO - Started process (PID=30) to work on /opt/airflow/dags/my_first_dag.py
[2023-08-08T10:51:25.433+0000] {processor.py:826} INFO - Processing file /opt/airflow/dags/my_first_dag.py for tasks to queue
[2023-08-08T10:51:25.434+0000] {logging_mixin.py:150} INFO - [2023-08-08T10:51:25.433+0000] {dagbag.py:541} INFO - Filling up the DagBag from /opt/airflow/dags/my_first_dag.py
[2023-08-08T10:51:27.171+0000] {processor.py:836} INFO - DAG(s) dict_keys(['ETL_Pipeline']) retrieved from /opt/airflow/dags/my_first_dag.py
[2023-08-08T10:51:27.241+0000] {logging_mixin.py:150} INFO - [2023-08-08T10:51:27.240+0000] {dag.py:2742} INFO - Sync 1 DAGs
[2023-08-08T10:51:27.279+0000] {logging_mixin.py:150} INFO - [2023-08-08T10:51:27.278+0000] {dag.py:3508} INFO - Setting next_dagrun for ETL_Pipeline to 2023-08-08T10:00:00+00:00, run_after=2023-08-08T11:00:00+00:00
[2023-08-08T10:51:27.330+0000] {processor.py:179} INFO - Processing /opt/airflow/dags/my_first_dag.py took 1.901 seconds
[2023-08-08T10:51:57.514+0000] {processor.py:157} INFO - Started process (PID=46) to work on /opt/airflow/dags/my_first_dag.py
[2023-08-08T10:51:57.516+0000] {processor.py:826} INFO - Processing file /opt/airflow/dags/my_first_dag.py for tasks to queue
[2023-08-08T10:51:57.517+0000] {logging_mixin.py:150} INFO - [2023-08-08T10:51:57.516+0000] {dagbag.py:541} INFO - Filling up the DagBag from /opt/airflow/dags/my_first_dag.py
[2023-08-08T10:51:58.017+0000] {processor.py:836} INFO - DAG(s) dict_keys(['ETL_Pipeline']) retrieved from /opt/airflow/dags/my_first_dag.py
[2023-08-08T10:51:58.037+0000] {logging_mixin.py:150} INFO - [2023-08-08T10:51:58.036+0000] {dag.py:2742} INFO - Sync 1 DAGs
[2023-08-08T10:51:58.058+0000] {logging_mixin.py:150} INFO - [2023-08-08T10:51:58.057+0000] {dag.py:3508} INFO - Setting next_dagrun for ETL_Pipeline to 2023-08-08T10:00:00+00:00, run_after=2023-08-08T11:00:00+00:00
[2023-08-08T10:51:58.071+0000] {processor.py:179} INFO - Processing /opt/airflow/dags/my_first_dag.py took 0.562 seconds
[2023-08-08T10:52:28.256+0000] {processor.py:157} INFO - Started process (PID=58) to work on /opt/airflow/dags/my_first_dag.py
[2023-08-08T10:52:28.256+0000] {processor.py:826} INFO - Processing file /opt/airflow/dags/my_first_dag.py for tasks to queue
[2023-08-08T10:52:28.257+0000] {logging_mixin.py:150} INFO - [2023-08-08T10:52:28.257+0000] {dagbag.py:541} INFO - Filling up the DagBag from /opt/airflow/dags/my_first_dag.py
[2023-08-08T10:52:29.002+0000] {processor.py:836} INFO - DAG(s) dict_keys(['ETL_Pipeline']) retrieved from /opt/airflow/dags/my_first_dag.py
[2023-08-08T10:52:29.034+0000] {logging_mixin.py:150} INFO - [2023-08-08T10:52:29.033+0000] {dag.py:2742} INFO - Sync 1 DAGs
[2023-08-08T10:52:29.062+0000] {logging_mixin.py:150} INFO - [2023-08-08T10:52:29.062+0000] {dag.py:3508} INFO - Setting next_dagrun for ETL_Pipeline to 2023-08-08T10:00:00+00:00, run_after=2023-08-08T11:00:00+00:00
[2023-08-08T10:52:29.079+0000] {processor.py:179} INFO - Processing /opt/airflow/dags/my_first_dag.py took 0.826 seconds
[2023-08-08T10:52:59.223+0000] {processor.py:157} INFO - Started process (PID=70) to work on /opt/airflow/dags/my_first_dag.py
[2023-08-08T10:52:59.223+0000] {processor.py:826} INFO - Processing file /opt/airflow/dags/my_first_dag.py for tasks to queue
[2023-08-08T10:52:59.224+0000] {logging_mixin.py:150} INFO - [2023-08-08T10:52:59.223+0000] {dagbag.py:541} INFO - Filling up the DagBag from /opt/airflow/dags/my_first_dag.py
[2023-08-08T10:52:59.766+0000] {processor.py:836} INFO - DAG(s) dict_keys(['ETL_Pipeline']) retrieved from /opt/airflow/dags/my_first_dag.py
[2023-08-08T10:52:59.784+0000] {logging_mixin.py:150} INFO - [2023-08-08T10:52:59.784+0000] {dag.py:2742} INFO - Sync 1 DAGs
[2023-08-08T10:52:59.804+0000] {logging_mixin.py:150} INFO - [2023-08-08T10:52:59.804+0000] {dag.py:3508} INFO - Setting next_dagrun for ETL_Pipeline to 2023-08-08T10:00:00+00:00, run_after=2023-08-08T11:00:00+00:00
[2023-08-08T10:52:59.818+0000] {processor.py:179} INFO - Processing /opt/airflow/dags/my_first_dag.py took 0.598 seconds
[2023-08-08T10:53:30.079+0000] {processor.py:157} INFO - Started process (PID=83) to work on /opt/airflow/dags/my_first_dag.py
[2023-08-08T10:53:30.080+0000] {processor.py:826} INFO - Processing file /opt/airflow/dags/my_first_dag.py for tasks to queue
[2023-08-08T10:53:30.080+0000] {logging_mixin.py:150} INFO - [2023-08-08T10:53:30.080+0000] {dagbag.py:541} INFO - Filling up the DagBag from /opt/airflow/dags/my_first_dag.py
[2023-08-08T10:53:30.581+0000] {processor.py:836} INFO - DAG(s) dict_keys(['ETL_Pipeline']) retrieved from /opt/airflow/dags/my_first_dag.py
[2023-08-08T10:53:30.602+0000] {logging_mixin.py:150} INFO - [2023-08-08T10:53:30.602+0000] {dag.py:2742} INFO - Sync 1 DAGs
[2023-08-08T10:53:30.624+0000] {logging_mixin.py:150} INFO - [2023-08-08T10:53:30.624+0000] {dag.py:3508} INFO - Setting next_dagrun for ETL_Pipeline to 2023-08-08T10:00:00+00:00, run_after=2023-08-08T11:00:00+00:00
[2023-08-08T10:53:30.646+0000] {processor.py:179} INFO - Processing /opt/airflow/dags/my_first_dag.py took 0.572 seconds
[2023-08-08T10:54:00.803+0000] {processor.py:157} INFO - Started process (PID=96) to work on /opt/airflow/dags/my_first_dag.py
[2023-08-08T10:54:00.804+0000] {processor.py:826} INFO - Processing file /opt/airflow/dags/my_first_dag.py for tasks to queue
[2023-08-08T10:54:00.804+0000] {logging_mixin.py:150} INFO - [2023-08-08T10:54:00.804+0000] {dagbag.py:541} INFO - Filling up the DagBag from /opt/airflow/dags/my_first_dag.py
[2023-08-08T10:54:01.467+0000] {processor.py:836} INFO - DAG(s) dict_keys(['ETL_Pipeline']) retrieved from /opt/airflow/dags/my_first_dag.py
[2023-08-08T10:54:01.499+0000] {logging_mixin.py:150} INFO - [2023-08-08T10:54:01.498+0000] {dag.py:2742} INFO - Sync 1 DAGs
[2023-08-08T10:54:01.641+0000] {logging_mixin.py:150} INFO - [2023-08-08T10:54:01.640+0000] {dag.py:3508} INFO - Setting next_dagrun for ETL_Pipeline to 2023-08-08T10:00:00+00:00, run_after=2023-08-08T11:00:00+00:00
[2023-08-08T10:54:01.666+0000] {processor.py:179} INFO - Processing /opt/airflow/dags/my_first_dag.py took 0.866 seconds
[2023-08-08T10:54:31.820+0000] {processor.py:157} INFO - Started process (PID=108) to work on /opt/airflow/dags/my_first_dag.py
[2023-08-08T10:54:31.822+0000] {processor.py:826} INFO - Processing file /opt/airflow/dags/my_first_dag.py for tasks to queue
[2023-08-08T10:54:31.823+0000] {logging_mixin.py:150} INFO - [2023-08-08T10:54:31.822+0000] {dagbag.py:541} INFO - Filling up the DagBag from /opt/airflow/dags/my_first_dag.py
[2023-08-08T10:54:32.220+0000] {processor.py:836} INFO - DAG(s) dict_keys(['ETL_Pipeline']) retrieved from /opt/airflow/dags/my_first_dag.py
[2023-08-08T10:54:32.241+0000] {logging_mixin.py:150} INFO - [2023-08-08T10:54:32.240+0000] {dag.py:2742} INFO - Sync 1 DAGs
[2023-08-08T10:54:32.348+0000] {logging_mixin.py:150} INFO - [2023-08-08T10:54:32.348+0000] {dag.py:3508} INFO - Setting next_dagrun for ETL_Pipeline to 2023-08-08T10:00:00+00:00, run_after=2023-08-08T11:00:00+00:00
[2023-08-08T10:54:32.361+0000] {processor.py:179} INFO - Processing /opt/airflow/dags/my_first_dag.py took 0.547 seconds
[2023-08-08T10:55:02.528+0000] {processor.py:157} INFO - Started process (PID=120) to work on /opt/airflow/dags/my_first_dag.py
[2023-08-08T10:55:02.529+0000] {processor.py:826} INFO - Processing file /opt/airflow/dags/my_first_dag.py for tasks to queue
[2023-08-08T10:55:02.530+0000] {logging_mixin.py:150} INFO - [2023-08-08T10:55:02.530+0000] {dagbag.py:541} INFO - Filling up the DagBag from /opt/airflow/dags/my_first_dag.py
[2023-08-08T10:55:02.927+0000] {processor.py:836} INFO - DAG(s) dict_keys(['ETL_Pipeline']) retrieved from /opt/airflow/dags/my_first_dag.py
[2023-08-08T10:55:02.948+0000] {logging_mixin.py:150} INFO - [2023-08-08T10:55:02.947+0000] {dag.py:2742} INFO - Sync 1 DAGs
[2023-08-08T10:55:02.967+0000] {logging_mixin.py:150} INFO - [2023-08-08T10:55:02.967+0000] {dag.py:3508} INFO - Setting next_dagrun for ETL_Pipeline to 2023-08-08T10:00:00+00:00, run_after=2023-08-08T11:00:00+00:00
[2023-08-08T10:55:02.981+0000] {processor.py:179} INFO - Processing /opt/airflow/dags/my_first_dag.py took 0.459 seconds
[2023-08-08T10:55:33.099+0000] {processor.py:157} INFO - Started process (PID=132) to work on /opt/airflow/dags/my_first_dag.py
[2023-08-08T10:55:33.100+0000] {processor.py:826} INFO - Processing file /opt/airflow/dags/my_first_dag.py for tasks to queue
[2023-08-08T10:55:33.100+0000] {logging_mixin.py:150} INFO - [2023-08-08T10:55:33.100+0000] {dagbag.py:541} INFO - Filling up the DagBag from /opt/airflow/dags/my_first_dag.py
[2023-08-08T10:55:33.490+0000] {processor.py:836} INFO - DAG(s) dict_keys(['ETL_Pipeline']) retrieved from /opt/airflow/dags/my_first_dag.py
[2023-08-08T10:55:33.509+0000] {logging_mixin.py:150} INFO - [2023-08-08T10:55:33.509+0000] {dag.py:2742} INFO - Sync 1 DAGs
[2023-08-08T10:55:33.528+0000] {logging_mixin.py:150} INFO - [2023-08-08T10:55:33.528+0000] {dag.py:3508} INFO - Setting next_dagrun for ETL_Pipeline to 2023-08-08T10:00:00+00:00, run_after=2023-08-08T11:00:00+00:00
[2023-08-08T10:55:33.541+0000] {processor.py:179} INFO - Processing /opt/airflow/dags/my_first_dag.py took 0.443 seconds
[2023-08-08T10:56:03.707+0000] {processor.py:157} INFO - Started process (PID=145) to work on /opt/airflow/dags/my_first_dag.py
[2023-08-08T10:56:03.707+0000] {processor.py:826} INFO - Processing file /opt/airflow/dags/my_first_dag.py for tasks to queue
[2023-08-08T10:56:03.708+0000] {logging_mixin.py:150} INFO - [2023-08-08T10:56:03.708+0000] {dagbag.py:541} INFO - Filling up the DagBag from /opt/airflow/dags/my_first_dag.py
[2023-08-08T10:56:04.161+0000] {processor.py:836} INFO - DAG(s) dict_keys(['ETL_Pipeline']) retrieved from /opt/airflow/dags/my_first_dag.py
[2023-08-08T10:56:04.182+0000] {logging_mixin.py:150} INFO - [2023-08-08T10:56:04.181+0000] {dag.py:2742} INFO - Sync 1 DAGs
[2023-08-08T10:56:04.201+0000] {logging_mixin.py:150} INFO - [2023-08-08T10:56:04.201+0000] {dag.py:3508} INFO - Setting next_dagrun for ETL_Pipeline to 2023-08-08T10:00:00+00:00, run_after=2023-08-08T11:00:00+00:00
[2023-08-08T10:56:04.216+0000] {processor.py:179} INFO - Processing /opt/airflow/dags/my_first_dag.py took 0.511 seconds
[2023-08-08T10:56:34.413+0000] {processor.py:157} INFO - Started process (PID=157) to work on /opt/airflow/dags/my_first_dag.py
[2023-08-08T10:56:34.416+0000] {processor.py:826} INFO - Processing file /opt/airflow/dags/my_first_dag.py for tasks to queue
[2023-08-08T10:56:34.417+0000] {logging_mixin.py:150} INFO - [2023-08-08T10:56:34.416+0000] {dagbag.py:541} INFO - Filling up the DagBag from /opt/airflow/dags/my_first_dag.py
[2023-08-08T10:56:34.819+0000] {processor.py:836} INFO - DAG(s) dict_keys(['ETL_Pipeline']) retrieved from /opt/airflow/dags/my_first_dag.py
[2023-08-08T10:56:34.841+0000] {logging_mixin.py:150} INFO - [2023-08-08T10:56:34.840+0000] {dag.py:2742} INFO - Sync 1 DAGs
[2023-08-08T10:56:34.863+0000] {logging_mixin.py:150} INFO - [2023-08-08T10:56:34.863+0000] {dag.py:3508} INFO - Setting next_dagrun for ETL_Pipeline to 2023-08-08T10:00:00+00:00, run_after=2023-08-08T11:00:00+00:00
[2023-08-08T10:56:34.955+0000] {processor.py:179} INFO - Processing /opt/airflow/dags/my_first_dag.py took 0.547 seconds
[2023-08-08T10:57:04.979+0000] {processor.py:157} INFO - Started process (PID=169) to work on /opt/airflow/dags/my_first_dag.py
[2023-08-08T10:57:04.981+0000] {processor.py:826} INFO - Processing file /opt/airflow/dags/my_first_dag.py for tasks to queue
[2023-08-08T10:57:04.981+0000] {logging_mixin.py:150} INFO - [2023-08-08T10:57:04.981+0000] {dagbag.py:541} INFO - Filling up the DagBag from /opt/airflow/dags/my_first_dag.py
[2023-08-08T10:57:05.436+0000] {processor.py:836} INFO - DAG(s) dict_keys(['ETL_Pipeline']) retrieved from /opt/airflow/dags/my_first_dag.py
[2023-08-08T10:57:05.457+0000] {logging_mixin.py:150} INFO - [2023-08-08T10:57:05.456+0000] {dag.py:2742} INFO - Sync 1 DAGs
[2023-08-08T10:57:05.568+0000] {logging_mixin.py:150} INFO - [2023-08-08T10:57:05.568+0000] {dag.py:3508} INFO - Setting next_dagrun for ETL_Pipeline to 2023-08-08T10:00:00+00:00, run_after=2023-08-08T11:00:00+00:00
[2023-08-08T10:57:05.582+0000] {processor.py:179} INFO - Processing /opt/airflow/dags/my_first_dag.py took 0.605 seconds
[2023-08-08T10:57:35.757+0000] {processor.py:157} INFO - Started process (PID=182) to work on /opt/airflow/dags/my_first_dag.py
[2023-08-08T10:57:35.758+0000] {processor.py:826} INFO - Processing file /opt/airflow/dags/my_first_dag.py for tasks to queue
[2023-08-08T10:57:35.758+0000] {logging_mixin.py:150} INFO - [2023-08-08T10:57:35.758+0000] {dagbag.py:541} INFO - Filling up the DagBag from /opt/airflow/dags/my_first_dag.py
[2023-08-08T10:57:36.502+0000] {processor.py:836} INFO - DAG(s) dict_keys(['ETL_Pipeline']) retrieved from /opt/airflow/dags/my_first_dag.py
[2023-08-08T10:57:36.550+0000] {logging_mixin.py:150} INFO - [2023-08-08T10:57:36.548+0000] {dag.py:2742} INFO - Sync 1 DAGs
[2023-08-08T10:57:36.606+0000] {logging_mixin.py:150} INFO - [2023-08-08T10:57:36.606+0000] {dag.py:3508} INFO - Setting next_dagrun for ETL_Pipeline to 2023-08-08T10:00:00+00:00, run_after=2023-08-08T11:00:00+00:00
[2023-08-08T10:57:36.684+0000] {processor.py:179} INFO - Processing /opt/airflow/dags/my_first_dag.py took 0.931 seconds
[2023-08-08T10:58:06.890+0000] {processor.py:157} INFO - Started process (PID=194) to work on /opt/airflow/dags/my_first_dag.py
[2023-08-08T10:58:06.891+0000] {processor.py:826} INFO - Processing file /opt/airflow/dags/my_first_dag.py for tasks to queue
[2023-08-08T10:58:06.892+0000] {logging_mixin.py:150} INFO - [2023-08-08T10:58:06.892+0000] {dagbag.py:541} INFO - Filling up the DagBag from /opt/airflow/dags/my_first_dag.py
[2023-08-08T10:58:07.318+0000] {processor.py:836} INFO - DAG(s) dict_keys(['ETL_Pipeline']) retrieved from /opt/airflow/dags/my_first_dag.py
[2023-08-08T10:58:07.338+0000] {logging_mixin.py:150} INFO - [2023-08-08T10:58:07.338+0000] {dag.py:2742} INFO - Sync 1 DAGs
[2023-08-08T10:58:07.357+0000] {logging_mixin.py:150} INFO - [2023-08-08T10:58:07.357+0000] {dag.py:3508} INFO - Setting next_dagrun for ETL_Pipeline to 2023-08-08T10:00:00+00:00, run_after=2023-08-08T11:00:00+00:00
[2023-08-08T10:58:07.370+0000] {processor.py:179} INFO - Processing /opt/airflow/dags/my_first_dag.py took 0.484 seconds
[2023-08-08T10:58:37.531+0000] {processor.py:157} INFO - Started process (PID=205) to work on /opt/airflow/dags/my_first_dag.py
[2023-08-08T10:58:37.532+0000] {processor.py:826} INFO - Processing file /opt/airflow/dags/my_first_dag.py for tasks to queue
[2023-08-08T10:58:37.532+0000] {logging_mixin.py:150} INFO - [2023-08-08T10:58:37.532+0000] {dagbag.py:541} INFO - Filling up the DagBag from /opt/airflow/dags/my_first_dag.py
[2023-08-08T10:58:37.956+0000] {processor.py:836} INFO - DAG(s) dict_keys(['ETL_Pipeline']) retrieved from /opt/airflow/dags/my_first_dag.py
[2023-08-08T10:58:37.986+0000] {logging_mixin.py:150} INFO - [2023-08-08T10:58:37.984+0000] {dag.py:2742} INFO - Sync 1 DAGs
[2023-08-08T10:58:38.038+0000] {logging_mixin.py:150} INFO - [2023-08-08T10:58:38.038+0000] {dag.py:3508} INFO - Setting next_dagrun for ETL_Pipeline to 2023-08-08T10:00:00+00:00, run_after=2023-08-08T11:00:00+00:00
[2023-08-08T10:58:38.082+0000] {processor.py:179} INFO - Processing /opt/airflow/dags/my_first_dag.py took 0.556 seconds
[2023-08-08T10:59:08.246+0000] {processor.py:157} INFO - Started process (PID=217) to work on /opt/airflow/dags/my_first_dag.py
[2023-08-08T10:59:08.249+0000] {processor.py:826} INFO - Processing file /opt/airflow/dags/my_first_dag.py for tasks to queue
[2023-08-08T10:59:08.250+0000] {logging_mixin.py:150} INFO - [2023-08-08T10:59:08.250+0000] {dagbag.py:541} INFO - Filling up the DagBag from /opt/airflow/dags/my_first_dag.py
[2023-08-08T10:59:09.056+0000] {processor.py:836} INFO - DAG(s) dict_keys(['ETL_Pipeline']) retrieved from /opt/airflow/dags/my_first_dag.py
[2023-08-08T10:59:09.094+0000] {logging_mixin.py:150} INFO - [2023-08-08T10:59:09.093+0000] {dag.py:2742} INFO - Sync 1 DAGs
[2023-08-08T10:59:09.134+0000] {logging_mixin.py:150} INFO - [2023-08-08T10:59:09.133+0000] {dag.py:3508} INFO - Setting next_dagrun for ETL_Pipeline to 2023-08-08T10:00:00+00:00, run_after=2023-08-08T11:00:00+00:00
[2023-08-08T10:59:09.168+0000] {processor.py:179} INFO - Processing /opt/airflow/dags/my_first_dag.py took 0.926 seconds
[2023-08-08T10:59:39.334+0000] {processor.py:157} INFO - Started process (PID=229) to work on /opt/airflow/dags/my_first_dag.py
[2023-08-08T10:59:39.335+0000] {processor.py:826} INFO - Processing file /opt/airflow/dags/my_first_dag.py for tasks to queue
[2023-08-08T10:59:39.336+0000] {logging_mixin.py:150} INFO - [2023-08-08T10:59:39.335+0000] {dagbag.py:541} INFO - Filling up the DagBag from /opt/airflow/dags/my_first_dag.py
[2023-08-08T10:59:40.132+0000] {processor.py:836} INFO - DAG(s) dict_keys(['ETL_Pipeline']) retrieved from /opt/airflow/dags/my_first_dag.py
[2023-08-08T10:59:40.167+0000] {logging_mixin.py:150} INFO - [2023-08-08T10:59:40.166+0000] {dag.py:2742} INFO - Sync 1 DAGs
[2023-08-08T10:59:40.214+0000] {logging_mixin.py:150} INFO - [2023-08-08T10:59:40.213+0000] {dag.py:3508} INFO - Setting next_dagrun for ETL_Pipeline to 2023-08-08T10:00:00+00:00, run_after=2023-08-08T11:00:00+00:00
[2023-08-08T10:59:40.371+0000] {processor.py:179} INFO - Processing /opt/airflow/dags/my_first_dag.py took 1.039 seconds
[2023-08-08T11:00:10.482+0000] {processor.py:157} INFO - Started process (PID=242) to work on /opt/airflow/dags/my_first_dag.py
[2023-08-08T11:00:10.483+0000] {processor.py:826} INFO - Processing file /opt/airflow/dags/my_first_dag.py for tasks to queue
[2023-08-08T11:00:10.483+0000] {logging_mixin.py:150} INFO - [2023-08-08T11:00:10.483+0000] {dagbag.py:541} INFO - Filling up the DagBag from /opt/airflow/dags/my_first_dag.py
[2023-08-08T11:00:11.449+0000] {processor.py:836} INFO - DAG(s) dict_keys(['ETL_Pipeline']) retrieved from /opt/airflow/dags/my_first_dag.py
[2023-08-08T11:00:11.504+0000] {logging_mixin.py:150} INFO - [2023-08-08T11:00:11.504+0000] {dag.py:2742} INFO - Sync 1 DAGs
[2023-08-08T11:00:11.752+0000] {logging_mixin.py:150} INFO - [2023-08-08T11:00:11.751+0000] {dag.py:3508} INFO - Setting next_dagrun for ETL_Pipeline to 2023-08-08T11:00:00+00:00, run_after=2023-08-08T12:00:00+00:00
[2023-08-08T11:00:11.817+0000] {processor.py:179} INFO - Processing /opt/airflow/dags/my_first_dag.py took 1.339 seconds
[2023-08-08T11:00:41.992+0000] {processor.py:157} INFO - Started process (PID=261) to work on /opt/airflow/dags/my_first_dag.py
[2023-08-08T11:00:41.992+0000] {processor.py:826} INFO - Processing file /opt/airflow/dags/my_first_dag.py for tasks to queue
[2023-08-08T11:00:41.993+0000] {logging_mixin.py:150} INFO - [2023-08-08T11:00:41.993+0000] {dagbag.py:541} INFO - Filling up the DagBag from /opt/airflow/dags/my_first_dag.py
[2023-08-08T11:00:42.705+0000] {processor.py:836} INFO - DAG(s) dict_keys(['ETL_Pipeline']) retrieved from /opt/airflow/dags/my_first_dag.py
[2023-08-08T11:00:42.742+0000] {logging_mixin.py:150} INFO - [2023-08-08T11:00:42.741+0000] {dag.py:2742} INFO - Sync 1 DAGs
[2023-08-08T11:00:42.781+0000] {logging_mixin.py:150} INFO - [2023-08-08T11:00:42.781+0000] {dag.py:3508} INFO - Setting next_dagrun for ETL_Pipeline to 2023-08-08T11:00:00+00:00, run_after=2023-08-08T12:00:00+00:00
[2023-08-08T11:00:42.804+0000] {processor.py:179} INFO - Processing /opt/airflow/dags/my_first_dag.py took 0.816 seconds
[2023-08-08T11:01:12.942+0000] {processor.py:157} INFO - Started process (PID=273) to work on /opt/airflow/dags/my_first_dag.py
[2023-08-08T11:01:12.943+0000] {processor.py:826} INFO - Processing file /opt/airflow/dags/my_first_dag.py for tasks to queue
[2023-08-08T11:01:12.944+0000] {logging_mixin.py:150} INFO - [2023-08-08T11:01:12.944+0000] {dagbag.py:541} INFO - Filling up the DagBag from /opt/airflow/dags/my_first_dag.py
[2023-08-08T11:01:13.413+0000] {processor.py:836} INFO - DAG(s) dict_keys(['ETL_Pipeline']) retrieved from /opt/airflow/dags/my_first_dag.py
[2023-08-08T11:01:13.434+0000] {logging_mixin.py:150} INFO - [2023-08-08T11:01:13.433+0000] {dag.py:2742} INFO - Sync 1 DAGs
[2023-08-08T11:01:13.453+0000] {logging_mixin.py:150} INFO - [2023-08-08T11:01:13.453+0000] {dag.py:3508} INFO - Setting next_dagrun for ETL_Pipeline to 2023-08-08T11:00:00+00:00, run_after=2023-08-08T12:00:00+00:00
[2023-08-08T11:01:13.466+0000] {processor.py:179} INFO - Processing /opt/airflow/dags/my_first_dag.py took 0.526 seconds
[2023-08-08T11:01:43.630+0000] {processor.py:157} INFO - Started process (PID=285) to work on /opt/airflow/dags/my_first_dag.py
[2023-08-08T11:01:43.631+0000] {processor.py:826} INFO - Processing file /opt/airflow/dags/my_first_dag.py for tasks to queue
[2023-08-08T11:01:43.631+0000] {logging_mixin.py:150} INFO - [2023-08-08T11:01:43.631+0000] {dagbag.py:541} INFO - Filling up the DagBag from /opt/airflow/dags/my_first_dag.py
[2023-08-08T11:01:44.185+0000] {processor.py:836} INFO - DAG(s) dict_keys(['ETL_Pipeline']) retrieved from /opt/airflow/dags/my_first_dag.py
[2023-08-08T11:01:44.218+0000] {logging_mixin.py:150} INFO - [2023-08-08T11:01:44.217+0000] {dag.py:2742} INFO - Sync 1 DAGs
[2023-08-08T11:01:44.247+0000] {logging_mixin.py:150} INFO - [2023-08-08T11:01:44.247+0000] {dag.py:3508} INFO - Setting next_dagrun for ETL_Pipeline to 2023-08-08T11:00:00+00:00, run_after=2023-08-08T12:00:00+00:00
[2023-08-08T11:01:44.268+0000] {processor.py:179} INFO - Processing /opt/airflow/dags/my_first_dag.py took 0.641 seconds
[2023-08-08T11:02:14.401+0000] {processor.py:157} INFO - Started process (PID=297) to work on /opt/airflow/dags/my_first_dag.py
[2023-08-08T11:02:14.402+0000] {processor.py:826} INFO - Processing file /opt/airflow/dags/my_first_dag.py for tasks to queue
[2023-08-08T11:02:14.402+0000] {logging_mixin.py:150} INFO - [2023-08-08T11:02:14.402+0000] {dagbag.py:541} INFO - Filling up the DagBag from /opt/airflow/dags/my_first_dag.py
[2023-08-08T11:02:14.966+0000] {processor.py:836} INFO - DAG(s) dict_keys(['ETL_Pipeline']) retrieved from /opt/airflow/dags/my_first_dag.py
[2023-08-08T11:02:14.988+0000] {logging_mixin.py:150} INFO - [2023-08-08T11:02:14.987+0000] {dag.py:2742} INFO - Sync 1 DAGs
[2023-08-08T11:02:15.009+0000] {logging_mixin.py:150} INFO - [2023-08-08T11:02:15.009+0000] {dag.py:3508} INFO - Setting next_dagrun for ETL_Pipeline to 2023-08-08T11:00:00+00:00, run_after=2023-08-08T12:00:00+00:00
[2023-08-08T11:02:15.026+0000] {processor.py:179} INFO - Processing /opt/airflow/dags/my_first_dag.py took 0.627 seconds
[2023-08-08T11:02:45.172+0000] {processor.py:157} INFO - Started process (PID=309) to work on /opt/airflow/dags/my_first_dag.py
[2023-08-08T11:02:45.173+0000] {processor.py:826} INFO - Processing file /opt/airflow/dags/my_first_dag.py for tasks to queue
[2023-08-08T11:02:45.174+0000] {logging_mixin.py:150} INFO - [2023-08-08T11:02:45.174+0000] {dagbag.py:541} INFO - Filling up the DagBag from /opt/airflow/dags/my_first_dag.py
[2023-08-08T11:02:45.631+0000] {processor.py:836} INFO - DAG(s) dict_keys(['ETL_Pipeline']) retrieved from /opt/airflow/dags/my_first_dag.py
[2023-08-08T11:02:45.652+0000] {logging_mixin.py:150} INFO - [2023-08-08T11:02:45.651+0000] {dag.py:2742} INFO - Sync 1 DAGs
[2023-08-08T11:02:45.758+0000] {logging_mixin.py:150} INFO - [2023-08-08T11:02:45.758+0000] {dag.py:3508} INFO - Setting next_dagrun for ETL_Pipeline to 2023-08-08T11:00:00+00:00, run_after=2023-08-08T12:00:00+00:00
[2023-08-08T11:02:45.773+0000] {processor.py:179} INFO - Processing /opt/airflow/dags/my_first_dag.py took 0.605 seconds
[2023-08-08T11:03:15.920+0000] {processor.py:157} INFO - Started process (PID=322) to work on /opt/airflow/dags/my_first_dag.py
[2023-08-08T11:03:15.921+0000] {processor.py:826} INFO - Processing file /opt/airflow/dags/my_first_dag.py for tasks to queue
[2023-08-08T11:03:15.922+0000] {logging_mixin.py:150} INFO - [2023-08-08T11:03:15.922+0000] {dagbag.py:541} INFO - Filling up the DagBag from /opt/airflow/dags/my_first_dag.py
[2023-08-08T11:03:17.114+0000] {processor.py:836} INFO - DAG(s) dict_keys(['ETL_Pipeline']) retrieved from /opt/airflow/dags/my_first_dag.py
[2023-08-08T11:03:17.236+0000] {logging_mixin.py:150} INFO - [2023-08-08T11:03:17.235+0000] {dag.py:2742} INFO - Sync 1 DAGs
[2023-08-08T11:03:17.494+0000] {logging_mixin.py:150} INFO - [2023-08-08T11:03:17.490+0000] {dag.py:3508} INFO - Setting next_dagrun for ETL_Pipeline to 2023-08-08T11:00:00+00:00, run_after=2023-08-08T12:00:00+00:00
[2023-08-08T11:03:17.540+0000] {processor.py:179} INFO - Processing /opt/airflow/dags/my_first_dag.py took 1.624 seconds
[2023-08-08T11:03:47.725+0000] {processor.py:157} INFO - Started process (PID=334) to work on /opt/airflow/dags/my_first_dag.py
[2023-08-08T11:03:47.726+0000] {processor.py:826} INFO - Processing file /opt/airflow/dags/my_first_dag.py for tasks to queue
[2023-08-08T11:03:47.727+0000] {logging_mixin.py:150} INFO - [2023-08-08T11:03:47.726+0000] {dagbag.py:541} INFO - Filling up the DagBag from /opt/airflow/dags/my_first_dag.py
[2023-08-08T11:03:48.359+0000] {processor.py:836} INFO - DAG(s) dict_keys(['ETL_Pipeline']) retrieved from /opt/airflow/dags/my_first_dag.py
[2023-08-08T11:03:48.392+0000] {logging_mixin.py:150} INFO - [2023-08-08T11:03:48.391+0000] {dag.py:2742} INFO - Sync 1 DAGs
[2023-08-08T11:03:48.422+0000] {logging_mixin.py:150} INFO - [2023-08-08T11:03:48.422+0000] {dag.py:3508} INFO - Setting next_dagrun for ETL_Pipeline to 2023-08-08T11:00:00+00:00, run_after=2023-08-08T12:00:00+00:00
[2023-08-08T11:03:48.446+0000] {processor.py:179} INFO - Processing /opt/airflow/dags/my_first_dag.py took 0.725 seconds
[2023-08-08T11:04:18.609+0000] {processor.py:157} INFO - Started process (PID=346) to work on /opt/airflow/dags/my_first_dag.py
[2023-08-08T11:04:18.610+0000] {processor.py:826} INFO - Processing file /opt/airflow/dags/my_first_dag.py for tasks to queue
[2023-08-08T11:04:18.611+0000] {logging_mixin.py:150} INFO - [2023-08-08T11:04:18.611+0000] {dagbag.py:541} INFO - Filling up the DagBag from /opt/airflow/dags/my_first_dag.py
[2023-08-08T11:04:19.340+0000] {processor.py:836} INFO - DAG(s) dict_keys(['ETL_Pipeline']) retrieved from /opt/airflow/dags/my_first_dag.py
[2023-08-08T11:04:19.379+0000] {logging_mixin.py:150} INFO - [2023-08-08T11:04:19.379+0000] {dag.py:2742} INFO - Sync 1 DAGs
[2023-08-08T11:04:19.409+0000] {logging_mixin.py:150} INFO - [2023-08-08T11:04:19.409+0000] {dag.py:3508} INFO - Setting next_dagrun for ETL_Pipeline to 2023-08-08T11:00:00+00:00, run_after=2023-08-08T12:00:00+00:00
[2023-08-08T11:04:19.426+0000] {processor.py:179} INFO - Processing /opt/airflow/dags/my_first_dag.py took 0.820 seconds
[2023-08-08T11:04:49.570+0000] {processor.py:157} INFO - Started process (PID=358) to work on /opt/airflow/dags/my_first_dag.py
[2023-08-08T11:04:49.570+0000] {processor.py:826} INFO - Processing file /opt/airflow/dags/my_first_dag.py for tasks to queue
[2023-08-08T11:04:49.571+0000] {logging_mixin.py:150} INFO - [2023-08-08T11:04:49.571+0000] {dagbag.py:541} INFO - Filling up the DagBag from /opt/airflow/dags/my_first_dag.py
[2023-08-08T11:04:50.160+0000] {processor.py:836} INFO - DAG(s) dict_keys(['ETL_Pipeline']) retrieved from /opt/airflow/dags/my_first_dag.py
[2023-08-08T11:04:50.189+0000] {logging_mixin.py:150} INFO - [2023-08-08T11:04:50.188+0000] {dag.py:2742} INFO - Sync 1 DAGs
[2023-08-08T11:04:50.218+0000] {logging_mixin.py:150} INFO - [2023-08-08T11:04:50.218+0000] {dag.py:3508} INFO - Setting next_dagrun for ETL_Pipeline to 2023-08-08T11:00:00+00:00, run_after=2023-08-08T12:00:00+00:00
[2023-08-08T11:04:50.235+0000] {processor.py:179} INFO - Processing /opt/airflow/dags/my_first_dag.py took 0.668 seconds
[2023-08-08T11:05:20.393+0000] {processor.py:157} INFO - Started process (PID=370) to work on /opt/airflow/dags/my_first_dag.py
[2023-08-08T11:05:20.394+0000] {processor.py:826} INFO - Processing file /opt/airflow/dags/my_first_dag.py for tasks to queue
[2023-08-08T11:05:20.395+0000] {logging_mixin.py:150} INFO - [2023-08-08T11:05:20.395+0000] {dagbag.py:541} INFO - Filling up the DagBag from /opt/airflow/dags/my_first_dag.py
[2023-08-08T11:05:21.011+0000] {processor.py:836} INFO - DAG(s) dict_keys(['ETL_Pipeline']) retrieved from /opt/airflow/dags/my_first_dag.py
[2023-08-08T11:05:21.033+0000] {logging_mixin.py:150} INFO - [2023-08-08T11:05:21.032+0000] {dag.py:2742} INFO - Sync 1 DAGs
[2023-08-08T11:05:21.056+0000] {logging_mixin.py:150} INFO - [2023-08-08T11:05:21.055+0000] {dag.py:3508} INFO - Setting next_dagrun for ETL_Pipeline to 2023-08-08T11:00:00+00:00, run_after=2023-08-08T12:00:00+00:00
[2023-08-08T11:05:21.147+0000] {processor.py:179} INFO - Processing /opt/airflow/dags/my_first_dag.py took 0.757 seconds
[2023-08-08T11:05:51.303+0000] {processor.py:157} INFO - Started process (PID=383) to work on /opt/airflow/dags/my_first_dag.py
[2023-08-08T11:05:51.304+0000] {processor.py:826} INFO - Processing file /opt/airflow/dags/my_first_dag.py for tasks to queue
[2023-08-08T11:05:51.305+0000] {logging_mixin.py:150} INFO - [2023-08-08T11:05:51.305+0000] {dagbag.py:541} INFO - Filling up the DagBag from /opt/airflow/dags/my_first_dag.py
[2023-08-08T11:05:51.974+0000] {processor.py:836} INFO - DAG(s) dict_keys(['ETL_Pipeline']) retrieved from /opt/airflow/dags/my_first_dag.py
[2023-08-08T11:05:52.014+0000] {logging_mixin.py:150} INFO - [2023-08-08T11:05:52.013+0000] {dag.py:2742} INFO - Sync 1 DAGs
[2023-08-08T11:05:52.250+0000] {logging_mixin.py:150} INFO - [2023-08-08T11:05:52.250+0000] {dag.py:3508} INFO - Setting next_dagrun for ETL_Pipeline to 2023-08-08T11:00:00+00:00, run_after=2023-08-08T12:00:00+00:00
[2023-08-08T11:05:52.272+0000] {processor.py:179} INFO - Processing /opt/airflow/dags/my_first_dag.py took 0.972 seconds
[2023-08-08T11:06:22.415+0000] {processor.py:157} INFO - Started process (PID=395) to work on /opt/airflow/dags/my_first_dag.py
[2023-08-08T11:06:22.415+0000] {processor.py:826} INFO - Processing file /opt/airflow/dags/my_first_dag.py for tasks to queue
[2023-08-08T11:06:22.416+0000] {logging_mixin.py:150} INFO - [2023-08-08T11:06:22.416+0000] {dagbag.py:541} INFO - Filling up the DagBag from /opt/airflow/dags/my_first_dag.py
[2023-08-08T11:06:22.942+0000] {processor.py:836} INFO - DAG(s) dict_keys(['ETL_Pipeline']) retrieved from /opt/airflow/dags/my_first_dag.py
[2023-08-08T11:06:22.969+0000] {logging_mixin.py:150} INFO - [2023-08-08T11:06:22.968+0000] {dag.py:2742} INFO - Sync 1 DAGs
[2023-08-08T11:06:22.993+0000] {logging_mixin.py:150} INFO - [2023-08-08T11:06:22.993+0000] {dag.py:3508} INFO - Setting next_dagrun for ETL_Pipeline to 2023-08-08T11:00:00+00:00, run_after=2023-08-08T12:00:00+00:00
[2023-08-08T11:06:23.012+0000] {processor.py:179} INFO - Processing /opt/airflow/dags/my_first_dag.py took 0.599 seconds
[2023-08-08T11:06:53.132+0000] {processor.py:157} INFO - Started process (PID=407) to work on /opt/airflow/dags/my_first_dag.py
[2023-08-08T11:06:53.133+0000] {processor.py:826} INFO - Processing file /opt/airflow/dags/my_first_dag.py for tasks to queue
[2023-08-08T11:06:53.134+0000] {logging_mixin.py:150} INFO - [2023-08-08T11:06:53.133+0000] {dagbag.py:541} INFO - Filling up the DagBag from /opt/airflow/dags/my_first_dag.py
[2023-08-08T11:06:53.574+0000] {processor.py:836} INFO - DAG(s) dict_keys(['ETL_Pipeline']) retrieved from /opt/airflow/dags/my_first_dag.py
[2023-08-08T11:06:53.597+0000] {logging_mixin.py:150} INFO - [2023-08-08T11:06:53.597+0000] {dag.py:2742} INFO - Sync 1 DAGs
[2023-08-08T11:06:53.624+0000] {logging_mixin.py:150} INFO - [2023-08-08T11:06:53.624+0000] {dag.py:3508} INFO - Setting next_dagrun for ETL_Pipeline to 2023-08-08T11:00:00+00:00, run_after=2023-08-08T12:00:00+00:00
[2023-08-08T11:06:53.640+0000] {processor.py:179} INFO - Processing /opt/airflow/dags/my_first_dag.py took 0.511 seconds
[2023-08-08T11:07:23.791+0000] {processor.py:157} INFO - Started process (PID=419) to work on /opt/airflow/dags/my_first_dag.py
[2023-08-08T11:07:23.792+0000] {processor.py:826} INFO - Processing file /opt/airflow/dags/my_first_dag.py for tasks to queue
[2023-08-08T11:07:23.792+0000] {logging_mixin.py:150} INFO - [2023-08-08T11:07:23.792+0000] {dagbag.py:541} INFO - Filling up the DagBag from /opt/airflow/dags/my_first_dag.py
[2023-08-08T11:07:24.239+0000] {processor.py:836} INFO - DAG(s) dict_keys(['ETL_Pipeline']) retrieved from /opt/airflow/dags/my_first_dag.py
[2023-08-08T11:07:24.265+0000] {logging_mixin.py:150} INFO - [2023-08-08T11:07:24.265+0000] {dag.py:2742} INFO - Sync 1 DAGs
[2023-08-08T11:07:24.286+0000] {logging_mixin.py:150} INFO - [2023-08-08T11:07:24.286+0000] {dag.py:3508} INFO - Setting next_dagrun for ETL_Pipeline to 2023-08-08T11:00:00+00:00, run_after=2023-08-08T12:00:00+00:00
[2023-08-08T11:07:24.301+0000] {processor.py:179} INFO - Processing /opt/airflow/dags/my_first_dag.py took 0.512 seconds
[2023-08-08T11:07:54.447+0000] {processor.py:157} INFO - Started process (PID=431) to work on /opt/airflow/dags/my_first_dag.py
[2023-08-08T11:07:54.447+0000] {processor.py:826} INFO - Processing file /opt/airflow/dags/my_first_dag.py for tasks to queue
[2023-08-08T11:07:54.448+0000] {logging_mixin.py:150} INFO - [2023-08-08T11:07:54.448+0000] {dagbag.py:541} INFO - Filling up the DagBag from /opt/airflow/dags/my_first_dag.py
[2023-08-08T11:07:54.932+0000] {processor.py:836} INFO - DAG(s) dict_keys(['ETL_Pipeline']) retrieved from /opt/airflow/dags/my_first_dag.py
[2023-08-08T11:07:54.960+0000] {logging_mixin.py:150} INFO - [2023-08-08T11:07:54.959+0000] {dag.py:2742} INFO - Sync 1 DAGs
[2023-08-08T11:07:54.992+0000] {logging_mixin.py:150} INFO - [2023-08-08T11:07:54.992+0000] {dag.py:3508} INFO - Setting next_dagrun for ETL_Pipeline to 2023-08-08T11:00:00+00:00, run_after=2023-08-08T12:00:00+00:00
[2023-08-08T11:07:55.016+0000] {processor.py:179} INFO - Processing /opt/airflow/dags/my_first_dag.py took 0.571 seconds
[2023-08-08T11:08:25.101+0000] {processor.py:157} INFO - Started process (PID=443) to work on /opt/airflow/dags/my_first_dag.py
[2023-08-08T11:08:25.102+0000] {processor.py:826} INFO - Processing file /opt/airflow/dags/my_first_dag.py for tasks to queue
[2023-08-08T11:08:25.103+0000] {logging_mixin.py:150} INFO - [2023-08-08T11:08:25.103+0000] {dagbag.py:541} INFO - Filling up the DagBag from /opt/airflow/dags/my_first_dag.py
[2023-08-08T11:08:25.495+0000] {processor.py:836} INFO - DAG(s) dict_keys(['ETL_Pipeline']) retrieved from /opt/airflow/dags/my_first_dag.py
[2023-08-08T11:08:25.516+0000] {logging_mixin.py:150} INFO - [2023-08-08T11:08:25.516+0000] {dag.py:2742} INFO - Sync 1 DAGs
[2023-08-08T11:08:25.541+0000] {logging_mixin.py:150} INFO - [2023-08-08T11:08:25.540+0000] {dag.py:3508} INFO - Setting next_dagrun for ETL_Pipeline to 2023-08-08T11:00:00+00:00, run_after=2023-08-08T12:00:00+00:00
[2023-08-08T11:08:25.652+0000] {processor.py:179} INFO - Processing /opt/airflow/dags/my_first_dag.py took 0.553 seconds
[2023-08-08T11:08:55.839+0000] {processor.py:157} INFO - Started process (PID=455) to work on /opt/airflow/dags/my_first_dag.py
[2023-08-08T11:08:55.843+0000] {processor.py:826} INFO - Processing file /opt/airflow/dags/my_first_dag.py for tasks to queue
[2023-08-08T11:08:55.844+0000] {logging_mixin.py:150} INFO - [2023-08-08T11:08:55.843+0000] {dagbag.py:541} INFO - Filling up the DagBag from /opt/airflow/dags/my_first_dag.py
[2023-08-08T11:08:57.668+0000] {processor.py:836} INFO - DAG(s) dict_keys(['ETL_Pipeline']) retrieved from /opt/airflow/dags/my_first_dag.py
[2023-08-08T11:08:57.705+0000] {logging_mixin.py:150} INFO - [2023-08-08T11:08:57.704+0000] {dag.py:2742} INFO - Sync 1 DAGs
[2023-08-08T11:08:57.887+0000] {logging_mixin.py:150} INFO - [2023-08-08T11:08:57.886+0000] {dag.py:3508} INFO - Setting next_dagrun for ETL_Pipeline to 2023-08-08T11:00:00+00:00, run_after=2023-08-08T12:00:00+00:00
[2023-08-08T11:08:57.926+0000] {processor.py:179} INFO - Processing /opt/airflow/dags/my_first_dag.py took 2.090 seconds
[2023-08-08T11:09:28.020+0000] {processor.py:157} INFO - Started process (PID=467) to work on /opt/airflow/dags/my_first_dag.py
[2023-08-08T11:09:28.021+0000] {processor.py:826} INFO - Processing file /opt/airflow/dags/my_first_dag.py for tasks to queue
[2023-08-08T11:09:28.022+0000] {logging_mixin.py:150} INFO - [2023-08-08T11:09:28.022+0000] {dagbag.py:541} INFO - Filling up the DagBag from /opt/airflow/dags/my_first_dag.py
[2023-08-08T11:09:28.437+0000] {processor.py:836} INFO - DAG(s) dict_keys(['ETL_Pipeline']) retrieved from /opt/airflow/dags/my_first_dag.py
[2023-08-08T11:09:28.461+0000] {logging_mixin.py:150} INFO - [2023-08-08T11:09:28.459+0000] {dag.py:2742} INFO - Sync 1 DAGs
[2023-08-08T11:09:28.499+0000] {logging_mixin.py:150} INFO - [2023-08-08T11:09:28.498+0000] {dag.py:3508} INFO - Setting next_dagrun for ETL_Pipeline to 2023-08-08T11:00:00+00:00, run_after=2023-08-08T12:00:00+00:00
[2023-08-08T11:09:28.530+0000] {processor.py:179} INFO - Processing /opt/airflow/dags/my_first_dag.py took 0.513 seconds
[2023-08-08T11:09:58.701+0000] {processor.py:157} INFO - Started process (PID=480) to work on /opt/airflow/dags/my_first_dag.py
[2023-08-08T11:09:58.702+0000] {processor.py:826} INFO - Processing file /opt/airflow/dags/my_first_dag.py for tasks to queue
[2023-08-08T11:09:58.703+0000] {logging_mixin.py:150} INFO - [2023-08-08T11:09:58.702+0000] {dagbag.py:541} INFO - Filling up the DagBag from /opt/airflow/dags/my_first_dag.py
[2023-08-08T11:09:59.094+0000] {processor.py:836} INFO - DAG(s) dict_keys(['ETL_Pipeline']) retrieved from /opt/airflow/dags/my_first_dag.py
[2023-08-08T11:09:59.114+0000] {logging_mixin.py:150} INFO - [2023-08-08T11:09:59.114+0000] {dag.py:2742} INFO - Sync 1 DAGs
[2023-08-08T11:09:59.135+0000] {logging_mixin.py:150} INFO - [2023-08-08T11:09:59.134+0000] {dag.py:3508} INFO - Setting next_dagrun for ETL_Pipeline to 2023-08-08T11:00:00+00:00, run_after=2023-08-08T12:00:00+00:00
[2023-08-08T11:09:59.150+0000] {processor.py:179} INFO - Processing /opt/airflow/dags/my_first_dag.py took 0.452 seconds
[2023-08-08T11:10:29.322+0000] {processor.py:157} INFO - Started process (PID=492) to work on /opt/airflow/dags/my_first_dag.py
[2023-08-08T11:10:29.323+0000] {processor.py:826} INFO - Processing file /opt/airflow/dags/my_first_dag.py for tasks to queue
[2023-08-08T11:10:29.323+0000] {logging_mixin.py:150} INFO - [2023-08-08T11:10:29.323+0000] {dagbag.py:541} INFO - Filling up the DagBag from /opt/airflow/dags/my_first_dag.py
[2023-08-08T11:10:29.881+0000] {processor.py:836} INFO - DAG(s) dict_keys(['ETL_Pipeline']) retrieved from /opt/airflow/dags/my_first_dag.py
[2023-08-08T11:10:29.912+0000] {logging_mixin.py:150} INFO - [2023-08-08T11:10:29.912+0000] {dag.py:2742} INFO - Sync 1 DAGs
[2023-08-08T11:10:29.935+0000] {logging_mixin.py:150} INFO - [2023-08-08T11:10:29.935+0000] {dag.py:3508} INFO - Setting next_dagrun for ETL_Pipeline to 2023-08-08T11:00:00+00:00, run_after=2023-08-08T12:00:00+00:00
[2023-08-08T11:10:29.952+0000] {processor.py:179} INFO - Processing /opt/airflow/dags/my_first_dag.py took 0.632 seconds
[2023-08-08T11:11:00.016+0000] {processor.py:157} INFO - Started process (PID=504) to work on /opt/airflow/dags/my_first_dag.py
[2023-08-08T11:11:00.016+0000] {processor.py:826} INFO - Processing file /opt/airflow/dags/my_first_dag.py for tasks to queue
[2023-08-08T11:11:00.017+0000] {logging_mixin.py:150} INFO - [2023-08-08T11:11:00.017+0000] {dagbag.py:541} INFO - Filling up the DagBag from /opt/airflow/dags/my_first_dag.py
[2023-08-08T11:11:00.456+0000] {processor.py:836} INFO - DAG(s) dict_keys(['ETL_Pipeline']) retrieved from /opt/airflow/dags/my_first_dag.py
[2023-08-08T11:11:00.481+0000] {logging_mixin.py:150} INFO - [2023-08-08T11:11:00.480+0000] {dag.py:2742} INFO - Sync 1 DAGs
[2023-08-08T11:11:00.501+0000] {logging_mixin.py:150} INFO - [2023-08-08T11:11:00.501+0000] {dag.py:3508} INFO - Setting next_dagrun for ETL_Pipeline to 2023-08-08T11:00:00+00:00, run_after=2023-08-08T12:00:00+00:00
[2023-08-08T11:11:00.519+0000] {processor.py:179} INFO - Processing /opt/airflow/dags/my_first_dag.py took 0.508 seconds
[2023-08-08T11:11:30.666+0000] {processor.py:157} INFO - Started process (PID=516) to work on /opt/airflow/dags/my_first_dag.py
[2023-08-08T11:11:30.667+0000] {processor.py:826} INFO - Processing file /opt/airflow/dags/my_first_dag.py for tasks to queue
[2023-08-08T11:11:30.668+0000] {logging_mixin.py:150} INFO - [2023-08-08T11:11:30.668+0000] {dagbag.py:541} INFO - Filling up the DagBag from /opt/airflow/dags/my_first_dag.py
[2023-08-08T11:11:31.214+0000] {processor.py:836} INFO - DAG(s) dict_keys(['ETL_Pipeline']) retrieved from /opt/airflow/dags/my_first_dag.py
[2023-08-08T11:11:31.251+0000] {logging_mixin.py:150} INFO - [2023-08-08T11:11:31.250+0000] {dag.py:2742} INFO - Sync 1 DAGs
[2023-08-08T11:11:31.435+0000] {logging_mixin.py:150} INFO - [2023-08-08T11:11:31.435+0000] {dag.py:3508} INFO - Setting next_dagrun for ETL_Pipeline to 2023-08-08T11:00:00+00:00, run_after=2023-08-08T12:00:00+00:00
[2023-08-08T11:11:31.470+0000] {processor.py:179} INFO - Processing /opt/airflow/dags/my_first_dag.py took 0.807 seconds
[2023-08-08T11:12:01.631+0000] {processor.py:157} INFO - Started process (PID=528) to work on /opt/airflow/dags/my_first_dag.py
[2023-08-08T11:12:01.633+0000] {processor.py:826} INFO - Processing file /opt/airflow/dags/my_first_dag.py for tasks to queue
[2023-08-08T11:12:01.633+0000] {logging_mixin.py:150} INFO - [2023-08-08T11:12:01.633+0000] {dagbag.py:541} INFO - Filling up the DagBag from /opt/airflow/dags/my_first_dag.py
[2023-08-08T11:12:02.258+0000] {processor.py:836} INFO - DAG(s) dict_keys(['ETL_Pipeline']) retrieved from /opt/airflow/dags/my_first_dag.py
[2023-08-08T11:12:02.295+0000] {logging_mixin.py:150} INFO - [2023-08-08T11:12:02.293+0000] {dag.py:2742} INFO - Sync 1 DAGs
[2023-08-08T11:12:02.336+0000] {logging_mixin.py:150} INFO - [2023-08-08T11:12:02.336+0000] {dag.py:3508} INFO - Setting next_dagrun for ETL_Pipeline to 2023-08-08T11:00:00+00:00, run_after=2023-08-08T12:00:00+00:00
[2023-08-08T11:12:02.363+0000] {processor.py:179} INFO - Processing /opt/airflow/dags/my_first_dag.py took 0.737 seconds
[2023-08-08T11:12:32.535+0000] {processor.py:157} INFO - Started process (PID=540) to work on /opt/airflow/dags/my_first_dag.py
[2023-08-08T11:12:32.536+0000] {processor.py:826} INFO - Processing file /opt/airflow/dags/my_first_dag.py for tasks to queue
[2023-08-08T11:12:32.537+0000] {logging_mixin.py:150} INFO - [2023-08-08T11:12:32.537+0000] {dagbag.py:541} INFO - Filling up the DagBag from /opt/airflow/dags/my_first_dag.py
[2023-08-08T11:12:33.336+0000] {processor.py:836} INFO - DAG(s) dict_keys(['ETL_Pipeline']) retrieved from /opt/airflow/dags/my_first_dag.py
[2023-08-08T11:12:33.378+0000] {logging_mixin.py:150} INFO - [2023-08-08T11:12:33.377+0000] {dag.py:2742} INFO - Sync 1 DAGs
[2023-08-08T11:12:33.419+0000] {logging_mixin.py:150} INFO - [2023-08-08T11:12:33.419+0000] {dag.py:3508} INFO - Setting next_dagrun for ETL_Pipeline to 2023-08-08T11:00:00+00:00, run_after=2023-08-08T12:00:00+00:00
[2023-08-08T11:12:33.451+0000] {processor.py:179} INFO - Processing /opt/airflow/dags/my_first_dag.py took 0.919 seconds
[2023-08-08T11:13:03.627+0000] {processor.py:157} INFO - Started process (PID=552) to work on /opt/airflow/dags/my_first_dag.py
[2023-08-08T11:13:03.628+0000] {processor.py:826} INFO - Processing file /opt/airflow/dags/my_first_dag.py for tasks to queue
[2023-08-08T11:13:03.629+0000] {logging_mixin.py:150} INFO - [2023-08-08T11:13:03.629+0000] {dagbag.py:541} INFO - Filling up the DagBag from /opt/airflow/dags/my_first_dag.py
[2023-08-08T11:13:04.069+0000] {processor.py:836} INFO - DAG(s) dict_keys(['ETL_Pipeline']) retrieved from /opt/airflow/dags/my_first_dag.py
[2023-08-08T11:13:04.096+0000] {logging_mixin.py:150} INFO - [2023-08-08T11:13:04.096+0000] {dag.py:2742} INFO - Sync 1 DAGs
[2023-08-08T11:13:04.125+0000] {logging_mixin.py:150} INFO - [2023-08-08T11:13:04.125+0000] {dag.py:3508} INFO - Setting next_dagrun for ETL_Pipeline to 2023-08-08T11:00:00+00:00, run_after=2023-08-08T12:00:00+00:00
[2023-08-08T11:13:04.144+0000] {processor.py:179} INFO - Processing /opt/airflow/dags/my_first_dag.py took 0.520 seconds
[2023-08-08T11:13:34.299+0000] {processor.py:157} INFO - Started process (PID=565) to work on /opt/airflow/dags/my_first_dag.py
[2023-08-08T11:13:34.300+0000] {processor.py:826} INFO - Processing file /opt/airflow/dags/my_first_dag.py for tasks to queue
[2023-08-08T11:13:34.301+0000] {logging_mixin.py:150} INFO - [2023-08-08T11:13:34.301+0000] {dagbag.py:541} INFO - Filling up the DagBag from /opt/airflow/dags/my_first_dag.py
[2023-08-08T11:13:34.910+0000] {processor.py:836} INFO - DAG(s) dict_keys(['ETL_Pipeline']) retrieved from /opt/airflow/dags/my_first_dag.py
[2023-08-08T11:13:34.943+0000] {logging_mixin.py:150} INFO - [2023-08-08T11:13:34.942+0000] {dag.py:2742} INFO - Sync 1 DAGs
[2023-08-08T11:13:34.978+0000] {logging_mixin.py:150} INFO - [2023-08-08T11:13:34.978+0000] {dag.py:3508} INFO - Setting next_dagrun for ETL_Pipeline to 2023-08-08T11:00:00+00:00, run_after=2023-08-08T12:00:00+00:00
[2023-08-08T11:13:35.003+0000] {processor.py:179} INFO - Processing /opt/airflow/dags/my_first_dag.py took 0.710 seconds
[2023-08-08T11:14:05.178+0000] {processor.py:157} INFO - Started process (PID=577) to work on /opt/airflow/dags/my_first_dag.py
[2023-08-08T11:14:05.179+0000] {processor.py:826} INFO - Processing file /opt/airflow/dags/my_first_dag.py for tasks to queue
[2023-08-08T11:14:05.180+0000] {logging_mixin.py:150} INFO - [2023-08-08T11:14:05.179+0000] {dagbag.py:541} INFO - Filling up the DagBag from /opt/airflow/dags/my_first_dag.py
[2023-08-08T11:14:05.876+0000] {processor.py:836} INFO - DAG(s) dict_keys(['ETL_Pipeline']) retrieved from /opt/airflow/dags/my_first_dag.py
[2023-08-08T11:14:05.912+0000] {logging_mixin.py:150} INFO - [2023-08-08T11:14:05.911+0000] {dag.py:2742} INFO - Sync 1 DAGs
[2023-08-08T11:14:05.953+0000] {logging_mixin.py:150} INFO - [2023-08-08T11:14:05.952+0000] {dag.py:3508} INFO - Setting next_dagrun for ETL_Pipeline to 2023-08-08T11:00:00+00:00, run_after=2023-08-08T12:00:00+00:00
[2023-08-08T11:14:06.085+0000] {processor.py:179} INFO - Processing /opt/airflow/dags/my_first_dag.py took 0.911 seconds
[2023-08-08T11:14:36.269+0000] {processor.py:157} INFO - Started process (PID=589) to work on /opt/airflow/dags/my_first_dag.py
[2023-08-08T11:14:36.269+0000] {processor.py:826} INFO - Processing file /opt/airflow/dags/my_first_dag.py for tasks to queue
[2023-08-08T11:14:36.270+0000] {logging_mixin.py:150} INFO - [2023-08-08T11:14:36.270+0000] {dagbag.py:541} INFO - Filling up the DagBag from /opt/airflow/dags/my_first_dag.py
[2023-08-08T11:14:36.956+0000] {processor.py:836} INFO - DAG(s) dict_keys(['ETL_Pipeline']) retrieved from /opt/airflow/dags/my_first_dag.py
[2023-08-08T11:14:36.977+0000] {logging_mixin.py:150} INFO - [2023-08-08T11:14:36.976+0000] {dag.py:2742} INFO - Sync 1 DAGs
[2023-08-08T11:14:37.073+0000] {logging_mixin.py:150} INFO - [2023-08-08T11:14:37.073+0000] {dag.py:3508} INFO - Setting next_dagrun for ETL_Pipeline to 2023-08-08T11:00:00+00:00, run_after=2023-08-08T12:00:00+00:00
[2023-08-08T11:14:37.089+0000] {processor.py:179} INFO - Processing /opt/airflow/dags/my_first_dag.py took 0.823 seconds
[2023-08-08T11:15:07.252+0000] {processor.py:157} INFO - Started process (PID=601) to work on /opt/airflow/dags/my_first_dag.py
[2023-08-08T11:15:07.253+0000] {processor.py:826} INFO - Processing file /opt/airflow/dags/my_first_dag.py for tasks to queue
[2023-08-08T11:15:07.254+0000] {logging_mixin.py:150} INFO - [2023-08-08T11:15:07.253+0000] {dagbag.py:541} INFO - Filling up the DagBag from /opt/airflow/dags/my_first_dag.py
[2023-08-08T11:15:07.955+0000] {processor.py:836} INFO - DAG(s) dict_keys(['ETL_Pipeline']) retrieved from /opt/airflow/dags/my_first_dag.py
[2023-08-08T11:15:07.976+0000] {logging_mixin.py:150} INFO - [2023-08-08T11:15:07.976+0000] {dag.py:2742} INFO - Sync 1 DAGs
[2023-08-08T11:15:08.000+0000] {logging_mixin.py:150} INFO - [2023-08-08T11:15:08.000+0000] {dag.py:3508} INFO - Setting next_dagrun for ETL_Pipeline to 2023-08-08T11:00:00+00:00, run_after=2023-08-08T12:00:00+00:00
[2023-08-08T11:15:08.014+0000] {processor.py:179} INFO - Processing /opt/airflow/dags/my_first_dag.py took 0.765 seconds
[2023-08-08T11:15:38.159+0000] {processor.py:157} INFO - Started process (PID=613) to work on /opt/airflow/dags/my_first_dag.py
[2023-08-08T11:15:38.160+0000] {processor.py:826} INFO - Processing file /opt/airflow/dags/my_first_dag.py for tasks to queue
[2023-08-08T11:15:38.161+0000] {logging_mixin.py:150} INFO - [2023-08-08T11:15:38.160+0000] {dagbag.py:541} INFO - Filling up the DagBag from /opt/airflow/dags/my_first_dag.py
[2023-08-08T11:15:38.650+0000] {processor.py:836} INFO - DAG(s) dict_keys(['ETL_Pipeline']) retrieved from /opt/airflow/dags/my_first_dag.py
[2023-08-08T11:15:38.671+0000] {logging_mixin.py:150} INFO - [2023-08-08T11:15:38.671+0000] {dag.py:2742} INFO - Sync 1 DAGs
[2023-08-08T11:15:38.691+0000] {logging_mixin.py:150} INFO - [2023-08-08T11:15:38.691+0000] {dag.py:3508} INFO - Setting next_dagrun for ETL_Pipeline to 2023-08-08T11:00:00+00:00, run_after=2023-08-08T12:00:00+00:00
[2023-08-08T11:15:38.705+0000] {processor.py:179} INFO - Processing /opt/airflow/dags/my_first_dag.py took 0.549 seconds
[2023-08-08T11:16:08.856+0000] {processor.py:157} INFO - Started process (PID=625) to work on /opt/airflow/dags/my_first_dag.py
[2023-08-08T11:16:08.857+0000] {processor.py:826} INFO - Processing file /opt/airflow/dags/my_first_dag.py for tasks to queue
[2023-08-08T11:16:08.858+0000] {logging_mixin.py:150} INFO - [2023-08-08T11:16:08.858+0000] {dagbag.py:541} INFO - Filling up the DagBag from /opt/airflow/dags/my_first_dag.py
[2023-08-08T11:16:09.330+0000] {processor.py:836} INFO - DAG(s) dict_keys(['ETL_Pipeline']) retrieved from /opt/airflow/dags/my_first_dag.py
[2023-08-08T11:16:09.352+0000] {logging_mixin.py:150} INFO - [2023-08-08T11:16:09.352+0000] {dag.py:2742} INFO - Sync 1 DAGs
[2023-08-08T11:16:09.380+0000] {logging_mixin.py:150} INFO - [2023-08-08T11:16:09.379+0000] {dag.py:3508} INFO - Setting next_dagrun for ETL_Pipeline to 2023-08-08T11:00:00+00:00, run_after=2023-08-08T12:00:00+00:00
[2023-08-08T11:16:09.396+0000] {processor.py:179} INFO - Processing /opt/airflow/dags/my_first_dag.py took 0.544 seconds
[2023-08-08T11:16:39.459+0000] {processor.py:157} INFO - Started process (PID=637) to work on /opt/airflow/dags/my_first_dag.py
[2023-08-08T11:16:39.460+0000] {processor.py:826} INFO - Processing file /opt/airflow/dags/my_first_dag.py for tasks to queue
[2023-08-08T11:16:39.461+0000] {logging_mixin.py:150} INFO - [2023-08-08T11:16:39.460+0000] {dagbag.py:541} INFO - Filling up the DagBag from /opt/airflow/dags/my_first_dag.py
[2023-08-08T11:16:40.042+0000] {processor.py:836} INFO - DAG(s) dict_keys(['ETL_Pipeline']) retrieved from /opt/airflow/dags/my_first_dag.py
[2023-08-08T11:16:40.061+0000] {logging_mixin.py:150} INFO - [2023-08-08T11:16:40.061+0000] {dag.py:2742} INFO - Sync 1 DAGs
[2023-08-08T11:16:40.082+0000] {logging_mixin.py:150} INFO - [2023-08-08T11:16:40.082+0000] {dag.py:3508} INFO - Setting next_dagrun for ETL_Pipeline to 2023-08-08T11:00:00+00:00, run_after=2023-08-08T12:00:00+00:00
[2023-08-08T11:16:40.178+0000] {processor.py:179} INFO - Processing /opt/airflow/dags/my_first_dag.py took 0.726 seconds
[2023-08-08T11:17:10.350+0000] {processor.py:157} INFO - Started process (PID=650) to work on /opt/airflow/dags/my_first_dag.py
[2023-08-08T11:17:10.351+0000] {processor.py:826} INFO - Processing file /opt/airflow/dags/my_first_dag.py for tasks to queue
[2023-08-08T11:17:10.352+0000] {logging_mixin.py:150} INFO - [2023-08-08T11:17:10.352+0000] {dagbag.py:541} INFO - Filling up the DagBag from /opt/airflow/dags/my_first_dag.py
[2023-08-08T11:17:10.775+0000] {processor.py:836} INFO - DAG(s) dict_keys(['ETL_Pipeline']) retrieved from /opt/airflow/dags/my_first_dag.py
[2023-08-08T11:17:10.795+0000] {logging_mixin.py:150} INFO - [2023-08-08T11:17:10.795+0000] {dag.py:2742} INFO - Sync 1 DAGs
[2023-08-08T11:17:10.906+0000] {logging_mixin.py:150} INFO - [2023-08-08T11:17:10.906+0000] {dag.py:3508} INFO - Setting next_dagrun for ETL_Pipeline to 2023-08-08T11:00:00+00:00, run_after=2023-08-08T12:00:00+00:00
[2023-08-08T11:17:10.924+0000] {processor.py:179} INFO - Processing /opt/airflow/dags/my_first_dag.py took 0.580 seconds
[2023-08-08T11:17:41.075+0000] {processor.py:157} INFO - Started process (PID=662) to work on /opt/airflow/dags/my_first_dag.py
[2023-08-08T11:17:41.076+0000] {processor.py:826} INFO - Processing file /opt/airflow/dags/my_first_dag.py for tasks to queue
[2023-08-08T11:17:41.077+0000] {logging_mixin.py:150} INFO - [2023-08-08T11:17:41.076+0000] {dagbag.py:541} INFO - Filling up the DagBag from /opt/airflow/dags/my_first_dag.py
[2023-08-08T11:17:41.695+0000] {processor.py:836} INFO - DAG(s) dict_keys(['ETL_Pipeline']) retrieved from /opt/airflow/dags/my_first_dag.py
[2023-08-08T11:17:41.726+0000] {logging_mixin.py:150} INFO - [2023-08-08T11:17:41.725+0000] {dag.py:2742} INFO - Sync 1 DAGs
[2023-08-08T11:17:41.854+0000] {logging_mixin.py:150} INFO - [2023-08-08T11:17:41.854+0000] {dag.py:3508} INFO - Setting next_dagrun for ETL_Pipeline to 2023-08-08T11:00:00+00:00, run_after=2023-08-08T12:00:00+00:00
[2023-08-08T11:17:41.878+0000] {processor.py:179} INFO - Processing /opt/airflow/dags/my_first_dag.py took 0.805 seconds
[2023-08-08T11:18:11.984+0000] {processor.py:157} INFO - Started process (PID=673) to work on /opt/airflow/dags/my_first_dag.py
[2023-08-08T11:18:11.992+0000] {processor.py:826} INFO - Processing file /opt/airflow/dags/my_first_dag.py for tasks to queue
[2023-08-08T11:18:11.993+0000] {logging_mixin.py:150} INFO - [2023-08-08T11:18:11.993+0000] {dagbag.py:541} INFO - Filling up the DagBag from /opt/airflow/dags/my_first_dag.py
[2023-08-08T11:18:12.837+0000] {processor.py:836} INFO - DAG(s) dict_keys(['ETL_Pipeline']) retrieved from /opt/airflow/dags/my_first_dag.py
[2023-08-08T11:18:12.895+0000] {logging_mixin.py:150} INFO - [2023-08-08T11:18:12.894+0000] {dag.py:2742} INFO - Sync 1 DAGs
[2023-08-08T11:18:12.931+0000] {logging_mixin.py:150} INFO - [2023-08-08T11:18:12.931+0000] {dag.py:3508} INFO - Setting next_dagrun for ETL_Pipeline to 2023-08-08T11:00:00+00:00, run_after=2023-08-08T12:00:00+00:00
[2023-08-08T11:18:12.947+0000] {processor.py:179} INFO - Processing /opt/airflow/dags/my_first_dag.py took 0.968 seconds
[2023-08-08T11:18:43.102+0000] {processor.py:157} INFO - Started process (PID=685) to work on /opt/airflow/dags/my_first_dag.py
[2023-08-08T11:18:43.103+0000] {processor.py:826} INFO - Processing file /opt/airflow/dags/my_first_dag.py for tasks to queue
[2023-08-08T11:18:43.104+0000] {logging_mixin.py:150} INFO - [2023-08-08T11:18:43.104+0000] {dagbag.py:541} INFO - Filling up the DagBag from /opt/airflow/dags/my_first_dag.py
[2023-08-08T11:18:43.676+0000] {processor.py:836} INFO - DAG(s) dict_keys(['ETL_Pipeline']) retrieved from /opt/airflow/dags/my_first_dag.py
[2023-08-08T11:18:43.703+0000] {logging_mixin.py:150} INFO - [2023-08-08T11:18:43.703+0000] {dag.py:2742} INFO - Sync 1 DAGs
[2023-08-08T11:18:43.733+0000] {logging_mixin.py:150} INFO - [2023-08-08T11:18:43.733+0000] {dag.py:3508} INFO - Setting next_dagrun for ETL_Pipeline to 2023-08-08T11:00:00+00:00, run_after=2023-08-08T12:00:00+00:00
[2023-08-08T11:18:43.755+0000] {processor.py:179} INFO - Processing /opt/airflow/dags/my_first_dag.py took 0.656 seconds
[2023-08-08T11:19:13.923+0000] {processor.py:157} INFO - Started process (PID=697) to work on /opt/airflow/dags/my_first_dag.py
[2023-08-08T11:19:13.924+0000] {processor.py:826} INFO - Processing file /opt/airflow/dags/my_first_dag.py for tasks to queue
[2023-08-08T11:19:13.925+0000] {logging_mixin.py:150} INFO - [2023-08-08T11:19:13.925+0000] {dagbag.py:541} INFO - Filling up the DagBag from /opt/airflow/dags/my_first_dag.py
[2023-08-08T11:19:14.681+0000] {processor.py:836} INFO - DAG(s) dict_keys(['ETL_Pipeline']) retrieved from /opt/airflow/dags/my_first_dag.py
[2023-08-08T11:19:14.718+0000] {logging_mixin.py:150} INFO - [2023-08-08T11:19:14.718+0000] {dag.py:2742} INFO - Sync 1 DAGs
[2023-08-08T11:19:14.752+0000] {logging_mixin.py:150} INFO - [2023-08-08T11:19:14.752+0000] {dag.py:3508} INFO - Setting next_dagrun for ETL_Pipeline to 2023-08-08T11:00:00+00:00, run_after=2023-08-08T12:00:00+00:00
[2023-08-08T11:19:14.771+0000] {processor.py:179} INFO - Processing /opt/airflow/dags/my_first_dag.py took 0.853 seconds
[2023-08-08T11:19:44.920+0000] {processor.py:157} INFO - Started process (PID=717) to work on /opt/airflow/dags/my_first_dag.py
[2023-08-08T11:19:44.925+0000] {processor.py:826} INFO - Processing file /opt/airflow/dags/my_first_dag.py for tasks to queue
[2023-08-08T11:19:44.926+0000] {logging_mixin.py:150} INFO - [2023-08-08T11:19:44.926+0000] {dagbag.py:541} INFO - Filling up the DagBag from /opt/airflow/dags/my_first_dag.py
[2023-08-08T11:19:45.752+0000] {processor.py:836} INFO - DAG(s) dict_keys(['ETL_Pipeline']) retrieved from /opt/airflow/dags/my_first_dag.py
[2023-08-08T11:19:45.786+0000] {logging_mixin.py:150} INFO - [2023-08-08T11:19:45.786+0000] {dag.py:2742} INFO - Sync 1 DAGs
[2023-08-08T11:19:45.822+0000] {logging_mixin.py:150} INFO - [2023-08-08T11:19:45.822+0000] {dag.py:3508} INFO - Setting next_dagrun for ETL_Pipeline to 2023-08-08T11:00:00+00:00, run_after=2023-08-08T12:00:00+00:00
[2023-08-08T11:19:45.958+0000] {processor.py:179} INFO - Processing /opt/airflow/dags/my_first_dag.py took 1.042 seconds
[2023-08-08T11:20:16.069+0000] {processor.py:157} INFO - Started process (PID=729) to work on /opt/airflow/dags/my_first_dag.py
[2023-08-08T11:20:16.070+0000] {processor.py:826} INFO - Processing file /opt/airflow/dags/my_first_dag.py for tasks to queue
[2023-08-08T11:20:16.070+0000] {logging_mixin.py:150} INFO - [2023-08-08T11:20:16.070+0000] {dagbag.py:541} INFO - Filling up the DagBag from /opt/airflow/dags/my_first_dag.py
[2023-08-08T11:20:16.695+0000] {processor.py:836} INFO - DAG(s) dict_keys(['ETL_Pipeline']) retrieved from /opt/airflow/dags/my_first_dag.py
[2023-08-08T11:20:16.721+0000] {logging_mixin.py:150} INFO - [2023-08-08T11:20:16.721+0000] {dag.py:2742} INFO - Sync 1 DAGs
[2023-08-08T11:20:16.849+0000] {logging_mixin.py:150} INFO - [2023-08-08T11:20:16.849+0000] {dag.py:3508} INFO - Setting next_dagrun for ETL_Pipeline to 2023-08-08T11:00:00+00:00, run_after=2023-08-08T12:00:00+00:00
[2023-08-08T11:20:16.872+0000] {processor.py:179} INFO - Processing /opt/airflow/dags/my_first_dag.py took 0.806 seconds
[2023-08-08T11:20:47.059+0000] {processor.py:157} INFO - Started process (PID=741) to work on /opt/airflow/dags/my_first_dag.py
[2023-08-08T11:20:47.061+0000] {processor.py:826} INFO - Processing file /opt/airflow/dags/my_first_dag.py for tasks to queue
[2023-08-08T11:20:47.063+0000] {logging_mixin.py:150} INFO - [2023-08-08T11:20:47.062+0000] {dagbag.py:541} INFO - Filling up the DagBag from /opt/airflow/dags/my_first_dag.py
[2023-08-08T11:20:47.605+0000] {processor.py:836} INFO - DAG(s) dict_keys(['ETL_Pipeline']) retrieved from /opt/airflow/dags/my_first_dag.py
[2023-08-08T11:20:47.641+0000] {logging_mixin.py:150} INFO - [2023-08-08T11:20:47.640+0000] {dag.py:2742} INFO - Sync 1 DAGs
[2023-08-08T11:20:47.673+0000] {logging_mixin.py:150} INFO - [2023-08-08T11:20:47.673+0000] {dag.py:3508} INFO - Setting next_dagrun for ETL_Pipeline to 2023-08-08T11:00:00+00:00, run_after=2023-08-08T12:00:00+00:00
[2023-08-08T11:20:47.699+0000] {processor.py:179} INFO - Processing /opt/airflow/dags/my_first_dag.py took 0.645 seconds
[2023-08-08T11:21:17.870+0000] {processor.py:157} INFO - Started process (PID=753) to work on /opt/airflow/dags/my_first_dag.py
[2023-08-08T11:21:17.871+0000] {processor.py:826} INFO - Processing file /opt/airflow/dags/my_first_dag.py for tasks to queue
[2023-08-08T11:21:17.872+0000] {logging_mixin.py:150} INFO - [2023-08-08T11:21:17.872+0000] {dagbag.py:541} INFO - Filling up the DagBag from /opt/airflow/dags/my_first_dag.py
[2023-08-08T11:21:18.548+0000] {processor.py:836} INFO - DAG(s) dict_keys(['ETL_Pipeline']) retrieved from /opt/airflow/dags/my_first_dag.py
[2023-08-08T11:21:18.604+0000] {logging_mixin.py:150} INFO - [2023-08-08T11:21:18.603+0000] {dag.py:2742} INFO - Sync 1 DAGs
[2023-08-08T11:21:18.642+0000] {logging_mixin.py:150} INFO - [2023-08-08T11:21:18.642+0000] {dag.py:3508} INFO - Setting next_dagrun for ETL_Pipeline to 2023-08-08T11:00:00+00:00, run_after=2023-08-08T12:00:00+00:00
[2023-08-08T11:21:18.668+0000] {processor.py:179} INFO - Processing /opt/airflow/dags/my_first_dag.py took 0.802 seconds
[2023-08-08T11:21:48.836+0000] {processor.py:157} INFO - Started process (PID=765) to work on /opt/airflow/dags/my_first_dag.py
[2023-08-08T11:21:48.837+0000] {processor.py:826} INFO - Processing file /opt/airflow/dags/my_first_dag.py for tasks to queue
[2023-08-08T11:21:48.841+0000] {logging_mixin.py:150} INFO - [2023-08-08T11:21:48.840+0000] {dagbag.py:541} INFO - Filling up the DagBag from /opt/airflow/dags/my_first_dag.py
[2023-08-08T11:21:49.489+0000] {processor.py:836} INFO - DAG(s) dict_keys(['ETL_Pipeline']) retrieved from /opt/airflow/dags/my_first_dag.py
[2023-08-08T11:21:49.525+0000] {logging_mixin.py:150} INFO - [2023-08-08T11:21:49.524+0000] {dag.py:2742} INFO - Sync 1 DAGs
[2023-08-08T11:21:49.561+0000] {logging_mixin.py:150} INFO - [2023-08-08T11:21:49.561+0000] {dag.py:3508} INFO - Setting next_dagrun for ETL_Pipeline to 2023-08-08T11:00:00+00:00, run_after=2023-08-08T12:00:00+00:00
[2023-08-08T11:21:49.587+0000] {processor.py:179} INFO - Processing /opt/airflow/dags/my_first_dag.py took 0.760 seconds
[2023-08-08T11:22:19.700+0000] {processor.py:157} INFO - Started process (PID=777) to work on /opt/airflow/dags/my_first_dag.py
[2023-08-08T11:22:19.701+0000] {processor.py:826} INFO - Processing file /opt/airflow/dags/my_first_dag.py for tasks to queue
[2023-08-08T11:22:19.701+0000] {logging_mixin.py:150} INFO - [2023-08-08T11:22:19.701+0000] {dagbag.py:541} INFO - Filling up the DagBag from /opt/airflow/dags/my_first_dag.py
[2023-08-08T11:22:20.231+0000] {processor.py:836} INFO - DAG(s) dict_keys(['ETL_Pipeline']) retrieved from /opt/airflow/dags/my_first_dag.py
[2023-08-08T11:22:20.255+0000] {logging_mixin.py:150} INFO - [2023-08-08T11:22:20.255+0000] {dag.py:2742} INFO - Sync 1 DAGs
[2023-08-08T11:22:20.282+0000] {logging_mixin.py:150} INFO - [2023-08-08T11:22:20.282+0000] {dag.py:3508} INFO - Setting next_dagrun for ETL_Pipeline to 2023-08-08T11:00:00+00:00, run_after=2023-08-08T12:00:00+00:00
[2023-08-08T11:22:20.401+0000] {processor.py:179} INFO - Processing /opt/airflow/dags/my_first_dag.py took 0.703 seconds
[2023-08-08T11:22:50.563+0000] {processor.py:157} INFO - Started process (PID=790) to work on /opt/airflow/dags/my_first_dag.py
[2023-08-08T11:22:50.566+0000] {processor.py:826} INFO - Processing file /opt/airflow/dags/my_first_dag.py for tasks to queue
[2023-08-08T11:22:50.568+0000] {logging_mixin.py:150} INFO - [2023-08-08T11:22:50.568+0000] {dagbag.py:541} INFO - Filling up the DagBag from /opt/airflow/dags/my_first_dag.py
[2023-08-08T11:22:51.494+0000] {processor.py:836} INFO - DAG(s) dict_keys(['ETL_Pipeline']) retrieved from /opt/airflow/dags/my_first_dag.py
[2023-08-08T11:22:51.534+0000] {logging_mixin.py:150} INFO - [2023-08-08T11:22:51.533+0000] {dag.py:2742} INFO - Sync 1 DAGs
[2023-08-08T11:22:51.715+0000] {logging_mixin.py:150} INFO - [2023-08-08T11:22:51.715+0000] {dag.py:3508} INFO - Setting next_dagrun for ETL_Pipeline to 2023-08-08T11:00:00+00:00, run_after=2023-08-08T12:00:00+00:00
[2023-08-08T11:22:51.736+0000] {processor.py:179} INFO - Processing /opt/airflow/dags/my_first_dag.py took 1.178 seconds
[2023-08-08T11:23:21.780+0000] {processor.py:157} INFO - Started process (PID=802) to work on /opt/airflow/dags/my_first_dag.py
[2023-08-08T11:23:21.781+0000] {processor.py:826} INFO - Processing file /opt/airflow/dags/my_first_dag.py for tasks to queue
[2023-08-08T11:23:21.783+0000] {logging_mixin.py:150} INFO - [2023-08-08T11:23:21.783+0000] {dagbag.py:541} INFO - Filling up the DagBag from /opt/airflow/dags/my_first_dag.py
[2023-08-08T11:23:22.253+0000] {processor.py:836} INFO - DAG(s) dict_keys(['ETL_Pipeline']) retrieved from /opt/airflow/dags/my_first_dag.py
[2023-08-08T11:23:22.274+0000] {logging_mixin.py:150} INFO - [2023-08-08T11:23:22.273+0000] {dag.py:2742} INFO - Sync 1 DAGs
[2023-08-08T11:23:22.372+0000] {logging_mixin.py:150} INFO - [2023-08-08T11:23:22.372+0000] {dag.py:3508} INFO - Setting next_dagrun for ETL_Pipeline to 2023-08-08T11:00:00+00:00, run_after=2023-08-08T12:00:00+00:00
[2023-08-08T11:23:22.391+0000] {processor.py:179} INFO - Processing /opt/airflow/dags/my_first_dag.py took 0.618 seconds
[2023-08-08T11:23:52.530+0000] {processor.py:157} INFO - Started process (PID=814) to work on /opt/airflow/dags/my_first_dag.py
[2023-08-08T11:23:52.531+0000] {processor.py:826} INFO - Processing file /opt/airflow/dags/my_first_dag.py for tasks to queue
[2023-08-08T11:23:52.531+0000] {logging_mixin.py:150} INFO - [2023-08-08T11:23:52.531+0000] {dagbag.py:541} INFO - Filling up the DagBag from /opt/airflow/dags/my_first_dag.py
[2023-08-08T11:23:52.955+0000] {processor.py:836} INFO - DAG(s) dict_keys(['ETL_Pipeline']) retrieved from /opt/airflow/dags/my_first_dag.py
[2023-08-08T11:23:52.977+0000] {logging_mixin.py:150} INFO - [2023-08-08T11:23:52.977+0000] {dag.py:2742} INFO - Sync 1 DAGs
[2023-08-08T11:23:53.002+0000] {logging_mixin.py:150} INFO - [2023-08-08T11:23:53.001+0000] {dag.py:3508} INFO - Setting next_dagrun for ETL_Pipeline to 2023-08-08T11:00:00+00:00, run_after=2023-08-08T12:00:00+00:00
[2023-08-08T11:23:53.020+0000] {processor.py:179} INFO - Processing /opt/airflow/dags/my_first_dag.py took 0.494 seconds
[2023-08-08T11:24:23.121+0000] {processor.py:157} INFO - Started process (PID=826) to work on /opt/airflow/dags/my_first_dag.py
[2023-08-08T11:24:23.122+0000] {processor.py:826} INFO - Processing file /opt/airflow/dags/my_first_dag.py for tasks to queue
[2023-08-08T11:24:23.123+0000] {logging_mixin.py:150} INFO - [2023-08-08T11:24:23.122+0000] {dagbag.py:541} INFO - Filling up the DagBag from /opt/airflow/dags/my_first_dag.py
[2023-08-08T11:24:23.564+0000] {processor.py:836} INFO - DAG(s) dict_keys(['ETL_Pipeline']) retrieved from /opt/airflow/dags/my_first_dag.py
[2023-08-08T11:24:23.589+0000] {logging_mixin.py:150} INFO - [2023-08-08T11:24:23.589+0000] {dag.py:2742} INFO - Sync 1 DAGs
[2023-08-08T11:24:23.616+0000] {logging_mixin.py:150} INFO - [2023-08-08T11:24:23.616+0000] {dag.py:3508} INFO - Setting next_dagrun for ETL_Pipeline to 2023-08-08T11:00:00+00:00, run_after=2023-08-08T12:00:00+00:00
[2023-08-08T11:24:23.630+0000] {processor.py:179} INFO - Processing /opt/airflow/dags/my_first_dag.py took 0.513 seconds
[2023-08-08T11:24:53.801+0000] {processor.py:157} INFO - Started process (PID=838) to work on /opt/airflow/dags/my_first_dag.py
[2023-08-08T11:24:53.802+0000] {processor.py:826} INFO - Processing file /opt/airflow/dags/my_first_dag.py for tasks to queue
[2023-08-08T11:24:53.803+0000] {logging_mixin.py:150} INFO - [2023-08-08T11:24:53.803+0000] {dagbag.py:541} INFO - Filling up the DagBag from /opt/airflow/dags/my_first_dag.py
[2023-08-08T11:24:54.217+0000] {processor.py:836} INFO - DAG(s) dict_keys(['ETL_Pipeline']) retrieved from /opt/airflow/dags/my_first_dag.py
[2023-08-08T11:24:54.236+0000] {logging_mixin.py:150} INFO - [2023-08-08T11:24:54.235+0000] {dag.py:2742} INFO - Sync 1 DAGs
[2023-08-08T11:24:54.256+0000] {logging_mixin.py:150} INFO - [2023-08-08T11:24:54.256+0000] {dag.py:3508} INFO - Setting next_dagrun for ETL_Pipeline to 2023-08-08T11:00:00+00:00, run_after=2023-08-08T12:00:00+00:00
[2023-08-08T11:24:54.270+0000] {processor.py:179} INFO - Processing /opt/airflow/dags/my_first_dag.py took 0.475 seconds
[2023-08-08T11:25:24.415+0000] {processor.py:157} INFO - Started process (PID=850) to work on /opt/airflow/dags/my_first_dag.py
[2023-08-08T11:25:24.415+0000] {processor.py:826} INFO - Processing file /opt/airflow/dags/my_first_dag.py for tasks to queue
[2023-08-08T11:25:24.416+0000] {logging_mixin.py:150} INFO - [2023-08-08T11:25:24.416+0000] {dagbag.py:541} INFO - Filling up the DagBag from /opt/airflow/dags/my_first_dag.py
[2023-08-08T11:25:24.825+0000] {processor.py:836} INFO - DAG(s) dict_keys(['ETL_Pipeline']) retrieved from /opt/airflow/dags/my_first_dag.py
[2023-08-08T11:25:24.845+0000] {logging_mixin.py:150} INFO - [2023-08-08T11:25:24.844+0000] {dag.py:2742} INFO - Sync 1 DAGs
[2023-08-08T11:25:24.865+0000] {logging_mixin.py:150} INFO - [2023-08-08T11:25:24.865+0000] {dag.py:3508} INFO - Setting next_dagrun for ETL_Pipeline to 2023-08-08T11:00:00+00:00, run_after=2023-08-08T12:00:00+00:00
[2023-08-08T11:25:24.960+0000] {processor.py:179} INFO - Processing /opt/airflow/dags/my_first_dag.py took 0.548 seconds
[2023-08-08T11:25:55.114+0000] {processor.py:157} INFO - Started process (PID=862) to work on /opt/airflow/dags/my_first_dag.py
[2023-08-08T11:25:55.115+0000] {processor.py:826} INFO - Processing file /opt/airflow/dags/my_first_dag.py for tasks to queue
[2023-08-08T11:25:55.116+0000] {logging_mixin.py:150} INFO - [2023-08-08T11:25:55.115+0000] {dagbag.py:541} INFO - Filling up the DagBag from /opt/airflow/dags/my_first_dag.py
[2023-08-08T11:25:55.677+0000] {processor.py:836} INFO - DAG(s) dict_keys(['ETL_Pipeline']) retrieved from /opt/airflow/dags/my_first_dag.py
[2023-08-08T11:25:55.702+0000] {logging_mixin.py:150} INFO - [2023-08-08T11:25:55.701+0000] {dag.py:2742} INFO - Sync 1 DAGs
[2023-08-08T11:25:55.816+0000] {logging_mixin.py:150} INFO - [2023-08-08T11:25:55.816+0000] {dag.py:3508} INFO - Setting next_dagrun for ETL_Pipeline to 2023-08-08T11:00:00+00:00, run_after=2023-08-08T12:00:00+00:00
[2023-08-08T11:25:55.832+0000] {processor.py:179} INFO - Processing /opt/airflow/dags/my_first_dag.py took 0.724 seconds
[2023-08-08T11:26:25.983+0000] {processor.py:157} INFO - Started process (PID=874) to work on /opt/airflow/dags/my_first_dag.py
[2023-08-08T11:26:25.984+0000] {processor.py:826} INFO - Processing file /opt/airflow/dags/my_first_dag.py for tasks to queue
[2023-08-08T11:26:25.985+0000] {logging_mixin.py:150} INFO - [2023-08-08T11:26:25.985+0000] {dagbag.py:541} INFO - Filling up the DagBag from /opt/airflow/dags/my_first_dag.py
[2023-08-08T11:26:26.371+0000] {processor.py:836} INFO - DAG(s) dict_keys(['ETL_Pipeline']) retrieved from /opt/airflow/dags/my_first_dag.py
[2023-08-08T11:26:26.391+0000] {logging_mixin.py:150} INFO - [2023-08-08T11:26:26.391+0000] {dag.py:2742} INFO - Sync 1 DAGs
[2023-08-08T11:26:26.411+0000] {logging_mixin.py:150} INFO - [2023-08-08T11:26:26.411+0000] {dag.py:3508} INFO - Setting next_dagrun for ETL_Pipeline to 2023-08-08T11:00:00+00:00, run_after=2023-08-08T12:00:00+00:00
[2023-08-08T11:26:26.428+0000] {processor.py:179} INFO - Processing /opt/airflow/dags/my_first_dag.py took 0.447 seconds
[2023-08-08T11:26:56.585+0000] {processor.py:157} INFO - Started process (PID=887) to work on /opt/airflow/dags/my_first_dag.py
[2023-08-08T11:26:56.587+0000] {processor.py:826} INFO - Processing file /opt/airflow/dags/my_first_dag.py for tasks to queue
[2023-08-08T11:26:56.588+0000] {logging_mixin.py:150} INFO - [2023-08-08T11:26:56.588+0000] {dagbag.py:541} INFO - Filling up the DagBag from /opt/airflow/dags/my_first_dag.py
[2023-08-08T11:26:57.016+0000] {processor.py:836} INFO - DAG(s) dict_keys(['ETL_Pipeline']) retrieved from /opt/airflow/dags/my_first_dag.py
[2023-08-08T11:26:57.036+0000] {logging_mixin.py:150} INFO - [2023-08-08T11:26:57.035+0000] {dag.py:2742} INFO - Sync 1 DAGs
[2023-08-08T11:26:57.055+0000] {logging_mixin.py:150} INFO - [2023-08-08T11:26:57.055+0000] {dag.py:3508} INFO - Setting next_dagrun for ETL_Pipeline to 2023-08-08T11:00:00+00:00, run_after=2023-08-08T12:00:00+00:00
[2023-08-08T11:26:57.069+0000] {processor.py:179} INFO - Processing /opt/airflow/dags/my_first_dag.py took 0.490 seconds
[2023-08-08T11:27:27.225+0000] {processor.py:157} INFO - Started process (PID=899) to work on /opt/airflow/dags/my_first_dag.py
[2023-08-08T11:27:27.227+0000] {processor.py:826} INFO - Processing file /opt/airflow/dags/my_first_dag.py for tasks to queue
[2023-08-08T11:27:27.228+0000] {logging_mixin.py:150} INFO - [2023-08-08T11:27:27.227+0000] {dagbag.py:541} INFO - Filling up the DagBag from /opt/airflow/dags/my_first_dag.py
[2023-08-08T11:27:27.628+0000] {processor.py:836} INFO - DAG(s) dict_keys(['ETL_Pipeline']) retrieved from /opt/airflow/dags/my_first_dag.py
[2023-08-08T11:27:27.647+0000] {logging_mixin.py:150} INFO - [2023-08-08T11:27:27.647+0000] {dag.py:2742} INFO - Sync 1 DAGs
[2023-08-08T11:27:27.666+0000] {logging_mixin.py:150} INFO - [2023-08-08T11:27:27.666+0000] {dag.py:3508} INFO - Setting next_dagrun for ETL_Pipeline to 2023-08-08T11:00:00+00:00, run_after=2023-08-08T12:00:00+00:00
[2023-08-08T11:27:27.680+0000] {processor.py:179} INFO - Processing /opt/airflow/dags/my_first_dag.py took 0.458 seconds
[2023-08-08T11:27:57.838+0000] {processor.py:157} INFO - Started process (PID=912) to work on /opt/airflow/dags/my_first_dag.py
[2023-08-08T11:27:57.839+0000] {processor.py:826} INFO - Processing file /opt/airflow/dags/my_first_dag.py for tasks to queue
[2023-08-08T11:27:57.840+0000] {logging_mixin.py:150} INFO - [2023-08-08T11:27:57.839+0000] {dagbag.py:541} INFO - Filling up the DagBag from /opt/airflow/dags/my_first_dag.py
[2023-08-08T11:27:58.240+0000] {processor.py:836} INFO - DAG(s) dict_keys(['ETL_Pipeline']) retrieved from /opt/airflow/dags/my_first_dag.py
[2023-08-08T11:27:58.260+0000] {logging_mixin.py:150} INFO - [2023-08-08T11:27:58.259+0000] {dag.py:2742} INFO - Sync 1 DAGs
[2023-08-08T11:27:58.279+0000] {logging_mixin.py:150} INFO - [2023-08-08T11:27:58.279+0000] {dag.py:3508} INFO - Setting next_dagrun for ETL_Pipeline to 2023-08-08T11:00:00+00:00, run_after=2023-08-08T12:00:00+00:00
[2023-08-08T11:27:58.372+0000] {processor.py:179} INFO - Processing /opt/airflow/dags/my_first_dag.py took 0.539 seconds
[2023-08-08T11:28:28.502+0000] {processor.py:157} INFO - Started process (PID=924) to work on /opt/airflow/dags/my_first_dag.py
[2023-08-08T11:28:28.503+0000] {processor.py:826} INFO - Processing file /opt/airflow/dags/my_first_dag.py for tasks to queue
[2023-08-08T11:28:28.503+0000] {logging_mixin.py:150} INFO - [2023-08-08T11:28:28.503+0000] {dagbag.py:541} INFO - Filling up the DagBag from /opt/airflow/dags/my_first_dag.py
[2023-08-08T11:28:28.911+0000] {processor.py:836} INFO - DAG(s) dict_keys(['ETL_Pipeline']) retrieved from /opt/airflow/dags/my_first_dag.py
[2023-08-08T11:28:28.931+0000] {logging_mixin.py:150} INFO - [2023-08-08T11:28:28.930+0000] {dag.py:2742} INFO - Sync 1 DAGs
[2023-08-08T11:28:29.033+0000] {logging_mixin.py:150} INFO - [2023-08-08T11:28:29.033+0000] {dag.py:3508} INFO - Setting next_dagrun for ETL_Pipeline to 2023-08-08T11:00:00+00:00, run_after=2023-08-08T12:00:00+00:00
[2023-08-08T11:28:29.048+0000] {processor.py:179} INFO - Processing /opt/airflow/dags/my_first_dag.py took 0.548 seconds
[2023-08-08T11:28:59.201+0000] {processor.py:157} INFO - Started process (PID=936) to work on /opt/airflow/dags/my_first_dag.py
[2023-08-08T11:28:59.202+0000] {processor.py:826} INFO - Processing file /opt/airflow/dags/my_first_dag.py for tasks to queue
[2023-08-08T11:28:59.203+0000] {logging_mixin.py:150} INFO - [2023-08-08T11:28:59.203+0000] {dagbag.py:541} INFO - Filling up the DagBag from /opt/airflow/dags/my_first_dag.py
[2023-08-08T11:28:59.765+0000] {processor.py:836} INFO - DAG(s) dict_keys(['ETL_Pipeline']) retrieved from /opt/airflow/dags/my_first_dag.py
[2023-08-08T11:28:59.817+0000] {logging_mixin.py:150} INFO - [2023-08-08T11:28:59.815+0000] {dag.py:2742} INFO - Sync 1 DAGs
[2023-08-08T11:28:59.969+0000] {logging_mixin.py:150} INFO - [2023-08-08T11:28:59.969+0000] {dag.py:3508} INFO - Setting next_dagrun for ETL_Pipeline to 2023-08-08T11:00:00+00:00, run_after=2023-08-08T12:00:00+00:00
[2023-08-08T11:28:59.991+0000] {processor.py:179} INFO - Processing /opt/airflow/dags/my_first_dag.py took 0.792 seconds
[2023-08-08T11:29:30.146+0000] {processor.py:157} INFO - Started process (PID=948) to work on /opt/airflow/dags/my_first_dag.py
[2023-08-08T11:29:30.147+0000] {processor.py:826} INFO - Processing file /opt/airflow/dags/my_first_dag.py for tasks to queue
[2023-08-08T11:29:30.148+0000] {logging_mixin.py:150} INFO - [2023-08-08T11:29:30.147+0000] {dagbag.py:541} INFO - Filling up the DagBag from /opt/airflow/dags/my_first_dag.py
[2023-08-08T11:29:30.535+0000] {processor.py:836} INFO - DAG(s) dict_keys(['ETL_Pipeline']) retrieved from /opt/airflow/dags/my_first_dag.py
[2023-08-08T11:29:30.557+0000] {logging_mixin.py:150} INFO - [2023-08-08T11:29:30.556+0000] {dag.py:2742} INFO - Sync 1 DAGs
[2023-08-08T11:29:30.576+0000] {logging_mixin.py:150} INFO - [2023-08-08T11:29:30.576+0000] {dag.py:3508} INFO - Setting next_dagrun for ETL_Pipeline to 2023-08-08T11:00:00+00:00, run_after=2023-08-08T12:00:00+00:00
[2023-08-08T11:29:30.591+0000] {processor.py:179} INFO - Processing /opt/airflow/dags/my_first_dag.py took 0.448 seconds
[2023-08-08T11:30:00.747+0000] {processor.py:157} INFO - Started process (PID=960) to work on /opt/airflow/dags/my_first_dag.py
[2023-08-08T11:30:00.748+0000] {processor.py:826} INFO - Processing file /opt/airflow/dags/my_first_dag.py for tasks to queue
[2023-08-08T11:30:00.749+0000] {logging_mixin.py:150} INFO - [2023-08-08T11:30:00.749+0000] {dagbag.py:541} INFO - Filling up the DagBag from /opt/airflow/dags/my_first_dag.py
[2023-08-08T11:30:01.170+0000] {processor.py:836} INFO - DAG(s) dict_keys(['ETL_Pipeline']) retrieved from /opt/airflow/dags/my_first_dag.py
[2023-08-08T11:30:01.190+0000] {logging_mixin.py:150} INFO - [2023-08-08T11:30:01.189+0000] {dag.py:2742} INFO - Sync 1 DAGs
[2023-08-08T11:30:01.209+0000] {logging_mixin.py:150} INFO - [2023-08-08T11:30:01.208+0000] {dag.py:3508} INFO - Setting next_dagrun for ETL_Pipeline to 2023-08-08T11:00:00+00:00, run_after=2023-08-08T12:00:00+00:00
[2023-08-08T11:30:01.223+0000] {processor.py:179} INFO - Processing /opt/airflow/dags/my_first_dag.py took 0.481 seconds
[2023-08-08T11:30:31.392+0000] {processor.py:157} INFO - Started process (PID=972) to work on /opt/airflow/dags/my_first_dag.py
[2023-08-08T11:30:31.393+0000] {processor.py:826} INFO - Processing file /opt/airflow/dags/my_first_dag.py for tasks to queue
[2023-08-08T11:30:31.394+0000] {logging_mixin.py:150} INFO - [2023-08-08T11:30:31.394+0000] {dagbag.py:541} INFO - Filling up the DagBag from /opt/airflow/dags/my_first_dag.py
[2023-08-08T11:30:31.794+0000] {processor.py:836} INFO - DAG(s) dict_keys(['ETL_Pipeline']) retrieved from /opt/airflow/dags/my_first_dag.py
[2023-08-08T11:30:31.813+0000] {logging_mixin.py:150} INFO - [2023-08-08T11:30:31.813+0000] {dag.py:2742} INFO - Sync 1 DAGs
[2023-08-08T11:30:31.832+0000] {logging_mixin.py:150} INFO - [2023-08-08T11:30:31.832+0000] {dag.py:3508} INFO - Setting next_dagrun for ETL_Pipeline to 2023-08-08T11:00:00+00:00, run_after=2023-08-08T12:00:00+00:00
[2023-08-08T11:30:31.845+0000] {processor.py:179} INFO - Processing /opt/airflow/dags/my_first_dag.py took 0.459 seconds
[2023-08-08T11:31:01.991+0000] {processor.py:157} INFO - Started process (PID=984) to work on /opt/airflow/dags/my_first_dag.py
[2023-08-08T11:31:01.993+0000] {processor.py:826} INFO - Processing file /opt/airflow/dags/my_first_dag.py for tasks to queue
[2023-08-08T11:31:01.993+0000] {logging_mixin.py:150} INFO - [2023-08-08T11:31:01.993+0000] {dagbag.py:541} INFO - Filling up the DagBag from /opt/airflow/dags/my_first_dag.py
[2023-08-08T11:31:02.465+0000] {processor.py:836} INFO - DAG(s) dict_keys(['ETL_Pipeline']) retrieved from /opt/airflow/dags/my_first_dag.py
[2023-08-08T11:31:02.500+0000] {logging_mixin.py:150} INFO - [2023-08-08T11:31:02.499+0000] {dag.py:2742} INFO - Sync 1 DAGs
[2023-08-08T11:31:02.534+0000] {logging_mixin.py:150} INFO - [2023-08-08T11:31:02.534+0000] {dag.py:3508} INFO - Setting next_dagrun for ETL_Pipeline to 2023-08-08T11:00:00+00:00, run_after=2023-08-08T12:00:00+00:00
[2023-08-08T11:31:02.652+0000] {processor.py:179} INFO - Processing /opt/airflow/dags/my_first_dag.py took 0.663 seconds
[2023-08-08T11:31:32.691+0000] {processor.py:157} INFO - Started process (PID=997) to work on /opt/airflow/dags/my_first_dag.py
[2023-08-08T11:31:32.692+0000] {processor.py:826} INFO - Processing file /opt/airflow/dags/my_first_dag.py for tasks to queue
[2023-08-08T11:31:32.693+0000] {logging_mixin.py:150} INFO - [2023-08-08T11:31:32.692+0000] {dagbag.py:541} INFO - Filling up the DagBag from /opt/airflow/dags/my_first_dag.py
[2023-08-08T11:31:33.140+0000] {processor.py:836} INFO - DAG(s) dict_keys(['ETL_Pipeline']) retrieved from /opt/airflow/dags/my_first_dag.py
[2023-08-08T11:31:33.168+0000] {logging_mixin.py:150} INFO - [2023-08-08T11:31:33.167+0000] {dag.py:2742} INFO - Sync 1 DAGs
[2023-08-08T11:31:33.296+0000] {logging_mixin.py:150} INFO - [2023-08-08T11:31:33.296+0000] {dag.py:3508} INFO - Setting next_dagrun for ETL_Pipeline to 2023-08-08T11:00:00+00:00, run_after=2023-08-08T12:00:00+00:00
[2023-08-08T11:31:33.312+0000] {processor.py:179} INFO - Processing /opt/airflow/dags/my_first_dag.py took 0.624 seconds
[2023-08-08T11:32:03.474+0000] {processor.py:157} INFO - Started process (PID=1008) to work on /opt/airflow/dags/my_first_dag.py
[2023-08-08T11:32:03.476+0000] {processor.py:826} INFO - Processing file /opt/airflow/dags/my_first_dag.py for tasks to queue
[2023-08-08T11:32:03.477+0000] {logging_mixin.py:150} INFO - [2023-08-08T11:32:03.476+0000] {dagbag.py:541} INFO - Filling up the DagBag from /opt/airflow/dags/my_first_dag.py
[2023-08-08T11:32:03.887+0000] {processor.py:836} INFO - DAG(s) dict_keys(['ETL_Pipeline']) retrieved from /opt/airflow/dags/my_first_dag.py
[2023-08-08T11:32:03.908+0000] {logging_mixin.py:150} INFO - [2023-08-08T11:32:03.907+0000] {dag.py:2742} INFO - Sync 1 DAGs
[2023-08-08T11:32:03.928+0000] {logging_mixin.py:150} INFO - [2023-08-08T11:32:03.928+0000] {dag.py:3508} INFO - Setting next_dagrun for ETL_Pipeline to 2023-08-08T11:00:00+00:00, run_after=2023-08-08T12:00:00+00:00
[2023-08-08T11:32:03.942+0000] {processor.py:179} INFO - Processing /opt/airflow/dags/my_first_dag.py took 0.473 seconds
[2023-08-08T11:32:34.105+0000] {processor.py:157} INFO - Started process (PID=1020) to work on /opt/airflow/dags/my_first_dag.py
[2023-08-08T11:32:34.106+0000] {processor.py:826} INFO - Processing file /opt/airflow/dags/my_first_dag.py for tasks to queue
[2023-08-08T11:32:34.107+0000] {logging_mixin.py:150} INFO - [2023-08-08T11:32:34.107+0000] {dagbag.py:541} INFO - Filling up the DagBag from /opt/airflow/dags/my_first_dag.py
[2023-08-08T11:32:34.517+0000] {processor.py:836} INFO - DAG(s) dict_keys(['ETL_Pipeline']) retrieved from /opt/airflow/dags/my_first_dag.py
[2023-08-08T11:32:34.545+0000] {logging_mixin.py:150} INFO - [2023-08-08T11:32:34.544+0000] {dag.py:2742} INFO - Sync 1 DAGs
[2023-08-08T11:32:34.575+0000] {logging_mixin.py:150} INFO - [2023-08-08T11:32:34.575+0000] {dag.py:3508} INFO - Setting next_dagrun for ETL_Pipeline to 2023-08-08T11:00:00+00:00, run_after=2023-08-08T12:00:00+00:00
[2023-08-08T11:32:34.595+0000] {processor.py:179} INFO - Processing /opt/airflow/dags/my_first_dag.py took 0.494 seconds
[2023-08-08T11:33:04.749+0000] {processor.py:157} INFO - Started process (PID=1032) to work on /opt/airflow/dags/my_first_dag.py
[2023-08-08T11:33:04.750+0000] {processor.py:826} INFO - Processing file /opt/airflow/dags/my_first_dag.py for tasks to queue
[2023-08-08T11:33:04.750+0000] {logging_mixin.py:150} INFO - [2023-08-08T11:33:04.750+0000] {dagbag.py:541} INFO - Filling up the DagBag from /opt/airflow/dags/my_first_dag.py
[2023-08-08T11:33:05.145+0000] {processor.py:836} INFO - DAG(s) dict_keys(['ETL_Pipeline']) retrieved from /opt/airflow/dags/my_first_dag.py
[2023-08-08T11:33:05.165+0000] {logging_mixin.py:150} INFO - [2023-08-08T11:33:05.164+0000] {dag.py:2742} INFO - Sync 1 DAGs
[2023-08-08T11:33:05.184+0000] {logging_mixin.py:150} INFO - [2023-08-08T11:33:05.184+0000] {dag.py:3508} INFO - Setting next_dagrun for ETL_Pipeline to 2023-08-08T11:00:00+00:00, run_after=2023-08-08T12:00:00+00:00
[2023-08-08T11:33:05.199+0000] {processor.py:179} INFO - Processing /opt/airflow/dags/my_first_dag.py took 0.454 seconds
[2023-08-08T11:33:35.362+0000] {processor.py:157} INFO - Started process (PID=1044) to work on /opt/airflow/dags/my_first_dag.py
[2023-08-08T11:33:35.363+0000] {processor.py:826} INFO - Processing file /opt/airflow/dags/my_first_dag.py for tasks to queue
[2023-08-08T11:33:35.364+0000] {logging_mixin.py:150} INFO - [2023-08-08T11:33:35.364+0000] {dagbag.py:541} INFO - Filling up the DagBag from /opt/airflow/dags/my_first_dag.py
[2023-08-08T11:33:35.768+0000] {processor.py:836} INFO - DAG(s) dict_keys(['ETL_Pipeline']) retrieved from /opt/airflow/dags/my_first_dag.py
[2023-08-08T11:33:35.789+0000] {logging_mixin.py:150} INFO - [2023-08-08T11:33:35.788+0000] {dag.py:2742} INFO - Sync 1 DAGs
[2023-08-08T11:33:35.809+0000] {logging_mixin.py:150} INFO - [2023-08-08T11:33:35.808+0000] {dag.py:3508} INFO - Setting next_dagrun for ETL_Pipeline to 2023-08-08T11:00:00+00:00, run_after=2023-08-08T12:00:00+00:00
[2023-08-08T11:33:35.823+0000] {processor.py:179} INFO - Processing /opt/airflow/dags/my_first_dag.py took 0.467 seconds
[2023-08-08T11:34:05.975+0000] {processor.py:157} INFO - Started process (PID=1056) to work on /opt/airflow/dags/my_first_dag.py
[2023-08-08T11:34:05.975+0000] {processor.py:826} INFO - Processing file /opt/airflow/dags/my_first_dag.py for tasks to queue
[2023-08-08T11:34:05.976+0000] {logging_mixin.py:150} INFO - [2023-08-08T11:34:05.976+0000] {dagbag.py:541} INFO - Filling up the DagBag from /opt/airflow/dags/my_first_dag.py
[2023-08-08T11:34:06.499+0000] {processor.py:836} INFO - DAG(s) dict_keys(['ETL_Pipeline']) retrieved from /opt/airflow/dags/my_first_dag.py
[2023-08-08T11:34:06.523+0000] {logging_mixin.py:150} INFO - [2023-08-08T11:34:06.523+0000] {dag.py:2742} INFO - Sync 1 DAGs
[2023-08-08T11:34:06.657+0000] {logging_mixin.py:150} INFO - [2023-08-08T11:34:06.656+0000] {dag.py:3508} INFO - Setting next_dagrun for ETL_Pipeline to 2023-08-08T11:00:00+00:00, run_after=2023-08-08T12:00:00+00:00
[2023-08-08T11:34:06.674+0000] {processor.py:179} INFO - Processing /opt/airflow/dags/my_first_dag.py took 0.703 seconds
[2023-08-08T11:34:36.810+0000] {processor.py:157} INFO - Started process (PID=1068) to work on /opt/airflow/dags/my_first_dag.py
[2023-08-08T11:34:36.811+0000] {processor.py:826} INFO - Processing file /opt/airflow/dags/my_first_dag.py for tasks to queue
[2023-08-08T11:34:36.811+0000] {logging_mixin.py:150} INFO - [2023-08-08T11:34:36.811+0000] {dagbag.py:541} INFO - Filling up the DagBag from /opt/airflow/dags/my_first_dag.py
[2023-08-08T11:34:37.261+0000] {processor.py:836} INFO - DAG(s) dict_keys(['ETL_Pipeline']) retrieved from /opt/airflow/dags/my_first_dag.py
[2023-08-08T11:34:37.280+0000] {logging_mixin.py:150} INFO - [2023-08-08T11:34:37.280+0000] {dag.py:2742} INFO - Sync 1 DAGs
[2023-08-08T11:34:37.395+0000] {logging_mixin.py:150} INFO - [2023-08-08T11:34:37.395+0000] {dag.py:3508} INFO - Setting next_dagrun for ETL_Pipeline to 2023-08-08T11:00:00+00:00, run_after=2023-08-08T12:00:00+00:00
[2023-08-08T11:34:37.413+0000] {processor.py:179} INFO - Processing /opt/airflow/dags/my_first_dag.py took 0.605 seconds
[2023-08-08T11:35:07.578+0000] {processor.py:157} INFO - Started process (PID=1080) to work on /opt/airflow/dags/my_first_dag.py
[2023-08-08T11:35:07.580+0000] {processor.py:826} INFO - Processing file /opt/airflow/dags/my_first_dag.py for tasks to queue
[2023-08-08T11:35:07.581+0000] {logging_mixin.py:150} INFO - [2023-08-08T11:35:07.580+0000] {dagbag.py:541} INFO - Filling up the DagBag from /opt/airflow/dags/my_first_dag.py
[2023-08-08T11:35:07.995+0000] {processor.py:836} INFO - DAG(s) dict_keys(['ETL_Pipeline']) retrieved from /opt/airflow/dags/my_first_dag.py
[2023-08-08T11:35:08.117+0000] {logging_mixin.py:150} INFO - [2023-08-08T11:35:08.023+0000] {dag.py:2742} INFO - Sync 1 DAGs
[2023-08-08T11:35:08.139+0000] {logging_mixin.py:150} INFO - [2023-08-08T11:35:08.139+0000] {dag.py:3508} INFO - Setting next_dagrun for ETL_Pipeline to 2023-08-08T11:00:00+00:00, run_after=2023-08-08T12:00:00+00:00
[2023-08-08T11:35:08.154+0000] {processor.py:179} INFO - Processing /opt/airflow/dags/my_first_dag.py took 0.579 seconds
[2023-08-08T11:35:38.302+0000] {processor.py:157} INFO - Started process (PID=1092) to work on /opt/airflow/dags/my_first_dag.py
[2023-08-08T11:35:38.302+0000] {processor.py:826} INFO - Processing file /opt/airflow/dags/my_first_dag.py for tasks to queue
[2023-08-08T11:35:38.303+0000] {logging_mixin.py:150} INFO - [2023-08-08T11:35:38.303+0000] {dagbag.py:541} INFO - Filling up the DagBag from /opt/airflow/dags/my_first_dag.py
[2023-08-08T11:35:38.727+0000] {processor.py:836} INFO - DAG(s) dict_keys(['ETL_Pipeline']) retrieved from /opt/airflow/dags/my_first_dag.py
[2023-08-08T11:35:38.749+0000] {logging_mixin.py:150} INFO - [2023-08-08T11:35:38.748+0000] {dag.py:2742} INFO - Sync 1 DAGs
[2023-08-08T11:35:38.768+0000] {logging_mixin.py:150} INFO - [2023-08-08T11:35:38.768+0000] {dag.py:3508} INFO - Setting next_dagrun for ETL_Pipeline to 2023-08-08T11:00:00+00:00, run_after=2023-08-08T12:00:00+00:00
[2023-08-08T11:35:38.783+0000] {processor.py:179} INFO - Processing /opt/airflow/dags/my_first_dag.py took 0.484 seconds
[2023-08-08T11:36:08.950+0000] {processor.py:157} INFO - Started process (PID=1104) to work on /opt/airflow/dags/my_first_dag.py
[2023-08-08T11:36:08.951+0000] {processor.py:826} INFO - Processing file /opt/airflow/dags/my_first_dag.py for tasks to queue
[2023-08-08T11:36:08.952+0000] {logging_mixin.py:150} INFO - [2023-08-08T11:36:08.951+0000] {dagbag.py:541} INFO - Filling up the DagBag from /opt/airflow/dags/my_first_dag.py
[2023-08-08T11:36:09.667+0000] {processor.py:836} INFO - DAG(s) dict_keys(['ETL_Pipeline']) retrieved from /opt/airflow/dags/my_first_dag.py
[2023-08-08T11:36:09.716+0000] {logging_mixin.py:150} INFO - [2023-08-08T11:36:09.715+0000] {dag.py:2742} INFO - Sync 1 DAGs
[2023-08-08T11:36:09.765+0000] {logging_mixin.py:150} INFO - [2023-08-08T11:36:09.765+0000] {dag.py:3508} INFO - Setting next_dagrun for ETL_Pipeline to 2023-08-08T11:00:00+00:00, run_after=2023-08-08T12:00:00+00:00
[2023-08-08T11:36:09.795+0000] {processor.py:179} INFO - Processing /opt/airflow/dags/my_first_dag.py took 0.849 seconds
[2023-08-08T11:36:39.965+0000] {processor.py:157} INFO - Started process (PID=1116) to work on /opt/airflow/dags/my_first_dag.py
[2023-08-08T11:36:39.966+0000] {processor.py:826} INFO - Processing file /opt/airflow/dags/my_first_dag.py for tasks to queue
[2023-08-08T11:36:39.967+0000] {logging_mixin.py:150} INFO - [2023-08-08T11:36:39.967+0000] {dagbag.py:541} INFO - Filling up the DagBag from /opt/airflow/dags/my_first_dag.py
[2023-08-08T11:36:40.467+0000] {processor.py:836} INFO - DAG(s) dict_keys(['ETL_Pipeline']) retrieved from /opt/airflow/dags/my_first_dag.py
[2023-08-08T11:36:40.499+0000] {logging_mixin.py:150} INFO - [2023-08-08T11:36:40.499+0000] {dag.py:2742} INFO - Sync 1 DAGs
[2023-08-08T11:36:40.533+0000] {logging_mixin.py:150} INFO - [2023-08-08T11:36:40.533+0000] {dag.py:3508} INFO - Setting next_dagrun for ETL_Pipeline to 2023-08-08T11:00:00+00:00, run_after=2023-08-08T12:00:00+00:00
[2023-08-08T11:36:40.669+0000] {processor.py:179} INFO - Processing /opt/airflow/dags/my_first_dag.py took 0.706 seconds
[2023-08-08T11:37:10.721+0000] {processor.py:157} INFO - Started process (PID=1128) to work on /opt/airflow/dags/my_first_dag.py
[2023-08-08T11:37:10.721+0000] {processor.py:826} INFO - Processing file /opt/airflow/dags/my_first_dag.py for tasks to queue
[2023-08-08T11:37:10.722+0000] {logging_mixin.py:150} INFO - [2023-08-08T11:37:10.722+0000] {dagbag.py:541} INFO - Filling up the DagBag from /opt/airflow/dags/my_first_dag.py
[2023-08-08T11:37:11.168+0000] {processor.py:836} INFO - DAG(s) dict_keys(['ETL_Pipeline']) retrieved from /opt/airflow/dags/my_first_dag.py
[2023-08-08T11:37:11.188+0000] {logging_mixin.py:150} INFO - [2023-08-08T11:37:11.187+0000] {dag.py:2742} INFO - Sync 1 DAGs
[2023-08-08T11:37:11.287+0000] {logging_mixin.py:150} INFO - [2023-08-08T11:37:11.287+0000] {dag.py:3508} INFO - Setting next_dagrun for ETL_Pipeline to 2023-08-08T11:00:00+00:00, run_after=2023-08-08T12:00:00+00:00
[2023-08-08T11:37:11.300+0000] {processor.py:179} INFO - Processing /opt/airflow/dags/my_first_dag.py took 0.581 seconds
[2023-08-08T11:37:41.460+0000] {processor.py:157} INFO - Started process (PID=1140) to work on /opt/airflow/dags/my_first_dag.py
[2023-08-08T11:37:41.461+0000] {processor.py:826} INFO - Processing file /opt/airflow/dags/my_first_dag.py for tasks to queue
[2023-08-08T11:37:41.462+0000] {logging_mixin.py:150} INFO - [2023-08-08T11:37:41.462+0000] {dagbag.py:541} INFO - Filling up the DagBag from /opt/airflow/dags/my_first_dag.py
[2023-08-08T11:37:42.211+0000] {processor.py:836} INFO - DAG(s) dict_keys(['ETL_Pipeline']) retrieved from /opt/airflow/dags/my_first_dag.py
[2023-08-08T11:37:42.246+0000] {logging_mixin.py:150} INFO - [2023-08-08T11:37:42.245+0000] {dag.py:2742} INFO - Sync 1 DAGs
[2023-08-08T11:37:42.430+0000] {logging_mixin.py:150} INFO - [2023-08-08T11:37:42.429+0000] {dag.py:3508} INFO - Setting next_dagrun for ETL_Pipeline to 2023-08-08T11:00:00+00:00, run_after=2023-08-08T12:00:00+00:00
[2023-08-08T11:37:42.463+0000] {processor.py:179} INFO - Processing /opt/airflow/dags/my_first_dag.py took 1.005 seconds
[2023-08-08T11:38:12.607+0000] {processor.py:157} INFO - Started process (PID=1152) to work on /opt/airflow/dags/my_first_dag.py
[2023-08-08T11:38:12.607+0000] {processor.py:826} INFO - Processing file /opt/airflow/dags/my_first_dag.py for tasks to queue
[2023-08-08T11:38:12.608+0000] {logging_mixin.py:150} INFO - [2023-08-08T11:38:12.608+0000] {dagbag.py:541} INFO - Filling up the DagBag from /opt/airflow/dags/my_first_dag.py
[2023-08-08T11:38:13.008+0000] {processor.py:836} INFO - DAG(s) dict_keys(['ETL_Pipeline']) retrieved from /opt/airflow/dags/my_first_dag.py
[2023-08-08T11:38:13.029+0000] {logging_mixin.py:150} INFO - [2023-08-08T11:38:13.029+0000] {dag.py:2742} INFO - Sync 1 DAGs
[2023-08-08T11:38:13.048+0000] {logging_mixin.py:150} INFO - [2023-08-08T11:38:13.048+0000] {dag.py:3508} INFO - Setting next_dagrun for ETL_Pipeline to 2023-08-08T11:00:00+00:00, run_after=2023-08-08T12:00:00+00:00
[2023-08-08T11:38:13.061+0000] {processor.py:179} INFO - Processing /opt/airflow/dags/my_first_dag.py took 0.457 seconds
[2023-08-08T11:38:43.215+0000] {processor.py:157} INFO - Started process (PID=1164) to work on /opt/airflow/dags/my_first_dag.py
[2023-08-08T11:38:43.215+0000] {processor.py:826} INFO - Processing file /opt/airflow/dags/my_first_dag.py for tasks to queue
[2023-08-08T11:38:43.216+0000] {logging_mixin.py:150} INFO - [2023-08-08T11:38:43.216+0000] {dagbag.py:541} INFO - Filling up the DagBag from /opt/airflow/dags/my_first_dag.py
[2023-08-08T11:38:43.735+0000] {processor.py:836} INFO - DAG(s) dict_keys(['ETL_Pipeline']) retrieved from /opt/airflow/dags/my_first_dag.py
[2023-08-08T11:38:43.763+0000] {logging_mixin.py:150} INFO - [2023-08-08T11:38:43.762+0000] {dag.py:2742} INFO - Sync 1 DAGs
[2023-08-08T11:38:43.804+0000] {logging_mixin.py:150} INFO - [2023-08-08T11:38:43.804+0000] {dag.py:3508} INFO - Setting next_dagrun for ETL_Pipeline to 2023-08-08T11:00:00+00:00, run_after=2023-08-08T12:00:00+00:00
[2023-08-08T11:38:43.829+0000] {processor.py:179} INFO - Processing /opt/airflow/dags/my_first_dag.py took 0.619 seconds
