[2023-09-30T09:00:04.775+0000] {taskinstance.py:1157} INFO - Dependencies all met for dep_context=non-requeueable deps ti=<TaskInstance: ETL_Pipeline.transform_data scheduled__2023-09-30T08:00:00+00:00 [queued]>
[2023-09-30T09:00:04.785+0000] {taskinstance.py:1157} INFO - Dependencies all met for dep_context=requeueable deps ti=<TaskInstance: ETL_Pipeline.transform_data scheduled__2023-09-30T08:00:00+00:00 [queued]>
[2023-09-30T09:00:04.785+0000] {taskinstance.py:1359} INFO - Starting attempt 1 of 2
[2023-09-30T09:00:04.800+0000] {taskinstance.py:1380} INFO - Executing <Task(PythonOperator): transform_data> on 2023-09-30 08:00:00+00:00
[2023-09-30T09:00:04.807+0000] {standard_task_runner.py:57} INFO - Started process 824 to run task
[2023-09-30T09:00:04.811+0000] {standard_task_runner.py:84} INFO - Running: ['***', 'tasks', 'run', 'ETL_Pipeline', 'transform_data', 'scheduled__2023-09-30T08:00:00+00:00', '--job-id', '37', '--raw', '--subdir', 'DAGS_FOLDER/ETL_Pipeline.py', '--cfg-path', '/tmp/tmpqdkob6js']
[2023-09-30T09:00:04.814+0000] {standard_task_runner.py:85} INFO - Job 37: Subtask transform_data
[2023-09-30T09:00:04.859+0000] {task_command.py:415} INFO - Running <TaskInstance: ETL_Pipeline.transform_data scheduled__2023-09-30T08:00:00+00:00 [running]> on host 5815fcc71aa0
[2023-09-30T09:00:04.945+0000] {taskinstance.py:1660} INFO - Exporting env vars: AIRFLOW_CTX_DAG_OWNER='***' AIRFLOW_CTX_DAG_ID='ETL_Pipeline' AIRFLOW_CTX_TASK_ID='transform_data' AIRFLOW_CTX_EXECUTION_DATE='2023-09-30T08:00:00+00:00' AIRFLOW_CTX_TRY_NUMBER='1' AIRFLOW_CTX_DAG_RUN_ID='scheduled__2023-09-30T08:00:00+00:00'
[2023-09-30T09:00:04.952+0000] {logging_mixin.py:151} WARNING - Scraping Progress:   0%|          | 0/10 [00:00<?, ?it/s]
[2023-09-30T09:00:06.249+0000] {scraper.py:34} INFO - Scraped data from URL: https://www.prothomalo.com/religion/islam/su7gz8pyro
[2023-09-30T09:00:06.251+0000] {logging_mixin.py:151} WARNING - Scraping Progress:  10%|#         | 1/10 [00:01<00:11,  1.30s/it]
[2023-09-30T09:00:07.602+0000] {scraper.py:34} INFO - Scraped data from URL: https://www.prothomalo.com/world/europe/lj6bju070b
[2023-09-30T09:00:07.604+0000] {logging_mixin.py:151} WARNING - Scraping Progress:  20%|##        | 2/10 [00:02<00:10,  1.33s/it]
[2023-09-30T09:00:08.901+0000] {scraper.py:34} INFO - Scraped data from URL: https://www.prothomalo.com/bangladesh/qhazyzv695
[2023-09-30T09:00:08.902+0000] {logging_mixin.py:151} WARNING - Scraping Progress:  30%|###       | 3/10 [00:03<00:09,  1.32s/it]
[2023-09-30T09:00:10.204+0000] {scraper.py:34} INFO - Scraped data from URL: https://www.prothomalo.com/world/europe/z6iq6whgnj
[2023-09-30T09:00:10.205+0000] {logging_mixin.py:151} WARNING - Scraping Progress:  40%|####      | 4/10 [00:05<00:07,  1.31s/it]
[2023-09-30T09:00:11.594+0000] {scraper.py:34} INFO - Scraped data from URL: https://www.prothomalo.com/bangladesh/wu5qktyuqg
[2023-09-30T09:00:11.596+0000] {logging_mixin.py:151} WARNING - Scraping Progress:  50%|#####     | 5/10 [00:06<00:06,  1.34s/it]
[2023-09-30T09:00:13.020+0000] {scraper.py:34} INFO - Scraped data from URL: https://www.prothomalo.com/politics/5nsjzokh1v
[2023-09-30T09:00:13.023+0000] {logging_mixin.py:151} WARNING - Scraping Progress:  60%|######    | 6/10 [00:08<00:05,  1.37s/it]
[2023-09-30T09:00:14.574+0000] {scraper.py:34} INFO - Scraped data from URL: https://www.prothomalo.com/photo/bangladesh/0f31ozp5um
[2023-09-30T09:00:14.576+0000] {logging_mixin.py:151} WARNING - Scraping Progress:  70%|#######   | 7/10 [00:09<00:04,  1.43s/it]
[2023-09-30T09:00:16.093+0000] {scraper.py:34} INFO - Scraped data from URL: https://www.prothomalo.com/entertainment/wj0e3ky471
[2023-09-30T09:00:16.094+0000] {logging_mixin.py:151} WARNING - Scraping Progress:  80%|########  | 8/10 [00:11<00:02,  1.46s/it]
[2023-09-30T09:00:17.490+0000] {scraper.py:34} INFO - Scraped data from URL: https://www.prothomalo.com/sports/cricket/6rppvqm7e5
[2023-09-30T09:00:17.491+0000] {logging_mixin.py:151} WARNING - Scraping Progress:  90%|######### | 9/10 [00:12<00:01,  1.44s/it]
[2023-09-30T09:00:18.866+0000] {scraper.py:34} INFO - Scraped data from URL: https://www.prothomalo.com/photo/bangladesh/yfes724p8r
[2023-09-30T09:00:18.868+0000] {logging_mixin.py:151} WARNING - Scraping Progress: 100%|##########| 10/10 [00:13<00:00,  1.42s/it]
[2023-09-30T09:00:18.869+0000] {logging_mixin.py:151} WARNING - Scraping Progress: 100%|##########| 10/10 [00:13<00:00,  1.39s/it]
[2023-09-30T09:00:18.875+0000] {helper.py:50} INFO - Data is scraped and saved as a CSV file.
[2023-09-30T09:00:18.877+0000] {python.py:194} INFO - Done. Returned value was: None
[2023-09-30T09:00:18.887+0000] {taskinstance.py:1398} INFO - Marking task as SUCCESS. dag_id=ETL_Pipeline, task_id=transform_data, execution_date=20230930T080000, start_date=20230930T090004, end_date=20230930T090018
[2023-09-30T09:00:18.937+0000] {local_task_job_runner.py:228} INFO - Task exited with return code 0
[2023-09-30T09:00:18.965+0000] {taskinstance.py:2776} INFO - 1 downstream tasks scheduled from follow-on schedule check
