[2023-08-08T10:51:47.497+0000] {taskinstance.py:1103} INFO - Dependencies all met for dep_context=non-requeueable deps ti=<TaskInstance: ETL_Pipeline.transform_data scheduled__2023-08-07T16:00:00+00:00 [queued]>
[2023-08-08T10:51:47.506+0000] {taskinstance.py:1103} INFO - Dependencies all met for dep_context=requeueable deps ti=<TaskInstance: ETL_Pipeline.transform_data scheduled__2023-08-07T16:00:00+00:00 [queued]>
[2023-08-08T10:51:47.506+0000] {taskinstance.py:1308} INFO - Starting attempt 1 of 2
[2023-08-08T10:51:47.520+0000] {taskinstance.py:1327} INFO - Executing <Task(PythonOperator): transform_data> on 2023-08-07 16:00:00+00:00
[2023-08-08T10:51:47.525+0000] {standard_task_runner.py:57} INFO - Started process 60 to run task
[2023-08-08T10:51:47.527+0000] {standard_task_runner.py:84} INFO - Running: ['***', 'tasks', 'run', 'ETL_Pipeline', 'transform_data', 'scheduled__2023-08-07T16:00:00+00:00', '--job-id', '5038', '--raw', '--subdir', 'DAGS_FOLDER/my_first_dag.py', '--cfg-path', '/tmp/tmpar89s54s']
[2023-08-08T10:51:47.529+0000] {standard_task_runner.py:85} INFO - Job 5038: Subtask transform_data
[2023-08-08T10:51:47.574+0000] {task_command.py:410} INFO - Running <TaskInstance: ETL_Pipeline.transform_data scheduled__2023-08-07T16:00:00+00:00 [running]> on host 48849dae508a
[2023-08-08T10:51:47.686+0000] {taskinstance.py:1547} INFO - Exporting env vars: AIRFLOW_CTX_DAG_OWNER='***' AIRFLOW_CTX_DAG_ID='ETL_Pipeline' AIRFLOW_CTX_TASK_ID='transform_data' AIRFLOW_CTX_EXECUTION_DATE='2023-08-07T16:00:00+00:00' AIRFLOW_CTX_TRY_NUMBER='1' AIRFLOW_CTX_DAG_RUN_ID='scheduled__2023-08-07T16:00:00+00:00'
[2023-08-08T10:51:47.690+0000] {logging_mixin.py:150} WARNING - Scraping Progress:   0%|          | 0/10 [00:00<?, ?it/s]
[2023-08-08T10:51:58.407+0000] {logging_mixin.py:150} WARNING - Scraping Progress:  10%|#         | 1/10 [00:10<01:36, 10.72s/it]
[2023-08-08T10:52:02.299+0000] {logging_mixin.py:150} WARNING - Scraping Progress:  20%|##        | 2/10 [00:14<00:53,  6.70s/it]
[2023-08-08T10:52:04.219+0000] {logging_mixin.py:150} WARNING - Scraping Progress:  30%|###       | 3/10 [00:16<00:31,  4.52s/it]
[2023-08-08T10:52:09.163+0000] {logging_mixin.py:150} WARNING - Scraping Progress:  40%|####      | 4/10 [00:21<00:28,  4.69s/it]
[2023-08-08T10:52:14.249+0000] {logging_mixin.py:150} WARNING - Scraping Progress:  50%|#####     | 5/10 [00:26<00:24,  4.83s/it]
[2023-08-08T10:52:21.849+0000] {logging_mixin.py:150} WARNING - Scraping Progress:  60%|######    | 6/10 [00:34<00:23,  5.77s/it]
[2023-08-08T10:52:24.161+0000] {logging_mixin.py:150} WARNING - Scraping Progress:  70%|#######   | 7/10 [00:36<00:13,  4.64s/it]
[2023-08-08T10:52:25.603+0000] {logging_mixin.py:150} WARNING - Scraping Progress:  80%|########  | 8/10 [00:37<00:07,  3.62s/it]
[2023-08-08T10:52:27.311+0000] {logging_mixin.py:150} WARNING - Scraping Progress:  90%|######### | 9/10 [00:39<00:03,  3.02s/it]
[2023-08-08T10:52:29.727+0000] {logging_mixin.py:150} WARNING - Scraping Progress: 100%|##########| 10/10 [00:42<00:00,  2.84s/it]
[2023-08-08T10:52:29.727+0000] {logging_mixin.py:150} WARNING - Scraping Progress: 100%|##########| 10/10 [00:42<00:00,  4.20s/it]
[2023-08-08T10:52:29.733+0000] {my_first_dag.py:45} INFO - Data is scraped and saved as a CSV file.
[2023-08-08T10:52:29.733+0000] {python.py:183} INFO - Done. Returned value was: dags/data/scraped_data.csv
[2023-08-08T10:52:29.763+0000] {taskinstance.py:1350} INFO - Marking task as SUCCESS. dag_id=ETL_Pipeline, task_id=transform_data, execution_date=20230807T160000, start_date=20230808T105147, end_date=20230808T105229
[2023-08-08T10:52:29.820+0000] {local_task_job_runner.py:225} INFO - Task exited with return code 0
[2023-08-08T10:52:29.862+0000] {taskinstance.py:2653} INFO - 1 downstream tasks scheduled from follow-on schedule check
