[2023-08-01T18:00:02.534+0000] {taskinstance.py:1103} INFO - Dependencies all met for dep_context=non-requeueable deps ti=<TaskInstance: ETL_Pipeline.transform_data scheduled__2023-08-01T17:00:00+00:00 [queued]>
[2023-08-01T18:00:02.541+0000] {taskinstance.py:1103} INFO - Dependencies all met for dep_context=requeueable deps ti=<TaskInstance: ETL_Pipeline.transform_data scheduled__2023-08-01T17:00:00+00:00 [queued]>
[2023-08-01T18:00:02.541+0000] {taskinstance.py:1308} INFO - Starting attempt 1 of 2
[2023-08-01T18:00:02.555+0000] {taskinstance.py:1327} INFO - Executing <Task(PythonOperator): transform_data> on 2023-08-01 17:00:00+00:00
[2023-08-01T18:00:02.561+0000] {standard_task_runner.py:57} INFO - Started process 4788 to run task
[2023-08-01T18:00:02.563+0000] {standard_task_runner.py:84} INFO - Running: ['***', 'tasks', 'run', 'ETL_Pipeline', 'transform_data', 'scheduled__2023-08-01T17:00:00+00:00', '--job-id', '4825', '--raw', '--subdir', 'DAGS_FOLDER/my_first_dag.py', '--cfg-path', '/tmp/tmp7w6pdct6']
[2023-08-01T18:00:02.564+0000] {standard_task_runner.py:85} INFO - Job 4825: Subtask transform_data
[2023-08-01T18:00:02.597+0000] {task_command.py:410} INFO - Running <TaskInstance: ETL_Pipeline.transform_data scheduled__2023-08-01T17:00:00+00:00 [running]> on host 794dc2638f7c
[2023-08-01T18:00:02.675+0000] {taskinstance.py:1547} INFO - Exporting env vars: AIRFLOW_CTX_DAG_OWNER='***' AIRFLOW_CTX_DAG_ID='ETL_Pipeline' AIRFLOW_CTX_TASK_ID='transform_data' AIRFLOW_CTX_EXECUTION_DATE='2023-08-01T17:00:00+00:00' AIRFLOW_CTX_TRY_NUMBER='1' AIRFLOW_CTX_DAG_RUN_ID='scheduled__2023-08-01T17:00:00+00:00'
[2023-08-01T18:00:02.679+0000] {logging_mixin.py:150} WARNING - Scraping Progress:   0%|          | 0/10 [00:00<?, ?it/s]
[2023-08-01T18:00:04.111+0000] {logging_mixin.py:150} WARNING - Scraping Progress:  10%|#         | 1/10 [00:01<00:12,  1.43s/it]
[2023-08-01T18:00:06.247+0000] {logging_mixin.py:150} WARNING - Scraping Progress:  20%|##        | 2/10 [00:03<00:14,  1.85s/it]
[2023-08-01T18:00:19.000+0000] {logging_mixin.py:150} WARNING - Scraping Progress:  30%|###       | 3/10 [00:16<00:47,  6.83s/it]
[2023-08-01T18:00:19.681+0000] {logging_mixin.py:150} WARNING - Scraping Progress:  40%|####      | 4/10 [00:17<00:26,  4.40s/it]
[2023-08-01T18:00:20.314+0000] {logging_mixin.py:150} WARNING - Scraping Progress:  50%|#####     | 5/10 [00:17<00:15,  3.04s/it]
[2023-08-01T18:00:22.551+0000] {logging_mixin.py:150} WARNING - Scraping Progress:  60%|######    | 6/10 [00:19<00:11,  2.77s/it]
[2023-08-01T18:00:26.651+0000] {logging_mixin.py:150} WARNING - Scraping Progress:  70%|#######   | 7/10 [00:23<00:09,  3.20s/it]
[2023-08-01T18:00:27.795+0000] {logging_mixin.py:150} WARNING - Scraping Progress:  80%|########  | 8/10 [00:25<00:05,  2.55s/it]
[2023-08-01T18:00:29.145+0000] {logging_mixin.py:150} WARNING - Scraping Progress:  90%|######### | 9/10 [00:26<00:02,  2.17s/it]
[2023-08-01T18:00:30.048+0000] {logging_mixin.py:150} WARNING - Scraping Progress: 100%|##########| 10/10 [00:27<00:00,  1.78s/it]
[2023-08-01T18:00:30.049+0000] {logging_mixin.py:150} WARNING - Scraping Progress: 100%|##########| 10/10 [00:27<00:00,  2.74s/it]
[2023-08-01T18:00:30.052+0000] {my_first_dag.py:45} INFO - Data is scraped and saved as a CSV file.
[2023-08-01T18:00:30.052+0000] {python.py:183} INFO - Done. Returned value was: dags/data/scraped_data.csv
[2023-08-01T18:00:30.071+0000] {taskinstance.py:1350} INFO - Marking task as SUCCESS. dag_id=ETL_Pipeline, task_id=transform_data, execution_date=20230801T170000, start_date=20230801T180002, end_date=20230801T180030
[2023-08-01T18:00:30.096+0000] {local_task_job_runner.py:225} INFO - Task exited with return code 0
[2023-08-01T18:00:30.118+0000] {taskinstance.py:2653} INFO - 1 downstream tasks scheduled from follow-on schedule check
