[2023-08-01T17:00:02.900+0000] {taskinstance.py:1103} INFO - Dependencies all met for dep_context=non-requeueable deps ti=<TaskInstance: ETL_Pipeline.transform_data scheduled__2023-08-01T16:00:00+00:00 [queued]>
[2023-08-01T17:00:02.907+0000] {taskinstance.py:1103} INFO - Dependencies all met for dep_context=requeueable deps ti=<TaskInstance: ETL_Pipeline.transform_data scheduled__2023-08-01T16:00:00+00:00 [queued]>
[2023-08-01T17:00:02.907+0000] {taskinstance.py:1308} INFO - Starting attempt 1 of 2
[2023-08-01T17:00:02.919+0000] {taskinstance.py:1327} INFO - Executing <Task(PythonOperator): transform_data> on 2023-08-01 16:00:00+00:00
[2023-08-01T17:00:02.927+0000] {standard_task_runner.py:57} INFO - Started process 3714 to run task
[2023-08-01T17:00:02.929+0000] {standard_task_runner.py:84} INFO - Running: ['***', 'tasks', 'run', 'ETL_Pipeline', 'transform_data', 'scheduled__2023-08-01T16:00:00+00:00', '--job-id', '4821', '--raw', '--subdir', 'DAGS_FOLDER/my_first_dag.py', '--cfg-path', '/tmp/tmpi6iodk5s']
[2023-08-01T17:00:02.931+0000] {standard_task_runner.py:85} INFO - Job 4821: Subtask transform_data
[2023-08-01T17:00:02.964+0000] {task_command.py:410} INFO - Running <TaskInstance: ETL_Pipeline.transform_data scheduled__2023-08-01T16:00:00+00:00 [running]> on host 794dc2638f7c
[2023-08-01T17:00:03.043+0000] {taskinstance.py:1547} INFO - Exporting env vars: AIRFLOW_CTX_DAG_OWNER='***' AIRFLOW_CTX_DAG_ID='ETL_Pipeline' AIRFLOW_CTX_TASK_ID='transform_data' AIRFLOW_CTX_EXECUTION_DATE='2023-08-01T16:00:00+00:00' AIRFLOW_CTX_TRY_NUMBER='1' AIRFLOW_CTX_DAG_RUN_ID='scheduled__2023-08-01T16:00:00+00:00'
[2023-08-01T17:00:03.047+0000] {logging_mixin.py:150} WARNING - Scraping Progress:   0%|          | 0/10 [00:00<?, ?it/s]
[2023-08-01T17:00:04.788+0000] {logging_mixin.py:150} WARNING - Scraping Progress:  10%|#         | 1/10 [00:01<00:15,  1.74s/it]
[2023-08-01T17:00:07.533+0000] {logging_mixin.py:150} WARNING - Scraping Progress:  20%|##        | 2/10 [00:04<00:18,  2.33s/it]
[2023-08-01T17:00:12.144+0000] {logging_mixin.py:150} WARNING - Scraping Progress:  30%|###       | 3/10 [00:09<00:23,  3.37s/it]
[2023-08-01T17:00:13.015+0000] {logging_mixin.py:150} WARNING - Scraping Progress:  40%|####      | 4/10 [00:09<00:14,  2.38s/it]
[2023-08-01T17:00:23.000+0000] {logging_mixin.py:150} WARNING - Scraping Progress:  50%|#####     | 5/10 [00:19<00:25,  5.13s/it]
[2023-08-01T17:00:27.191+0000] {logging_mixin.py:150} WARNING - Scraping Progress:  60%|######    | 6/10 [00:24<00:19,  4.81s/it]
[2023-08-01T17:00:29.660+0000] {logging_mixin.py:150} WARNING - Scraping Progress:  70%|#######   | 7/10 [00:26<00:12,  4.04s/it]
[2023-08-01T17:00:32.895+0000] {logging_mixin.py:150} WARNING - Scraping Progress:  80%|########  | 8/10 [00:29<00:07,  3.79s/it]
[2023-08-01T17:00:33.646+0000] {logging_mixin.py:150} WARNING - Scraping Progress:  90%|######### | 9/10 [00:30<00:02,  2.84s/it]
[2023-08-01T17:00:42.488+0000] {logging_mixin.py:150} WARNING - Scraping Progress: 100%|##########| 10/10 [00:39<00:00,  4.69s/it]
[2023-08-01T17:00:42.489+0000] {logging_mixin.py:150} WARNING - Scraping Progress: 100%|##########| 10/10 [00:39<00:00,  3.94s/it]
[2023-08-01T17:00:42.493+0000] {my_first_dag.py:45} INFO - Data is scraped and saved as a CSV file.
[2023-08-01T17:00:42.494+0000] {python.py:183} INFO - Done. Returned value was: dags/data/scraped_data.csv
[2023-08-01T17:00:42.512+0000] {taskinstance.py:1350} INFO - Marking task as SUCCESS. dag_id=ETL_Pipeline, task_id=transform_data, execution_date=20230801T160000, start_date=20230801T170002, end_date=20230801T170042
[2023-08-01T17:00:42.554+0000] {local_task_job_runner.py:225} INFO - Task exited with return code 0
[2023-08-01T17:00:42.583+0000] {taskinstance.py:2653} INFO - 1 downstream tasks scheduled from follow-on schedule check
