[2023-08-05T14:02:03.670+0000] {taskinstance.py:1103} INFO - Dependencies all met for dep_context=non-requeueable deps ti=<TaskInstance: ETL_Pipeline.check_data_availability scheduled__2023-08-05T13:00:00+00:00 [queued]>
[2023-08-05T14:02:03.680+0000] {taskinstance.py:1103} INFO - Dependencies all met for dep_context=requeueable deps ti=<TaskInstance: ETL_Pipeline.check_data_availability scheduled__2023-08-05T13:00:00+00:00 [queued]>
[2023-08-05T14:02:03.680+0000] {taskinstance.py:1308} INFO - Starting attempt 1 of 2
[2023-08-05T14:02:03.695+0000] {taskinstance.py:1327} INFO - Executing <Task(BranchPythonOperator): check_data_availability> on 2023-08-05 13:00:00+00:00
[2023-08-05T14:02:03.700+0000] {standard_task_runner.py:57} INFO - Started process 82 to run task
[2023-08-05T14:02:03.703+0000] {standard_task_runner.py:84} INFO - Running: ['***', 'tasks', 'run', 'ETL_Pipeline', 'check_data_availability', 'scheduled__2023-08-05T13:00:00+00:00', '--job-id', '4947', '--raw', '--subdir', 'DAGS_FOLDER/my_first_dag.py', '--cfg-path', '/tmp/tmp52ta_jl8']
[2023-08-05T14:02:03.704+0000] {standard_task_runner.py:85} INFO - Job 4947: Subtask check_data_availability
[2023-08-05T14:02:03.738+0000] {task_command.py:410} INFO - Running <TaskInstance: ETL_Pipeline.check_data_availability scheduled__2023-08-05T13:00:00+00:00 [running]> on host 794dc2638f7c
[2023-08-05T14:02:03.818+0000] {taskinstance.py:1547} INFO - Exporting env vars: AIRFLOW_CTX_DAG_OWNER='***' AIRFLOW_CTX_DAG_ID='ETL_Pipeline' AIRFLOW_CTX_TASK_ID='check_data_availability' AIRFLOW_CTX_EXECUTION_DATE='2023-08-05T13:00:00+00:00' AIRFLOW_CTX_TRY_NUMBER='1' AIRFLOW_CTX_DAG_RUN_ID='scheduled__2023-08-05T13:00:00+00:00'
[2023-08-05T14:02:03.822+0000] {my_first_dag.py:54} INFO - Transformed data is available. Proceeding to load data.
[2023-08-05T14:02:03.822+0000] {python.py:183} INFO - Done. Returned value was: load_data
[2023-08-05T14:02:03.822+0000] {python.py:216} INFO - Branch callable return load_data
[2023-08-05T14:02:03.822+0000] {skipmixin.py:164} INFO - Following branch load_data
[2023-08-05T14:02:03.823+0000] {skipmixin.py:224} INFO - Skipping tasks ['no_data_to_load']
[2023-08-05T14:02:03.855+0000] {taskinstance.py:1350} INFO - Marking task as SUCCESS. dag_id=ETL_Pipeline, task_id=check_data_availability, execution_date=20230805T130000, start_date=20230805T140203, end_date=20230805T140203
[2023-08-05T14:02:03.874+0000] {local_task_job_runner.py:225} INFO - Task exited with return code 0
[2023-08-05T14:02:03.897+0000] {taskinstance.py:2653} INFO - 1 downstream tasks scheduled from follow-on schedule check
[2023-08-05T14:12:46.154+0000] {taskinstance.py:1103} INFO - Dependencies all met for dep_context=non-requeueable deps ti=<TaskInstance: ETL_Pipeline.check_data_availability scheduled__2023-08-05T13:00:00+00:00 [queued]>
[2023-08-05T14:12:46.171+0000] {taskinstance.py:1103} INFO - Dependencies all met for dep_context=requeueable deps ti=<TaskInstance: ETL_Pipeline.check_data_availability scheduled__2023-08-05T13:00:00+00:00 [queued]>
[2023-08-05T14:12:46.171+0000] {taskinstance.py:1308} INFO - Starting attempt 1 of 2
[2023-08-05T14:12:46.196+0000] {taskinstance.py:1327} INFO - Executing <Task(PythonOperator): check_data_availability> on 2023-08-05 13:00:00+00:00
[2023-08-05T14:12:46.205+0000] {standard_task_runner.py:57} INFO - Started process 88 to run task
[2023-08-05T14:12:46.208+0000] {standard_task_runner.py:84} INFO - Running: ['***', 'tasks', 'run', 'ETL_Pipeline', 'check_data_availability', 'scheduled__2023-08-05T13:00:00+00:00', '--job-id', '4955', '--raw', '--subdir', 'DAGS_FOLDER/my_first_dag.py', '--cfg-path', '/tmp/tmp3l6m2d6q']
[2023-08-05T14:12:46.210+0000] {standard_task_runner.py:85} INFO - Job 4955: Subtask check_data_availability
[2023-08-05T14:12:46.267+0000] {task_command.py:410} INFO - Running <TaskInstance: ETL_Pipeline.check_data_availability scheduled__2023-08-05T13:00:00+00:00 [running]> on host 48849dae508a
[2023-08-05T14:12:46.383+0000] {taskinstance.py:1547} INFO - Exporting env vars: AIRFLOW_CTX_DAG_OWNER='***' AIRFLOW_CTX_DAG_ID='ETL_Pipeline' AIRFLOW_CTX_TASK_ID='check_data_availability' AIRFLOW_CTX_EXECUTION_DATE='2023-08-05T13:00:00+00:00' AIRFLOW_CTX_TRY_NUMBER='1' AIRFLOW_CTX_DAG_RUN_ID='scheduled__2023-08-05T13:00:00+00:00'
[2023-08-05T14:12:46.389+0000] {my_first_dag.py:54} INFO - Transformed data is available. Proceeding to load data.
[2023-08-05T14:12:46.389+0000] {python.py:183} INFO - Done. Returned value was: load_data
[2023-08-05T14:12:46.414+0000] {taskinstance.py:1350} INFO - Marking task as SUCCESS. dag_id=ETL_Pipeline, task_id=check_data_availability, execution_date=20230805T130000, start_date=20230805T141246, end_date=20230805T141246
[2023-08-05T14:12:46.464+0000] {local_task_job_runner.py:225} INFO - Task exited with return code 0
[2023-08-05T14:12:46.491+0000] {taskinstance.py:2653} INFO - 2 downstream tasks scheduled from follow-on schedule check
[2023-08-05T14:14:44.813+0000] {taskinstance.py:1103} INFO - Dependencies all met for dep_context=non-requeueable deps ti=<TaskInstance: ETL_Pipeline.check_data_availability scheduled__2023-08-05T13:00:00+00:00 [queued]>
[2023-08-05T14:14:44.820+0000] {taskinstance.py:1103} INFO - Dependencies all met for dep_context=requeueable deps ti=<TaskInstance: ETL_Pipeline.check_data_availability scheduled__2023-08-05T13:00:00+00:00 [queued]>
[2023-08-05T14:14:44.821+0000] {taskinstance.py:1308} INFO - Starting attempt 1 of 2
[2023-08-05T14:14:44.832+0000] {taskinstance.py:1327} INFO - Executing <Task(BranchPythonOperator): check_data_availability> on 2023-08-05 13:00:00+00:00
[2023-08-05T14:14:44.839+0000] {standard_task_runner.py:57} INFO - Started process 133 to run task
[2023-08-05T14:14:44.841+0000] {standard_task_runner.py:84} INFO - Running: ['***', 'tasks', 'run', 'ETL_Pipeline', 'check_data_availability', 'scheduled__2023-08-05T13:00:00+00:00', '--job-id', '4960', '--raw', '--subdir', 'DAGS_FOLDER/my_first_dag.py', '--cfg-path', '/tmp/tmpkux1d77p']
[2023-08-05T14:14:44.842+0000] {standard_task_runner.py:85} INFO - Job 4960: Subtask check_data_availability
[2023-08-05T14:14:44.876+0000] {task_command.py:410} INFO - Running <TaskInstance: ETL_Pipeline.check_data_availability scheduled__2023-08-05T13:00:00+00:00 [running]> on host 48849dae508a
[2023-08-05T14:14:44.946+0000] {taskinstance.py:1547} INFO - Exporting env vars: AIRFLOW_CTX_DAG_OWNER='***' AIRFLOW_CTX_DAG_ID='ETL_Pipeline' AIRFLOW_CTX_TASK_ID='check_data_availability' AIRFLOW_CTX_EXECUTION_DATE='2023-08-05T13:00:00+00:00' AIRFLOW_CTX_TRY_NUMBER='1' AIRFLOW_CTX_DAG_RUN_ID='scheduled__2023-08-05T13:00:00+00:00'
[2023-08-05T14:14:44.950+0000] {my_first_dag.py:54} INFO - Transformed data is available. Proceeding to load data.
[2023-08-05T14:14:44.950+0000] {python.py:183} INFO - Done. Returned value was: load_data
[2023-08-05T14:14:44.951+0000] {python.py:216} INFO - Branch callable return load_data
[2023-08-05T14:14:44.951+0000] {skipmixin.py:164} INFO - Following branch load_data
[2023-08-05T14:14:44.951+0000] {skipmixin.py:224} INFO - Skipping tasks ['no_data_to_load']
[2023-08-05T14:14:44.985+0000] {taskinstance.py:1350} INFO - Marking task as SUCCESS. dag_id=ETL_Pipeline, task_id=check_data_availability, execution_date=20230805T130000, start_date=20230805T141444, end_date=20230805T141444
[2023-08-05T14:14:45.012+0000] {local_task_job_runner.py:225} INFO - Task exited with return code 0
[2023-08-05T14:14:45.037+0000] {taskinstance.py:2653} INFO - 1 downstream tasks scheduled from follow-on schedule check
