[2023-08-05T16:00:02.187+0000] {taskinstance.py:1103} INFO - Dependencies all met for dep_context=non-requeueable deps ti=<TaskInstance: ETL_Pipeline.transform_data scheduled__2023-08-05T15:00:00+00:00 [queued]>
[2023-08-05T16:00:02.196+0000] {taskinstance.py:1103} INFO - Dependencies all met for dep_context=requeueable deps ti=<TaskInstance: ETL_Pipeline.transform_data scheduled__2023-08-05T15:00:00+00:00 [queued]>
[2023-08-05T16:00:02.197+0000] {taskinstance.py:1308} INFO - Starting attempt 1 of 2
[2023-08-05T16:00:02.209+0000] {taskinstance.py:1327} INFO - Executing <Task(PythonOperator): transform_data> on 2023-08-05 15:00:00+00:00
[2023-08-05T16:00:02.215+0000] {standard_task_runner.py:57} INFO - Started process 1987 to run task
[2023-08-05T16:00:02.218+0000] {standard_task_runner.py:84} INFO - Running: ['***', 'tasks', 'run', 'ETL_Pipeline', 'transform_data', 'scheduled__2023-08-05T15:00:00+00:00', '--job-id', '4967', '--raw', '--subdir', 'DAGS_FOLDER/my_first_dag.py', '--cfg-path', '/tmp/tmp6tfrti6e']
[2023-08-05T16:00:02.219+0000] {standard_task_runner.py:85} INFO - Job 4967: Subtask transform_data
[2023-08-05T16:00:02.253+0000] {task_command.py:410} INFO - Running <TaskInstance: ETL_Pipeline.transform_data scheduled__2023-08-05T15:00:00+00:00 [running]> on host 48849dae508a
[2023-08-05T16:00:02.333+0000] {taskinstance.py:1547} INFO - Exporting env vars: AIRFLOW_CTX_DAG_OWNER='***' AIRFLOW_CTX_DAG_ID='ETL_Pipeline' AIRFLOW_CTX_TASK_ID='transform_data' AIRFLOW_CTX_EXECUTION_DATE='2023-08-05T15:00:00+00:00' AIRFLOW_CTX_TRY_NUMBER='1' AIRFLOW_CTX_DAG_RUN_ID='scheduled__2023-08-05T15:00:00+00:00'
[2023-08-05T16:00:02.337+0000] {logging_mixin.py:150} WARNING - Scraping Progress:   0%|          | 0/10 [00:00<?, ?it/s]
[2023-08-05T16:00:04.608+0000] {logging_mixin.py:150} WARNING - Scraping Progress:  10%|#         | 1/10 [00:02<00:20,  2.27s/it]
[2023-08-05T16:00:06.913+0000] {logging_mixin.py:150} WARNING - Scraping Progress:  20%|##        | 2/10 [00:04<00:18,  2.29s/it]
[2023-08-05T16:00:08.701+0000] {logging_mixin.py:150} WARNING - Scraping Progress:  30%|###       | 3/10 [00:06<00:14,  2.06s/it]
[2023-08-05T16:00:12.133+0000] {logging_mixin.py:150} WARNING - Scraping Progress:  40%|####      | 4/10 [00:09<00:15,  2.60s/it]
[2023-08-05T16:00:14.398+0000] {logging_mixin.py:150} WARNING - Scraping Progress:  50%|#####     | 5/10 [00:12<00:12,  2.48s/it]
[2023-08-05T16:00:17.084+0000] {logging_mixin.py:150} WARNING - Scraping Progress:  60%|######    | 6/10 [00:14<00:10,  2.55s/it]
[2023-08-05T16:00:26.296+0000] {logging_mixin.py:150} WARNING - Scraping Progress:  70%|#######   | 7/10 [00:23<00:14,  4.73s/it]
[2023-08-05T16:00:35.539+0000] {logging_mixin.py:150} WARNING - Scraping Progress:  80%|########  | 8/10 [00:33<00:12,  6.17s/it]
[2023-08-05T16:00:37.802+0000] {logging_mixin.py:150} WARNING - Scraping Progress:  90%|######### | 9/10 [00:35<00:04,  4.95s/it]
[2023-08-05T16:00:39.096+0000] {logging_mixin.py:150} WARNING - Scraping Progress: 100%|##########| 10/10 [00:36<00:00,  3.82s/it]
[2023-08-05T16:00:39.096+0000] {logging_mixin.py:150} WARNING - Scraping Progress: 100%|##########| 10/10 [00:36<00:00,  3.68s/it]
[2023-08-05T16:00:39.099+0000] {my_first_dag.py:45} INFO - Data is scraped and saved as a CSV file.
[2023-08-05T16:00:39.100+0000] {python.py:183} INFO - Done. Returned value was: dags/data/scraped_data.csv
[2023-08-05T16:00:39.119+0000] {taskinstance.py:1350} INFO - Marking task as SUCCESS. dag_id=ETL_Pipeline, task_id=transform_data, execution_date=20230805T150000, start_date=20230805T160002, end_date=20230805T160039
[2023-08-05T16:00:39.149+0000] {local_task_job_runner.py:225} INFO - Task exited with return code 0
[2023-08-05T16:00:39.175+0000] {taskinstance.py:2653} INFO - 1 downstream tasks scheduled from follow-on schedule check
