[2023-08-05T08:25:34.639+0000] {taskinstance.py:1103} INFO - Dependencies all met for dep_context=non-requeueable deps ti=<TaskInstance: ETL_Pipeline.transform_data scheduled__2023-08-05T07:00:00+00:00 [queued]>
[2023-08-05T08:25:34.648+0000] {taskinstance.py:1103} INFO - Dependencies all met for dep_context=requeueable deps ti=<TaskInstance: ETL_Pipeline.transform_data scheduled__2023-08-05T07:00:00+00:00 [queued]>
[2023-08-05T08:25:34.648+0000] {taskinstance.py:1308} INFO - Starting attempt 1 of 2
[2023-08-05T08:25:34.661+0000] {taskinstance.py:1327} INFO - Executing <Task(PythonOperator): transform_data> on 2023-08-05 07:00:00+00:00
[2023-08-05T08:25:34.667+0000] {standard_task_runner.py:57} INFO - Started process 57 to run task
[2023-08-05T08:25:34.669+0000] {standard_task_runner.py:84} INFO - Running: ['***', 'tasks', 'run', 'ETL_Pipeline', 'transform_data', 'scheduled__2023-08-05T07:00:00+00:00', '--job-id', '4936', '--raw', '--subdir', 'DAGS_FOLDER/my_first_dag.py', '--cfg-path', '/tmp/tmpnn1jhvft']
[2023-08-05T08:25:34.671+0000] {standard_task_runner.py:85} INFO - Job 4936: Subtask transform_data
[2023-08-05T08:25:34.706+0000] {task_command.py:410} INFO - Running <TaskInstance: ETL_Pipeline.transform_data scheduled__2023-08-05T07:00:00+00:00 [running]> on host 794dc2638f7c
[2023-08-05T08:25:34.809+0000] {taskinstance.py:1547} INFO - Exporting env vars: AIRFLOW_CTX_DAG_OWNER='***' AIRFLOW_CTX_DAG_ID='ETL_Pipeline' AIRFLOW_CTX_TASK_ID='transform_data' AIRFLOW_CTX_EXECUTION_DATE='2023-08-05T07:00:00+00:00' AIRFLOW_CTX_TRY_NUMBER='1' AIRFLOW_CTX_DAG_RUN_ID='scheduled__2023-08-05T07:00:00+00:00'
[2023-08-05T08:25:34.816+0000] {logging_mixin.py:150} WARNING - Scraping Progress:   0%|          | 0/10 [00:00<?, ?it/s]
[2023-08-05T08:25:35.209+0000] {logging_mixin.py:150} WARNING - Scraping Progress:  10%|#         | 1/10 [00:00<00:03,  2.55it/s]
[2023-08-05T08:25:35.968+0000] {logging_mixin.py:150} WARNING - Scraping Progress:  20%|##        | 2/10 [00:01<00:04,  1.65it/s]
[2023-08-05T08:25:37.185+0000] {logging_mixin.py:150} WARNING - Scraping Progress:  30%|###       | 3/10 [00:02<00:06,  1.13it/s]
[2023-08-05T08:25:38.062+0000] {logging_mixin.py:150} WARNING - Scraping Progress:  40%|####      | 4/10 [00:03<00:05,  1.13it/s]
[2023-08-05T08:25:38.935+0000] {logging_mixin.py:150} WARNING - Scraping Progress:  50%|#####     | 5/10 [00:04<00:04,  1.14it/s]
[2023-08-05T08:25:39.760+0000] {logging_mixin.py:150} WARNING - Scraping Progress:  60%|######    | 6/10 [00:04<00:03,  1.16it/s]
[2023-08-05T08:25:40.555+0000] {logging_mixin.py:150} WARNING - Scraping Progress:  70%|#######   | 7/10 [00:05<00:02,  1.19it/s]
[2023-08-05T08:25:41.345+0000] {logging_mixin.py:150} WARNING - Scraping Progress:  80%|########  | 8/10 [00:06<00:01,  1.21it/s]
[2023-08-05T08:25:42.121+0000] {logging_mixin.py:150} WARNING - Scraping Progress:  90%|######### | 9/10 [00:07<00:00,  1.24it/s]
[2023-08-05T08:25:42.842+0000] {logging_mixin.py:150} WARNING - Scraping Progress: 100%|##########| 10/10 [00:08<00:00,  1.28it/s]
[2023-08-05T08:25:42.843+0000] {logging_mixin.py:150} WARNING - Scraping Progress: 100%|##########| 10/10 [00:08<00:00,  1.25it/s]
[2023-08-05T08:25:42.850+0000] {my_first_dag.py:45} INFO - Data is scraped and saved as a CSV file.
[2023-08-05T08:25:42.851+0000] {python.py:183} INFO - Done. Returned value was: dags/data/scraped_data.csv
[2023-08-05T08:25:42.899+0000] {taskinstance.py:1350} INFO - Marking task as SUCCESS. dag_id=ETL_Pipeline, task_id=transform_data, execution_date=20230805T070000, start_date=20230805T082534, end_date=20230805T082542
[2023-08-05T08:25:42.956+0000] {local_task_job_runner.py:225} INFO - Task exited with return code 0
[2023-08-05T08:25:42.983+0000] {taskinstance.py:2653} INFO - 1 downstream tasks scheduled from follow-on schedule check
