[2023-08-07T05:00:02.519+0000] {taskinstance.py:1103} INFO - Dependencies all met for dep_context=non-requeueable deps ti=<TaskInstance: ETL_Pipeline.transform_data scheduled__2023-08-07T04:00:00+00:00 [queued]>
[2023-08-07T05:00:02.533+0000] {taskinstance.py:1103} INFO - Dependencies all met for dep_context=requeueable deps ti=<TaskInstance: ETL_Pipeline.transform_data scheduled__2023-08-07T04:00:00+00:00 [queued]>
[2023-08-07T05:00:02.533+0000] {taskinstance.py:1308} INFO - Starting attempt 1 of 2
[2023-08-07T05:00:02.553+0000] {taskinstance.py:1327} INFO - Executing <Task(PythonOperator): transform_data> on 2023-08-07 04:00:00+00:00
[2023-08-07T05:00:02.563+0000] {standard_task_runner.py:57} INFO - Started process 553 to run task
[2023-08-07T05:00:02.567+0000] {standard_task_runner.py:84} INFO - Running: ['***', 'tasks', 'run', 'ETL_Pipeline', 'transform_data', 'scheduled__2023-08-07T04:00:00+00:00', '--job-id', '4981', '--raw', '--subdir', 'DAGS_FOLDER/my_first_dag.py', '--cfg-path', '/tmp/tmptcg16_x2']
[2023-08-07T05:00:02.569+0000] {standard_task_runner.py:85} INFO - Job 4981: Subtask transform_data
[2023-08-07T05:00:02.623+0000] {task_command.py:410} INFO - Running <TaskInstance: ETL_Pipeline.transform_data scheduled__2023-08-07T04:00:00+00:00 [running]> on host 48849dae508a
[2023-08-07T05:00:02.729+0000] {taskinstance.py:1547} INFO - Exporting env vars: AIRFLOW_CTX_DAG_OWNER='***' AIRFLOW_CTX_DAG_ID='ETL_Pipeline' AIRFLOW_CTX_TASK_ID='transform_data' AIRFLOW_CTX_EXECUTION_DATE='2023-08-07T04:00:00+00:00' AIRFLOW_CTX_TRY_NUMBER='1' AIRFLOW_CTX_DAG_RUN_ID='scheduled__2023-08-07T04:00:00+00:00'
[2023-08-07T05:00:02.732+0000] {logging_mixin.py:150} WARNING - Scraping Progress:   0%|          | 0/10 [00:00<?, ?it/s]
[2023-08-07T05:00:04.051+0000] {logging_mixin.py:150} WARNING - Scraping Progress:  10%|#         | 1/10 [00:01<00:11,  1.32s/it]
[2023-08-07T05:00:04.611+0000] {logging_mixin.py:150} WARNING - Scraping Progress:  20%|##        | 2/10 [00:01<00:06,  1.15it/s]
[2023-08-07T05:00:04.820+0000] {logging_mixin.py:150} WARNING - Scraping Progress:  30%|###       | 3/10 [00:02<00:03,  1.76it/s]
[2023-08-07T05:00:05.289+0000] {logging_mixin.py:150} WARNING - Scraping Progress:  40%|####      | 4/10 [00:02<00:03,  1.89it/s]
[2023-08-07T05:00:05.536+0000] {logging_mixin.py:150} WARNING - Scraping Progress:  50%|#####     | 5/10 [00:02<00:02,  2.34it/s]
[2023-08-07T05:00:05.754+0000] {logging_mixin.py:150} WARNING - Scraping Progress:  60%|######    | 6/10 [00:03<00:01,  2.81it/s]
[2023-08-07T05:00:06.042+0000] {logging_mixin.py:150} WARNING - Scraping Progress:  70%|#######   | 7/10 [00:03<00:01,  2.99it/s]
[2023-08-07T05:00:06.285+0000] {logging_mixin.py:150} WARNING - Scraping Progress:  80%|########  | 8/10 [00:03<00:00,  3.28it/s]
[2023-08-07T05:00:06.991+0000] {logging_mixin.py:150} WARNING - Scraping Progress:  90%|######### | 9/10 [00:04<00:00,  2.32it/s]
[2023-08-07T05:00:07.221+0000] {logging_mixin.py:150} WARNING - Scraping Progress: 100%|##########| 10/10 [00:04<00:00,  2.71it/s]
[2023-08-07T05:00:07.222+0000] {logging_mixin.py:150} WARNING - Scraping Progress: 100%|##########| 10/10 [00:04<00:00,  2.23it/s]
[2023-08-07T05:00:07.226+0000] {my_first_dag.py:45} INFO - Data is scraped and saved as a CSV file.
[2023-08-07T05:00:07.226+0000] {python.py:183} INFO - Done. Returned value was: dags/data/scraped_data.csv
[2023-08-07T05:00:07.246+0000] {taskinstance.py:1350} INFO - Marking task as SUCCESS. dag_id=ETL_Pipeline, task_id=transform_data, execution_date=20230807T040000, start_date=20230807T050002, end_date=20230807T050007
[2023-08-07T05:00:07.278+0000] {local_task_job_runner.py:225} INFO - Task exited with return code 0
[2023-08-07T05:00:07.303+0000] {taskinstance.py:2653} INFO - 1 downstream tasks scheduled from follow-on schedule check
