[2023-09-16T15:52:45.678+0000] {taskinstance.py:1157} INFO - Dependencies all met for dep_context=non-requeueable deps ti=<TaskInstance: ETL_Pipeline.transform_data scheduled__2023-09-16T14:00:00+00:00 [queued]>
[2023-09-16T15:52:45.684+0000] {taskinstance.py:1157} INFO - Dependencies all met for dep_context=requeueable deps ti=<TaskInstance: ETL_Pipeline.transform_data scheduled__2023-09-16T14:00:00+00:00 [queued]>
[2023-09-16T15:52:45.684+0000] {taskinstance.py:1359} INFO - Starting attempt 1 of 2
[2023-09-16T15:52:45.695+0000] {taskinstance.py:1380} INFO - Executing <Task(PythonOperator): transform_data> on 2023-09-16 14:00:00+00:00
[2023-09-16T15:52:45.700+0000] {standard_task_runner.py:57} INFO - Started process 2277 to run task
[2023-09-16T15:52:45.702+0000] {standard_task_runner.py:84} INFO - Running: ['***', 'tasks', 'run', 'ETL_Pipeline', 'transform_data', 'scheduled__2023-09-16T14:00:00+00:00', '--job-id', '5115', '--raw', '--subdir', 'DAGS_FOLDER/my_first_dag.py', '--cfg-path', '/tmp/tmph7e1q9vr']
[2023-09-16T15:52:45.704+0000] {standard_task_runner.py:85} INFO - Job 5115: Subtask transform_data
[2023-09-16T15:52:45.737+0000] {task_command.py:415} INFO - Running <TaskInstance: ETL_Pipeline.transform_data scheduled__2023-09-16T14:00:00+00:00 [running]> on host 900e33937764
[2023-09-16T15:52:45.796+0000] {taskinstance.py:1660} INFO - Exporting env vars: AIRFLOW_CTX_DAG_OWNER='***' AIRFLOW_CTX_DAG_ID='ETL_Pipeline' AIRFLOW_CTX_TASK_ID='transform_data' AIRFLOW_CTX_EXECUTION_DATE='2023-09-16T14:00:00+00:00' AIRFLOW_CTX_TRY_NUMBER='1' AIRFLOW_CTX_DAG_RUN_ID='scheduled__2023-09-16T14:00:00+00:00'
[2023-09-16T15:52:45.800+0000] {logging_mixin.py:151} WARNING - Scraping Progress:   0%|          | 0/10 [00:00<?, ?it/s]
[2023-09-16T15:52:46.073+0000] {logging_mixin.py:151} WARNING - Scraping Progress:  10%|#         | 1/10 [00:00<00:02,  3.67it/s]
[2023-09-16T15:52:46.317+0000] {logging_mixin.py:151} WARNING - Scraping Progress:  20%|##        | 2/10 [00:00<00:02,  3.91it/s]
[2023-09-16T15:52:46.551+0000] {logging_mixin.py:151} WARNING - Scraping Progress:  30%|###       | 3/10 [00:00<00:01,  4.06it/s]
[2023-09-16T15:52:46.793+0000] {logging_mixin.py:151} WARNING - Scraping Progress:  40%|####      | 4/10 [00:00<00:01,  4.09it/s]
[2023-09-16T15:52:47.011+0000] {logging_mixin.py:151} WARNING - Scraping Progress:  50%|#####     | 5/10 [00:01<00:01,  4.26it/s]
[2023-09-16T15:52:47.351+0000] {logging_mixin.py:151} WARNING - Scraping Progress:  60%|######    | 6/10 [00:01<00:01,  3.69it/s]
[2023-09-16T15:52:47.733+0000] {logging_mixin.py:151} WARNING - Scraping Progress:  70%|#######   | 7/10 [00:01<00:00,  3.26it/s]
[2023-09-16T15:52:48.113+0000] {logging_mixin.py:151} WARNING - Scraping Progress:  80%|########  | 8/10 [00:02<00:00,  3.03it/s]
[2023-09-16T15:52:48.527+0000] {logging_mixin.py:151} WARNING - Scraping Progress:  90%|######### | 9/10 [00:02<00:00,  2.81it/s]
[2023-09-16T15:52:48.983+0000] {logging_mixin.py:151} WARNING - Scraping Progress: 100%|##########| 10/10 [00:03<00:00,  2.58it/s]
[2023-09-16T15:52:48.984+0000] {logging_mixin.py:151} WARNING - Scraping Progress: 100%|##########| 10/10 [00:03<00:00,  3.14it/s]
[2023-09-16T15:52:48.990+0000] {helper.py:40} INFO - Data is scraped and saved as a CSV file.
[2023-09-16T15:52:48.990+0000] {python.py:194} INFO - Done. Returned value was: None
[2023-09-16T15:52:48.999+0000] {taskinstance.py:1398} INFO - Marking task as SUCCESS. dag_id=ETL_Pipeline, task_id=transform_data, execution_date=20230916T140000, start_date=20230916T155245, end_date=20230916T155248
[2023-09-16T15:52:49.047+0000] {local_task_job_runner.py:228} INFO - Task exited with return code 0
[2023-09-16T15:52:49.063+0000] {taskinstance.py:2776} INFO - 0 downstream tasks scheduled from follow-on schedule check
