[2023-08-07T04:32:52.583+0000] {taskinstance.py:1103} INFO - Dependencies all met for dep_context=non-requeueable deps ti=<TaskInstance: ETL_Pipeline.transform_data scheduled__2023-08-07T03:00:00+00:00 [queued]>
[2023-08-07T04:32:52.604+0000] {taskinstance.py:1103} INFO - Dependencies all met for dep_context=requeueable deps ti=<TaskInstance: ETL_Pipeline.transform_data scheduled__2023-08-07T03:00:00+00:00 [queued]>
[2023-08-07T04:32:52.605+0000] {taskinstance.py:1308} INFO - Starting attempt 1 of 2
[2023-08-07T04:32:52.642+0000] {taskinstance.py:1327} INFO - Executing <Task(PythonOperator): transform_data> on 2023-08-07 03:00:00+00:00
[2023-08-07T04:32:52.663+0000] {standard_task_runner.py:57} INFO - Started process 61 to run task
[2023-08-07T04:32:52.669+0000] {standard_task_runner.py:84} INFO - Running: ['***', 'tasks', 'run', 'ETL_Pipeline', 'transform_data', 'scheduled__2023-08-07T03:00:00+00:00', '--job-id', '4975', '--raw', '--subdir', 'DAGS_FOLDER/my_first_dag.py', '--cfg-path', '/tmp/tmpuetcly5e']
[2023-08-07T04:32:52.683+0000] {standard_task_runner.py:85} INFO - Job 4975: Subtask transform_data
[2023-08-07T04:32:52.767+0000] {task_command.py:410} INFO - Running <TaskInstance: ETL_Pipeline.transform_data scheduled__2023-08-07T03:00:00+00:00 [running]> on host 48849dae508a
[2023-08-07T04:32:52.933+0000] {taskinstance.py:1547} INFO - Exporting env vars: AIRFLOW_CTX_DAG_OWNER='***' AIRFLOW_CTX_DAG_ID='ETL_Pipeline' AIRFLOW_CTX_TASK_ID='transform_data' AIRFLOW_CTX_EXECUTION_DATE='2023-08-07T03:00:00+00:00' AIRFLOW_CTX_TRY_NUMBER='1' AIRFLOW_CTX_DAG_RUN_ID='scheduled__2023-08-07T03:00:00+00:00'
[2023-08-07T04:32:52.942+0000] {logging_mixin.py:150} WARNING - Scraping Progress:   0%|          | 0/10 [00:00<?, ?it/s]
[2023-08-07T04:32:53.834+0000] {logging_mixin.py:150} WARNING - Scraping Progress:  10%|#         | 1/10 [00:00<00:08,  1.12it/s]
[2023-08-07T04:32:55.714+0000] {logging_mixin.py:150} WARNING - Scraping Progress:  20%|##        | 2/10 [00:02<00:11,  1.47s/it]
[2023-08-07T04:32:56.467+0000] {logging_mixin.py:150} WARNING - Scraping Progress:  30%|###       | 3/10 [00:03<00:08,  1.14s/it]
[2023-08-07T04:32:57.415+0000] {logging_mixin.py:150} WARNING - Scraping Progress:  40%|####      | 4/10 [00:04<00:06,  1.07s/it]
[2023-08-07T04:32:57.567+0000] {logging_mixin.py:150} WARNING - Scraping Progress:  60%|######    | 6/10 [00:04<00:02,  1.85it/s]
[2023-08-07T04:32:58.452+0000] {logging_mixin.py:150} WARNING - Scraping Progress:  70%|#######   | 7/10 [00:05<00:01,  1.57it/s]
[2023-08-07T04:32:59.150+0000] {logging_mixin.py:150} WARNING - Scraping Progress:  80%|########  | 8/10 [00:06<00:01,  1.53it/s]
[2023-08-07T04:33:00.447+0000] {logging_mixin.py:150} WARNING - Scraping Progress:  90%|######### | 9/10 [00:07<00:00,  1.19it/s]
[2023-08-07T04:33:01.411+0000] {logging_mixin.py:150} WARNING - Scraping Progress: 100%|##########| 10/10 [00:08<00:00,  1.14it/s]
[2023-08-07T04:33:01.411+0000] {logging_mixin.py:150} WARNING - Scraping Progress: 100%|##########| 10/10 [00:08<00:00,  1.18it/s]
[2023-08-07T04:33:01.417+0000] {my_first_dag.py:45} INFO - Data is scraped and saved as a CSV file.
[2023-08-07T04:33:01.417+0000] {python.py:183} INFO - Done. Returned value was: dags/data/scraped_data.csv
[2023-08-07T04:33:01.436+0000] {taskinstance.py:1350} INFO - Marking task as SUCCESS. dag_id=ETL_Pipeline, task_id=transform_data, execution_date=20230807T030000, start_date=20230807T043252, end_date=20230807T043301
[2023-08-07T04:33:01.486+0000] {local_task_job_runner.py:225} INFO - Task exited with return code 0
[2023-08-07T04:33:01.524+0000] {taskinstance.py:2653} INFO - 0 downstream tasks scheduled from follow-on schedule check
