[2023-08-05T15:00:02.807+0000] {taskinstance.py:1103} INFO - Dependencies all met for dep_context=non-requeueable deps ti=<TaskInstance: ETL_Pipeline.transform_data scheduled__2023-08-05T14:00:00+00:00 [queued]>
[2023-08-05T15:00:02.817+0000] {taskinstance.py:1103} INFO - Dependencies all met for dep_context=requeueable deps ti=<TaskInstance: ETL_Pipeline.transform_data scheduled__2023-08-05T14:00:00+00:00 [queued]>
[2023-08-05T15:00:02.818+0000] {taskinstance.py:1308} INFO - Starting attempt 1 of 2
[2023-08-05T15:00:02.835+0000] {taskinstance.py:1327} INFO - Executing <Task(PythonOperator): transform_data> on 2023-08-05 14:00:00+00:00
[2023-08-05T15:00:02.841+0000] {standard_task_runner.py:57} INFO - Started process 941 to run task
[2023-08-05T15:00:02.844+0000] {standard_task_runner.py:84} INFO - Running: ['***', 'tasks', 'run', 'ETL_Pipeline', 'transform_data', 'scheduled__2023-08-05T14:00:00+00:00', '--job-id', '4963', '--raw', '--subdir', 'DAGS_FOLDER/my_first_dag.py', '--cfg-path', '/tmp/tmp40mqchsq']
[2023-08-05T15:00:02.845+0000] {standard_task_runner.py:85} INFO - Job 4963: Subtask transform_data
[2023-08-05T15:00:02.885+0000] {task_command.py:410} INFO - Running <TaskInstance: ETL_Pipeline.transform_data scheduled__2023-08-05T14:00:00+00:00 [running]> on host 48849dae508a
[2023-08-05T15:00:02.965+0000] {taskinstance.py:1547} INFO - Exporting env vars: AIRFLOW_CTX_DAG_OWNER='***' AIRFLOW_CTX_DAG_ID='ETL_Pipeline' AIRFLOW_CTX_TASK_ID='transform_data' AIRFLOW_CTX_EXECUTION_DATE='2023-08-05T14:00:00+00:00' AIRFLOW_CTX_TRY_NUMBER='1' AIRFLOW_CTX_DAG_RUN_ID='scheduled__2023-08-05T14:00:00+00:00'
[2023-08-05T15:00:02.969+0000] {logging_mixin.py:150} WARNING - Scraping Progress:   0%|          | 0/10 [00:00<?, ?it/s]
[2023-08-05T15:00:04.816+0000] {logging_mixin.py:150} WARNING - Scraping Progress:  10%|#         | 1/10 [00:01<00:16,  1.85s/it]
[2023-08-05T15:00:07.866+0000] {logging_mixin.py:150} WARNING - Scraping Progress:  20%|##        | 2/10 [00:04<00:20,  2.55s/it]
[2023-08-05T15:00:14.006+0000] {logging_mixin.py:150} WARNING - Scraping Progress:  30%|###       | 3/10 [00:11<00:29,  4.19s/it]
[2023-08-05T15:00:15.022+0000] {logging_mixin.py:150} WARNING - Scraping Progress:  40%|####      | 4/10 [00:12<00:17,  2.94s/it]
[2023-08-05T15:00:15.845+0000] {logging_mixin.py:150} WARNING - Scraping Progress:  50%|#####     | 5/10 [00:12<00:10,  2.18s/it]
[2023-08-05T15:00:16.611+0000] {logging_mixin.py:150} WARNING - Scraping Progress:  60%|######    | 6/10 [00:13<00:06,  1.70s/it]
[2023-08-05T15:00:22.820+0000] {logging_mixin.py:150} WARNING - Scraping Progress:  70%|#######   | 7/10 [00:19<00:09,  3.17s/it]
[2023-08-05T15:00:24.886+0000] {logging_mixin.py:150} WARNING - Scraping Progress:  80%|########  | 8/10 [00:21<00:05,  2.82s/it]
[2023-08-05T15:00:26.258+0000] {logging_mixin.py:150} WARNING - Scraping Progress:  90%|######### | 9/10 [00:23<00:02,  2.37s/it]
[2023-08-05T15:00:26.902+0000] {logging_mixin.py:150} WARNING - Scraping Progress: 100%|##########| 10/10 [00:23<00:00,  1.84s/it]
[2023-08-05T15:00:26.902+0000] {logging_mixin.py:150} WARNING - Scraping Progress: 100%|##########| 10/10 [00:23<00:00,  2.39s/it]
[2023-08-05T15:00:26.905+0000] {my_first_dag.py:45} INFO - Data is scraped and saved as a CSV file.
[2023-08-05T15:00:26.905+0000] {python.py:183} INFO - Done. Returned value was: dags/data/scraped_data.csv
[2023-08-05T15:00:26.924+0000] {taskinstance.py:1350} INFO - Marking task as SUCCESS. dag_id=ETL_Pipeline, task_id=transform_data, execution_date=20230805T140000, start_date=20230805T150002, end_date=20230805T150026
[2023-08-05T15:00:26.958+0000] {local_task_job_runner.py:225} INFO - Task exited with return code 0
[2023-08-05T15:00:27.008+0000] {taskinstance.py:2653} INFO - 1 downstream tasks scheduled from follow-on schedule check
