[2023-08-07T12:00:02.596+0000] {taskinstance.py:1103} INFO - Dependencies all met for dep_context=non-requeueable deps ti=<TaskInstance: ETL_Pipeline.transform_data scheduled__2023-08-07T11:00:00+00:00 [queued]>
[2023-08-07T12:00:02.604+0000] {taskinstance.py:1103} INFO - Dependencies all met for dep_context=requeueable deps ti=<TaskInstance: ETL_Pipeline.transform_data scheduled__2023-08-07T11:00:00+00:00 [queued]>
[2023-08-07T12:00:02.604+0000] {taskinstance.py:1308} INFO - Starting attempt 1 of 2
[2023-08-07T12:00:02.616+0000] {taskinstance.py:1327} INFO - Executing <Task(PythonOperator): transform_data> on 2023-08-07 11:00:00+00:00
[2023-08-07T12:00:02.622+0000] {standard_task_runner.py:57} INFO - Started process 311 to run task
[2023-08-07T12:00:02.624+0000] {standard_task_runner.py:84} INFO - Running: ['***', 'tasks', 'run', 'ETL_Pipeline', 'transform_data', 'scheduled__2023-08-07T11:00:00+00:00', '--job-id', '5013', '--raw', '--subdir', 'DAGS_FOLDER/my_first_dag.py', '--cfg-path', '/tmp/tmpm1_89f27']
[2023-08-07T12:00:02.626+0000] {standard_task_runner.py:85} INFO - Job 5013: Subtask transform_data
[2023-08-07T12:00:02.662+0000] {task_command.py:410} INFO - Running <TaskInstance: ETL_Pipeline.transform_data scheduled__2023-08-07T11:00:00+00:00 [running]> on host 48849dae508a
[2023-08-07T12:00:02.736+0000] {taskinstance.py:1547} INFO - Exporting env vars: AIRFLOW_CTX_DAG_OWNER='***' AIRFLOW_CTX_DAG_ID='ETL_Pipeline' AIRFLOW_CTX_TASK_ID='transform_data' AIRFLOW_CTX_EXECUTION_DATE='2023-08-07T11:00:00+00:00' AIRFLOW_CTX_TRY_NUMBER='1' AIRFLOW_CTX_DAG_RUN_ID='scheduled__2023-08-07T11:00:00+00:00'
[2023-08-07T12:00:02.740+0000] {logging_mixin.py:150} WARNING - Scraping Progress:   0%|          | 0/10 [00:00<?, ?it/s]
[2023-08-07T12:00:06.605+0000] {logging_mixin.py:150} WARNING - Scraping Progress:  10%|#         | 1/10 [00:03<00:34,  3.86s/it]
[2023-08-07T12:00:07.660+0000] {logging_mixin.py:150} WARNING - Scraping Progress:  20%|##        | 2/10 [00:04<00:17,  2.21s/it]
[2023-08-07T12:00:08.127+0000] {logging_mixin.py:150} WARNING - Scraping Progress:  30%|###       | 3/10 [00:05<00:09,  1.42s/it]
[2023-08-07T12:00:08.690+0000] {logging_mixin.py:150} WARNING - Scraping Progress:  40%|####      | 4/10 [00:05<00:06,  1.08s/it]
[2023-08-07T12:00:09.707+0000] {logging_mixin.py:150} WARNING - Scraping Progress:  50%|#####     | 5/10 [00:06<00:05,  1.06s/it]
[2023-08-07T12:00:11.146+0000] {logging_mixin.py:150} WARNING - Scraping Progress:  60%|######    | 6/10 [00:08<00:04,  1.19s/it]
[2023-08-07T12:00:13.371+0000] {logging_mixin.py:150} WARNING - Scraping Progress:  70%|#######   | 7/10 [00:10<00:04,  1.53s/it]
[2023-08-07T12:00:21.042+0000] {logging_mixin.py:150} WARNING - Scraping Progress:  80%|########  | 8/10 [00:18<00:06,  3.48s/it]
[2023-08-07T12:00:21.541+0000] {logging_mixin.py:150} WARNING - Scraping Progress:  90%|######### | 9/10 [00:18<00:02,  2.55s/it]
[2023-08-07T12:00:22.178+0000] {logging_mixin.py:150} WARNING - Scraping Progress: 100%|##########| 10/10 [00:19<00:00,  1.96s/it]
[2023-08-07T12:00:22.178+0000] {logging_mixin.py:150} WARNING - Scraping Progress: 100%|##########| 10/10 [00:19<00:00,  1.94s/it]
[2023-08-07T12:00:22.216+0000] {my_first_dag.py:45} INFO - Data is scraped and saved as a CSV file.
[2023-08-07T12:00:22.217+0000] {python.py:183} INFO - Done. Returned value was: dags/data/scraped_data.csv
[2023-08-07T12:00:22.277+0000] {taskinstance.py:1350} INFO - Marking task as SUCCESS. dag_id=ETL_Pipeline, task_id=transform_data, execution_date=20230807T110000, start_date=20230807T120002, end_date=20230807T120022
[2023-08-07T12:00:22.341+0000] {local_task_job_runner.py:225} INFO - Task exited with return code 0
[2023-08-07T12:00:22.417+0000] {taskinstance.py:2653} INFO - 1 downstream tasks scheduled from follow-on schedule check
