[2023-09-16T11:45:26.290+0000] {taskinstance.py:1157} INFO - Dependencies all met for dep_context=non-requeueable deps ti=<TaskInstance: ETL_Pipeline.check_data_availability scheduled__2023-09-16T10:00:00+00:00 [queued]>
[2023-09-16T11:45:26.296+0000] {taskinstance.py:1157} INFO - Dependencies all met for dep_context=requeueable deps ti=<TaskInstance: ETL_Pipeline.check_data_availability scheduled__2023-09-16T10:00:00+00:00 [queued]>
[2023-09-16T11:45:26.296+0000] {taskinstance.py:1359} INFO - Starting attempt 1 of 2
[2023-09-16T11:45:26.308+0000] {taskinstance.py:1380} INFO - Executing <Task(BranchPythonOperator): check_data_availability> on 2023-09-16 10:00:00+00:00
[2023-09-16T11:45:26.314+0000] {standard_task_runner.py:57} INFO - Started process 74 to run task
[2023-09-16T11:45:26.317+0000] {standard_task_runner.py:84} INFO - Running: ['***', 'tasks', 'run', 'ETL_Pipeline', 'check_data_availability', 'scheduled__2023-09-16T10:00:00+00:00', '--job-id', '5060', '--raw', '--subdir', 'DAGS_FOLDER/my_first_dag.py', '--cfg-path', '/tmp/tmpyb4krt4q']
[2023-09-16T11:45:26.319+0000] {standard_task_runner.py:85} INFO - Job 5060: Subtask check_data_availability
[2023-09-16T11:45:26.369+0000] {task_command.py:415} INFO - Running <TaskInstance: ETL_Pipeline.check_data_availability scheduled__2023-09-16T10:00:00+00:00 [running]> on host 900e33937764
[2023-09-16T11:45:26.440+0000] {taskinstance.py:1660} INFO - Exporting env vars: AIRFLOW_CTX_DAG_OWNER='***' AIRFLOW_CTX_DAG_ID='ETL_Pipeline' AIRFLOW_CTX_TASK_ID='check_data_availability' AIRFLOW_CTX_EXECUTION_DATE='2023-09-16T10:00:00+00:00' AIRFLOW_CTX_TRY_NUMBER='1' AIRFLOW_CTX_DAG_RUN_ID='scheduled__2023-09-16T10:00:00+00:00'
[2023-09-16T11:45:26.444+0000] {helper.py:36} INFO - Transformed data is available. Proceeding to load data.
[2023-09-16T11:45:26.445+0000] {python.py:194} INFO - Done. Returned value was: load_data
[2023-09-16T11:45:26.445+0000] {python.py:227} INFO - Branch callable return load_data
[2023-09-16T11:45:26.445+0000] {skipmixin.py:173} INFO - Following branch load_data
[2023-09-16T11:45:26.457+0000] {skipmixin.py:239} INFO - Skipping tasks [('no_data_to_load', -1)]
[2023-09-16T11:45:26.492+0000] {taskinstance.py:1398} INFO - Marking task as SUCCESS. dag_id=ETL_Pipeline, task_id=check_data_availability, execution_date=20230916T100000, start_date=20230916T114526, end_date=20230916T114526
[2023-09-16T11:45:26.529+0000] {local_task_job_runner.py:228} INFO - Task exited with return code 0
[2023-09-16T11:45:26.554+0000] {taskinstance.py:2776} INFO - 1 downstream tasks scheduled from follow-on schedule check
[2023-09-16T11:46:00.705+0000] {taskinstance.py:1157} INFO - Dependencies all met for dep_context=non-requeueable deps ti=<TaskInstance: ETL_Pipeline.check_data_availability scheduled__2023-09-16T10:00:00+00:00 [queued]>
[2023-09-16T11:46:00.718+0000] {taskinstance.py:1157} INFO - Dependencies all met for dep_context=requeueable deps ti=<TaskInstance: ETL_Pipeline.check_data_availability scheduled__2023-09-16T10:00:00+00:00 [queued]>
[2023-09-16T11:46:00.719+0000] {taskinstance.py:1359} INFO - Starting attempt 1 of 2
[2023-09-16T11:46:00.731+0000] {taskinstance.py:1380} INFO - Executing <Task(BranchPythonOperator): check_data_availability> on 2023-09-16 10:00:00+00:00
[2023-09-16T11:46:00.739+0000] {standard_task_runner.py:57} INFO - Started process 96 to run task
[2023-09-16T11:46:00.741+0000] {standard_task_runner.py:84} INFO - Running: ['***', 'tasks', 'run', 'ETL_Pipeline', 'check_data_availability', 'scheduled__2023-09-16T10:00:00+00:00', '--job-id', '5064', '--raw', '--subdir', 'DAGS_FOLDER/my_first_dag.py', '--cfg-path', '/tmp/tmp41x0nkwx']
[2023-09-16T11:46:00.743+0000] {standard_task_runner.py:85} INFO - Job 5064: Subtask check_data_availability
[2023-09-16T11:46:00.788+0000] {task_command.py:415} INFO - Running <TaskInstance: ETL_Pipeline.check_data_availability scheduled__2023-09-16T10:00:00+00:00 [running]> on host 900e33937764
[2023-09-16T11:46:00.863+0000] {taskinstance.py:1660} INFO - Exporting env vars: AIRFLOW_CTX_DAG_OWNER='***' AIRFLOW_CTX_DAG_ID='ETL_Pipeline' AIRFLOW_CTX_TASK_ID='check_data_availability' AIRFLOW_CTX_EXECUTION_DATE='2023-09-16T10:00:00+00:00' AIRFLOW_CTX_TRY_NUMBER='1' AIRFLOW_CTX_DAG_RUN_ID='scheduled__2023-09-16T10:00:00+00:00'
[2023-09-16T11:46:00.868+0000] {helper.py:36} INFO - Transformed data is available. Proceeding to load data.
[2023-09-16T11:46:00.868+0000] {python.py:194} INFO - Done. Returned value was: load_data
[2023-09-16T11:46:00.868+0000] {python.py:227} INFO - Branch callable return load_data
[2023-09-16T11:46:00.869+0000] {skipmixin.py:173} INFO - Following branch load_data
[2023-09-16T11:46:00.884+0000] {skipmixin.py:239} INFO - Skipping tasks [('no_data_to_load', -1)]
[2023-09-16T11:46:00.919+0000] {taskinstance.py:1398} INFO - Marking task as SUCCESS. dag_id=ETL_Pipeline, task_id=check_data_availability, execution_date=20230916T100000, start_date=20230916T114600, end_date=20230916T114600
[2023-09-16T11:46:00.954+0000] {local_task_job_runner.py:228} INFO - Task exited with return code 0
[2023-09-16T11:46:00.979+0000] {taskinstance.py:2776} INFO - 1 downstream tasks scheduled from follow-on schedule check
