[2023-08-07T07:28:43.217+0000] {taskinstance.py:1103} INFO - Dependencies all met for dep_context=non-requeueable deps ti=<TaskInstance: ETL_Pipeline.transform_data scheduled__2023-08-07T05:00:00+00:00 [queued]>
[2023-08-07T07:28:43.297+0000] {taskinstance.py:1103} INFO - Dependencies all met for dep_context=requeueable deps ti=<TaskInstance: ETL_Pipeline.transform_data scheduled__2023-08-07T05:00:00+00:00 [queued]>
[2023-08-07T07:28:43.298+0000] {taskinstance.py:1308} INFO - Starting attempt 1 of 2
[2023-08-07T07:28:43.409+0000] {taskinstance.py:1327} INFO - Executing <Task(PythonOperator): transform_data> on 2023-08-07 05:00:00+00:00
[2023-08-07T07:28:43.449+0000] {standard_task_runner.py:57} INFO - Started process 70 to run task
[2023-08-07T07:28:43.472+0000] {standard_task_runner.py:84} INFO - Running: ['***', 'tasks', 'run', 'ETL_Pipeline', 'transform_data', 'scheduled__2023-08-07T05:00:00+00:00', '--job-id', '4988', '--raw', '--subdir', 'DAGS_FOLDER/my_first_dag.py', '--cfg-path', '/tmp/tmp4t4zotr1']
[2023-08-07T07:28:43.503+0000] {standard_task_runner.py:85} INFO - Job 4988: Subtask transform_data
[2023-08-07T07:28:43.786+0000] {task_command.py:410} INFO - Running <TaskInstance: ETL_Pipeline.transform_data scheduled__2023-08-07T05:00:00+00:00 [running]> on host 48849dae508a
[2023-08-07T07:28:44.701+0000] {taskinstance.py:1547} INFO - Exporting env vars: AIRFLOW_CTX_DAG_OWNER='***' AIRFLOW_CTX_DAG_ID='ETL_Pipeline' AIRFLOW_CTX_TASK_ID='transform_data' AIRFLOW_CTX_EXECUTION_DATE='2023-08-07T05:00:00+00:00' AIRFLOW_CTX_TRY_NUMBER='1' AIRFLOW_CTX_DAG_RUN_ID='scheduled__2023-08-07T05:00:00+00:00'
[2023-08-07T07:28:44.792+0000] {logging_mixin.py:150} WARNING - Scraping Progress:   0%|          | 0/10 [00:00<?, ?it/s]
[2023-08-07T07:28:46.471+0000] {logging_mixin.py:150} WARNING - Scraping Progress:  10%|#         | 1/10 [00:01<00:15,  1.68s/it]
[2023-08-07T07:28:48.029+0000] {logging_mixin.py:150} WARNING - Scraping Progress:  20%|##        | 2/10 [00:03<00:12,  1.61s/it]
[2023-08-07T07:28:48.866+0000] {logging_mixin.py:150} WARNING - Scraping Progress:  30%|###       | 3/10 [00:04<00:08,  1.26s/it]
[2023-08-07T07:28:49.822+0000] {logging_mixin.py:150} WARNING - Scraping Progress:  40%|####      | 4/10 [00:05<00:06,  1.14s/it]
[2023-08-07T07:28:51.396+0000] {logging_mixin.py:150} WARNING - Scraping Progress:  50%|#####     | 5/10 [00:06<00:06,  1.29s/it]
[2023-08-07T07:28:56.505+0000] {logging_mixin.py:150} WARNING - Scraping Progress:  60%|######    | 6/10 [00:11<00:10,  2.59s/it]
[2023-08-07T07:28:56.816+0000] {logging_mixin.py:150} WARNING - Scraping Progress:  70%|#######   | 7/10 [00:12<00:05,  1.85s/it]
[2023-08-07T07:28:57.341+0000] {logging_mixin.py:150} WARNING - Scraping Progress:  80%|########  | 8/10 [00:12<00:02,  1.43s/it]
[2023-08-07T07:28:58.616+0000] {logging_mixin.py:150} WARNING - Scraping Progress:  90%|######### | 9/10 [00:13<00:01,  1.38s/it]
[2023-08-07T07:28:59.307+0000] {logging_mixin.py:150} WARNING - Scraping Progress: 100%|##########| 10/10 [00:14<00:00,  1.17s/it]
[2023-08-07T07:28:59.307+0000] {logging_mixin.py:150} WARNING - Scraping Progress: 100%|##########| 10/10 [00:14<00:00,  1.45s/it]
[2023-08-07T07:28:59.332+0000] {my_first_dag.py:45} INFO - Data is scraped and saved as a CSV file.
[2023-08-07T07:28:59.334+0000] {python.py:183} INFO - Done. Returned value was: dags/data/scraped_data.csv
[2023-08-07T07:28:59.406+0000] {taskinstance.py:1350} INFO - Marking task as SUCCESS. dag_id=ETL_Pipeline, task_id=transform_data, execution_date=20230807T050000, start_date=20230807T072843, end_date=20230807T072859
[2023-08-07T07:28:59.478+0000] {local_task_job_runner.py:225} INFO - Task exited with return code 0
[2023-08-07T07:28:59.547+0000] {taskinstance.py:2653} INFO - 1 downstream tasks scheduled from follow-on schedule check
