[2023-09-29T20:55:44.240+0000] {taskinstance.py:1157} INFO - Dependencies all met for dep_context=non-requeueable deps ti=<TaskInstance: ETL_Pipeline.transform_data scheduled__2023-09-29T19:00:00+00:00 [queued]>
[2023-09-29T20:55:44.249+0000] {taskinstance.py:1157} INFO - Dependencies all met for dep_context=requeueable deps ti=<TaskInstance: ETL_Pipeline.transform_data scheduled__2023-09-29T19:00:00+00:00 [queued]>
[2023-09-29T20:55:44.249+0000] {taskinstance.py:1359} INFO - Starting attempt 1 of 2
[2023-09-29T20:55:44.265+0000] {taskinstance.py:1380} INFO - Executing <Task(PythonOperator): transform_data> on 2023-09-29 19:00:00+00:00
[2023-09-29T20:55:44.271+0000] {standard_task_runner.py:57} INFO - Started process 133 to run task
[2023-09-29T20:55:44.274+0000] {standard_task_runner.py:84} INFO - Running: ['***', 'tasks', 'run', 'ETL_Pipeline', 'transform_data', 'scheduled__2023-09-29T19:00:00+00:00', '--job-id', '6', '--raw', '--subdir', 'DAGS_FOLDER/my_first_dag.py', '--cfg-path', '/tmp/tmpza2j1wm3']
[2023-09-29T20:55:44.277+0000] {standard_task_runner.py:85} INFO - Job 6: Subtask transform_data
[2023-09-29T20:55:44.318+0000] {task_command.py:415} INFO - Running <TaskInstance: ETL_Pipeline.transform_data scheduled__2023-09-29T19:00:00+00:00 [running]> on host 18f721f95923
[2023-09-29T20:55:44.382+0000] {taskinstance.py:1660} INFO - Exporting env vars: AIRFLOW_CTX_DAG_OWNER='***' AIRFLOW_CTX_DAG_ID='ETL_Pipeline' AIRFLOW_CTX_TASK_ID='transform_data' AIRFLOW_CTX_EXECUTION_DATE='2023-09-29T19:00:00+00:00' AIRFLOW_CTX_TRY_NUMBER='1' AIRFLOW_CTX_DAG_RUN_ID='scheduled__2023-09-29T19:00:00+00:00'
[2023-09-29T20:55:44.386+0000] {logging_mixin.py:151} WARNING - Scraping Progress:   0%|          | 0/10 [00:00<?, ?it/s]
[2023-09-29T20:55:44.932+0000] {scraper.py:11} INFO - Scraped data from URL: https://www.prothomalo.com/religion/islam/a1iqoydev8
[2023-09-29T20:55:44.933+0000] {logging_mixin.py:151} WARNING - Scraping Progress:  10%|#         | 1/10 [00:00<00:04,  1.83it/s]
[2023-09-29T20:55:45.474+0000] {scraper.py:11} INFO - Scraped data from URL: https://www.prothomalo.com/world/asia/7r5zwmi9av
[2023-09-29T20:55:45.476+0000] {logging_mixin.py:151} WARNING - Scraping Progress:  20%|##        | 2/10 [00:01<00:04,  1.84it/s]
[2023-09-29T20:55:46.066+0000] {scraper.py:11} INFO - Scraped data from URL: https://www.prothomalo.com/bangladesh/biewumozu0
[2023-09-29T20:55:46.067+0000] {logging_mixin.py:151} WARNING - Scraping Progress:  30%|###       | 3/10 [00:01<00:03,  1.77it/s]
[2023-09-29T20:55:46.614+0000] {scraper.py:11} INFO - Scraped data from URL: https://www.prothomalo.com/bangladesh/gl03x5gmjd
[2023-09-29T20:55:46.615+0000] {logging_mixin.py:151} WARNING - Scraping Progress:  40%|####      | 4/10 [00:02<00:03,  1.79it/s]
[2023-09-29T20:55:47.118+0000] {scraper.py:11} INFO - Scraped data from URL: https://www.prothomalo.com/politics/46yx8efpln
[2023-09-29T20:55:47.119+0000] {logging_mixin.py:151} WARNING - Scraping Progress:  50%|#####     | 5/10 [00:02<00:02,  1.86it/s]
[2023-09-29T20:55:47.736+0000] {scraper.py:11} INFO - Scraped data from URL: https://www.prothomalo.com/bangladesh/61dlr1b59g
[2023-09-29T20:55:47.738+0000] {logging_mixin.py:151} WARNING - Scraping Progress:  60%|######    | 6/10 [00:03<00:02,  1.77it/s]
[2023-09-29T20:55:48.224+0000] {scraper.py:11} INFO - Scraped data from URL: https://www.prothomalo.com/politics/uib6ww60d5
[2023-09-29T20:55:48.225+0000] {logging_mixin.py:151} WARNING - Scraping Progress:  70%|#######   | 7/10 [00:03<00:01,  1.85it/s]
[2023-09-29T20:55:48.740+0000] {scraper.py:11} INFO - Scraped data from URL: https://www.prothomalo.com/bangladesh/crime/oovgyxsyeg
[2023-09-29T20:55:48.741+0000] {logging_mixin.py:151} WARNING - Scraping Progress:  80%|########  | 8/10 [00:04<00:01,  1.88it/s]
[2023-09-29T20:55:49.200+0000] {scraper.py:11} INFO - Scraped data from URL: https://www.prothomalo.com/world/europe/f5fmcmw0vh
[2023-09-29T20:55:49.201+0000] {logging_mixin.py:151} WARNING - Scraping Progress:  90%|######### | 9/10 [00:04<00:00,  1.96it/s]
[2023-09-29T20:55:49.705+0000] {scraper.py:11} INFO - Scraped data from URL: https://www.prothomalo.com/world/europe/bu2z092dh7
[2023-09-29T20:55:49.706+0000] {logging_mixin.py:151} WARNING - Scraping Progress: 100%|##########| 10/10 [00:05<00:00,  1.97it/s]
[2023-09-29T20:55:49.706+0000] {logging_mixin.py:151} WARNING - Scraping Progress: 100%|##########| 10/10 [00:05<00:00,  1.88it/s]
[2023-09-29T20:55:49.712+0000] {helper.py:45} INFO - Data is scraped and saved as a CSV file.
[2023-09-29T20:55:49.713+0000] {python.py:194} INFO - Done. Returned value was: None
[2023-09-29T20:55:49.720+0000] {taskinstance.py:1398} INFO - Marking task as SUCCESS. dag_id=ETL_Pipeline, task_id=transform_data, execution_date=20230929T190000, start_date=20230929T205544, end_date=20230929T205549
[2023-09-29T20:55:49.743+0000] {local_task_job_runner.py:228} INFO - Task exited with return code 0
[2023-09-29T20:55:49.754+0000] {taskinstance.py:2776} INFO - 0 downstream tasks scheduled from follow-on schedule check
